#! /usr/bin/vvp
:ivl_version "11.0 (stable)";
:ivl_delay_selection "TYPICAL";
:vpi_time_precision + 0;
:vpi_module "/usr/lib/x86_64-linux-gnu/ivl/system.vpi";
:vpi_module "/usr/lib/x86_64-linux-gnu/ivl/vhdl_sys.vpi";
:vpi_module "/usr/lib/x86_64-linux-gnu/ivl/vhdl_textio.vpi";
:vpi_module "/usr/lib/x86_64-linux-gnu/ivl/v2005_math.vpi";
:vpi_module "/usr/lib/x86_64-linux-gnu/ivl/va_math.vpi";
S_0x56271e273320 .scope module, "controlador_estacionamiento_tb" "controlador_estacionamiento_tb" 2 4;
 .timescale 0 0;
v0x56271e2db600_0 .net "alarm_blocked", 0 0, v0x56271e2dac60_0;  1 drivers
v0x56271e2db6c0_0 .net "alarm_wrong_pin", 0 0, v0x56271e2dad20_0;  1 drivers
v0x56271e2db780_0 .net "clk", 0 0, v0x56271e23cb70_0;  1 drivers
v0x56271e2db870_0 .net "close_gate", 0 0, v0x56271e2dae60_0;  1 drivers
v0x56271e2db960_0 .net "open_gate", 0 0, v0x56271e2dafe0_0;  1 drivers
v0x56271e2dbaa0_0 .net "password_input", 15 0, v0x56271e279450_0;  1 drivers
v0x56271e2dbb90_0 .net "rst", 0 0, v0x56271e277930_0;  1 drivers
v0x56271e2dbc80_0 .net "sensor_moved_vehicule", 0 0, v0x56271e2b92f0_0;  1 drivers
v0x56271e2dbd70_0 .net "sensor_vehicule", 0 0, v0x56271e2b93b0_0;  1 drivers
S_0x56271e272a50 .scope module, "T0" "tester" 2 40, 3 1 0, S_0x56271e273320;
 .timescale 0 0;
    .port_info 0 /OUTPUT 1 "clk";
    .port_info 1 /OUTPUT 1 "rst";
    .port_info 2 /OUTPUT 1 "sensor_vehicule";
    .port_info 3 /OUTPUT 1 "sensor_moved_vehicule";
    .port_info 4 /OUTPUT 16 "password_input";
    .port_info 5 /INPUT 1 "open_gate";
    .port_info 6 /INPUT 1 "close_gate";
    .port_info 7 /INPUT 1 "alarm_wrong_pin";
    .port_info 8 /INPUT 1 "alarm_blocked";
v0x56271e29ba30_0 .net "alarm_blocked", 0 0, v0x56271e2dac60_0;  alias, 1 drivers
v0x56271e29bad0_0 .net "alarm_wrong_pin", 0 0, v0x56271e2dad20_0;  alias, 1 drivers
v0x56271e23cb70_0 .var "clk", 0 0;
v0x56271e27b2e0_0 .net "close_gate", 0 0, v0x56271e2dae60_0;  alias, 1 drivers
v0x56271e27a350_0 .net "open_gate", 0 0, v0x56271e2dafe0_0;  alias, 1 drivers
v0x56271e279450_0 .var "password_input", 15 0;
v0x56271e277930_0 .var "rst", 0 0;
v0x56271e2b92f0_0 .var "sensor_moved_vehicule", 0 0;
v0x56271e2b93b0_0 .var "sensor_vehicule", 0 0;
S_0x56271e2b9590 .scope module, "U0" "controlador_estacionamiento" 2 26, 4 5 0, S_0x56271e273320;
 .timescale 0 0;
    .port_info 0 /INPUT 1 "clk";
    .port_info 1 /INPUT 1 "rst";
    .port_info 2 /INPUT 1 "sensor_vehicule";
    .port_info 3 /INPUT 1 "sensor_moved_vehicule";
    .port_info 4 /INPUT 16 "password_input";
    .port_info 5 /OUTPUT 1 "open_gate";
    .port_info 6 /OUTPUT 1 "close_gate";
    .port_info 7 /OUTPUT 1 "alarm_wrong_pin";
    .port_info 8 /OUTPUT 1 "alarm_blocked";
L_0x56271e298100 .functor OR 1, L_0x56271e2dbe10, L_0x56271e2dbeb0, C4<0>, C4<0>;
L_0x56271e2986e0 .functor OR 1, L_0x56271e2dbff0, L_0x56271e2dc120, C4<0>, C4<0>;
L_0x56271e2990c0 .functor OR 1, L_0x56271e2dc210, L_0x56271e2dc2b0, C4<0>, C4<0>;
L_0x56271e2998c0 .functor OR 1, L_0x56271e2dc480, L_0x56271e2dc520, C4<0>, C4<0>;
L_0x56271e29a0c0 .functor OR 1, L_0x56271e2dc6e0, L_0x56271e2dc810, C4<0>, C4<0>;
L_0x56271e29acb0 .functor OR 1, L_0x56271e2dc910, L_0x56271e2dc9b0, C4<0>, C4<0>;
L_0x56271e2dca50 .functor OR 1, L_0x56271e2dcba0, L_0x56271e2dcc40, C4<0>, C4<0>;
L_0x56271e29b890 .functor OR 1, L_0x56271e2dd120, L_0x56271e2dd250, C4<0>, C4<0>;
L_0x56271e2dd660 .functor OR 1, L_0x56271e2dd430, L_0x56271e2dd5c0, C4<0>, C4<0>;
L_0x56271e2dd8c0 .functor OR 1, L_0x56271e2dd770, L_0x56271e2dd520, C4<0>, C4<0>;
L_0x56271e2ddbe0 .functor OR 1, L_0x56271e2dd9e0, L_0x56271e2ddb40, C4<0>, C4<0>;
L_0x56271e2de230 .functor OR 1, L_0x56271e2ddf00, L_0x56271e2de0b0, C4<0>, C4<0>;
L_0x56271e2de680 .functor OR 1, L_0x56271e2de400, L_0x56271e2de4f0, C4<0>, C4<0>;
L_0x56271e2deac0 .functor OR 1, L_0x56271e2de880, L_0x56271e2dea20, C4<0>, C4<0>;
L_0x56271e2de390 .functor OR 1, L_0x56271e2dec50, L_0x56271e2dee50, C4<0>, C4<0>;
L_0x56271e2df240 .functor OR 1, L_0x56271e2def90, L_0x56271e2df150, C4<0>, C4<0>;
L_0x56271e2df3e0 .functor OR 1, L_0x56271e2ea0b0, L_0x56271e2e99e0, C4<0>, C4<0>;
L_0x56271e2df450 .functor OR 1, L_0x56271e2eb210, L_0x56271e2ea900, C4<0>, C4<0>;
L_0x56271e2df730 .functor OR 1, L_0x56271e2df560, L_0x56271e2df030, C4<0>, C4<0>;
L_0x56271e2df9d0 .functor OR 1, L_0x56271e2df7f0, L_0x56271e2eab00, C4<0>, C4<0>;
L_0x56271e2dfb70 .functor OR 1, L_0x56271e2df4c0, L_0x56271e2e9830, C4<0>, C4<0>;
L_0x56271e2dfeb0 .functor OR 1, L_0x56271e2e4200, L_0x56271e2dfc60, C4<0>, C4<0>;
L_0x56271e2e0360 .functor OR 1, L_0x56271e2e0090, L_0x56271e2e0130, C4<0>, C4<0>;
L_0x56271e2e07b0 .functor AND 1, L_0x56271e2e04a0, L_0x56271e2e0540, C4<1>, C4<1>;
L_0x56271e2e0ce0 .functor AND 1, L_0x56271e2e09c0, L_0x56271e2e0a60, C4<1>, C4<1>;
L_0x56271e2e0ec0 .functor OR 1, L_0x56271e2df240, L_0x56271e2e0e20, C4<0>, C4<0>;
L_0x56271e2e12e0 .functor OR 1, L_0x56271e2e10b0, L_0x56271e2df730, C4<0>, C4<0>;
L_0x56271e2e1490 .functor OR 1, L_0x56271e2e13f0, L_0x56271e2df730, C4<0>, C4<0>;
L_0x56271e2e1880 .functor OR 1, L_0x56271e2e1640, L_0x56271e2df730, C4<0>, C4<0>;
L_0x56271e2e1970 .functor NOT 1, L_0x56271e2de390, C4<0>, C4<0>, C4<0>;
L_0x56271e2e3f20 .functor NOT 1, v0x56271e2b92f0_0, C4<0>, C4<0>, C4<0>;
L_0x56271e2e3f90 .functor NOT 1, v0x56271e2b93b0_0, C4<0>, C4<0>, C4<0>;
L_0x56271e2e4110 .functor NOT 1, L_0x56271e2dfeb0, C4<0>, C4<0>, C4<0>;
L_0x56271e2e4200 .functor NOT 1, L_0x56271e2eb400, C4<0>, C4<0>, C4<0>;
L_0x56271e2e46f0 .functor NOT 1, L_0x56271e2e43e0, C4<0>, C4<0>, C4<0>;
L_0x56271e2e48b0 .functor NOT 1, L_0x56271e2e47e0, C4<0>, C4<0>, C4<0>;
L_0x56271e2e4dc0 .functor AND 1, L_0x56271e2e42c0, L_0x56271e2e4d20, C4<1>, C4<1>;
L_0x56271e2e52c0 .functor OR 1, L_0x56271e2e4ed0, L_0x56271e2e51d0, C4<0>, C4<0>;
L_0x56271e2e58c0 .functor AND 1, L_0x56271e2e5510, L_0x56271e2e5820, C4<1>, C4<1>;
L_0x56271e2e5e10 .functor AND 1, L_0x56271e2e5a00, L_0x56271e2e5d20, C4<1>, C4<1>;
L_0x56271e2e6440 .functor AND 1, L_0x56271e2e6070, L_0x56271e2e63a0, C4<1>, C4<1>;
L_0x56271e2e6960 .functor OR 1, L_0x56271e2e6530, L_0x56271e2e6870, C4<0>, C4<0>;
L_0x56271e2e6f20 .functor OR 1, L_0x56271e2e6bd0, L_0x56271e2e6440, C4<0>, C4<0>;
L_0x71e73a986060 .functor BUFT 1, C4<1>, C4<0>, C4<0>, C4<0>;
L_0x56271e2e70d0 .functor XOR 1, L_0x56271e2e7030, L_0x71e73a986060, C4<0>, C4<0>;
L_0x71e73a9860a8 .functor BUFT 1, C4<1>, C4<0>, C4<0>, C4<0>;
L_0x56271e2e7710 .functor XOR 1, L_0x56271e2e7380, L_0x71e73a9860a8, C4<0>, C4<0>;
L_0x71e73a9860f0 .functor BUFT 1, C4<1>, C4<0>, C4<0>, C4<0>;
L_0x56271e2e78f0 .functor XOR 1, L_0x56271e2e7850, L_0x71e73a9860f0, C4<0>, C4<0>;
L_0x71e73a986138 .functor BUFT 1, C4<1>, C4<0>, C4<0>, C4<0>;
L_0x56271e2e7f70 .functor XOR 1, L_0x56271e2e7bb0, L_0x71e73a986138, C4<0>, C4<0>;
L_0x71e73a986180 .functor BUFT 1, C4<1>, C4<0>, C4<0>, C4<0>;
L_0x56271e2e8120 .functor XOR 1, L_0x56271e2e8080, L_0x71e73a986180, C4<0>, C4<0>;
L_0x71e73a9861c8 .functor BUFT 1, C4<1>, C4<0>, C4<0>, C4<0>;
L_0x56271e2e8770 .functor XOR 1, L_0x56271e2e83f0, L_0x71e73a9861c8, C4<0>, C4<0>;
L_0x71e73a986210 .functor BUFT 1, C4<1>, C4<0>, C4<0>, C4<0>;
L_0x56271e2e8950 .functor XOR 1, L_0x56271e2e88b0, L_0x71e73a986210, C4<0>, C4<0>;
L_0x71e73a986258 .functor BUFT 1, C4<1>, C4<0>, C4<0>, C4<0>;
L_0x56271e2e9050 .functor XOR 1, L_0x56271e2e8c30, L_0x71e73a986258, C4<0>, C4<0>;
L_0x56271e2e91e0 .functor AND 1, v0x56271e2b92f0_0, L_0x56271e2e9140, C4<1>, C4<1>;
L_0x56271e2e9830 .functor AND 1, L_0x56271e2dfeb0, L_0x56271e2e9490, C4<1>, C4<1>;
L_0x56271e2e99e0 .functor AND 1, L_0x56271e2e1970, L_0x56271e2e9940, C4<1>, C4<1>;
L_0x56271e2ea0b0 .functor AND 1, L_0x56271e2e3f20, L_0x56271e2e9d00, C4<1>, C4<1>;
L_0x56271e2ea2b0 .functor AND 1, L_0x56271e2de390, L_0x56271e2ea210, C4<1>, C4<1>;
L_0x56271e2ea900 .functor AND 1, L_0x56271e2e4110, L_0x56271e2ea540, C4<1>, C4<1>;
L_0x56271e2eab00 .functor AND 1, L_0x56271e2e3f90, L_0x56271e2eaa60, C4<1>, C4<1>;
L_0x56271e2eb210 .functor AND 1, v0x56271e2b93b0_0, L_0x56271e2eae40, C4<1>, C4<1>;
L_0x56271e2eb400 .functor OR 1, L_0x56271e2e46f0, L_0x56271e2eb360, C4<0>, C4<0>;
L_0x56271e2ebbd0 .functor AND 1, L_0x56271e2eb750, L_0x56271e2ebb30, C4<1>, C4<1>;
L_0x56271e2ec200 .functor AND 1, L_0x56271e2ebce0, L_0x56271e2ec160, C4<1>, C4<1>;
L_0x56271e2ec960 .functor AND 1, L_0x56271e2ec4c0, L_0x56271e2ec8c0, C4<1>, C4<1>;
L_0x56271e2ece80 .functor OR 1, L_0x56271e2e48b0, L_0x56271e2eca70, C4<0>, C4<0>;
L_0x56271e2ed290 .functor AND 1, L_0x56271e2e1ae0, L_0x56271e2ed1f0, C4<1>, C4<1>;
L_0x71e73a9862a0 .functor BUFT 1, C4<1>, C4<0>, C4<0>, C4<0>;
L_0x56271e2ed7c0 .functor XOR 1, L_0x56271e2ed3a0, L_0x71e73a9862a0, C4<0>, C4<0>;
L_0x71e73a9862e8 .functor BUFT 1, C4<1>, C4<0>, C4<0>, C4<0>;
L_0x56271e2edb90 .functor XOR 1, L_0x56271e2edaf0, L_0x71e73a9862e8, C4<0>, C4<0>;
L_0x56271e2ee170 .functor XOR 1, L_0x56271e2edca0, L_0x56271e2ee0d0, C4<0>, C4<0>;
L_0x56271e2ee990 .functor XOR 1, L_0x56271e2ee4b0, L_0x56271e2ee8f0, C4<0>, C4<0>;
v0x56271e2c9a40_0 .net "_000_", 0 0, L_0x56271e2e3590;  1 drivers
v0x56271e2c9b40_0 .net "_001_", 0 0, L_0x56271e2e3990;  1 drivers
v0x56271e2c9c20_0 .net "_002_", 0 0, L_0x56271e2e3de0;  1 drivers
v0x56271e2c9ce0_0 .net "_003_", 2 0, L_0x56271e2e27c0;  1 drivers
v0x56271e2c9de0_0 .net "_004_", 0 0, L_0x56271e2e31a0;  1 drivers
v0x56271e2c9ec0_0 .net "_005_", 31 0, L_0x56271e306100;  1 drivers
v0x56271e2c9fa0_0 .net "_006_", 0 0, L_0x56271e2eab00;  1 drivers
v0x56271e2ca060_0 .net "_007_", 0 0, L_0x56271e2e91e0;  1 drivers
v0x56271e2ca120_0 .net "_008_", 0 0, L_0x56271e2e9830;  1 drivers
v0x56271e2ca270_0 .net "_009_", 0 0, L_0x56271e2eb210;  1 drivers
v0x56271e2ca330_0 .net "_010_", 0 0, L_0x56271e2ea900;  1 drivers
v0x56271e2ca3f0_0 .net "_011_", 0 0, L_0x56271e2ea2b0;  1 drivers
v0x56271e2ca4b0_0 .net "_012_", 0 0, L_0x56271e2ea0b0;  1 drivers
v0x56271e2ca570_0 .net "_013_", 0 0, L_0x56271e2e99e0;  1 drivers
v0x56271e2ca630_0 .net "_014_", 6 0, L_0x56271e2feab0;  1 drivers
v0x56271e2ca710_0 .net "_015_", 0 0, L_0x56271e2e3f90;  1 drivers
v0x56271e2ca7d0_0 .net "_016_", 0 0, L_0x56271e2dfeb0;  1 drivers
v0x56271e2ca890_0 .net "_017_", 0 0, L_0x56271e2e4110;  1 drivers
v0x56271e2ca950_0 .net "_018_", 0 0, L_0x56271e2de390;  1 drivers
v0x56271e2caa10_0 .net "_019_", 0 0, L_0x56271e2e3f20;  1 drivers
v0x56271e2caad0_0 .net "_020_", 0 0, L_0x56271e2e1970;  1 drivers
v0x56271e2cab90_0 .net "_021_", 0 0, L_0x56271e2df730;  1 drivers
v0x56271e2cac50_0 .net "_022_", 0 0, L_0x56271e2df240;  1 drivers
v0x56271e2cad10_0 .net "_023_", 7 0, L_0x56271e2dce00;  1 drivers
v0x56271e2cadf0_0 .net "_024_", 3 0, L_0x56271e2ddca0;  1 drivers
v0x56271e2caed0_0 .net "_025_", 1 0, L_0x56271e2de790;  1 drivers
v0x56271e2cafb0_0 .net "_026_", 15 0, L_0x56271e2ffc30;  1 drivers
v0x56271e2cb090_0 .net "_027_", 7 0, L_0x56271e2ffdc0;  1 drivers
v0x56271e2cb170_0 .net "_028_", 15 0, L_0x56271e300320;  1 drivers
v0x56271e2cb250_0 .net "_029_", 7 0, L_0x56271e300a80;  1 drivers
v0x56271e2cb330_0 .net "_030_", 15 0, L_0x56271e301010;  1 drivers
v0x56271e2cb410_0 .net "_031_", 0 0, L_0x56271e2e1ae0;  1 drivers
v0x56271e2cb4d0_0 .net "_032_", 1 0, L_0x56271e301e40;  1 drivers
v0x56271e2cb5b0_0 .net "_033_", 5 0, L_0x56271e302600;  1 drivers
v0x56271e2cb6b0_0 .net "_034_", 31 0, L_0x56271e302110;  1 drivers
v0x56271e2cb7b0_0 .net "_035_", 0 0, L_0x56271e2e46f0;  1 drivers
v0x56271e2cb870_0 .net "_036_", 0 0, L_0x56271e2e4200;  1 drivers
v0x56271e2cb930_0 .net "_037_", 0 0, L_0x56271e2eb400;  1 drivers
v0x56271e2cb9f0_0 .net "_038_", 31 0, L_0x56271e304bb0;  1 drivers
v0x56271e2cbaf0_0 .net "_039_", 0 0, L_0x56271e2e48b0;  1 drivers
v0x56271e2cbce0_0 .net "_040_", 0 0, L_0x56271e2ece80;  1 drivers
v0x56271e2cbd80_0 .net "_041_", 0 0, L_0x56271e2e0ec0;  1 drivers
v0x56271e2cbe20_0 .net "_042_", 0 0, L_0x56271e2e12e0;  1 drivers
v0x56271e2cbf00_0 .net "_043_", 0 0, L_0x56271e2e1490;  1 drivers
v0x56271e2cbfe0_0 .net "_044_", 0 0, L_0x56271e2e1880;  1 drivers
v0x56271e2cc0c0_0 .net "_045_", 0 0, L_0x56271e2e0360;  1 drivers
v0x56271e2cc1a0_0 .net "_046_", 0 0, L_0x56271e2e6440;  1 drivers
v0x56271e2cc280_0 .net *"_ivl_101", 0 0, L_0x56271e2de400;  1 drivers
v0x56271e2cc360_0 .net *"_ivl_103", 0 0, L_0x56271e2de4f0;  1 drivers
v0x56271e2cc490_0 .net *"_ivl_104", 0 0, L_0x56271e2de680;  1 drivers
v0x56271e2cc550_0 .net *"_ivl_11", 0 0, L_0x56271e2dbff0;  1 drivers
v0x56271e2cc630_0 .net *"_ivl_110", 0 0, L_0x56271e2de880;  1 drivers
v0x56271e2cc710_0 .net *"_ivl_112", 0 0, L_0x56271e2dea20;  1 drivers
v0x56271e2cc7f0_0 .net *"_ivl_113", 0 0, L_0x56271e2deac0;  1 drivers
v0x56271e2cc8d0_0 .net *"_ivl_116", 0 0, L_0x56271e2dec50;  1 drivers
v0x56271e2cc9b0_0 .net *"_ivl_118", 0 0, L_0x56271e2dee50;  1 drivers
v0x56271e2cca90_0 .net *"_ivl_122", 0 0, L_0x56271e2def90;  1 drivers
v0x56271e2ccb70_0 .net *"_ivl_124", 0 0, L_0x56271e2df150;  1 drivers
v0x56271e2ccc50_0 .net *"_ivl_129", 0 0, L_0x56271e2df3e0;  1 drivers
v0x56271e2ccd30_0 .net *"_ivl_13", 0 0, L_0x56271e2dc120;  1 drivers
v0x56271e2cce10_0 .net *"_ivl_133", 0 0, L_0x56271e2df450;  1 drivers
v0x56271e2ccef0_0 .net *"_ivl_136", 0 0, L_0x56271e2df560;  1 drivers
v0x56271e2ccfd0_0 .net *"_ivl_138", 0 0, L_0x56271e2df030;  1 drivers
v0x56271e2cd0b0_0 .net *"_ivl_14", 0 0, L_0x56271e2986e0;  1 drivers
v0x56271e2cd190_0 .net *"_ivl_144", 0 0, L_0x56271e2df7f0;  1 drivers
v0x56271e2cd680_0 .net *"_ivl_145", 0 0, L_0x56271e2df9d0;  1 drivers
v0x56271e2cd760_0 .net *"_ivl_150", 0 0, L_0x56271e2df4c0;  1 drivers
v0x56271e2cd840_0 .net *"_ivl_151", 0 0, L_0x56271e2dfb70;  1 drivers
v0x56271e2cd920_0 .net *"_ivl_154", 0 0, L_0x56271e2dfc60;  1 drivers
v0x56271e2cda00_0 .net *"_ivl_158", 0 0, L_0x56271e2e0090;  1 drivers
v0x56271e2cdae0_0 .net *"_ivl_160", 0 0, L_0x56271e2e0130;  1 drivers
v0x56271e2cdbc0_0 .net *"_ivl_166", 0 0, L_0x56271e2e04a0;  1 drivers
v0x56271e2cdca0_0 .net *"_ivl_168", 0 0, L_0x56271e2e0540;  1 drivers
v0x56271e2cdd80_0 .net *"_ivl_169", 0 0, L_0x56271e2e07b0;  1 drivers
v0x56271e2cde60_0 .net *"_ivl_174", 0 0, L_0x56271e2e09c0;  1 drivers
v0x56271e2cdf40_0 .net *"_ivl_176", 0 0, L_0x56271e2e0a60;  1 drivers
v0x56271e2ce020_0 .net *"_ivl_177", 0 0, L_0x56271e2e0ce0;  1 drivers
v0x56271e2ce100_0 .net *"_ivl_180", 0 0, L_0x56271e2e0e20;  1 drivers
v0x56271e2ce1e0_0 .net *"_ivl_184", 0 0, L_0x56271e2e10b0;  1 drivers
v0x56271e2ce2c0_0 .net *"_ivl_188", 0 0, L_0x56271e2e13f0;  1 drivers
v0x56271e2ce3a0_0 .net *"_ivl_19", 0 0, L_0x56271e2dc210;  1 drivers
v0x56271e2ce480_0 .net *"_ivl_192", 0 0, L_0x56271e2e1640;  1 drivers
L_0x71e73a986018 .functor BUFT 1, C4<1>, C4<0>, C4<0>, C4<0>;
v0x56271e2ce560_0 .net/2u *"_ivl_197", 0 0, L_0x71e73a986018;  1 drivers
v0x56271e2ce640_0 .net *"_ivl_204", 0 0, L_0x56271e2e1c30;  1 drivers
v0x56271e2ce720_0 .net *"_ivl_206", 0 0, L_0x56271e2e1eb0;  1 drivers
v0x56271e2ce800_0 .net *"_ivl_207", 0 0, L_0x56271e2e1fd0;  1 drivers
v0x56271e2ce8e0_0 .net *"_ivl_21", 0 0, L_0x56271e2dc2b0;  1 drivers
v0x56271e2ce9c0_0 .net *"_ivl_212", 0 0, L_0x56271e2e2320;  1 drivers
v0x56271e2ceaa0_0 .net *"_ivl_214", 0 0, L_0x56271e2e2410;  1 drivers
v0x56271e2ceb80_0 .net *"_ivl_215", 0 0, L_0x56271e2e2680;  1 drivers
v0x56271e2cec60_0 .net *"_ivl_22", 0 0, L_0x56271e2990c0;  1 drivers
v0x56271e2ced40_0 .net *"_ivl_221", 0 0, L_0x56271e2e2ae0;  1 drivers
v0x56271e2cee20_0 .net *"_ivl_223", 0 0, L_0x56271e2e2b80;  1 drivers
v0x56271e2cef00_0 .net *"_ivl_224", 0 0, L_0x56271e2e2e10;  1 drivers
v0x56271e2cefe0_0 .net *"_ivl_227", 0 0, L_0x56271e2e2f00;  1 drivers
v0x56271e2cf0c0_0 .net *"_ivl_231", 0 0, L_0x56271e2e32e0;  1 drivers
v0x56271e2cf1a0_0 .net *"_ivl_235", 0 0, L_0x56271e2e36d0;  1 drivers
v0x56271e2cf280_0 .net *"_ivl_239", 0 0, L_0x56271e2e3b10;  1 drivers
v0x56271e2cf360_0 .net *"_ivl_251", 0 0, L_0x56271e2e43e0;  1 drivers
v0x56271e2cf440_0 .net *"_ivl_255", 0 0, L_0x56271e2e47e0;  1 drivers
v0x56271e2cf520_0 .net *"_ivl_261", 0 0, L_0x56271e2e42c0;  1 drivers
v0x56271e2cf600_0 .net *"_ivl_263", 0 0, L_0x56271e2e4d20;  1 drivers
v0x56271e2cf6e0_0 .net *"_ivl_264", 0 0, L_0x56271e2e4dc0;  1 drivers
v0x56271e2cf7c0_0 .net *"_ivl_269", 0 0, L_0x56271e2e4ed0;  1 drivers
v0x56271e2cf8a0_0 .net *"_ivl_27", 0 0, L_0x56271e2dc480;  1 drivers
v0x56271e2cf980_0 .net *"_ivl_271", 0 0, L_0x56271e2e51d0;  1 drivers
v0x56271e2cfa60_0 .net *"_ivl_272", 0 0, L_0x56271e2e52c0;  1 drivers
v0x56271e2cfb40_0 .net *"_ivl_277", 0 0, L_0x56271e2e5510;  1 drivers
v0x56271e2cfc20_0 .net *"_ivl_279", 0 0, L_0x56271e2e5820;  1 drivers
v0x56271e2cfd00_0 .net *"_ivl_280", 0 0, L_0x56271e2e58c0;  1 drivers
v0x56271e2cfde0_0 .net *"_ivl_285", 0 0, L_0x56271e2e5a00;  1 drivers
v0x56271e2cfec0_0 .net *"_ivl_287", 0 0, L_0x56271e2e5d20;  1 drivers
v0x56271e2cffa0_0 .net *"_ivl_288", 0 0, L_0x56271e2e5e10;  1 drivers
v0x56271e2d0080_0 .net *"_ivl_29", 0 0, L_0x56271e2dc520;  1 drivers
v0x56271e2d0160_0 .net *"_ivl_291", 0 0, L_0x56271e2e6070;  1 drivers
v0x56271e2d0240_0 .net *"_ivl_293", 0 0, L_0x56271e2e63a0;  1 drivers
v0x56271e2d0320_0 .net *"_ivl_299", 0 0, L_0x56271e2e6530;  1 drivers
v0x56271e2d0400_0 .net *"_ivl_3", 0 0, L_0x56271e2dbe10;  1 drivers
v0x56271e2d04e0_0 .net *"_ivl_30", 0 0, L_0x56271e2998c0;  1 drivers
v0x56271e2d05c0_0 .net *"_ivl_301", 0 0, L_0x56271e2e6870;  1 drivers
v0x56271e2d06a0_0 .net *"_ivl_302", 0 0, L_0x56271e2e6960;  1 drivers
v0x56271e2d0780_0 .net *"_ivl_307", 0 0, L_0x56271e2e6bd0;  1 drivers
v0x56271e2d0860_0 .net *"_ivl_308", 0 0, L_0x56271e2e6f20;  1 drivers
v0x56271e2d0940_0 .net *"_ivl_313", 0 0, L_0x56271e2e7030;  1 drivers
v0x56271e2d0a20_0 .net/2u *"_ivl_314", 0 0, L_0x71e73a986060;  1 drivers
v0x56271e2d0b00_0 .net *"_ivl_316", 0 0, L_0x56271e2e70d0;  1 drivers
v0x56271e2d0be0_0 .net *"_ivl_321", 0 0, L_0x56271e2e7380;  1 drivers
v0x56271e2d0cc0_0 .net/2u *"_ivl_322", 0 0, L_0x71e73a9860a8;  1 drivers
v0x56271e2d0da0_0 .net *"_ivl_324", 0 0, L_0x56271e2e7710;  1 drivers
v0x56271e2d1690_0 .net *"_ivl_329", 0 0, L_0x56271e2e7850;  1 drivers
v0x56271e2d1770_0 .net/2u *"_ivl_330", 0 0, L_0x71e73a9860f0;  1 drivers
v0x56271e2d1850_0 .net *"_ivl_332", 0 0, L_0x56271e2e78f0;  1 drivers
v0x56271e2d1930_0 .net *"_ivl_337", 0 0, L_0x56271e2e7bb0;  1 drivers
v0x56271e2d1a10_0 .net/2u *"_ivl_338", 0 0, L_0x71e73a986138;  1 drivers
v0x56271e2d1af0_0 .net *"_ivl_340", 0 0, L_0x56271e2e7f70;  1 drivers
v0x56271e2d1bd0_0 .net *"_ivl_345", 0 0, L_0x56271e2e8080;  1 drivers
v0x56271e2d1cb0_0 .net/2u *"_ivl_346", 0 0, L_0x71e73a986180;  1 drivers
v0x56271e2d1d90_0 .net *"_ivl_348", 0 0, L_0x56271e2e8120;  1 drivers
v0x56271e2d1e70_0 .net *"_ivl_35", 0 0, L_0x56271e2dc6e0;  1 drivers
v0x56271e2d1f50_0 .net *"_ivl_353", 0 0, L_0x56271e2e83f0;  1 drivers
v0x56271e2d2030_0 .net/2u *"_ivl_354", 0 0, L_0x71e73a9861c8;  1 drivers
v0x56271e2d2110_0 .net *"_ivl_356", 0 0, L_0x56271e2e8770;  1 drivers
v0x56271e2d21f0_0 .net *"_ivl_361", 0 0, L_0x56271e2e88b0;  1 drivers
v0x56271e2d22d0_0 .net/2u *"_ivl_362", 0 0, L_0x71e73a986210;  1 drivers
v0x56271e2d23b0_0 .net *"_ivl_364", 0 0, L_0x56271e2e8950;  1 drivers
v0x56271e2d2490_0 .net *"_ivl_369", 0 0, L_0x56271e2e8c30;  1 drivers
v0x56271e2d2570_0 .net *"_ivl_37", 0 0, L_0x56271e2dc810;  1 drivers
v0x56271e2d2650_0 .net/2u *"_ivl_370", 0 0, L_0x71e73a986258;  1 drivers
v0x56271e2d2730_0 .net *"_ivl_372", 0 0, L_0x56271e2e9050;  1 drivers
v0x56271e2d2810_0 .net *"_ivl_375", 0 0, L_0x56271e2e9140;  1 drivers
v0x56271e2d28f0_0 .net *"_ivl_379", 0 0, L_0x56271e2e9490;  1 drivers
v0x56271e2d29d0_0 .net *"_ivl_38", 0 0, L_0x56271e29a0c0;  1 drivers
v0x56271e2d2ab0_0 .net *"_ivl_383", 0 0, L_0x56271e2e9940;  1 drivers
v0x56271e2d2b90_0 .net *"_ivl_387", 0 0, L_0x56271e2e9d00;  1 drivers
v0x56271e2d2c70_0 .net *"_ivl_391", 0 0, L_0x56271e2ea210;  1 drivers
v0x56271e2d2d50_0 .net *"_ivl_395", 0 0, L_0x56271e2ea540;  1 drivers
v0x56271e2d2e30_0 .net *"_ivl_399", 0 0, L_0x56271e2eaa60;  1 drivers
v0x56271e2d2f10_0 .net *"_ivl_403", 0 0, L_0x56271e2eae40;  1 drivers
v0x56271e2d2ff0_0 .net *"_ivl_407", 0 0, L_0x56271e2eb360;  1 drivers
v0x56271e2d30d0_0 .net *"_ivl_413", 0 0, L_0x56271e2eb750;  1 drivers
v0x56271e2d31b0_0 .net *"_ivl_415", 0 0, L_0x56271e2ebb30;  1 drivers
v0x56271e2d3290_0 .net *"_ivl_416", 0 0, L_0x56271e2ebbd0;  1 drivers
v0x56271e2d3370_0 .net *"_ivl_421", 0 0, L_0x56271e2ebce0;  1 drivers
v0x56271e2d3450_0 .net *"_ivl_423", 0 0, L_0x56271e2ec160;  1 drivers
v0x56271e2d3530_0 .net *"_ivl_424", 0 0, L_0x56271e2ec200;  1 drivers
v0x56271e2d3610_0 .net *"_ivl_429", 0 0, L_0x56271e2ec4c0;  1 drivers
v0x56271e2d36f0_0 .net *"_ivl_43", 0 0, L_0x56271e2dc910;  1 drivers
v0x56271e2d37d0_0 .net *"_ivl_431", 0 0, L_0x56271e2ec8c0;  1 drivers
v0x56271e2d38b0_0 .net *"_ivl_432", 0 0, L_0x56271e2ec960;  1 drivers
v0x56271e2d3990_0 .net *"_ivl_435", 0 0, L_0x56271e2eca70;  1 drivers
v0x56271e2d3a70_0 .net *"_ivl_441", 0 0, L_0x56271e2ed1f0;  1 drivers
v0x56271e2d3b50_0 .net *"_ivl_442", 0 0, L_0x56271e2ed290;  1 drivers
v0x56271e2d3c30_0 .net *"_ivl_447", 0 0, L_0x56271e2ed3a0;  1 drivers
v0x56271e2d3d10_0 .net/2u *"_ivl_448", 0 0, L_0x71e73a9862a0;  1 drivers
v0x56271e2d3df0_0 .net *"_ivl_45", 0 0, L_0x56271e2dc9b0;  1 drivers
v0x56271e2d3ed0_0 .net *"_ivl_450", 0 0, L_0x56271e2ed7c0;  1 drivers
v0x56271e2d3fb0_0 .net *"_ivl_455", 0 0, L_0x56271e2edaf0;  1 drivers
v0x56271e2d4090_0 .net/2u *"_ivl_456", 0 0, L_0x71e73a9862e8;  1 drivers
v0x56271e2d4170_0 .net *"_ivl_458", 0 0, L_0x56271e2edb90;  1 drivers
v0x56271e2d4250_0 .net *"_ivl_46", 0 0, L_0x56271e29acb0;  1 drivers
v0x56271e2d4330_0 .net *"_ivl_463", 0 0, L_0x56271e2edca0;  1 drivers
v0x56271e2d4410_0 .net *"_ivl_465", 0 0, L_0x56271e2ee0d0;  1 drivers
v0x56271e2d44f0_0 .net *"_ivl_466", 0 0, L_0x56271e2ee170;  1 drivers
v0x56271e2d45d0_0 .net *"_ivl_471", 0 0, L_0x56271e2ee4b0;  1 drivers
v0x56271e2d46b0_0 .net *"_ivl_473", 0 0, L_0x56271e2ee8f0;  1 drivers
v0x56271e2d4790_0 .net *"_ivl_474", 0 0, L_0x56271e2ee990;  1 drivers
L_0x71e73a986330 .functor BUFT 1, C4<0000000000000000000000000000>, C4<0>, C4<0>, C4<0>;
v0x56271e2d4870_0 .net/2u *"_ivl_478", 27 0, L_0x71e73a986330;  1 drivers
v0x56271e2d4950_0 .net *"_ivl_480", 0 0, L_0x56271e2ff040;  1 drivers
v0x56271e2d4a30_0 .net *"_ivl_482", 1 0, L_0x56271e2ff130;  1 drivers
v0x56271e2d4b10_0 .net *"_ivl_489", 0 0, L_0x56271e2ff630;  1 drivers
v0x56271e2d4bf0_0 .net *"_ivl_490", 2 0, L_0x56271e2ff6d0;  1 drivers
L_0x71e73a986378 .functor BUFT 1, C4<11111111111111>, C4<0>, C4<0>, C4<0>;
v0x56271e2d4cd0_0 .net/2u *"_ivl_495", 13 0, L_0x71e73a986378;  1 drivers
v0x56271e2d4db0_0 .net *"_ivl_5", 0 0, L_0x56271e2dbeb0;  1 drivers
L_0x71e73a9863c0 .functor BUFT 1, C4<1111111>, C4<0>, C4<0>, C4<0>;
v0x56271e2d4e90_0 .net/2u *"_ivl_500", 6 0, L_0x71e73a9863c0;  1 drivers
L_0x71e73a986408 .functor BUFT 1, C4<11111111111111>, C4<0>, C4<0>, C4<0>;
v0x56271e2d4f70_0 .net/2u *"_ivl_505", 13 0, L_0x71e73a986408;  1 drivers
v0x56271e2d5050_0 .net *"_ivl_508", 0 0, L_0x56271e300460;  1 drivers
v0x56271e2d5130_0 .net *"_ivl_509", 14 0, L_0x56271e3008f0;  1 drivers
v0x56271e2d5210_0 .net *"_ivl_51", 0 0, L_0x56271e2dcba0;  1 drivers
L_0x71e73a986450 .functor BUFT 1, C4<1111111>, C4<0>, C4<0>, C4<0>;
v0x56271e2d52f0_0 .net/2u *"_ivl_514", 6 0, L_0x71e73a986450;  1 drivers
v0x56271e2d53d0_0 .net *"_ivl_516", 1 0, L_0x56271e3013a0;  1 drivers
v0x56271e2d54b0_0 .net *"_ivl_518", 0 0, L_0x56271e3018a0;  1 drivers
v0x56271e2d5590_0 .net *"_ivl_520", 0 0, L_0x56271e3019e0;  1 drivers
v0x56271e2d5670_0 .net *"_ivl_522", 3 0, L_0x56271e301ef0;  1 drivers
v0x56271e2d5750_0 .net *"_ivl_53", 0 0, L_0x56271e2dcc40;  1 drivers
v0x56271e2d5830_0 .net *"_ivl_531", 1 0, L_0x56271e302070;  1 drivers
v0x56271e2d5910_0 .net *"_ivl_533", 0 0, L_0x56271e301ad0;  1 drivers
v0x56271e2d59f0_0 .net *"_ivl_535", 0 0, L_0x56271e301b70;  1 drivers
v0x56271e2d5ad0_0 .net *"_ivl_537", 3 0, L_0x56271e301c10;  1 drivers
v0x56271e2d5bb0_0 .net *"_ivl_538", 7 0, L_0x56271e301cb0;  1 drivers
v0x56271e2d5c90_0 .net *"_ivl_54", 0 0, L_0x56271e2dca50;  1 drivers
L_0x71e73a986498 .functor BUFT 1, C4<0>, C4<0>, C4<0>, C4<0>;
v0x56271e2d5d70_0 .net/2u *"_ivl_543", 0 0, L_0x71e73a986498;  1 drivers
L_0x71e73a9864e0 .functor BUFT 1, C4<000>, C4<0>, C4<0>, C4<0>;
v0x56271e2d5e50_0 .net/2u *"_ivl_548", 2 0, L_0x71e73a9864e0;  1 drivers
v0x56271e2d5f30_0 .net *"_ivl_554", 0 0, L_0x56271e302250;  1 drivers
v0x56271e2d6010_0 .net *"_ivl_556", 0 0, L_0x56271e3022f0;  1 drivers
v0x56271e2d60f0_0 .net *"_ivl_558", 0 0, L_0x56271e302420;  1 drivers
v0x56271e2d61d0_0 .net *"_ivl_560", 0 0, L_0x56271e3024c0;  1 drivers
v0x56271e2d62b0_0 .net *"_ivl_562", 0 0, L_0x56271e302bc0;  1 drivers
v0x56271e2d6390_0 .net *"_ivl_564", 0 0, L_0x56271e302740;  1 drivers
v0x56271e2d6470_0 .net *"_ivl_566", 0 0, L_0x56271e3027e0;  1 drivers
v0x56271e2d6550_0 .net *"_ivl_568", 0 0, L_0x56271e302880;  1 drivers
v0x56271e2d6630_0 .net *"_ivl_570", 0 0, L_0x56271e302920;  1 drivers
v0x56271e2d6710_0 .net *"_ivl_572", 0 0, L_0x56271e3029c0;  1 drivers
v0x56271e2d67f0_0 .net *"_ivl_574", 0 0, L_0x56271e302a60;  1 drivers
v0x56271e2d68d0_0 .net *"_ivl_576", 0 0, L_0x56271e302b00;  1 drivers
v0x56271e2d69b0_0 .net *"_ivl_578", 0 0, L_0x56271e303120;  1 drivers
v0x56271e2d6a90_0 .net *"_ivl_580", 0 0, L_0x56271e302c60;  1 drivers
v0x56271e2d6b70_0 .net *"_ivl_582", 0 0, L_0x56271e302d00;  1 drivers
v0x56271e2d6c50_0 .net *"_ivl_584", 0 0, L_0x56271e302da0;  1 drivers
v0x56271e2d6d30_0 .net *"_ivl_586", 0 0, L_0x56271e302e40;  1 drivers
v0x56271e2d6e10_0 .net *"_ivl_588", 0 0, L_0x56271e302ee0;  1 drivers
v0x56271e2d6ef0_0 .net *"_ivl_590", 0 0, L_0x56271e302f80;  1 drivers
v0x56271e2d6fd0_0 .net *"_ivl_592", 0 0, L_0x56271e303020;  1 drivers
v0x56271e2d70b0_0 .net *"_ivl_594", 0 0, L_0x56271e3036c0;  1 drivers
v0x56271e2d7190_0 .net *"_ivl_596", 0 0, L_0x56271e3031c0;  1 drivers
v0x56271e2d7270_0 .net *"_ivl_598", 0 0, L_0x56271e303260;  1 drivers
v0x56271e2d7350_0 .net *"_ivl_6", 0 0, L_0x56271e298100;  1 drivers
v0x56271e2d7430_0 .net *"_ivl_60", 0 0, L_0x56271e2dd120;  1 drivers
v0x56271e2d7510_0 .net *"_ivl_600", 0 0, L_0x56271e303300;  1 drivers
v0x56271e2d75f0_0 .net *"_ivl_602", 0 0, L_0x56271e3033d0;  1 drivers
v0x56271e2d76d0_0 .net *"_ivl_604", 0 0, L_0x56271e3034a0;  1 drivers
v0x56271e2d77b0_0 .net *"_ivl_606", 0 0, L_0x56271e303570;  1 drivers
v0x56271e2d7890_0 .net *"_ivl_608", 0 0, L_0x56271e303ca0;  1 drivers
v0x56271e2d7970_0 .net *"_ivl_610", 0 0, L_0x56271e303d40;  1 drivers
v0x56271e2d7a50_0 .net *"_ivl_612", 0 0, L_0x56271e303760;  1 drivers
v0x56271e2d7b30_0 .net *"_ivl_614", 0 0, L_0x56271e303830;  1 drivers
v0x56271e2d7c10_0 .net *"_ivl_615", 30 0, L_0x56271e303b10;  1 drivers
v0x56271e2d7cf0_0 .net *"_ivl_62", 0 0, L_0x56271e2dd250;  1 drivers
v0x56271e2d7dd0_0 .net *"_ivl_621", 0 0, L_0x56271e303de0;  1 drivers
v0x56271e2d7eb0_0 .net *"_ivl_623", 0 0, L_0x56271e303e80;  1 drivers
v0x56271e2d7f90_0 .net *"_ivl_625", 0 0, L_0x56271e303f20;  1 drivers
v0x56271e2d8070_0 .net *"_ivl_627", 0 0, L_0x56271e303fc0;  1 drivers
v0x56271e2d8150_0 .net *"_ivl_629", 0 0, L_0x56271e304170;  1 drivers
v0x56271e2d8230_0 .net *"_ivl_63", 0 0, L_0x56271e29b890;  1 drivers
v0x56271e2d8310_0 .net *"_ivl_631", 0 0, L_0x56271e304210;  1 drivers
v0x56271e2d83f0_0 .net *"_ivl_633", 0 0, L_0x56271e305290;  1 drivers
v0x56271e2d84d0_0 .net *"_ivl_635", 0 0, L_0x56271e305330;  1 drivers
v0x56271e2d85b0_0 .net *"_ivl_637", 0 0, L_0x56271e304cf0;  1 drivers
v0x56271e2d0e80_0 .net *"_ivl_639", 0 0, L_0x56271e304d90;  1 drivers
v0x56271e2d0f60_0 .net *"_ivl_641", 0 0, L_0x56271e304e30;  1 drivers
v0x56271e2d1040_0 .net *"_ivl_643", 0 0, L_0x56271e304ed0;  1 drivers
v0x56271e2d1120_0 .net *"_ivl_645", 0 0, L_0x56271e305180;  1 drivers
v0x56271e2d1200_0 .net *"_ivl_647", 0 0, L_0x56271e3059a0;  1 drivers
v0x56271e2d12e0_0 .net *"_ivl_649", 0 0, L_0x56271e3053d0;  1 drivers
v0x56271e2d13c0_0 .net *"_ivl_651", 0 0, L_0x56271e305470;  1 drivers
v0x56271e2d14a0_0 .net *"_ivl_653", 0 0, L_0x56271e305510;  1 drivers
v0x56271e2d1580_0 .net *"_ivl_655", 0 0, L_0x56271e3055b0;  1 drivers
v0x56271e2d9680_0 .net *"_ivl_657", 0 0, L_0x56271e305650;  1 drivers
v0x56271e2d9760_0 .net *"_ivl_659", 0 0, L_0x56271e3056f0;  1 drivers
v0x56271e2d9840_0 .net *"_ivl_661", 0 0, L_0x56271e305790;  1 drivers
v0x56271e2d9920_0 .net *"_ivl_663", 0 0, L_0x56271e305830;  1 drivers
v0x56271e2d9a00_0 .net *"_ivl_665", 0 0, L_0x56271e3058d0;  1 drivers
v0x56271e2d9ae0_0 .net *"_ivl_667", 0 0, L_0x56271e306060;  1 drivers
v0x56271e2d9bc0_0 .net *"_ivl_669", 0 0, L_0x56271e305a40;  1 drivers
v0x56271e2d9ca0_0 .net *"_ivl_671", 0 0, L_0x56271e305ae0;  1 drivers
v0x56271e2d9d80_0 .net *"_ivl_673", 0 0, L_0x56271e305b80;  1 drivers
v0x56271e2d9e60_0 .net *"_ivl_675", 0 0, L_0x56271e305c20;  1 drivers
v0x56271e2d9f40_0 .net *"_ivl_677", 0 0, L_0x56271e305cc0;  1 drivers
v0x56271e2da020_0 .net *"_ivl_678", 28 0, L_0x56271e305d60;  1 drivers
v0x56271e2da100_0 .net *"_ivl_68", 0 0, L_0x56271e2dd430;  1 drivers
v0x56271e2da1e0_0 .net *"_ivl_70", 0 0, L_0x56271e2dd5c0;  1 drivers
v0x56271e2da2c0_0 .net *"_ivl_71", 0 0, L_0x56271e2dd660;  1 drivers
o0x71e73a9d2828 .functor BUFZ 1, C4<z>; HiZ drive
; Elide local net with no drivers, v0x56271e2da3a0_0 name=_ivl_724
v0x56271e2da480_0 .net *"_ivl_76", 0 0, L_0x56271e2dd770;  1 drivers
v0x56271e2da560_0 .net *"_ivl_78", 0 0, L_0x56271e2dd520;  1 drivers
v0x56271e2da640_0 .net *"_ivl_79", 0 0, L_0x56271e2dd8c0;  1 drivers
v0x56271e2da720_0 .net *"_ivl_84", 0 0, L_0x56271e2dd9e0;  1 drivers
v0x56271e2da800_0 .net *"_ivl_86", 0 0, L_0x56271e2ddb40;  1 drivers
v0x56271e2da8e0_0 .net *"_ivl_87", 0 0, L_0x56271e2ddbe0;  1 drivers
v0x56271e2da9c0_0 .net *"_ivl_93", 0 0, L_0x56271e2ddf00;  1 drivers
v0x56271e2daaa0_0 .net *"_ivl_95", 0 0, L_0x56271e2de0b0;  1 drivers
v0x56271e2dab80_0 .net *"_ivl_96", 0 0, L_0x56271e2de230;  1 drivers
v0x56271e2dac60_0 .var "alarm_blocked", 0 0;
v0x56271e2dad20_0 .var "alarm_wrong_pin", 0 0;
v0x56271e2dadc0_0 .net "clk", 0 0, v0x56271e23cb70_0;  alias, 1 drivers
v0x56271e2dae60_0 .var "close_gate", 0 0;
v0x56271e2daf00_0 .var "counter", 2 0;
v0x56271e2dafe0_0 .var "open_gate", 0 0;
v0x56271e2db0a0_0 .net "password_input", 15 0, v0x56271e279450_0;  alias, 1 drivers
v0x56271e2db190_0 .net "rst", 0 0, v0x56271e277930_0;  alias, 1 drivers
v0x56271e2db260_0 .net "sensor_moved_vehicule", 0 0, v0x56271e2b92f0_0;  alias, 1 drivers
v0x56271e2db330_0 .net "sensor_vehicule", 0 0, v0x56271e2b93b0_0;  alias, 1 drivers
v0x56271e2db400_0 .var "state", 6 0;
E_0x56271e1c91f0 .event posedge, v0x56271e277930_0, v0x56271e23cb70_0;
L_0x56271e2dbe10 .part L_0x56271e301010, 0, 1;
L_0x56271e2dbeb0 .part v0x56271e279450_0, 1, 1;
L_0x56271e2dbff0 .part v0x56271e279450_0, 2, 1;
L_0x56271e2dc120 .part v0x56271e279450_0, 3, 1;
L_0x56271e2dc210 .part v0x56271e279450_0, 4, 1;
L_0x56271e2dc2b0 .part L_0x56271e301010, 5, 1;
L_0x56271e2dc480 .part L_0x56271e301010, 6, 1;
L_0x56271e2dc520 .part v0x56271e279450_0, 7, 1;
L_0x56271e2dc6e0 .part L_0x56271e301010, 8, 1;
L_0x56271e2dc810 .part L_0x56271e301010, 9, 1;
L_0x56271e2dc910 .part L_0x56271e301010, 10, 1;
L_0x56271e2dc9b0 .part v0x56271e279450_0, 11, 1;
L_0x56271e2dcba0 .part L_0x56271e301010, 12, 1;
L_0x56271e2dcc40 .part L_0x56271e301010, 13, 1;
LS_0x56271e2dce00_0_0 .concat8 [ 1 1 1 1], L_0x56271e298100, L_0x56271e2986e0, L_0x56271e2990c0, L_0x56271e2998c0;
LS_0x56271e2dce00_0_4 .concat8 [ 1 1 1 1], L_0x56271e29a0c0, L_0x56271e29acb0, L_0x56271e2dca50, L_0x56271e29b890;
L_0x56271e2dce00 .concat8 [ 4 4 0 0], LS_0x56271e2dce00_0_0, LS_0x56271e2dce00_0_4;
L_0x56271e2dd120 .part v0x56271e279450_0, 14, 1;
L_0x56271e2dd250 .part v0x56271e279450_0, 15, 1;
L_0x56271e2dd430 .part L_0x56271e2dce00, 0, 1;
L_0x56271e2dd5c0 .part L_0x56271e2dce00, 1, 1;
L_0x56271e2dd770 .part L_0x56271e2dce00, 2, 1;
L_0x56271e2dd520 .part L_0x56271e2dce00, 3, 1;
L_0x56271e2dd9e0 .part L_0x56271e2dce00, 4, 1;
L_0x56271e2ddb40 .part L_0x56271e2dce00, 5, 1;
L_0x56271e2ddca0 .concat8 [ 1 1 1 1], L_0x56271e2dd660, L_0x56271e2dd8c0, L_0x56271e2ddbe0, L_0x56271e2de230;
L_0x56271e2ddf00 .part L_0x56271e2dce00, 6, 1;
L_0x56271e2de0b0 .part L_0x56271e2dce00, 7, 1;
L_0x56271e2de400 .part L_0x56271e2ddca0, 0, 1;
L_0x56271e2de4f0 .part L_0x56271e2ddca0, 1, 1;
L_0x56271e2de790 .concat8 [ 1 1 0 0], L_0x56271e2de680, L_0x56271e2deac0;
L_0x56271e2de880 .part L_0x56271e2ddca0, 2, 1;
L_0x56271e2dea20 .part L_0x56271e2ddca0, 3, 1;
L_0x56271e2dec50 .part L_0x56271e2de790, 0, 1;
L_0x56271e2dee50 .part L_0x56271e2de790, 1, 1;
L_0x56271e2def90 .part v0x56271e2db400_0, 1, 1;
L_0x56271e2df150 .part v0x56271e2db400_0, 0, 1;
L_0x56271e2df560 .part v0x56271e2db400_0, 6, 1;
L_0x56271e2df030 .part v0x56271e2db400_0, 0, 1;
L_0x56271e2df7f0 .part v0x56271e2db400_0, 1, 1;
L_0x56271e2df4c0 .part v0x56271e2db400_0, 3, 1;
L_0x56271e2dfc60 .part L_0x56271e2ffdc0, 0, 1;
L_0x56271e2e0090 .part v0x56271e2db400_0, 5, 1;
L_0x56271e2e0130 .part v0x56271e2db400_0, 0, 1;
L_0x56271e2e04a0 .part L_0x56271e306100, 0, 1;
L_0x56271e2e0540 .part v0x56271e2daf00_0, 1, 1;
L_0x56271e2e09c0 .part L_0x56271e300320, 0, 1;
L_0x56271e2e0a60 .part L_0x56271e2ffc30, 1, 1;
L_0x56271e2e0e20 .part v0x56271e2db400_0, 6, 1;
L_0x56271e2e10b0 .part v0x56271e2db400_0, 3, 1;
L_0x56271e2e13f0 .part v0x56271e2db400_0, 5, 1;
L_0x56271e2e1640 .part v0x56271e2db400_0, 1, 1;
L_0x56271e2e1ae0 .functor MUXZ 1, L_0x71e73a986018, v0x56271e2dad20_0, L_0x56271e2ece80, C4<>;
L_0x56271e2e1c30 .part L_0x56271e302600, 0, 1;
L_0x56271e2e1eb0 .part v0x56271e2daf00_0, 0, 1;
L_0x56271e2e1fd0 .functor MUXZ 1, L_0x56271e2e1eb0, L_0x56271e2e1c30, L_0x56271e2e0360, C4<>;
L_0x56271e2e2320 .part L_0x56271e302600, 1, 1;
L_0x56271e2e2410 .part v0x56271e2daf00_0, 1, 1;
L_0x56271e2e2680 .functor MUXZ 1, L_0x56271e2e2410, L_0x56271e2e2320, L_0x56271e2e0360, C4<>;
L_0x56271e2e27c0 .concat8 [ 1 1 1 0], L_0x56271e2e1fd0, L_0x56271e2e2680, L_0x56271e2e2e10;
L_0x56271e2e2ae0 .part L_0x56271e302600, 2, 1;
L_0x56271e2e2b80 .part v0x56271e2daf00_0, 2, 1;
L_0x56271e2e2e10 .functor MUXZ 1, L_0x56271e2e2b80, L_0x56271e2e2ae0, L_0x56271e2e0360, C4<>;
L_0x56271e2e2f00 .part v0x56271e2db400_0, 6, 1;
L_0x56271e2e31a0 .functor MUXZ 1, v0x56271e2dafe0_0, L_0x56271e2e2f00, L_0x56271e2e0ec0, C4<>;
L_0x56271e2e32e0 .part v0x56271e2db400_0, 3, 1;
L_0x56271e2e3590 .functor MUXZ 1, v0x56271e2dac60_0, L_0x56271e2e32e0, L_0x56271e2e12e0, C4<>;
L_0x56271e2e36d0 .part L_0x56271e301e40, 0, 1;
L_0x56271e2e3990 .functor MUXZ 1, v0x56271e2dad20_0, L_0x56271e2e36d0, L_0x56271e2e1490, C4<>;
L_0x56271e2e3b10 .part v0x56271e2db400_0, 1, 1;
L_0x56271e2e3de0 .functor MUXZ 1, v0x56271e2dae60_0, L_0x56271e2e3b10, L_0x56271e2e1880, C4<>;
L_0x56271e2e43e0 .part L_0x56271e302110, 31, 1;
L_0x56271e2e47e0 .part L_0x56271e304bb0, 31, 1;
L_0x56271e2e42c0 .part L_0x56271e2ffc30, 1, 1;
L_0x56271e2e4d20 .part L_0x56271e2ffc30, 0, 1;
L_0x56271e2e4ed0 .part v0x56271e2daf00_0, 2, 1;
L_0x56271e2e51d0 .part L_0x56271e2ffdc0, 0, 1;
L_0x56271e2e5510 .part v0x56271e2daf00_0, 1, 1;
L_0x56271e2e5820 .part v0x56271e2daf00_0, 0, 1;
L_0x56271e2e5a00 .part v0x56271e2daf00_0, 1, 1;
L_0x56271e2e5d20 .part L_0x56271e304bb0, 0, 1;
L_0x56271e2e6070 .part L_0x56271e2ffc30, 1, 1;
L_0x56271e2e63a0 .part L_0x56271e304bb0, 1, 1;
L_0x56271e2e6530 .part v0x56271e2daf00_0, 0, 1;
L_0x56271e2e6870 .part L_0x56271e306100, 0, 1;
L_0x56271e2e6bd0 .part v0x56271e2daf00_0, 2, 1;
L_0x56271e2e7030 .part v0x56271e279450_0, 0, 1;
L_0x56271e2e7380 .part v0x56271e279450_0, 5, 1;
L_0x56271e2e7850 .part v0x56271e279450_0, 6, 1;
L_0x56271e2e7bb0 .part v0x56271e279450_0, 8, 1;
L_0x56271e2e8080 .part v0x56271e279450_0, 9, 1;
L_0x56271e2e83f0 .part v0x56271e279450_0, 10, 1;
L_0x56271e2e88b0 .part v0x56271e279450_0, 12, 1;
L_0x56271e2e8c30 .part v0x56271e279450_0, 13, 1;
L_0x56271e2e9140 .part v0x56271e2db400_0, 6, 1;
L_0x56271e2e9490 .part v0x56271e2db400_0, 5, 1;
L_0x56271e2e9940 .part v0x56271e2db400_0, 2, 1;
L_0x56271e2e9d00 .part v0x56271e2db400_0, 6, 1;
L_0x56271e2ea210 .part v0x56271e2db400_0, 2, 1;
L_0x56271e2ea540 .part v0x56271e2db400_0, 5, 1;
L_0x56271e2eaa60 .part v0x56271e2db400_0, 0, 1;
L_0x56271e2eae40 .part v0x56271e2db400_0, 0, 1;
L_0x56271e2eb360 .part L_0x56271e2ffdc0, 0, 1;
L_0x56271e2eb750 .part L_0x56271e306100, 0, 1;
L_0x56271e2ebb30 .part v0x56271e2db400_0, 5, 1;
L_0x56271e2ebce0 .part L_0x56271e306100, 1, 1;
L_0x56271e2ec160 .part v0x56271e2db400_0, 5, 1;
L_0x56271e2ec4c0 .part L_0x56271e306100, 2, 1;
L_0x56271e2ec8c0 .part v0x56271e2db400_0, 5, 1;
L_0x56271e2eca70 .part L_0x56271e300a80, 0, 1;
L_0x56271e2ed1f0 .part v0x56271e2db400_0, 5, 1;
L_0x56271e2ed3a0 .part v0x56271e2daf00_0, 0, 1;
L_0x56271e2edaf0 .part v0x56271e2daf00_0, 2, 1;
L_0x56271e2edca0 .part v0x56271e2daf00_0, 1, 1;
L_0x56271e2ee0d0 .part v0x56271e2daf00_0, 0, 1;
L_0x56271e2ee4b0 .part v0x56271e2daf00_0, 2, 1;
L_0x56271e2ee8f0 .part L_0x56271e2ffc30, 0, 1;
LS_0x56271e2feab0_0_0 .concat8 [ 1 2 1 1], L_0x56271e2df9d0, L_0x56271e2ff130, L_0x56271e2dfb70, L_0x56271e2df450;
LS_0x56271e2feab0_0_4 .concat8 [ 1 1 0 0], L_0x56271e2ff040, L_0x56271e2df3e0;
L_0x56271e2feab0 .concat8 [ 5 2 0 0], LS_0x56271e2feab0_0_0, LS_0x56271e2feab0_0_4;
L_0x56271e2ff040 .part L_0x56271e2ff6d0, 2, 1;
L_0x56271e2ff130 .part L_0x56271e2ff6d0, 0, 2;
L_0x56271e2ff630 .part v0x56271e2db400_0, 4, 1;
L_0x56271e2ff6d0 .concat [ 1 1 1 0], L_0x56271e2e91e0, L_0x56271e2ff630, L_0x56271e2ea2b0;
L_0x56271e2ffc30 .concat8 [ 1 1 14 0], L_0x56271e2e58c0, L_0x56271e2edb90, L_0x71e73a986378;
L_0x56271e2ffdc0 .concat8 [ 1 7 0 0], L_0x56271e2e4dc0, L_0x71e73a9863c0;
L_0x56271e300320 .concat8 [ 1 15 0 0], L_0x56271e2e07b0, L_0x56271e3008f0;
L_0x56271e300460 .part L_0x56271e2ffc30, 1, 1;
L_0x56271e3008f0 .concat [ 1 14 0 0], L_0x56271e300460, L_0x71e73a986408;
L_0x56271e300a80 .concat8 [ 1 7 0 0], L_0x56271e2e0ce0, L_0x71e73a986450;
LS_0x56271e301010_0_0 .concat8 [ 1 4 1 1], L_0x56271e2e70d0, L_0x56271e301ef0, L_0x56271e2e7710, L_0x56271e2e78f0;
LS_0x56271e301010_0_4 .concat8 [ 1 1 1 1], L_0x56271e3019e0, L_0x56271e2e7f70, L_0x56271e2e8120, L_0x56271e2e8770;
LS_0x56271e301010_0_8 .concat8 [ 1 1 1 2], L_0x56271e3018a0, L_0x56271e2e8950, L_0x56271e2e9050, L_0x56271e3013a0;
L_0x56271e301010 .concat8 [ 7 4 5 0], LS_0x56271e301010_0_0, LS_0x56271e301010_0_4, LS_0x56271e301010_0_8;
L_0x56271e3013a0 .part L_0x56271e301cb0, 6, 2;
L_0x56271e3018a0 .part L_0x56271e301cb0, 5, 1;
L_0x56271e3019e0 .part L_0x56271e301cb0, 4, 1;
L_0x56271e301ef0 .part L_0x56271e301cb0, 0, 4;
L_0x56271e302070 .part v0x56271e279450_0, 14, 2;
L_0x56271e301ad0 .part v0x56271e279450_0, 11, 1;
L_0x56271e301b70 .part v0x56271e279450_0, 7, 1;
L_0x56271e301c10 .part v0x56271e279450_0, 1, 4;
L_0x56271e301cb0 .concat [ 4 1 1 2], L_0x56271e301c10, L_0x56271e301b70, L_0x56271e301ad0, L_0x56271e302070;
L_0x56271e301e40 .concat8 [ 1 1 0 0], L_0x56271e2ed290, L_0x71e73a986498;
L_0x56271e302600 .concat8 [ 1 1 1 3], L_0x56271e2ebbd0, L_0x56271e2ec200, L_0x56271e2ec960, L_0x71e73a9864e0;
L_0x56271e302110 .concat8 [ 31 1 0 0], L_0x56271e303b10, L_0x56271e2e52c0;
L_0x56271e302250 .part L_0x56271e302110, 31, 1;
L_0x56271e3022f0 .part L_0x56271e302110, 31, 1;
L_0x56271e302420 .part L_0x56271e302110, 31, 1;
L_0x56271e3024c0 .part L_0x56271e302110, 31, 1;
L_0x56271e302bc0 .part L_0x56271e302110, 31, 1;
L_0x56271e302740 .part L_0x56271e302110, 31, 1;
L_0x56271e3027e0 .part L_0x56271e302110, 31, 1;
L_0x56271e302880 .part L_0x56271e302110, 31, 1;
L_0x56271e302920 .part L_0x56271e302110, 31, 1;
L_0x56271e3029c0 .part L_0x56271e302110, 31, 1;
L_0x56271e302a60 .part L_0x56271e302110, 31, 1;
L_0x56271e302b00 .part L_0x56271e302110, 31, 1;
L_0x56271e303120 .part L_0x56271e302110, 31, 1;
L_0x56271e302c60 .part L_0x56271e302110, 31, 1;
L_0x56271e302d00 .part L_0x56271e302110, 31, 1;
L_0x56271e302da0 .part L_0x56271e302110, 31, 1;
L_0x56271e302e40 .part L_0x56271e302110, 31, 1;
L_0x56271e302ee0 .part L_0x56271e302110, 31, 1;
L_0x56271e302f80 .part L_0x56271e302110, 31, 1;
L_0x56271e303020 .part L_0x56271e302110, 31, 1;
L_0x56271e3036c0 .part L_0x56271e302110, 31, 1;
L_0x56271e3031c0 .part L_0x56271e302110, 31, 1;
L_0x56271e303260 .part L_0x56271e302110, 31, 1;
L_0x56271e303300 .part L_0x56271e302110, 31, 1;
L_0x56271e3033d0 .part L_0x56271e302110, 31, 1;
L_0x56271e3034a0 .part L_0x56271e302110, 31, 1;
L_0x56271e303570 .part L_0x56271e302110, 31, 1;
L_0x56271e303ca0 .part L_0x56271e302110, 31, 1;
L_0x56271e303d40 .part L_0x56271e302110, 31, 1;
L_0x56271e303760 .part L_0x56271e2ffc30, 0, 1;
L_0x56271e303830 .part v0x56271e2daf00_0, 0, 1;
LS_0x56271e303b10_0_0 .concat [ 1 1 1 1], L_0x56271e303830, L_0x56271e303760, L_0x56271e303d40, L_0x56271e303ca0;
LS_0x56271e303b10_0_4 .concat [ 1 1 1 1], L_0x56271e303570, L_0x56271e3034a0, L_0x56271e3033d0, L_0x56271e303300;
LS_0x56271e303b10_0_8 .concat [ 1 1 1 1], L_0x56271e303260, L_0x56271e3031c0, L_0x56271e3036c0, L_0x56271e303020;
LS_0x56271e303b10_0_12 .concat [ 1 1 1 1], L_0x56271e302f80, L_0x56271e302ee0, L_0x56271e302e40, L_0x56271e302da0;
LS_0x56271e303b10_0_16 .concat [ 1 1 1 1], L_0x56271e302d00, L_0x56271e302c60, L_0x56271e303120, L_0x56271e302b00;
LS_0x56271e303b10_0_20 .concat [ 1 1 1 1], L_0x56271e302a60, L_0x56271e3029c0, L_0x56271e302920, L_0x56271e302880;
LS_0x56271e303b10_0_24 .concat [ 1 1 1 1], L_0x56271e3027e0, L_0x56271e302740, L_0x56271e302bc0, L_0x56271e3024c0;
LS_0x56271e303b10_0_28 .concat [ 1 1 1 0], L_0x56271e302420, L_0x56271e3022f0, L_0x56271e302250;
LS_0x56271e303b10_1_0 .concat [ 4 4 4 4], LS_0x56271e303b10_0_0, LS_0x56271e303b10_0_4, LS_0x56271e303b10_0_8, LS_0x56271e303b10_0_12;
LS_0x56271e303b10_1_4 .concat [ 4 4 4 3], LS_0x56271e303b10_0_16, LS_0x56271e303b10_0_20, LS_0x56271e303b10_0_24, LS_0x56271e303b10_0_28;
L_0x56271e303b10 .concat [ 16 15 0 0], LS_0x56271e303b10_1_0, LS_0x56271e303b10_1_4;
L_0x56271e304bb0 .concat8 [ 1 1 29 1], L_0x56271e2e6960, L_0x56271e2e5e10, L_0x56271e305d60, L_0x56271e2e6f20;
L_0x56271e303de0 .part L_0x56271e304bb0, 31, 1;
L_0x56271e303e80 .part L_0x56271e304bb0, 31, 1;
L_0x56271e303f20 .part L_0x56271e304bb0, 31, 1;
L_0x56271e303fc0 .part L_0x56271e304bb0, 31, 1;
L_0x56271e304170 .part L_0x56271e304bb0, 31, 1;
L_0x56271e304210 .part L_0x56271e304bb0, 31, 1;
L_0x56271e305290 .part L_0x56271e304bb0, 31, 1;
L_0x56271e305330 .part L_0x56271e304bb0, 31, 1;
L_0x56271e304cf0 .part L_0x56271e304bb0, 31, 1;
L_0x56271e304d90 .part L_0x56271e304bb0, 31, 1;
L_0x56271e304e30 .part L_0x56271e304bb0, 31, 1;
L_0x56271e304ed0 .part L_0x56271e304bb0, 31, 1;
L_0x56271e305180 .part L_0x56271e304bb0, 31, 1;
L_0x56271e3059a0 .part L_0x56271e304bb0, 31, 1;
L_0x56271e3053d0 .part L_0x56271e304bb0, 31, 1;
L_0x56271e305470 .part L_0x56271e304bb0, 31, 1;
L_0x56271e305510 .part L_0x56271e304bb0, 31, 1;
L_0x56271e3055b0 .part L_0x56271e304bb0, 31, 1;
L_0x56271e305650 .part L_0x56271e304bb0, 31, 1;
L_0x56271e3056f0 .part L_0x56271e304bb0, 31, 1;
L_0x56271e305790 .part L_0x56271e304bb0, 31, 1;
L_0x56271e305830 .part L_0x56271e304bb0, 31, 1;
L_0x56271e3058d0 .part L_0x56271e304bb0, 31, 1;
L_0x56271e306060 .part L_0x56271e304bb0, 31, 1;
L_0x56271e305a40 .part L_0x56271e304bb0, 31, 1;
L_0x56271e305ae0 .part L_0x56271e304bb0, 31, 1;
L_0x56271e305b80 .part L_0x56271e304bb0, 31, 1;
L_0x56271e305c20 .part L_0x56271e304bb0, 31, 1;
L_0x56271e305cc0 .part L_0x56271e304bb0, 31, 1;
LS_0x56271e305d60_0_0 .concat [ 1 1 1 1], L_0x56271e305cc0, L_0x56271e305c20, L_0x56271e305b80, L_0x56271e305ae0;
LS_0x56271e305d60_0_4 .concat [ 1 1 1 1], L_0x56271e305a40, L_0x56271e306060, L_0x56271e3058d0, L_0x56271e305830;
LS_0x56271e305d60_0_8 .concat [ 1 1 1 1], L_0x56271e305790, L_0x56271e3056f0, L_0x56271e305650, L_0x56271e3055b0;
LS_0x56271e305d60_0_12 .concat [ 1 1 1 1], L_0x56271e305510, L_0x56271e305470, L_0x56271e3053d0, L_0x56271e3059a0;
LS_0x56271e305d60_0_16 .concat [ 1 1 1 1], L_0x56271e305180, L_0x56271e304ed0, L_0x56271e304e30, L_0x56271e304d90;
LS_0x56271e305d60_0_20 .concat [ 1 1 1 1], L_0x56271e304cf0, L_0x56271e305330, L_0x56271e305290, L_0x56271e304210;
LS_0x56271e305d60_0_24 .concat [ 1 1 1 1], L_0x56271e304170, L_0x56271e303fc0, L_0x56271e303f20, L_0x56271e303e80;
LS_0x56271e305d60_0_28 .concat [ 1 0 0 0], L_0x56271e303de0;
LS_0x56271e305d60_1_0 .concat [ 4 4 4 4], LS_0x56271e305d60_0_0, LS_0x56271e305d60_0_4, LS_0x56271e305d60_0_8, LS_0x56271e305d60_0_12;
LS_0x56271e305d60_1_4 .concat [ 4 4 4 1], LS_0x56271e305d60_0_16, LS_0x56271e305d60_0_20, LS_0x56271e305d60_0_24, LS_0x56271e305d60_0_28;
L_0x56271e305d60 .concat [ 16 13 0 0], LS_0x56271e305d60_1_0, LS_0x56271e305d60_1_4;
LS_0x56271e306100_0_0 .concat [ 1 1 1 1], L_0x56271e2ed7c0, L_0x56271e2ee170, L_0x56271e2ee990, o0x71e73a9d2828;
LS_0x56271e306100_0_4 .concat [ 28 0 0 0], L_0x71e73a986330;
L_0x56271e306100 .concat [ 4 28 0 0], LS_0x56271e306100_0_0, LS_0x56271e306100_0_4;
    .scope S_0x56271e2b9590;
T_0 ;
    %wait E_0x56271e1c91f0;
    %load/vec4 v0x56271e2db190_0;
    %flag_set/vec4 8;
    %jmp/0xz  T_0.0, 8;
    %pushi/vec4 1, 0, 1;
    %ix/load 4, 0, 0;
    %ix/load 5, 0, 0;
    %flag_set/imm 4, 0;
    %assign/vec4/off/d v0x56271e2db400_0, 4, 5;
    %jmp T_0.1;
T_0.0 ;
    %load/vec4 v0x56271e2ca630_0;
    %parti/s 1, 0, 2;
    %ix/load 4, 0, 0;
    %ix/load 5, 0, 0;
    %flag_set/imm 4, 0;
    %assign/vec4/off/d v0x56271e2db400_0, 4, 5;
T_0.1 ;
    %jmp T_0;
    .thread T_0;
    .scope S_0x56271e2b9590;
T_1 ;
    %wait E_0x56271e1c91f0;
    %load/vec4 v0x56271e2db190_0;
    %flag_set/vec4 8;
    %jmp/0xz  T_1.0, 8;
    %pushi/vec4 0, 0, 1;
    %ix/load 4, 1, 0;
    %ix/load 5, 0, 0;
    %flag_set/imm 4, 0;
    %assign/vec4/off/d v0x56271e2db400_0, 4, 5;
    %jmp T_1.1;
T_1.0 ;
    %load/vec4 v0x56271e2ca060_0;
    %ix/load 4, 1, 0;
    %ix/load 5, 0, 0;
    %flag_set/imm 4, 0;
    %assign/vec4/off/d v0x56271e2db400_0, 4, 5;
T_1.1 ;
    %jmp T_1;
    .thread T_1;
    .scope S_0x56271e2b9590;
T_2 ;
    %wait E_0x56271e1c91f0;
    %load/vec4 v0x56271e2db190_0;
    %flag_set/vec4 8;
    %jmp/0xz  T_2.0, 8;
    %pushi/vec4 0, 0, 1;
    %ix/load 4, 2, 0;
    %ix/load 5, 0, 0;
    %flag_set/imm 4, 0;
    %assign/vec4/off/d v0x56271e2db400_0, 4, 5;
    %jmp T_2.1;
T_2.0 ;
    %load/vec4 v0x56271e2db400_0;
    %parti/s 1, 4, 4;
    %ix/load 4, 2, 0;
    %ix/load 5, 0, 0;
    %flag_set/imm 4, 0;
    %assign/vec4/off/d v0x56271e2db400_0, 4, 5;
T_2.1 ;
    %jmp T_2;
    .thread T_2;
    .scope S_0x56271e2b9590;
T_3 ;
    %wait E_0x56271e1c91f0;
    %load/vec4 v0x56271e2db190_0;
    %flag_set/vec4 8;
    %jmp/0xz  T_3.0, 8;
    %pushi/vec4 0, 0, 1;
    %ix/load 4, 3, 0;
    %ix/load 5, 0, 0;
    %flag_set/imm 4, 0;
    %assign/vec4/off/d v0x56271e2db400_0, 4, 5;
    %jmp T_3.1;
T_3.0 ;
    %load/vec4 v0x56271e2ca630_0;
    %parti/s 1, 3, 3;
    %ix/load 4, 3, 0;
    %ix/load 5, 0, 0;
    %flag_set/imm 4, 0;
    %assign/vec4/off/d v0x56271e2db400_0, 4, 5;
T_3.1 ;
    %jmp T_3;
    .thread T_3;
    .scope S_0x56271e2b9590;
T_4 ;
    %wait E_0x56271e1c91f0;
    %load/vec4 v0x56271e2db190_0;
    %flag_set/vec4 8;
    %jmp/0xz  T_4.0, 8;
    %pushi/vec4 0, 0, 1;
    %ix/load 4, 4, 0;
    %ix/load 5, 0, 0;
    %flag_set/imm 4, 0;
    %assign/vec4/off/d v0x56271e2db400_0, 4, 5;
    %jmp T_4.1;
T_4.0 ;
    %load/vec4 v0x56271e2ca630_0;
    %parti/s 1, 4, 4;
    %ix/load 4, 4, 0;
    %ix/load 5, 0, 0;
    %flag_set/imm 4, 0;
    %assign/vec4/off/d v0x56271e2db400_0, 4, 5;
T_4.1 ;
    %jmp T_4;
    .thread T_4;
    .scope S_0x56271e2b9590;
T_5 ;
    %wait E_0x56271e1c91f0;
    %load/vec4 v0x56271e2db190_0;
    %flag_set/vec4 8;
    %jmp/0xz  T_5.0, 8;
    %pushi/vec4 0, 0, 1;
    %ix/load 4, 5, 0;
    %ix/load 5, 0, 0;
    %flag_set/imm 4, 0;
    %assign/vec4/off/d v0x56271e2db400_0, 4, 5;
    %jmp T_5.1;
T_5.0 ;
    %load/vec4 v0x56271e2ca3f0_0;
    %ix/load 4, 5, 0;
    %ix/load 5, 0, 0;
    %flag_set/imm 4, 0;
    %assign/vec4/off/d v0x56271e2db400_0, 4, 5;
T_5.1 ;
    %jmp T_5;
    .thread T_5;
    .scope S_0x56271e2b9590;
T_6 ;
    %wait E_0x56271e1c91f0;
    %load/vec4 v0x56271e2db190_0;
    %flag_set/vec4 8;
    %jmp/0xz  T_6.0, 8;
    %pushi/vec4 0, 0, 1;
    %ix/load 4, 6, 0;
    %ix/load 5, 0, 0;
    %flag_set/imm 4, 0;
    %assign/vec4/off/d v0x56271e2db400_0, 4, 5;
    %jmp T_6.1;
T_6.0 ;
    %load/vec4 v0x56271e2ca630_0;
    %parti/s 1, 6, 4;
    %ix/load 4, 6, 0;
    %ix/load 5, 0, 0;
    %flag_set/imm 4, 0;
    %assign/vec4/off/d v0x56271e2db400_0, 4, 5;
T_6.1 ;
    %jmp T_6;
    .thread T_6;
    .scope S_0x56271e2b9590;
T_7 ;
    %wait E_0x56271e1c91f0;
    %load/vec4 v0x56271e2db190_0;
    %flag_set/vec4 8;
    %jmp/0xz  T_7.0, 8;
    %pushi/vec4 0, 0, 1;
    %assign/vec4 v0x56271e2dae60_0, 0;
    %jmp T_7.1;
T_7.0 ;
    %load/vec4 v0x56271e2c9c20_0;
    %assign/vec4 v0x56271e2dae60_0, 0;
T_7.1 ;
    %jmp T_7;
    .thread T_7;
    .scope S_0x56271e2b9590;
T_8 ;
    %wait E_0x56271e1c91f0;
    %load/vec4 v0x56271e2db190_0;
    %flag_set/vec4 8;
    %jmp/0xz  T_8.0, 8;
    %pushi/vec4 0, 0, 1;
    %assign/vec4 v0x56271e2dad20_0, 0;
    %jmp T_8.1;
T_8.0 ;
    %load/vec4 v0x56271e2c9b40_0;
    %assign/vec4 v0x56271e2dad20_0, 0;
T_8.1 ;
    %jmp T_8;
    .thread T_8;
    .scope S_0x56271e2b9590;
T_9 ;
    %wait E_0x56271e1c91f0;
    %load/vec4 v0x56271e2db190_0;
    %flag_set/vec4 8;
    %jmp/0xz  T_9.0, 8;
    %pushi/vec4 0, 0, 1;
    %assign/vec4 v0x56271e2dac60_0, 0;
    %jmp T_9.1;
T_9.0 ;
    %load/vec4 v0x56271e2c9a40_0;
    %assign/vec4 v0x56271e2dac60_0, 0;
T_9.1 ;
    %jmp T_9;
    .thread T_9;
    .scope S_0x56271e2b9590;
T_10 ;
    %wait E_0x56271e1c91f0;
    %load/vec4 v0x56271e2db190_0;
    %flag_set/vec4 8;
    %jmp/0xz  T_10.0, 8;
    %pushi/vec4 0, 0, 1;
    %assign/vec4 v0x56271e2dafe0_0, 0;
    %jmp T_10.1;
T_10.0 ;
    %load/vec4 v0x56271e2c9de0_0;
    %assign/vec4 v0x56271e2dafe0_0, 0;
T_10.1 ;
    %jmp T_10;
    .thread T_10;
    .scope S_0x56271e2b9590;
T_11 ;
    %wait E_0x56271e1c91f0;
    %load/vec4 v0x56271e2db190_0;
    %flag_set/vec4 8;
    %jmp/0xz  T_11.0, 8;
    %pushi/vec4 0, 0, 1;
    %ix/load 4, 0, 0;
    %ix/load 5, 0, 0;
    %flag_set/imm 4, 0;
    %assign/vec4/off/d v0x56271e2daf00_0, 4, 5;
    %jmp T_11.1;
T_11.0 ;
    %load/vec4 v0x56271e2c9ce0_0;
    %parti/s 1, 0, 2;
    %ix/load 4, 0, 0;
    %ix/load 5, 0, 0;
    %flag_set/imm 4, 0;
    %assign/vec4/off/d v0x56271e2daf00_0, 4, 5;
T_11.1 ;
    %jmp T_11;
    .thread T_11;
    .scope S_0x56271e2b9590;
T_12 ;
    %wait E_0x56271e1c91f0;
    %load/vec4 v0x56271e2db190_0;
    %flag_set/vec4 8;
    %jmp/0xz  T_12.0, 8;
    %pushi/vec4 0, 0, 1;
    %ix/load 4, 1, 0;
    %ix/load 5, 0, 0;
    %flag_set/imm 4, 0;
    %assign/vec4/off/d v0x56271e2daf00_0, 4, 5;
    %jmp T_12.1;
T_12.0 ;
    %load/vec4 v0x56271e2c9ce0_0;
    %parti/s 1, 1, 2;
    %ix/load 4, 1, 0;
    %ix/load 5, 0, 0;
    %flag_set/imm 4, 0;
    %assign/vec4/off/d v0x56271e2daf00_0, 4, 5;
T_12.1 ;
    %jmp T_12;
    .thread T_12;
    .scope S_0x56271e2b9590;
T_13 ;
    %wait E_0x56271e1c91f0;
    %load/vec4 v0x56271e2db190_0;
    %flag_set/vec4 8;
    %jmp/0xz  T_13.0, 8;
    %pushi/vec4 0, 0, 1;
    %ix/load 4, 2, 0;
    %ix/load 5, 0, 0;
    %flag_set/imm 4, 0;
    %assign/vec4/off/d v0x56271e2daf00_0, 4, 5;
    %jmp T_13.1;
T_13.0 ;
    %load/vec4 v0x56271e2c9ce0_0;
    %parti/s 1, 2, 3;
    %ix/load 4, 2, 0;
    %ix/load 5, 0, 0;
    %flag_set/imm 4, 0;
    %assign/vec4/off/d v0x56271e2daf00_0, 4, 5;
T_13.1 ;
    %jmp T_13;
    .thread T_13;
    .scope S_0x56271e272a50;
T_14 ;
    %pushi/vec4 0, 0, 1;
    %store/vec4 v0x56271e23cb70_0, 0, 1;
T_14.0 ;
    %delay 5, 0;
    %load/vec4 v0x56271e23cb70_0;
    %inv;
    %store/vec4 v0x56271e23cb70_0, 0, 1;
    %jmp T_14.0;
    %end;
    .thread T_14;
    .scope S_0x56271e272a50;
T_15 ;
    %pushi/vec4 1, 0, 1;
    %store/vec4 v0x56271e277930_0, 0, 1;
    %pushi/vec4 0, 0, 1;
    %store/vec4 v0x56271e2b93b0_0, 0, 1;
    %pushi/vec4 0, 0, 1;
    %store/vec4 v0x56271e2b92f0_0, 0, 1;
    %pushi/vec4 0, 0, 16;
    %store/vec4 v0x56271e279450_0, 0, 16;
    %delay 10, 0;
    %pushi/vec4 0, 0, 1;
    %store/vec4 v0x56271e277930_0, 0, 1;
    %delay 10, 0;
    %pushi/vec4 1, 0, 1;
    %store/vec4 v0x56271e2b93b0_0, 0, 1;
    %delay 20, 0;
    %pushi/vec4 14177, 0, 16;
    %store/vec4 v0x56271e279450_0, 0, 16;
    %delay 10, 0;
    %pushi/vec4 1, 0, 1;
    %store/vec4 v0x56271e2b92f0_0, 0, 1;
    %delay 10, 0;
    %pushi/vec4 0, 0, 1;
    %store/vec4 v0x56271e2b92f0_0, 0, 1;
    %delay 10, 0;
    %pushi/vec4 0, 0, 1;
    %store/vec4 v0x56271e2b93b0_0, 0, 1;
    %delay 10, 0;
    %pushi/vec4 1, 0, 1;
    %store/vec4 v0x56271e2b93b0_0, 0, 1;
    %delay 10, 0;
    %pushi/vec4 4661, 0, 16;
    %store/vec4 v0x56271e279450_0, 0, 16;
    %delay 10, 0;
    %pushi/vec4 1, 0, 1;
    %store/vec4 v0x56271e2b93b0_0, 0, 1;
    %delay 10, 0;
    %pushi/vec4 4660, 0, 16;
    %store/vec4 v0x56271e279450_0, 0, 16;
    %delay 10, 0;
    %pushi/vec4 1, 0, 1;
    %store/vec4 v0x56271e2b93b0_0, 0, 1;
    %delay 10, 0;
    %pushi/vec4 14177, 0, 16;
    %store/vec4 v0x56271e279450_0, 0, 16;
    %delay 10, 0;
    %pushi/vec4 1, 0, 1;
    %store/vec4 v0x56271e2b93b0_0, 0, 1;
    %delay 10, 0;
    %pushi/vec4 1, 0, 1;
    %store/vec4 v0x56271e2b92f0_0, 0, 1;
    %delay 10, 0;
    %pushi/vec4 0, 0, 1;
    %store/vec4 v0x56271e2b92f0_0, 0, 1;
    %delay 10, 0;
    %pushi/vec4 0, 0, 1;
    %store/vec4 v0x56271e2b93b0_0, 0, 1;
    %delay 10, 0;
    %pushi/vec4 1, 0, 1;
    %store/vec4 v0x56271e2b93b0_0, 0, 1;
    %delay 10, 0;
    %pushi/vec4 4661, 0, 16;
    %store/vec4 v0x56271e279450_0, 0, 16;
    %delay 10, 0;
    %pushi/vec4 1, 0, 1;
    %store/vec4 v0x56271e2b93b0_0, 0, 1;
    %delay 10, 0;
    %pushi/vec4 1, 0, 1;
    %store/vec4 v0x56271e2b93b0_0, 0, 1;
    %delay 10, 0;
    %pushi/vec4 4660, 0, 16;
    %store/vec4 v0x56271e279450_0, 0, 16;
    %delay 10, 0;
    %pushi/vec4 1, 0, 1;
    %store/vec4 v0x56271e2b93b0_0, 0, 1;
    %delay 10, 0;
    %pushi/vec4 1, 0, 1;
    %store/vec4 v0x56271e2b93b0_0, 0, 1;
    %delay 10, 0;
    %pushi/vec4 4968, 0, 16;
    %store/vec4 v0x56271e279450_0, 0, 16;
    %delay 50, 0;
    %pushi/vec4 1, 0, 1;
    %store/vec4 v0x56271e2b93b0_0, 0, 1;
    %pushi/vec4 1, 0, 1;
    %store/vec4 v0x56271e2b92f0_0, 0, 1;
    %delay 10, 0;
    %pushi/vec4 1, 0, 1;
    %store/vec4 v0x56271e2b93b0_0, 0, 1;
    %delay 10, 0;
    %pushi/vec4 1, 0, 1;
    %store/vec4 v0x56271e277930_0, 0, 1;
    %delay 10, 0;
    %pushi/vec4 0, 0, 1;
    %store/vec4 v0x56271e277930_0, 0, 1;
    %delay 10, 0;
    %pushi/vec4 0, 0, 1;
    %store/vec4 v0x56271e2b92f0_0, 0, 1;
    %delay 10, 0;
    %pushi/vec4 1, 0, 1;
    %store/vec4 v0x56271e2b93b0_0, 0, 1;
    %delay 20, 0;
    %pushi/vec4 14177, 0, 16;
    %store/vec4 v0x56271e279450_0, 0, 16;
    %delay 10, 0;
    %pushi/vec4 1, 0, 1;
    %store/vec4 v0x56271e2b92f0_0, 0, 1;
    %delay 10, 0;
    %pushi/vec4 0, 0, 1;
    %store/vec4 v0x56271e2b92f0_0, 0, 1;
    %delay 10, 0;
    %pushi/vec4 0, 0, 1;
    %store/vec4 v0x56271e2b93b0_0, 0, 1;
    %delay 10, 0;
    %vpi_call 3 67 "$finish" {0 0 0};
    %end;
    .thread T_15;
    .scope S_0x56271e273320;
T_16 ;
    %vpi_call 2 21 "$dumpfile", "resultados.vcd" {0 0 0};
    %vpi_call 2 22 "$dumpvars", 32'sb11111111111111111111111111111111, S_0x56271e2b9590 {0 0 0};
    %end;
    .thread T_16;
# The file index is used to find the file name in the following table.
:file_names 5;
    "N/A";
    "<interactive>";
    "testbench.v";
    "./tester.v";
    "./controlador_synth.v";
