#! c:/iverilog-x64/bin/vvp
:ivl_version "10.1 (stable)" "(v10_1_1)";
:ivl_delay_selection "TYPICAL";
:vpi_time_precision + 0;
:vpi_module "system";
:vpi_module "vhdl_sys";
:vpi_module "v2005_math";
:vpi_module "va_math";
S_00000000001cce90 .scope module, "controlador_estacionamiento_tb" "controlador_estacionamiento_tb" 2 4;
 .timescale 0 0;
v00000000008cf5a0_0 .net "alarm_blocked", 0 0, v00000000008cfc80_0;  1 drivers
v00000000008cfe60_0 .net "alarm_wrong_pin", 0 0, v00000000008cf780_0;  1 drivers
v00000000008cf640_0 .net "clk", 0 0, v00000000008789c0_0;  1 drivers
v00000000008cf6e0_0 .net "close_gate", 0 0, v00000000008cff00_0;  1 drivers
L_00000000027d0088 .functor BUFT 1, C4<0011011101100001>, C4<0>, C4<0>, C4<0>;
v00000000008cf820_0 .net "correct_password", 15 0, L_00000000027d0088;  1 drivers
v00000000008cfdc0_0 .net "open_gate", 0 0, v00000000008cfb40_0;  1 drivers
v00000000008cf8c0_0 .net "password_input", 15 0, v00000000008cf960_0;  1 drivers
v00000000008d19b0_0 .net "rst", 0 0, v00000000008d0180_0;  1 drivers
v00000000008d21d0_0 .net "sensor_moved_vehicule", 0 0, v00000000008d0040_0;  1 drivers
v00000000008d0970_0 .net "sensor_vehicule", 0 0, v00000000008cfa00_0;  1 drivers
S_000000000085f7b0 .scope module, "T0" "tester" 2 40, 3 1 0, S_00000000001cce90;
 .timescale 0 0;
    .port_info 0 /OUTPUT 1 "clk"
    .port_info 1 /OUTPUT 1 "rst"
    .port_info 2 /OUTPUT 1 "sensor_vehicule"
    .port_info 3 /OUTPUT 1 "sensor_moved_vehicule"
    .port_info 4 /OUTPUT 16 "correct_password"
    .port_info 5 /OUTPUT 16 "password_input"
    .port_info 6 /INPUT 1 "open_gate"
    .port_info 7 /INPUT 1 "close_gate"
    .port_info 8 /INPUT 1 "alarm_wrong_pin"
    .port_info 9 /INPUT 1 "alarm_blocked"
v000000000087c000_0 .net "alarm_blocked", 0 0, v00000000008cfc80_0;  alias, 1 drivers
v000000000087c0a0_0 .net "alarm_wrong_pin", 0 0, v00000000008cf780_0;  alias, 1 drivers
v00000000008789c0_0 .var "clk", 0 0;
v0000000000878a60_0 .net "close_gate", 0 0, v00000000008cff00_0;  alias, 1 drivers
v000000000085f930_0 .net "correct_password", 15 0, L_00000000027d0088;  alias, 1 drivers
v00000000008d0220_0 .net "open_gate", 0 0, v00000000008cfb40_0;  alias, 1 drivers
v00000000008cf960_0 .var "password_input", 15 0;
v00000000008d0180_0 .var "rst", 0 0;
v00000000008d0040_0 .var "sensor_moved_vehicule", 0 0;
v00000000008cfa00_0 .var "sensor_vehicule", 0 0;
S_000000000085f9d0 .scope module, "U0" "controlador_estacionamiento" 2 26, 4 1 0, S_00000000001cce90;
 .timescale 0 0;
    .port_info 0 /INPUT 1 "clk"
    .port_info 1 /INPUT 1 "rst"
    .port_info 2 /INPUT 1 "sensor_vehicule"
    .port_info 3 /INPUT 1 "sensor_moved_vehicule"
    .port_info 4 /INPUT 16 "correct_password"
    .port_info 5 /INPUT 16 "password_input"
    .port_info 6 /OUTPUT 1 "open_gate"
    .port_info 7 /OUTPUT 1 "close_gate"
    .port_info 8 /OUTPUT 1 "alarm_wrong_pin"
    .port_info 9 /OUTPUT 1 "alarm_blocked"
P_0000000000822d60 .param/l "BLOCKED" 0 4 21, C4<110>;
P_0000000000822d98 .param/l "CHECK_KEY" 0 4 17, C4<010>;
P_0000000000822dd0 .param/l "CLOSE_GATE" 0 4 19, C4<100>;
P_0000000000822e08 .param/l "IDLE" 0 4 15, C4<000>;
P_0000000000822e40 .param/l "OPEN_GATE" 0 4 18, C4<011>;
P_0000000000822e78 .param/l "WAIT_FOR_KEY" 0 4 16, C4<001>;
P_0000000000822eb0 .param/l "WRONG_KEY" 0 4 20, C4<101>;
v00000000008cfc80_0 .var "alarm_blocked", 0 0;
v00000000008cf780_0 .var "alarm_wrong_pin", 0 0;
v00000000008d02c0_0 .net "clk", 0 0, v00000000008789c0_0;  alias, 1 drivers
v00000000008cff00_0 .var "close_gate", 0 0;
v00000000008cffa0_0 .net "correct_password", 15 0, L_00000000027d0088;  alias, 1 drivers
v00000000008cf460_0 .var "counter", 2 0;
v00000000008cfaa0_0 .var "next_state", 2 0;
v00000000008cfb40_0 .var "open_gate", 0 0;
v00000000008d0360_0 .net "password_input", 15 0, v00000000008cf960_0;  alias, 1 drivers
v00000000008cfd20_0 .net "rst", 0 0, v00000000008d0180_0;  alias, 1 drivers
v00000000008d00e0_0 .net "sensor_moved_vehicule", 0 0, v00000000008d0040_0;  alias, 1 drivers
v00000000008cf500_0 .net "sensor_vehicule", 0 0, v00000000008cfa00_0;  alias, 1 drivers
v00000000008cfbe0_0 .var "state", 2 0;
E_0000000000878c40 .event posedge, v00000000008d0180_0, v00000000008789c0_0;
E_0000000000878f80/0 .event edge, v00000000008cfbe0_0, v00000000008cfa00_0, v00000000008cf960_0, v000000000085f930_0;
E_0000000000878f80/1 .event edge, v00000000008d0040_0, v00000000008cf460_0;
E_0000000000878f80 .event/or E_0000000000878f80/0, E_0000000000878f80/1;
    .scope S_000000000085f9d0;
T_0 ;
    %wait E_0000000000878c40;
    %load/vec4 v00000000008cfd20_0;
    %flag_set/vec4 8;
    %jmp/0xz  T_0.0, 8;
    %pushi/vec4 0, 0, 3;
    %assign/vec4 v00000000008cfbe0_0, 0;
    %pushi/vec4 0, 0, 3;
    %assign/vec4 v00000000008cf460_0, 0;
    %pushi/vec4 0, 0, 1;
    %assign/vec4 v00000000008cfb40_0, 0;
    %pushi/vec4 0, 0, 1;
    %assign/vec4 v00000000008cff00_0, 0;
    %pushi/vec4 0, 0, 1;
    %assign/vec4 v00000000008cf780_0, 0;
    %pushi/vec4 0, 0, 1;
    %assign/vec4 v00000000008cfc80_0, 0;
    %jmp T_0.1;
T_0.0 ;
    %load/vec4 v00000000008cfaa0_0;
    %assign/vec4 v00000000008cfbe0_0, 0;
T_0.1 ;
    %jmp T_0;
    .thread T_0;
    .scope S_000000000085f9d0;
T_1 ;
    %wait E_0000000000878f80;
    %load/vec4 v00000000008cfbe0_0;
    %store/vec4 v00000000008cfaa0_0, 0, 3;
    %load/vec4 v00000000008cfbe0_0;
    %dup/vec4;
    %pushi/vec4 0, 0, 3;
    %cmp/u;
    %jmp/1 T_1.0, 6;
    %dup/vec4;
    %pushi/vec4 1, 0, 3;
    %cmp/u;
    %jmp/1 T_1.1, 6;
    %dup/vec4;
    %pushi/vec4 2, 0, 3;
    %cmp/u;
    %jmp/1 T_1.2, 6;
    %dup/vec4;
    %pushi/vec4 3, 0, 3;
    %cmp/u;
    %jmp/1 T_1.3, 6;
    %dup/vec4;
    %pushi/vec4 4, 0, 3;
    %cmp/u;
    %jmp/1 T_1.4, 6;
    %dup/vec4;
    %pushi/vec4 5, 0, 3;
    %cmp/u;
    %jmp/1 T_1.5, 6;
    %dup/vec4;
    %pushi/vec4 6, 0, 3;
    %cmp/u;
    %jmp/1 T_1.6, 6;
    %jmp T_1.7;
T_1.0 ;
    %load/vec4 v00000000008cf500_0;
    %flag_set/vec4 8;
    %jmp/0xz  T_1.8, 8;
    %pushi/vec4 1, 0, 3;
    %store/vec4 v00000000008cfaa0_0, 0, 3;
T_1.8 ;
    %jmp T_1.7;
T_1.1 ;
    %pushi/vec4 2, 0, 3;
    %store/vec4 v00000000008cfaa0_0, 0, 3;
    %jmp T_1.7;
T_1.2 ;
    %load/vec4 v00000000008d0360_0;
    %load/vec4 v00000000008cffa0_0;
    %cmp/e;
    %jmp/0xz  T_1.10, 4;
    %pushi/vec4 3, 0, 3;
    %store/vec4 v00000000008cfaa0_0, 0, 3;
    %jmp T_1.11;
T_1.10 ;
    %pushi/vec4 5, 0, 3;
    %store/vec4 v00000000008cfaa0_0, 0, 3;
T_1.11 ;
    %jmp T_1.7;
T_1.3 ;
    %load/vec4 v00000000008d00e0_0;
    %flag_set/vec4 8;
    %jmp/0xz  T_1.12, 8;
    %pushi/vec4 4, 0, 3;
    %store/vec4 v00000000008cfaa0_0, 0, 3;
T_1.12 ;
    %jmp T_1.7;
T_1.4 ;
    %pushi/vec4 0, 0, 3;
    %store/vec4 v00000000008cfaa0_0, 0, 3;
    %jmp T_1.7;
T_1.5 ;
    %pushi/vec4 3, 0, 32;
    %load/vec4 v00000000008cf460_0;
    %pad/u 32;
    %cmp/u;
    %flag_or 5, 4;
    %jmp/0xz  T_1.14, 5;
    %pushi/vec4 6, 0, 3;
    %store/vec4 v00000000008cfaa0_0, 0, 3;
    %jmp T_1.15;
T_1.14 ;
    %pushi/vec4 1, 0, 3;
    %store/vec4 v00000000008cfaa0_0, 0, 3;
T_1.15 ;
    %jmp T_1.7;
T_1.6 ;
    %jmp T_1.7;
T_1.7 ;
    %pop/vec4 1;
    %jmp T_1;
    .thread T_1, $push;
    .scope S_000000000085f9d0;
T_2 ;
    %wait E_0000000000878c40;
    %load/vec4 v00000000008cfd20_0;
    %flag_set/vec4 8;
    %jmp/0xz  T_2.0, 8;
    %pushi/vec4 0, 0, 1;
    %assign/vec4 v00000000008cfb40_0, 0;
    %pushi/vec4 0, 0, 1;
    %assign/vec4 v00000000008cff00_0, 0;
    %pushi/vec4 0, 0, 1;
    %assign/vec4 v00000000008cf780_0, 0;
    %pushi/vec4 0, 0, 1;
    %assign/vec4 v00000000008cfc80_0, 0;
    %pushi/vec4 0, 0, 3;
    %assign/vec4 v00000000008cf460_0, 0;
    %jmp T_2.1;
T_2.0 ;
    %load/vec4 v00000000008cfbe0_0;
    %dup/vec4;
    %pushi/vec4 0, 0, 3;
    %cmp/u;
    %jmp/1 T_2.2, 6;
    %dup/vec4;
    %pushi/vec4 1, 0, 3;
    %cmp/u;
    %jmp/1 T_2.3, 6;
    %dup/vec4;
    %pushi/vec4 2, 0, 3;
    %cmp/u;
    %jmp/1 T_2.4, 6;
    %dup/vec4;
    %pushi/vec4 3, 0, 3;
    %cmp/u;
    %jmp/1 T_2.5, 6;
    %dup/vec4;
    %pushi/vec4 4, 0, 3;
    %cmp/u;
    %jmp/1 T_2.6, 6;
    %dup/vec4;
    %pushi/vec4 5, 0, 3;
    %cmp/u;
    %jmp/1 T_2.7, 6;
    %dup/vec4;
    %pushi/vec4 6, 0, 3;
    %cmp/u;
    %jmp/1 T_2.8, 6;
    %jmp T_2.9;
T_2.2 ;
    %pushi/vec4 0, 0, 1;
    %assign/vec4 v00000000008cfb40_0, 0;
    %pushi/vec4 0, 0, 1;
    %assign/vec4 v00000000008cff00_0, 0;
    %pushi/vec4 0, 0, 1;
    %assign/vec4 v00000000008cf780_0, 0;
    %pushi/vec4 0, 0, 1;
    %assign/vec4 v00000000008cfc80_0, 0;
    %pushi/vec4 0, 0, 3;
    %assign/vec4 v00000000008cf460_0, 0;
    %jmp T_2.9;
T_2.3 ;
    %jmp T_2.9;
T_2.4 ;
    %jmp T_2.9;
T_2.5 ;
    %pushi/vec4 1, 0, 1;
    %assign/vec4 v00000000008cfb40_0, 0;
    %pushi/vec4 0, 0, 1;
    %assign/vec4 v00000000008cff00_0, 0;
    %pushi/vec4 0, 0, 1;
    %assign/vec4 v00000000008cf780_0, 0;
    %pushi/vec4 0, 0, 1;
    %assign/vec4 v00000000008cfc80_0, 0;
    %jmp T_2.9;
T_2.6 ;
    %pushi/vec4 0, 0, 1;
    %assign/vec4 v00000000008cfb40_0, 0;
    %pushi/vec4 1, 0, 1;
    %assign/vec4 v00000000008cff00_0, 0;
    %jmp T_2.9;
T_2.7 ;
    %load/vec4 v00000000008cf460_0;
    %addi 1, 0, 3;
    %assign/vec4 v00000000008cf460_0, 0;
    %pushi/vec4 2, 0, 32;
    %load/vec4 v00000000008cf460_0;
    %pad/u 32;
    %cmp/u;
    %jmp/0xz  T_2.10, 5;
    %pushi/vec4 1, 0, 1;
    %assign/vec4 v00000000008cf780_0, 0;
T_2.10 ;
    %jmp T_2.9;
T_2.8 ;
    %pushi/vec4 1, 0, 1;
    %assign/vec4 v00000000008cfc80_0, 0;
    %jmp T_2.9;
T_2.9 ;
    %pop/vec4 1;
T_2.1 ;
    %jmp T_2;
    .thread T_2;
    .scope S_000000000085f7b0;
T_3 ;
    %pushi/vec4 0, 0, 1;
    %store/vec4 v00000000008789c0_0, 0, 1;
T_3.0 ;
    %delay 5, 0;
    %load/vec4 v00000000008789c0_0;
    %inv;
    %store/vec4 v00000000008789c0_0, 0, 1;
    %jmp T_3.0;
    %end;
    .thread T_3;
    .scope S_000000000085f7b0;
T_4 ;
    %pushi/vec4 1, 0, 1;
    %store/vec4 v00000000008d0180_0, 0, 1;
    %pushi/vec4 0, 0, 1;
    %store/vec4 v00000000008cfa00_0, 0, 1;
    %pushi/vec4 0, 0, 1;
    %store/vec4 v00000000008d0040_0, 0, 1;
    %pushi/vec4 0, 0, 16;
    %store/vec4 v00000000008cf960_0, 0, 16;
    %delay 10, 0;
    %pushi/vec4 0, 0, 1;
    %store/vec4 v00000000008d0180_0, 0, 1;
    %delay 10, 0;
    %pushi/vec4 1, 0, 1;
    %store/vec4 v00000000008cfa00_0, 0, 1;
    %delay 20, 0;
    %pushi/vec4 14177, 0, 16;
    %store/vec4 v00000000008cf960_0, 0, 16;
    %delay 10, 0;
    %pushi/vec4 1, 0, 1;
    %store/vec4 v00000000008d0040_0, 0, 1;
    %delay 10, 0;
    %pushi/vec4 0, 0, 1;
    %store/vec4 v00000000008d0040_0, 0, 1;
    %delay 10, 0;
    %pushi/vec4 0, 0, 1;
    %store/vec4 v00000000008cfa00_0, 0, 1;
    %delay 10, 0;
    %pushi/vec4 1, 0, 1;
    %store/vec4 v00000000008cfa00_0, 0, 1;
    %delay 10, 0;
    %pushi/vec4 4661, 0, 16;
    %store/vec4 v00000000008cf960_0, 0, 16;
    %delay 10, 0;
    %pushi/vec4 1, 0, 1;
    %store/vec4 v00000000008cfa00_0, 0, 1;
    %delay 10, 0;
    %pushi/vec4 4660, 0, 16;
    %store/vec4 v00000000008cf960_0, 0, 16;
    %delay 10, 0;
    %pushi/vec4 1, 0, 1;
    %store/vec4 v00000000008cfa00_0, 0, 1;
    %delay 10, 0;
    %pushi/vec4 14177, 0, 16;
    %store/vec4 v00000000008cf960_0, 0, 16;
    %delay 10, 0;
    %pushi/vec4 1, 0, 1;
    %store/vec4 v00000000008cfa00_0, 0, 1;
    %delay 10, 0;
    %pushi/vec4 1, 0, 1;
    %store/vec4 v00000000008d0040_0, 0, 1;
    %delay 10, 0;
    %pushi/vec4 0, 0, 1;
    %store/vec4 v00000000008d0040_0, 0, 1;
    %delay 10, 0;
    %pushi/vec4 0, 0, 1;
    %store/vec4 v00000000008cfa00_0, 0, 1;
    %delay 10, 0;
    %pushi/vec4 1, 0, 1;
    %store/vec4 v00000000008cfa00_0, 0, 1;
    %delay 10, 0;
    %pushi/vec4 4661, 0, 16;
    %store/vec4 v00000000008cf960_0, 0, 16;
    %delay 10, 0;
    %pushi/vec4 1, 0, 1;
    %store/vec4 v00000000008cfa00_0, 0, 1;
    %delay 10, 0;
    %pushi/vec4 1, 0, 1;
    %store/vec4 v00000000008cfa00_0, 0, 1;
    %delay 10, 0;
    %pushi/vec4 4660, 0, 16;
    %store/vec4 v00000000008cf960_0, 0, 16;
    %delay 10, 0;
    %pushi/vec4 1, 0, 1;
    %store/vec4 v00000000008cfa00_0, 0, 1;
    %delay 10, 0;
    %pushi/vec4 1, 0, 1;
    %store/vec4 v00000000008cfa00_0, 0, 1;
    %delay 10, 0;
    %pushi/vec4 4968, 0, 16;
    %store/vec4 v00000000008cf960_0, 0, 16;
    %delay 50, 0;
    %pushi/vec4 1, 0, 1;
    %store/vec4 v00000000008cfa00_0, 0, 1;
    %pushi/vec4 1, 0, 1;
    %store/vec4 v00000000008d0040_0, 0, 1;
    %delay 10, 0;
    %pushi/vec4 1, 0, 1;
    %store/vec4 v00000000008cfa00_0, 0, 1;
    %delay 10, 0;
    %pushi/vec4 1, 0, 1;
    %store/vec4 v00000000008d0180_0, 0, 1;
    %delay 10, 0;
    %pushi/vec4 0, 0, 1;
    %store/vec4 v00000000008d0180_0, 0, 1;
    %delay 10, 0;
    %pushi/vec4 0, 0, 1;
    %store/vec4 v00000000008d0040_0, 0, 1;
    %delay 10, 0;
    %pushi/vec4 1, 0, 1;
    %store/vec4 v00000000008cfa00_0, 0, 1;
    %delay 20, 0;
    %pushi/vec4 14177, 0, 16;
    %store/vec4 v00000000008cf960_0, 0, 16;
    %delay 10, 0;
    %pushi/vec4 1, 0, 1;
    %store/vec4 v00000000008d0040_0, 0, 1;
    %delay 10, 0;
    %pushi/vec4 0, 0, 1;
    %store/vec4 v00000000008d0040_0, 0, 1;
    %delay 10, 0;
    %pushi/vec4 0, 0, 1;
    %store/vec4 v00000000008cfa00_0, 0, 1;
    %delay 10, 0;
    %vpi_call 3 67 "$finish" {0 0 0};
    %end;
    .thread T_4;
    .scope S_00000000001cce90;
T_5 ;
    %vpi_call 2 21 "$dumpfile", "resultados.vcd" {0 0 0};
    %vpi_call 2 22 "$dumpvars", 32'sb11111111111111111111111111111111, S_000000000085f9d0 {0 0 0};
    %end;
    .thread T_5;
# The file index is used to find the file name in the following table.
:file_names 5;
    "N/A";
    "<interactive>";
    "testbench.v";
    "./tester.v";
    "./controlador.v";
