#! /usr/bin/vvp
:ivl_version "11.0 (stable)";
:ivl_delay_selection "TYPICAL";
:vpi_time_precision + 0;
:vpi_module "/usr/lib/x86_64-linux-gnu/ivl/system.vpi";
:vpi_module "/usr/lib/x86_64-linux-gnu/ivl/vhdl_sys.vpi";
:vpi_module "/usr/lib/x86_64-linux-gnu/ivl/vhdl_textio.vpi";
:vpi_module "/usr/lib/x86_64-linux-gnu/ivl/v2005_math.vpi";
:vpi_module "/usr/lib/x86_64-linux-gnu/ivl/va_math.vpi";
S_0x611da806aac0 .scope module, "BUF" "BUF" 2 1;
 .timescale 0 0;
    .port_info 0 /INPUT 1 "A";
    .port_info 1 /OUTPUT 1 "Y";
o0x7e477a4e8018 .functor BUFZ 1, C4<z>; HiZ drive
L_0x611da806e610/d .functor BUFZ 1, o0x7e477a4e8018, C4<0>, C4<0>, C4<0>;
L_0x611da806e610 .delay 1 (1,1,1) L_0x611da806e610/d;
v0x611da806d000_0 .net "A", 0 0, o0x7e477a4e8018;  0 drivers
v0x611da806c880_0 .net "Y", 0 0, L_0x611da806e610;  1 drivers
S_0x611da806a130 .scope module, "controlador_estacionamiento_tb" "controlador_estacionamiento_tb" 3 5;
 .timescale 0 0;
v0x611da80b5700_0 .net "alarm_blocked", 0 0, v0x611da80aea00_0;  1 drivers
v0x611da80b57a0_0 .net "alarm_wrong_pin", 0 0, v0x611da80ae4f0_0;  1 drivers
v0x611da80b58d0_0 .net "clk", 0 0, v0x611da8071190_0;  1 drivers
v0x611da80b5970_0 .net "close_gate", 0 0, v0x611da80adfe0_0;  1 drivers
v0x611da80b5aa0_0 .net "open_gate", 0 0, v0x611da80aef10_0;  1 drivers
v0x611da80b5bd0_0 .net "password_input", 15 0, v0x611da807d3f0_0;  1 drivers
v0x611da80b5c70_0 .net "rst", 0 0, v0x611da807d4d0_0;  1 drivers
v0x611da80b5d10_0 .net "sensor_moved_vehicule", 0 0, v0x611da807d590_0;  1 drivers
v0x611da80b5e40_0 .net "sensor_vehicule", 0 0, v0x611da807d650_0;  1 drivers
S_0x611da807d090 .scope module, "T0" "tester" 3 41, 4 1 0, S_0x611da806a130;
 .timescale 0 0;
    .port_info 0 /OUTPUT 1 "clk";
    .port_info 1 /OUTPUT 1 "rst";
    .port_info 2 /OUTPUT 1 "sensor_vehicule";
    .port_info 3 /OUTPUT 1 "sensor_moved_vehicule";
    .port_info 4 /OUTPUT 16 "password_input";
    .port_info 5 /INPUT 1 "open_gate";
    .port_info 6 /INPUT 1 "close_gate";
    .port_info 7 /INPUT 1 "alarm_wrong_pin";
    .port_info 8 /INPUT 1 "alarm_blocked";
v0x611da806c100_0 .net "alarm_blocked", 0 0, v0x611da80aea00_0;  alias, 1 drivers
v0x611da806b980_0 .net "alarm_wrong_pin", 0 0, v0x611da80ae4f0_0;  alias, 1 drivers
v0x611da8071190_0 .var "clk", 0 0;
v0x611da8070600_0 .net "close_gate", 0 0, v0x611da80adfe0_0;  alias, 1 drivers
v0x611da806b600_0 .net "open_gate", 0 0, v0x611da80aef10_0;  alias, 1 drivers
v0x611da807d3f0_0 .var "password_input", 15 0;
v0x611da807d4d0_0 .var "rst", 0 0;
v0x611da807d590_0 .var "sensor_moved_vehicule", 0 0;
v0x611da807d650_0 .var "sensor_vehicule", 0 0;
S_0x611da807d830 .scope module, "U0" "controlador_estacionamiento" 3 27, 5 5 0, S_0x611da806a130;
 .timescale 0 0;
    .port_info 0 /INPUT 1 "clk";
    .port_info 1 /INPUT 1 "rst";
    .port_info 2 /INPUT 1 "sensor_vehicule";
    .port_info 3 /INPUT 1 "sensor_moved_vehicule";
    .port_info 4 /INPUT 16 "password_input";
    .port_info 5 /OUTPUT 1 "open_gate";
    .port_info 6 /OUTPUT 1 "close_gate";
    .port_info 7 /OUTPUT 1 "alarm_wrong_pin";
    .port_info 8 /OUTPUT 1 "alarm_blocked";
v0x611da80aff80_0 .net "_000_", 0 0, L_0x611da80c2800;  1 drivers
v0x611da80b00c0_0 .net "_001_", 0 0, L_0x611da80c3380;  1 drivers
v0x611da80b01d0_0 .net "_002_", 0 0, L_0x611da80c3c90;  1 drivers
v0x611da80b02c0_0 .net "_003_", 2 0, L_0x611da80c0eb0;  1 drivers
v0x611da80b03c0_0 .net "_004_", 0 0, L_0x611da80c1f80;  1 drivers
v0x611da80b0520_0 .net "_005_", 0 0, L_0x611da80c3ee0;  1 drivers
v0x611da80b0610_0 .net "_006_", 0 0, L_0x611da80c4400;  1 drivers
v0x611da80b0700_0 .net "_007_", 0 0, L_0x611da80c41b0;  1 drivers
v0x611da80b07f0_0 .net "_008_", 0 0, L_0x611da80be0f0;  1 drivers
v0x611da80b0890_0 .net "_009_", 0 0, L_0x611da80bd750;  1 drivers
v0x611da80b0980_0 .net "_010_", 0 0, L_0x611da80bc920;  1 drivers
v0x611da80b0a70_0 .net "_011_", 0 0, L_0x611da80bb080;  1 drivers
v0x611da80b0b60_0 .net "_012_", 0 0, L_0x611da80bf060;  1 drivers
v0x611da80b0c50_0 .net "_013_", 0 0, L_0x611da80bf340;  1 drivers
v0x611da80b0d40_0 .net "_014_", 0 0, L_0x611da80bf750;  1 drivers
v0x611da80b0e30_0 .net "_015_", 0 0, L_0x611da80bf8c0;  1 drivers
v0x611da80b0f20_0 .net "_016_", 0 0, L_0x611da80bfdb0;  1 drivers
v0x611da80b1120_0 .net "_017_", 0 0, L_0x611da80c01e0;  1 drivers
v0x611da80b1210_0 .net "_018_", 0 0, L_0x611da80c0430;  1 drivers
v0x611da80b1300_0 .net "_019_", 0 0, L_0x611da80c05c0;  1 drivers
v0x611da80b13f0_0 .net "_020_", 0 0, L_0x611da80c08f0;  1 drivers
v0x611da80b14e0_0 .net "_021_", 0 0, L_0x611da80c0b80;  1 drivers
v0x611da80b15d0_0 .net "_022_", 0 0, L_0x611da80c1200;  1 drivers
v0x611da80b1670_0 .net "_023_", 0 0, L_0x611da80c1920;  1 drivers
v0x611da80b1760_0 .net "_024_", 0 0, L_0x611da80c1a80;  1 drivers
v0x611da80b1850_0 .net "_025_", 0 0, L_0x611da80c1d30;  1 drivers
v0x611da80b1940_0 .net "_026_", 0 0, L_0x611da80c2140;  1 drivers
v0x611da80b1a30_0 .net "_027_", 0 0, L_0x611da80c22c0;  1 drivers
v0x611da80b1b20_0 .net "_028_", 0 0, L_0x611da80c24e0;  1 drivers
v0x611da80b1c10_0 .net "_029_", 0 0, L_0x611da80c29c0;  1 drivers
v0x611da80b1d00_0 .net "_030_", 0 0, L_0x611da80c2f30;  1 drivers
v0x611da80b1df0_0 .net "_031_", 0 0, L_0x611da80c3130;  1 drivers
v0x611da80b1ee0_0 .net "_032_", 0 0, L_0x611da80c3540;  1 drivers
v0x611da80b1fd0_0 .net "_033_", 0 0, L_0x611da80c36c0;  1 drivers
v0x611da80b20c0_0 .net "_034_", 0 0, L_0x611da80c3970;  1 drivers
v0x611da80b21b0_0 .net "_035_", 0 0, L_0x611da806dde0;  1 drivers
v0x611da80b2250_0 .net "_036_", 0 0, L_0x611da806d660;  1 drivers
v0x611da80b22f0_0 .net "_037_", 0 0, L_0x611da806cee0;  1 drivers
v0x611da80b23e0_0 .net "_038_", 0 0, L_0x611da806c760;  1 drivers
v0x611da80b24d0_0 .net "_039_", 0 0, L_0x611da806bfe0;  1 drivers
v0x611da80b25c0_0 .net "_040_", 0 0, L_0x611da806b860;  1 drivers
v0x611da80b2660_0 .net "_041_", 0 0, L_0x611da80b64e0;  1 drivers
v0x611da80b2700_0 .net "_042_", 0 0, L_0x611da80b6770;  1 drivers
v0x611da80b27f0_0 .net "_043_", 0 0, L_0x611da80b69c0;  1 drivers
v0x611da80b28e0_0 .net "_044_", 0 0, L_0x611da80b6c30;  1 drivers
v0x611da80b2980_0 .net "_045_", 0 0, L_0x611da80b6fc0;  1 drivers
v0x611da80b2a20_0 .net "_046_", 0 0, L_0x611da80b70d0;  1 drivers
v0x611da80b2b10_0 .net "_047_", 0 0, L_0x611da80b7320;  1 drivers
v0x611da80b2c00_0 .net "_048_", 0 0, L_0x611da80b74a0;  1 drivers
v0x611da80b2cf0_0 .net "_049_", 0 0, L_0x611da80b7760;  1 drivers
v0x611da80b2de0_0 .net "_050_", 0 0, L_0x611da80b7b60;  1 drivers
v0x611da80b2ed0_0 .net "_051_", 0 0, L_0x611da80b7ff0;  1 drivers
v0x611da80b2fc0_0 .net "_052_", 0 0, L_0x611da80b8140;  1 drivers
v0x611da80b30b0_0 .net "_053_", 0 0, L_0x611da80b8560;  1 drivers
v0x611da80b31a0_0 .net "_054_", 0 0, L_0x611da80b8ac0;  1 drivers
v0x611da80b3290_0 .net "_055_", 0 0, L_0x611da80b8d50;  1 drivers
v0x611da80b3380_0 .net "_056_", 0 0, L_0x611da80b8e30;  1 drivers
v0x611da80b3470_0 .net "_057_", 0 0, L_0x611da80b9050;  1 drivers
v0x611da80b3560_0 .net "_058_", 0 0, L_0x611da80b9490;  1 drivers
v0x611da80b3650_0 .net "_059_", 0 0, L_0x611da80b9970;  1 drivers
v0x611da80b3740_0 .net "_060_", 0 0, L_0x611da80b9ae0;  1 drivers
v0x611da80b3830_0 .net "_061_", 0 0, L_0x611da80ba0b0;  1 drivers
v0x611da80b3920_0 .net "_062_", 0 0, L_0x611da80ba640;  1 drivers
v0x611da80b3a10_0 .net "_063_", 0 0, L_0x611da80ba8d0;  1 drivers
v0x611da80b3b00_0 .net "_064_", 0 0, L_0x611da80bab60;  1 drivers
v0x611da80b3fb0_0 .net "_065_", 0 0, L_0x611da80badf0;  1 drivers
v0x611da80b40a0_0 .net "_066_", 0 0, L_0x611da80bb1f0;  1 drivers
v0x611da80b4190_0 .net "_067_", 0 0, L_0x611da80bb5a0;  1 drivers
v0x611da80b4230_0 .net "_068_", 0 0, L_0x611da80bba50;  1 drivers
v0x611da80b4320_0 .net "_069_", 0 0, L_0x611da80bbc50;  1 drivers
v0x611da80b43c0_0 .net "_070_", 0 0, L_0x611da80bbf20;  1 drivers
v0x611da80b44b0_0 .net "_071_", 0 0, L_0x611da80bc130;  1 drivers
v0x611da80b45a0_0 .net "_072_", 0 0, L_0x611da80bc590;  1 drivers
v0x611da80b4690_0 .net "_073_", 0 0, L_0x611da80bc670;  1 drivers
v0x611da80b4780_0 .net "_074_", 0 0, L_0x611da80bcae0;  1 drivers
v0x611da80b4820_0 .net "_075_", 0 0, L_0x611da80bcdc0;  1 drivers
v0x611da80b4910_0 .net "_076_", 0 0, L_0x611da80bd050;  1 drivers
v0x611da80b4a00_0 .net "_077_", 0 0, L_0x611da80bd9a0;  1 drivers
v0x611da80b4af0_0 .net "_078_", 0 0, L_0x611da80bdc30;  1 drivers
v0x611da80b4b90_0 .net "_079_", 0 0, L_0x611da80be2b0;  1 drivers
v0x611da80b4cc0_0 .net "_080_", 0 0, L_0x611da80be780;  1 drivers
v0x611da80b4d60_0 .net "_081_", 0 0, L_0x611da80be990;  1 drivers
v0x611da80b4e50_0 .net "_082_", 0 0, L_0x611da80bec30;  1 drivers
v0x611da80b4f40_0 .net "alarm_blocked", 0 0, v0x611da80aea00_0;  alias, 1 drivers
v0x611da80b4fe0_0 .net "alarm_wrong_pin", 0 0, v0x611da80ae4f0_0;  alias, 1 drivers
v0x611da80b5080_0 .net "clk", 0 0, v0x611da8071190_0;  alias, 1 drivers
v0x611da80b5120_0 .net "close_gate", 0 0, v0x611da80adfe0_0;  alias, 1 drivers
v0x611da80b51c0_0 .net "counter", 2 0, L_0x611da80c4bf0;  1 drivers
v0x611da80b5260_0 .net "open_gate", 0 0, v0x611da80aef10_0;  alias, 1 drivers
v0x611da80b5300_0 .net "password_input", 15 0, v0x611da807d3f0_0;  alias, 1 drivers
v0x611da80b53a0_0 .net "rst", 0 0, v0x611da807d4d0_0;  alias, 1 drivers
v0x611da80b5440_0 .net "sensor_moved_vehicule", 0 0, v0x611da807d590_0;  alias, 1 drivers
v0x611da80b54e0_0 .net "sensor_vehicule", 0 0, v0x611da807d650_0;  alias, 1 drivers
v0x611da80b5580_0 .net "state", 6 0, L_0x611da80c4530;  1 drivers
L_0x611da80b6180 .part L_0x611da80c4530, 5, 1;
L_0x611da80b63f0 .part L_0x611da80c4bf0, 0, 1;
L_0x611da80b6630 .part L_0x611da80c4bf0, 2, 1;
L_0x611da80b6880 .part L_0x611da80c4530, 2, 1;
L_0x611da80b6ad0 .part L_0x611da80c4530, 4, 1;
L_0x611da80b6d90 .part L_0x611da80c4530, 6, 1;
L_0x611da80b7600 .part L_0x611da80c4530, 2, 1;
L_0x611da80b78c0 .part v0x611da807d3f0_0, 11, 1;
L_0x611da80b7a00 .part v0x611da807d3f0_0, 14, 1;
L_0x611da80b7c70 .part v0x611da807d3f0_0, 15, 1;
L_0x611da80b7dc0 .part v0x611da807d3f0_0, 1, 1;
L_0x611da80b82a0 .part v0x611da807d3f0_0, 2, 1;
L_0x611da80b8400 .part v0x611da807d3f0_0, 3, 1;
L_0x611da80b87d0 .part v0x611da807d3f0_0, 4, 1;
L_0x611da80b8940 .part v0x611da807d3f0_0, 7, 1;
L_0x611da80b91b0 .part v0x611da807d3f0_0, 9, 1;
L_0x611da80b9330 .part v0x611da807d3f0_0, 10, 1;
L_0x611da80b95f0 .part v0x611da807d3f0_0, 12, 1;
L_0x611da80b9780 .part v0x611da807d3f0_0, 13, 1;
L_0x611da80b9c40 .part v0x611da807d3f0_0, 0, 1;
L_0x611da80b96e0 .part v0x611da807d3f0_0, 5, 1;
L_0x611da80ba210 .part v0x611da807d3f0_0, 6, 1;
L_0x611da80ba3c0 .part v0x611da807d3f0_0, 8, 1;
L_0x611da80bb350 .part L_0x611da80c4530, 0, 1;
L_0x611da80bb700 .part L_0x611da80c4bf0, 1, 1;
L_0x611da80bb7f0 .part L_0x611da80c4bf0, 0, 1;
L_0x611da80bbda0 .part L_0x611da80c4bf0, 2, 1;
L_0x611da80bc290 .part L_0x611da80c4530, 5, 1;
L_0x611da80bced0 .part L_0x611da80c4530, 5, 1;
L_0x611da80bd2c0 .part L_0x611da80c4530, 3, 1;
L_0x611da80bdab0 .part L_0x611da80c4530, 0, 1;
L_0x611da80bddd0 .part L_0x611da80c4530, 1, 1;
L_0x611da80be410 .part L_0x611da80c4530, 0, 1;
L_0x611da80be500 .part L_0x611da80c4530, 5, 1;
L_0x611da80bf1c0 .part L_0x611da80c4bf0, 1, 1;
L_0x611da80bf4a0 .part L_0x611da80c4530, 5, 1;
L_0x611da80bfa20 .part L_0x611da80c4bf0, 1, 1;
L_0x611da80bfb10 .part L_0x611da80c4bf0, 0, 1;
L_0x611da80c0340 .part L_0x611da80c4bf0, 2, 1;
L_0x611da80c0eb0 .concat8 [ 1 1 1 0], L_0x611da80bef10, L_0x611da80c0090, L_0x611da80c0d80;
L_0x611da80c1360 .part L_0x611da80c4530, 0, 1;
L_0x611da80c1450 .part L_0x611da80c4530, 6, 1;
L_0x611da80c25f0 .part L_0x611da80c4530, 3, 1;
L_0x611da80c2b20 .part L_0x611da80c4530, 5, 1;
L_0x611da80c3a80 .part L_0x611da80c4530, 1, 1;
LS_0x611da80c4530_0_0 .concat8 [ 1 1 1 1], v0x611da80abcd0_0, v0x611da80ac1e0_0, v0x611da80ac6d0_0, v0x611da80acc50_0;
LS_0x611da80c4530_0_4 .concat8 [ 1 1 1 0], v0x611da80ad0f0_0, v0x611da80ad5e0_0, v0x611da80adad0_0;
L_0x611da80c4530 .concat8 [ 4 3 0 0], LS_0x611da80c4530_0_0, LS_0x611da80c4530_0_4;
L_0x611da80c47a0 .part L_0x611da80c0eb0, 0, 1;
L_0x611da80c4890 .part L_0x611da80c0eb0, 1, 1;
L_0x611da80c4ac0 .part L_0x611da80c0eb0, 2, 1;
L_0x611da80c4bf0 .concat8 [ 1 1 1 0], v0x611da80af420_0, v0x611da80af940_0, v0x611da80afe60_0;
S_0x611da808dd10 .scope module, "_083_" "NOT" 5 116, 2 7 0, S_0x611da807d830;
 .timescale 0 0;
    .port_info 0 /INPUT 1 "A";
    .port_info 1 /OUTPUT 1 "Y";
L_0x611da806dde0/d .functor NOT 1, v0x611da807d4d0_0, C4<0>, C4<0>, C4<0>;
L_0x611da806dde0 .delay 1 (1,1,1) L_0x611da806dde0/d;
v0x611da808df10_0 .net "A", 0 0, v0x611da807d4d0_0;  alias, 1 drivers
v0x611da808dfd0_0 .net "Y", 0 0, L_0x611da806dde0;  alias, 1 drivers
S_0x611da808e0d0 .scope module, "_084_" "NOT" 5 120, 2 7 0, S_0x611da807d830;
 .timescale 0 0;
    .port_info 0 /INPUT 1 "A";
    .port_info 1 /OUTPUT 1 "Y";
L_0x611da806d660/d .functor NOT 1, L_0x611da80b6180, C4<0>, C4<0>, C4<0>;
L_0x611da806d660 .delay 1 (1,1,1) L_0x611da806d660/d;
v0x611da808e2b0_0 .net "A", 0 0, L_0x611da80b6180;  1 drivers
v0x611da808e390_0 .net "Y", 0 0, L_0x611da806d660;  alias, 1 drivers
S_0x611da808e4b0 .scope module, "_085_" "NOT" 5 124, 2 7 0, S_0x611da807d830;
 .timescale 0 0;
    .port_info 0 /INPUT 1 "A";
    .port_info 1 /OUTPUT 1 "Y";
L_0x611da806cee0/d .functor NOT 1, v0x611da807d590_0, C4<0>, C4<0>, C4<0>;
L_0x611da806cee0 .delay 1 (1,1,1) L_0x611da806cee0/d;
v0x611da808e690_0 .net "A", 0 0, v0x611da807d590_0;  alias, 1 drivers
v0x611da808e730_0 .net "Y", 0 0, L_0x611da806cee0;  alias, 1 drivers
S_0x611da808e830 .scope module, "_086_" "NOT" 5 128, 2 7 0, S_0x611da807d830;
 .timescale 0 0;
    .port_info 0 /INPUT 1 "A";
    .port_info 1 /OUTPUT 1 "Y";
L_0x611da806c760/d .functor NOT 1, v0x611da807d650_0, C4<0>, C4<0>, C4<0>;
L_0x611da806c760 .delay 1 (1,1,1) L_0x611da806c760/d;
v0x611da808ea10_0 .net "A", 0 0, v0x611da807d650_0;  alias, 1 drivers
v0x611da808ead0_0 .net "Y", 0 0, L_0x611da806c760;  alias, 1 drivers
S_0x611da808ebd0 .scope module, "_087_" "NOT" 5 132, 2 7 0, S_0x611da807d830;
 .timescale 0 0;
    .port_info 0 /INPUT 1 "A";
    .port_info 1 /OUTPUT 1 "Y";
L_0x611da806bfe0/d .functor NOT 1, v0x611da80ae4f0_0, C4<0>, C4<0>, C4<0>;
L_0x611da806bfe0 .delay 1 (1,1,1) L_0x611da806bfe0/d;
v0x611da808ee40_0 .net "A", 0 0, v0x611da80ae4f0_0;  alias, 1 drivers
v0x611da808ef00_0 .net "Y", 0 0, L_0x611da806bfe0;  alias, 1 drivers
S_0x611da808f000 .scope module, "_088_" "NOT" 5 136, 2 7 0, S_0x611da807d830;
 .timescale 0 0;
    .port_info 0 /INPUT 1 "A";
    .port_info 1 /OUTPUT 1 "Y";
L_0x611da806b860/d .functor NOT 1, L_0x611da80b63f0, C4<0>, C4<0>, C4<0>;
L_0x611da806b860 .delay 1 (1,1,1) L_0x611da806b860/d;
v0x611da808f220_0 .net "A", 0 0, L_0x611da80b63f0;  1 drivers
v0x611da808f300_0 .net "Y", 0 0, L_0x611da806b860;  alias, 1 drivers
S_0x611da808f420 .scope module, "_089_" "NOT" 5 140, 2 7 0, S_0x611da807d830;
 .timescale 0 0;
    .port_info 0 /INPUT 1 "A";
    .port_info 1 /OUTPUT 1 "Y";
L_0x611da80b64e0/d .functor NOT 1, L_0x611da80b6630, C4<0>, C4<0>, C4<0>;
L_0x611da80b64e0 .delay 1 (1,1,1) L_0x611da80b64e0/d;
v0x611da808f640_0 .net "A", 0 0, L_0x611da80b6630;  1 drivers
v0x611da808f720_0 .net "Y", 0 0, L_0x611da80b64e0;  alias, 1 drivers
S_0x611da808f840 .scope module, "_090_" "NOT" 5 144, 2 7 0, S_0x611da807d830;
 .timescale 0 0;
    .port_info 0 /INPUT 1 "A";
    .port_info 1 /OUTPUT 1 "Y";
L_0x611da80b6770/d .functor NOT 1, L_0x611da80b6880, C4<0>, C4<0>, C4<0>;
L_0x611da80b6770 .delay 1 (1,1,1) L_0x611da80b6770/d;
v0x611da808fa60_0 .net "A", 0 0, L_0x611da80b6880;  1 drivers
v0x611da808fb40_0 .net "Y", 0 0, L_0x611da80b6770;  alias, 1 drivers
S_0x611da808fc60 .scope module, "_091_" "NOT" 5 148, 2 7 0, S_0x611da807d830;
 .timescale 0 0;
    .port_info 0 /INPUT 1 "A";
    .port_info 1 /OUTPUT 1 "Y";
L_0x611da80b69c0/d .functor NOT 1, L_0x611da80b6ad0, C4<0>, C4<0>, C4<0>;
L_0x611da80b69c0 .delay 1 (1,1,1) L_0x611da80b69c0/d;
v0x611da808fe80_0 .net "A", 0 0, L_0x611da80b6ad0;  1 drivers
v0x611da808ff60_0 .net "Y", 0 0, L_0x611da80b69c0;  alias, 1 drivers
S_0x611da8090080 .scope module, "_092_" "NAND" 5 152, 2 13 0, S_0x611da807d830;
 .timescale 0 0;
    .port_info 0 /INPUT 1 "A";
    .port_info 1 /INPUT 1 "B";
    .port_info 2 /OUTPUT 1 "Y";
L_0x611da80b6bc0 .functor AND 1, L_0x611da806dde0, L_0x611da80b6d90, C4<1>, C4<1>;
L_0x611da80b6c30/d .functor NOT 1, L_0x611da80b6bc0, C4<0>, C4<0>, C4<0>;
L_0x611da80b6c30 .delay 1 (1,1,1) L_0x611da80b6c30/d;
v0x611da8090260_0 .net "A", 0 0, L_0x611da806dde0;  alias, 1 drivers
v0x611da8090320_0 .net "B", 0 0, L_0x611da80b6d90;  1 drivers
v0x611da80903c0_0 .net "Y", 0 0, L_0x611da80b6c30;  alias, 1 drivers
v0x611da8090490_0 .net *"_ivl_0", 0 0, L_0x611da80b6bc0;  1 drivers
S_0x611da80905f0 .scope module, "_093_" "NOR" 5 157, 2 19 0, S_0x611da807d830;
 .timescale 0 0;
    .port_info 0 /INPUT 1 "A";
    .port_info 1 /INPUT 1 "B";
    .port_info 2 /OUTPUT 1 "Y";
L_0x611da80b6f50 .functor OR 1, v0x611da807d590_0, L_0x611da80b6c30, C4<0>, C4<0>;
L_0x611da80b6fc0/d .functor NOT 1, L_0x611da80b6f50, C4<0>, C4<0>, C4<0>;
L_0x611da80b6fc0 .delay 1 (1,1,1) L_0x611da80b6fc0/d;
v0x611da8090820_0 .net "A", 0 0, v0x611da807d590_0;  alias, 1 drivers
v0x611da8090930_0 .net "B", 0 0, L_0x611da80b6c30;  alias, 1 drivers
v0x611da80909f0_0 .net "Y", 0 0, L_0x611da80b6fc0;  alias, 1 drivers
v0x611da8090ac0_0 .net *"_ivl_0", 0 0, L_0x611da80b6f50;  1 drivers
S_0x611da8090be0 .scope module, "_094_" "NOT" 5 162, 2 7 0, S_0x611da807d830;
 .timescale 0 0;
    .port_info 0 /INPUT 1 "A";
    .port_info 1 /OUTPUT 1 "Y";
L_0x611da80b70d0/d .functor NOT 1, L_0x611da80b6fc0, C4<0>, C4<0>, C4<0>;
L_0x611da80b70d0 .delay 1 (1,1,1) L_0x611da80b70d0/d;
v0x611da8090e00_0 .net "A", 0 0, L_0x611da80b6fc0;  alias, 1 drivers
v0x611da8090ef0_0 .net "Y", 0 0, L_0x611da80b70d0;  alias, 1 drivers
S_0x611da8090ff0 .scope module, "_095_" "NOR" 5 166, 2 19 0, S_0x611da807d830;
 .timescale 0 0;
    .port_info 0 /INPUT 1 "A";
    .port_info 1 /INPUT 1 "B";
    .port_info 2 /OUTPUT 1 "Y";
L_0x611da80b7220 .functor OR 1, v0x611da807d4d0_0, L_0x611da80b6770, C4<0>, C4<0>;
L_0x611da80b7320/d .functor NOT 1, L_0x611da80b7220, C4<0>, C4<0>, C4<0>;
L_0x611da80b7320 .delay 1 (1,1,1) L_0x611da80b7320/d;
v0x611da8091220_0 .net "A", 0 0, v0x611da807d4d0_0;  alias, 1 drivers
v0x611da8091330_0 .net "B", 0 0, L_0x611da80b6770;  alias, 1 drivers
v0x611da80913f0_0 .net "Y", 0 0, L_0x611da80b7320;  alias, 1 drivers
v0x611da80914c0_0 .net *"_ivl_0", 0 0, L_0x611da80b7220;  1 drivers
S_0x611da80915e0 .scope module, "_096_" "NAND" 5 171, 2 13 0, S_0x611da807d830;
 .timescale 0 0;
    .port_info 0 /INPUT 1 "A";
    .port_info 1 /INPUT 1 "B";
    .port_info 2 /OUTPUT 1 "Y";
L_0x611da80b7430 .functor AND 1, L_0x611da806dde0, L_0x611da80b7600, C4<1>, C4<1>;
L_0x611da80b74a0/d .functor NOT 1, L_0x611da80b7430, C4<0>, C4<0>, C4<0>;
L_0x611da80b74a0 .delay 1 (1,1,1) L_0x611da80b74a0/d;
v0x611da8091810_0 .net "A", 0 0, L_0x611da806dde0;  alias, 1 drivers
v0x611da8091920_0 .net "B", 0 0, L_0x611da80b7600;  1 drivers
v0x611da80919e0_0 .net "Y", 0 0, L_0x611da80b74a0;  alias, 1 drivers
v0x611da8091a80_0 .net *"_ivl_0", 0 0, L_0x611da80b7430;  1 drivers
S_0x611da8091be0 .scope module, "_097_" "NOR" 5 176, 2 19 0, S_0x611da807d830;
 .timescale 0 0;
    .port_info 0 /INPUT 1 "A";
    .port_info 1 /INPUT 1 "B";
    .port_info 2 /OUTPUT 1 "Y";
L_0x611da80b76f0 .functor OR 1, L_0x611da80b78c0, L_0x611da80b7a00, C4<0>, C4<0>;
L_0x611da80b7760/d .functor NOT 1, L_0x611da80b76f0, C4<0>, C4<0>, C4<0>;
L_0x611da80b7760 .delay 1 (1,1,1) L_0x611da80b7760/d;
v0x611da8091e10_0 .net "A", 0 0, L_0x611da80b78c0;  1 drivers
v0x611da8091ef0_0 .net "B", 0 0, L_0x611da80b7a00;  1 drivers
v0x611da8091fb0_0 .net "Y", 0 0, L_0x611da80b7760;  alias, 1 drivers
v0x611da8092080_0 .net *"_ivl_0", 0 0, L_0x611da80b76f0;  1 drivers
S_0x611da80921e0 .scope module, "_098_" "NOR" 5 181, 2 19 0, S_0x611da807d830;
 .timescale 0 0;
    .port_info 0 /INPUT 1 "A";
    .port_info 1 /INPUT 1 "B";
    .port_info 2 /OUTPUT 1 "Y";
L_0x611da80b7af0 .functor OR 1, L_0x611da80b7c70, L_0x611da80b7dc0, C4<0>, C4<0>;
L_0x611da80b7b60/d .functor NOT 1, L_0x611da80b7af0, C4<0>, C4<0>, C4<0>;
L_0x611da80b7b60 .delay 1 (1,1,1) L_0x611da80b7b60/d;
v0x611da8092410_0 .net "A", 0 0, L_0x611da80b7c70;  1 drivers
v0x611da80924f0_0 .net "B", 0 0, L_0x611da80b7dc0;  1 drivers
v0x611da80925b0_0 .net "Y", 0 0, L_0x611da80b7b60;  alias, 1 drivers
v0x611da8092680_0 .net *"_ivl_0", 0 0, L_0x611da80b7af0;  1 drivers
S_0x611da80927e0 .scope module, "_099_" "NAND" 5 186, 2 13 0, S_0x611da807d830;
 .timescale 0 0;
    .port_info 0 /INPUT 1 "A";
    .port_info 1 /INPUT 1 "B";
    .port_info 2 /OUTPUT 1 "Y";
L_0x611da80b7e60 .functor AND 1, L_0x611da80b7760, L_0x611da80b7b60, C4<1>, C4<1>;
L_0x611da80b7ff0/d .functor NOT 1, L_0x611da80b7e60, C4<0>, C4<0>, C4<0>;
L_0x611da80b7ff0 .delay 1 (1,1,1) L_0x611da80b7ff0/d;
v0x611da8092a10_0 .net "A", 0 0, L_0x611da80b7760;  alias, 1 drivers
v0x611da8092b00_0 .net "B", 0 0, L_0x611da80b7b60;  alias, 1 drivers
v0x611da8092bd0_0 .net "Y", 0 0, L_0x611da80b7ff0;  alias, 1 drivers
v0x611da8092ca0_0 .net *"_ivl_0", 0 0, L_0x611da80b7e60;  1 drivers
S_0x611da8092dc0 .scope module, "_100_" "NOR" 5 191, 2 19 0, S_0x611da807d830;
 .timescale 0 0;
    .port_info 0 /INPUT 1 "A";
    .port_info 1 /INPUT 1 "B";
    .port_info 2 /OUTPUT 1 "Y";
L_0x611da80b80b0 .functor OR 1, L_0x611da80b82a0, L_0x611da80b8400, C4<0>, C4<0>;
L_0x611da80b8140/d .functor NOT 1, L_0x611da80b80b0, C4<0>, C4<0>, C4<0>;
L_0x611da80b8140 .delay 1 (1,1,1) L_0x611da80b8140/d;
v0x611da8092ff0_0 .net "A", 0 0, L_0x611da80b82a0;  1 drivers
v0x611da80930d0_0 .net "B", 0 0, L_0x611da80b8400;  1 drivers
v0x611da8093190_0 .net "Y", 0 0, L_0x611da80b8140;  alias, 1 drivers
v0x611da8093260_0 .net *"_ivl_0", 0 0, L_0x611da80b80b0;  1 drivers
S_0x611da80933c0 .scope module, "_101_" "NOR" 5 196, 2 19 0, S_0x611da807d830;
 .timescale 0 0;
    .port_info 0 /INPUT 1 "A";
    .port_info 1 /INPUT 1 "B";
    .port_info 2 /OUTPUT 1 "Y";
L_0x611da80b84f0 .functor OR 1, L_0x611da80b87d0, L_0x611da80b8940, C4<0>, C4<0>;
L_0x611da80b8560/d .functor NOT 1, L_0x611da80b84f0, C4<0>, C4<0>, C4<0>;
L_0x611da80b8560 .delay 1 (1,1,1) L_0x611da80b8560/d;
v0x611da80935f0_0 .net "A", 0 0, L_0x611da80b87d0;  1 drivers
v0x611da80936d0_0 .net "B", 0 0, L_0x611da80b8940;  1 drivers
v0x611da8093790_0 .net "Y", 0 0, L_0x611da80b8560;  alias, 1 drivers
v0x611da8093860_0 .net *"_ivl_0", 0 0, L_0x611da80b84f0;  1 drivers
S_0x611da80939c0 .scope module, "_102_" "NAND" 5 201, 2 13 0, S_0x611da807d830;
 .timescale 0 0;
    .port_info 0 /INPUT 1 "A";
    .port_info 1 /INPUT 1 "B";
    .port_info 2 /OUTPUT 1 "Y";
L_0x611da80b8390 .functor AND 1, L_0x611da80b8140, L_0x611da80b8560, C4<1>, C4<1>;
L_0x611da80b8ac0/d .functor NOT 1, L_0x611da80b8390, C4<0>, C4<0>, C4<0>;
L_0x611da80b8ac0 .delay 1 (1,1,1) L_0x611da80b8ac0/d;
v0x611da8093bf0_0 .net "A", 0 0, L_0x611da80b8140;  alias, 1 drivers
v0x611da8093ce0_0 .net "B", 0 0, L_0x611da80b8560;  alias, 1 drivers
v0x611da8093db0_0 .net "Y", 0 0, L_0x611da80b8ac0;  alias, 1 drivers
v0x611da8093e80_0 .net *"_ivl_0", 0 0, L_0x611da80b8390;  1 drivers
S_0x611da8093fa0 .scope module, "_103_" "NOR" 5 206, 2 19 0, S_0x611da807d830;
 .timescale 0 0;
    .port_info 0 /INPUT 1 "A";
    .port_info 1 /INPUT 1 "B";
    .port_info 2 /OUTPUT 1 "Y";
L_0x611da80b8ba0 .functor OR 1, L_0x611da80b7ff0, L_0x611da80b8ac0, C4<0>, C4<0>;
L_0x611da80b8d50/d .functor NOT 1, L_0x611da80b8ba0, C4<0>, C4<0>, C4<0>;
L_0x611da80b8d50 .delay 1 (1,1,1) L_0x611da80b8d50/d;
v0x611da80941d0_0 .net "A", 0 0, L_0x611da80b7ff0;  alias, 1 drivers
v0x611da80942c0_0 .net "B", 0 0, L_0x611da80b8ac0;  alias, 1 drivers
v0x611da8094390_0 .net "Y", 0 0, L_0x611da80b8d50;  alias, 1 drivers
v0x611da8094460_0 .net *"_ivl_0", 0 0, L_0x611da80b8ba0;  1 drivers
S_0x611da8094580 .scope module, "_104_" "NOT" 5 211, 2 7 0, S_0x611da807d830;
 .timescale 0 0;
    .port_info 0 /INPUT 1 "A";
    .port_info 1 /OUTPUT 1 "Y";
L_0x611da80b8e30/d .functor NOT 1, L_0x611da80b8d50, C4<0>, C4<0>, C4<0>;
L_0x611da80b8e30 .delay 1 (1,1,1) L_0x611da80b8e30/d;
v0x611da80947a0_0 .net "A", 0 0, L_0x611da80b8d50;  alias, 1 drivers
v0x611da8094890_0 .net "Y", 0 0, L_0x611da80b8e30;  alias, 1 drivers
S_0x611da8094990 .scope module, "_105_" "NAND" 5 215, 2 13 0, S_0x611da807d830;
 .timescale 0 0;
    .port_info 0 /INPUT 1 "A";
    .port_info 1 /INPUT 1 "B";
    .port_info 2 /OUTPUT 1 "Y";
L_0x611da80b8fc0 .functor AND 1, L_0x611da80b91b0, L_0x611da80b9330, C4<1>, C4<1>;
L_0x611da80b9050/d .functor NOT 1, L_0x611da80b8fc0, C4<0>, C4<0>, C4<0>;
L_0x611da80b9050 .delay 1 (1,1,1) L_0x611da80b9050/d;
v0x611da8094bc0_0 .net "A", 0 0, L_0x611da80b91b0;  1 drivers
v0x611da8094ca0_0 .net "B", 0 0, L_0x611da80b9330;  1 drivers
v0x611da8094d60_0 .net "Y", 0 0, L_0x611da80b9050;  alias, 1 drivers
v0x611da8094e30_0 .net *"_ivl_0", 0 0, L_0x611da80b8fc0;  1 drivers
S_0x611da8094f90 .scope module, "_106_" "NAND" 5 220, 2 13 0, S_0x611da807d830;
 .timescale 0 0;
    .port_info 0 /INPUT 1 "A";
    .port_info 1 /INPUT 1 "B";
    .port_info 2 /OUTPUT 1 "Y";
L_0x611da80b9420 .functor AND 1, L_0x611da80b95f0, L_0x611da80b9780, C4<1>, C4<1>;
L_0x611da80b9490/d .functor NOT 1, L_0x611da80b9420, C4<0>, C4<0>, C4<0>;
L_0x611da80b9490 .delay 1 (1,1,1) L_0x611da80b9490/d;
v0x611da80951c0_0 .net "A", 0 0, L_0x611da80b95f0;  1 drivers
v0x611da80952a0_0 .net "B", 0 0, L_0x611da80b9780;  1 drivers
v0x611da8095360_0 .net "Y", 0 0, L_0x611da80b9490;  alias, 1 drivers
v0x611da8095430_0 .net *"_ivl_0", 0 0, L_0x611da80b9420;  1 drivers
S_0x611da8095590 .scope module, "_107_" "NOR" 5 225, 2 19 0, S_0x611da807d830;
 .timescale 0 0;
    .port_info 0 /INPUT 1 "A";
    .port_info 1 /INPUT 1 "B";
    .port_info 2 /OUTPUT 1 "Y";
L_0x611da80b9870 .functor OR 1, L_0x611da80b9050, L_0x611da80b9490, C4<0>, C4<0>;
L_0x611da80b9970/d .functor NOT 1, L_0x611da80b9870, C4<0>, C4<0>, C4<0>;
L_0x611da80b9970 .delay 1 (1,1,1) L_0x611da80b9970/d;
v0x611da80957c0_0 .net "A", 0 0, L_0x611da80b9050;  alias, 1 drivers
v0x611da80958b0_0 .net "B", 0 0, L_0x611da80b9490;  alias, 1 drivers
v0x611da8095980_0 .net "Y", 0 0, L_0x611da80b9970;  alias, 1 drivers
v0x611da8095a50_0 .net *"_ivl_0", 0 0, L_0x611da80b9870;  1 drivers
S_0x611da8095b70 .scope module, "_108_" "NAND" 5 230, 2 13 0, S_0x611da807d830;
 .timescale 0 0;
    .port_info 0 /INPUT 1 "A";
    .port_info 1 /INPUT 1 "B";
    .port_info 2 /OUTPUT 1 "Y";
L_0x611da80b9a50 .functor AND 1, L_0x611da80b9c40, L_0x611da80b96e0, C4<1>, C4<1>;
L_0x611da80b9ae0/d .functor NOT 1, L_0x611da80b9a50, C4<0>, C4<0>, C4<0>;
L_0x611da80b9ae0 .delay 1 (1,1,1) L_0x611da80b9ae0/d;
v0x611da8095da0_0 .net "A", 0 0, L_0x611da80b9c40;  1 drivers
v0x611da8095e80_0 .net "B", 0 0, L_0x611da80b96e0;  1 drivers
v0x611da8095f40_0 .net "Y", 0 0, L_0x611da80b9ae0;  alias, 1 drivers
v0x611da8096010_0 .net *"_ivl_0", 0 0, L_0x611da80b9a50;  1 drivers
S_0x611da8096170 .scope module, "_109_" "NAND" 5 235, 2 13 0, S_0x611da807d830;
 .timescale 0 0;
    .port_info 0 /INPUT 1 "A";
    .port_info 1 /INPUT 1 "B";
    .port_info 2 /OUTPUT 1 "Y";
L_0x611da80ba040 .functor AND 1, L_0x611da80ba210, L_0x611da80ba3c0, C4<1>, C4<1>;
L_0x611da80ba0b0/d .functor NOT 1, L_0x611da80ba040, C4<0>, C4<0>, C4<0>;
L_0x611da80ba0b0 .delay 1 (1,1,1) L_0x611da80ba0b0/d;
v0x611da80963a0_0 .net "A", 0 0, L_0x611da80ba210;  1 drivers
v0x611da8096480_0 .net "B", 0 0, L_0x611da80ba3c0;  1 drivers
v0x611da8096540_0 .net "Y", 0 0, L_0x611da80ba0b0;  alias, 1 drivers
v0x611da8096610_0 .net *"_ivl_0", 0 0, L_0x611da80ba040;  1 drivers
S_0x611da8096770 .scope module, "_110_" "NOR" 5 240, 2 19 0, S_0x611da807d830;
 .timescale 0 0;
    .port_info 0 /INPUT 1 "A";
    .port_info 1 /INPUT 1 "B";
    .port_info 2 /OUTPUT 1 "Y";
L_0x611da80ba4b0 .functor OR 1, L_0x611da80b9ae0, L_0x611da80ba0b0, C4<0>, C4<0>;
L_0x611da80ba640/d .functor NOT 1, L_0x611da80ba4b0, C4<0>, C4<0>, C4<0>;
L_0x611da80ba640 .delay 1 (1,1,1) L_0x611da80ba640/d;
v0x611da80969a0_0 .net "A", 0 0, L_0x611da80b9ae0;  alias, 1 drivers
v0x611da8096a90_0 .net "B", 0 0, L_0x611da80ba0b0;  alias, 1 drivers
v0x611da8096b60_0 .net "Y", 0 0, L_0x611da80ba640;  alias, 1 drivers
v0x611da8096c30_0 .net *"_ivl_0", 0 0, L_0x611da80ba4b0;  1 drivers
S_0x611da8096d50 .scope module, "_111_" "NAND" 5 245, 2 13 0, S_0x611da807d830;
 .timescale 0 0;
    .port_info 0 /INPUT 1 "A";
    .port_info 1 /INPUT 1 "B";
    .port_info 2 /OUTPUT 1 "Y";
L_0x611da80ba720 .functor AND 1, L_0x611da80b9970, L_0x611da80ba640, C4<1>, C4<1>;
L_0x611da80ba8d0/d .functor NOT 1, L_0x611da80ba720, C4<0>, C4<0>, C4<0>;
L_0x611da80ba8d0 .delay 1 (1,1,1) L_0x611da80ba8d0/d;
v0x611da8096f80_0 .net "A", 0 0, L_0x611da80b9970;  alias, 1 drivers
v0x611da8097070_0 .net "B", 0 0, L_0x611da80ba640;  alias, 1 drivers
v0x611da8097140_0 .net "Y", 0 0, L_0x611da80ba8d0;  alias, 1 drivers
v0x611da8097210_0 .net *"_ivl_0", 0 0, L_0x611da80ba720;  1 drivers
S_0x611da8097330 .scope module, "_112_" "NOR" 5 250, 2 19 0, S_0x611da807d830;
 .timescale 0 0;
    .port_info 0 /INPUT 1 "A";
    .port_info 1 /INPUT 1 "B";
    .port_info 2 /OUTPUT 1 "Y";
L_0x611da80ba9b0 .functor OR 1, L_0x611da80b8e30, L_0x611da80ba8d0, C4<0>, C4<0>;
L_0x611da80bab60/d .functor NOT 1, L_0x611da80ba9b0, C4<0>, C4<0>, C4<0>;
L_0x611da80bab60 .delay 1 (1,1,1) L_0x611da80bab60/d;
v0x611da8097560_0 .net "A", 0 0, L_0x611da80b8e30;  alias, 1 drivers
v0x611da8097650_0 .net "B", 0 0, L_0x611da80ba8d0;  alias, 1 drivers
v0x611da8097720_0 .net "Y", 0 0, L_0x611da80bab60;  alias, 1 drivers
v0x611da80977f0_0 .net *"_ivl_0", 0 0, L_0x611da80ba9b0;  1 drivers
S_0x611da8097910 .scope module, "_113_" "NAND" 5 255, 2 13 0, S_0x611da807d830;
 .timescale 0 0;
    .port_info 0 /INPUT 1 "A";
    .port_info 1 /INPUT 1 "B";
    .port_info 2 /OUTPUT 1 "Y";
L_0x611da80bacd0 .functor AND 1, L_0x611da80b7320, L_0x611da80bab60, C4<1>, C4<1>;
L_0x611da80badf0/d .functor NOT 1, L_0x611da80bacd0, C4<0>, C4<0>, C4<0>;
L_0x611da80badf0 .delay 1 (1,1,1) L_0x611da80badf0/d;
v0x611da8097b40_0 .net "A", 0 0, L_0x611da80b7320;  alias, 1 drivers
v0x611da8097c30_0 .net "B", 0 0, L_0x611da80bab60;  alias, 1 drivers
v0x611da8097d00_0 .net "Y", 0 0, L_0x611da80badf0;  alias, 1 drivers
v0x611da8097dd0_0 .net *"_ivl_0", 0 0, L_0x611da80bacd0;  1 drivers
S_0x611da8097ef0 .scope module, "_114_" "NAND" 5 260, 2 13 0, S_0x611da807d830;
 .timescale 0 0;
    .port_info 0 /INPUT 1 "A";
    .port_info 1 /INPUT 1 "B";
    .port_info 2 /OUTPUT 1 "Y";
L_0x611da80baed0 .functor AND 1, L_0x611da80b70d0, L_0x611da80badf0, C4<1>, C4<1>;
L_0x611da80bb080/d .functor NOT 1, L_0x611da80baed0, C4<0>, C4<0>, C4<0>;
L_0x611da80bb080 .delay 1 (1,1,1) L_0x611da80bb080/d;
v0x611da8098120_0 .net "A", 0 0, L_0x611da80b70d0;  alias, 1 drivers
v0x611da8098210_0 .net "B", 0 0, L_0x611da80badf0;  alias, 1 drivers
v0x611da80982e0_0 .net "Y", 0 0, L_0x611da80bb080;  alias, 1 drivers
v0x611da80983b0_0 .net *"_ivl_0", 0 0, L_0x611da80baed0;  1 drivers
S_0x611da80984d0 .scope module, "_115_" "NAND" 5 265, 2 13 0, S_0x611da807d830;
 .timescale 0 0;
    .port_info 0 /INPUT 1 "A";
    .port_info 1 /INPUT 1 "B";
    .port_info 2 /OUTPUT 1 "Y";
L_0x611da80bb160 .functor AND 1, L_0x611da80bb350, v0x611da807d650_0, C4<1>, C4<1>;
L_0x611da80bb1f0/d .functor NOT 1, L_0x611da80bb160, C4<0>, C4<0>, C4<0>;
L_0x611da80bb1f0 .delay 1 (1,1,1) L_0x611da80bb1f0/d;
v0x611da8098910_0 .net "A", 0 0, L_0x611da80bb350;  1 drivers
v0x611da80989f0_0 .net "B", 0 0, v0x611da807d650_0;  alias, 1 drivers
v0x611da8098b00_0 .net "Y", 0 0, L_0x611da80bb1f0;  alias, 1 drivers
v0x611da8098ba0_0 .net *"_ivl_0", 0 0, L_0x611da80bb160;  1 drivers
S_0x611da8098ce0 .scope module, "_116_" "NAND" 5 270, 2 13 0, S_0x611da807d830;
 .timescale 0 0;
    .port_info 0 /INPUT 1 "A";
    .port_info 1 /INPUT 1 "B";
    .port_info 2 /OUTPUT 1 "Y";
L_0x611da80bb510 .functor AND 1, L_0x611da80bb700, L_0x611da80bb7f0, C4<1>, C4<1>;
L_0x611da80bb5a0/d .functor NOT 1, L_0x611da80bb510, C4<0>, C4<0>, C4<0>;
L_0x611da80bb5a0 .delay 1 (1,1,1) L_0x611da80bb5a0/d;
v0x611da8098f10_0 .net "A", 0 0, L_0x611da80bb700;  1 drivers
v0x611da8098ff0_0 .net "B", 0 0, L_0x611da80bb7f0;  1 drivers
v0x611da80990b0_0 .net "Y", 0 0, L_0x611da80bb5a0;  alias, 1 drivers
v0x611da8099180_0 .net *"_ivl_0", 0 0, L_0x611da80bb510;  1 drivers
S_0x611da80992e0 .scope module, "_117_" "NOT" 5 275, 2 7 0, S_0x611da807d830;
 .timescale 0 0;
    .port_info 0 /INPUT 1 "A";
    .port_info 1 /OUTPUT 1 "Y";
L_0x611da80bba50/d .functor NOT 1, L_0x611da80bb5a0, C4<0>, C4<0>, C4<0>;
L_0x611da80bba50 .delay 1 (1,1,1) L_0x611da80bba50/d;
v0x611da8099500_0 .net "A", 0 0, L_0x611da80bb5a0;  alias, 1 drivers
v0x611da80995f0_0 .net "Y", 0 0, L_0x611da80bba50;  alias, 1 drivers
S_0x611da80996f0 .scope module, "_118_" "NOR" 5 279, 2 19 0, S_0x611da807d830;
 .timescale 0 0;
    .port_info 0 /INPUT 1 "A";
    .port_info 1 /INPUT 1 "B";
    .port_info 2 /OUTPUT 1 "Y";
L_0x611da80bbb30 .functor OR 1, L_0x611da80bbda0, L_0x611da80bba50, C4<0>, C4<0>;
L_0x611da80bbc50/d .functor NOT 1, L_0x611da80bbb30, C4<0>, C4<0>, C4<0>;
L_0x611da80bbc50 .delay 1 (1,1,1) L_0x611da80bbc50/d;
v0x611da8099920_0 .net "A", 0 0, L_0x611da80bbda0;  1 drivers
v0x611da8099a00_0 .net "B", 0 0, L_0x611da80bba50;  alias, 1 drivers
v0x611da8099af0_0 .net "Y", 0 0, L_0x611da80bbc50;  alias, 1 drivers
v0x611da8099bc0_0 .net *"_ivl_0", 0 0, L_0x611da80bbb30;  1 drivers
S_0x611da8099ce0 .scope module, "_119_" "NAND" 5 284, 2 13 0, S_0x611da807d830;
 .timescale 0 0;
    .port_info 0 /INPUT 1 "A";
    .port_info 1 /INPUT 1 "B";
    .port_info 2 /OUTPUT 1 "Y";
L_0x611da80bbe90 .functor AND 1, L_0x611da80b64e0, L_0x611da80bb5a0, C4<1>, C4<1>;
L_0x611da80bbf20/d .functor NOT 1, L_0x611da80bbe90, C4<0>, C4<0>, C4<0>;
L_0x611da80bbf20 .delay 1 (1,1,1) L_0x611da80bbf20/d;
v0x611da8099f10_0 .net "A", 0 0, L_0x611da80b64e0;  alias, 1 drivers
v0x611da809a000_0 .net "B", 0 0, L_0x611da80bb5a0;  alias, 1 drivers
v0x611da809a0f0_0 .net "Y", 0 0, L_0x611da80bbf20;  alias, 1 drivers
v0x611da809a190_0 .net *"_ivl_0", 0 0, L_0x611da80bbe90;  1 drivers
S_0x611da809a2d0 .scope module, "_120_" "NAND" 5 289, 2 13 0, S_0x611da807d830;
 .timescale 0 0;
    .port_info 0 /INPUT 1 "A";
    .port_info 1 /INPUT 1 "B";
    .port_info 2 /OUTPUT 1 "Y";
L_0x611da80bc0a0 .functor AND 1, L_0x611da80bc290, L_0x611da80bbc50, C4<1>, C4<1>;
L_0x611da80bc130/d .functor NOT 1, L_0x611da80bc0a0, C4<0>, C4<0>, C4<0>;
L_0x611da80bc130 .delay 1 (1,1,1) L_0x611da80bc130/d;
v0x611da809a500_0 .net "A", 0 0, L_0x611da80bc290;  1 drivers
v0x611da809a5e0_0 .net "B", 0 0, L_0x611da80bbc50;  alias, 1 drivers
v0x611da809a6d0_0 .net "Y", 0 0, L_0x611da80bc130;  alias, 1 drivers
v0x611da809a7a0_0 .net *"_ivl_0", 0 0, L_0x611da80bc0a0;  1 drivers
S_0x611da809a8c0 .scope module, "_121_" "NAND" 5 294, 2 13 0, S_0x611da807d830;
 .timescale 0 0;
    .port_info 0 /INPUT 1 "A";
    .port_info 1 /INPUT 1 "B";
    .port_info 2 /OUTPUT 1 "Y";
L_0x611da80bc470 .functor AND 1, L_0x611da80bb1f0, L_0x611da80bc130, C4<1>, C4<1>;
L_0x611da80bc590/d .functor NOT 1, L_0x611da80bc470, C4<0>, C4<0>, C4<0>;
L_0x611da80bc590 .delay 1 (1,1,1) L_0x611da80bc590/d;
v0x611da809aaf0_0 .net "A", 0 0, L_0x611da80bb1f0;  alias, 1 drivers
v0x611da809abe0_0 .net "B", 0 0, L_0x611da80bc130;  alias, 1 drivers
v0x611da809acb0_0 .net "Y", 0 0, L_0x611da80bc590;  alias, 1 drivers
v0x611da809ad80_0 .net *"_ivl_0", 0 0, L_0x611da80bc470;  1 drivers
S_0x611da809aea0 .scope module, "_122_" "NOT" 5 299, 2 7 0, S_0x611da807d830;
 .timescale 0 0;
    .port_info 0 /INPUT 1 "A";
    .port_info 1 /OUTPUT 1 "Y";
L_0x611da80bc670/d .functor NOT 1, L_0x611da80bc590, C4<0>, C4<0>, C4<0>;
L_0x611da80bc670 .delay 1 (1,1,1) L_0x611da80bc670/d;
v0x611da809b0c0_0 .net "A", 0 0, L_0x611da80bc590;  alias, 1 drivers
v0x611da809b1b0_0 .net "Y", 0 0, L_0x611da80bc670;  alias, 1 drivers
S_0x611da809b2b0 .scope module, "_123_" "NOR" 5 303, 2 19 0, S_0x611da807d830;
 .timescale 0 0;
    .port_info 0 /INPUT 1 "A";
    .port_info 1 /INPUT 1 "B";
    .port_info 2 /OUTPUT 1 "Y";
L_0x611da80bc800 .functor OR 1, v0x611da807d4d0_0, L_0x611da80bc670, C4<0>, C4<0>;
L_0x611da80bc920/d .functor NOT 1, L_0x611da80bc800, C4<0>, C4<0>, C4<0>;
L_0x611da80bc920 .delay 1 (1,1,1) L_0x611da80bc920/d;
v0x611da809b4e0_0 .net "A", 0 0, v0x611da807d4d0_0;  alias, 1 drivers
v0x611da809b5a0_0 .net "B", 0 0, L_0x611da80bc670;  alias, 1 drivers
v0x611da809b690_0 .net "Y", 0 0, L_0x611da80bc920;  alias, 1 drivers
v0x611da809b760_0 .net *"_ivl_0", 0 0, L_0x611da80bc800;  1 drivers
S_0x611da809b880 .scope module, "_124_" "NOR" 5 308, 2 19 0, S_0x611da807d830;
 .timescale 0 0;
    .port_info 0 /INPUT 1 "A";
    .port_info 1 /INPUT 1 "B";
    .port_info 2 /OUTPUT 1 "Y";
L_0x611da80bca50 .functor OR 1, L_0x611da806d660, L_0x611da80bbc50, C4<0>, C4<0>;
L_0x611da80bcae0/d .functor NOT 1, L_0x611da80bca50, C4<0>, C4<0>, C4<0>;
L_0x611da80bcae0 .delay 1 (1,1,1) L_0x611da80bcae0/d;
v0x611da809bab0_0 .net "A", 0 0, L_0x611da806d660;  alias, 1 drivers
v0x611da809bba0_0 .net "B", 0 0, L_0x611da80bbc50;  alias, 1 drivers
v0x611da809bc90_0 .net "Y", 0 0, L_0x611da80bcae0;  alias, 1 drivers
v0x611da809bd30_0 .net *"_ivl_0", 0 0, L_0x611da80bca50;  1 drivers
S_0x611da809be70 .scope module, "_125_" "NAND" 5 313, 2 13 0, S_0x611da807d830;
 .timescale 0 0;
    .port_info 0 /INPUT 1 "A";
    .port_info 1 /INPUT 1 "B";
    .port_info 2 /OUTPUT 1 "Y";
L_0x611da80bcca0 .functor AND 1, L_0x611da80bced0, L_0x611da80bbf20, C4<1>, C4<1>;
L_0x611da80bcdc0/d .functor NOT 1, L_0x611da80bcca0, C4<0>, C4<0>, C4<0>;
L_0x611da80bcdc0 .delay 1 (1,1,1) L_0x611da80bcdc0/d;
v0x611da809c0a0_0 .net "A", 0 0, L_0x611da80bced0;  1 drivers
v0x611da809c180_0 .net "B", 0 0, L_0x611da80bbf20;  alias, 1 drivers
v0x611da809c270_0 .net "Y", 0 0, L_0x611da80bcdc0;  alias, 1 drivers
v0x611da809c340_0 .net *"_ivl_0", 0 0, L_0x611da80bcca0;  1 drivers
S_0x611da809c460 .scope module, "_126_" "NOR" 5 318, 2 19 0, S_0x611da807d830;
 .timescale 0 0;
    .port_info 0 /INPUT 1 "A";
    .port_info 1 /INPUT 1 "B";
    .port_info 2 /OUTPUT 1 "Y";
L_0x611da80bcfc0 .functor OR 1, L_0x611da80bd2c0, L_0x611da80bcae0, C4<0>, C4<0>;
L_0x611da80bd050/d .functor NOT 1, L_0x611da80bcfc0, C4<0>, C4<0>, C4<0>;
L_0x611da80bd050 .delay 1 (1,1,1) L_0x611da80bd050/d;
v0x611da809c690_0 .net "A", 0 0, L_0x611da80bd2c0;  1 drivers
v0x611da809c770_0 .net "B", 0 0, L_0x611da80bcae0;  alias, 1 drivers
v0x611da809c860_0 .net "Y", 0 0, L_0x611da80bd050;  alias, 1 drivers
v0x611da809c930_0 .net *"_ivl_0", 0 0, L_0x611da80bcfc0;  1 drivers
S_0x611da809ca50 .scope module, "_127_" "NOR" 5 323, 2 19 0, S_0x611da807d830;
 .timescale 0 0;
    .port_info 0 /INPUT 1 "A";
    .port_info 1 /INPUT 1 "B";
    .port_info 2 /OUTPUT 1 "Y";
L_0x611da80bd4b0 .functor OR 1, v0x611da807d4d0_0, L_0x611da80bd050, C4<0>, C4<0>;
L_0x611da80bd750/d .functor NOT 1, L_0x611da80bd4b0, C4<0>, C4<0>, C4<0>;
L_0x611da80bd750 .delay 1 (1,1,1) L_0x611da80bd750/d;
v0x611da809cc80_0 .net "A", 0 0, v0x611da807d4d0_0;  alias, 1 drivers
v0x611da809cd40_0 .net "B", 0 0, L_0x611da80bd050;  alias, 1 drivers
v0x611da809ce30_0 .net "Y", 0 0, L_0x611da80bd750;  alias, 1 drivers
v0x611da809cf00_0 .net *"_ivl_0", 0 0, L_0x611da80bd4b0;  1 drivers
S_0x611da809d020 .scope module, "_128_" "NAND" 5 328, 2 13 0, S_0x611da807d830;
 .timescale 0 0;
    .port_info 0 /INPUT 1 "A";
    .port_info 1 /INPUT 1 "B";
    .port_info 2 /OUTPUT 1 "Y";
L_0x611da80bd880 .functor AND 1, L_0x611da80bdab0, L_0x611da806c760, C4<1>, C4<1>;
L_0x611da80bd9a0/d .functor NOT 1, L_0x611da80bd880, C4<0>, C4<0>, C4<0>;
L_0x611da80bd9a0 .delay 1 (1,1,1) L_0x611da80bd9a0/d;
v0x611da809d200_0 .net "A", 0 0, L_0x611da80bdab0;  1 drivers
v0x611da809d2e0_0 .net "B", 0 0, L_0x611da806c760;  alias, 1 drivers
v0x611da809d3d0_0 .net "Y", 0 0, L_0x611da80bd9a0;  alias, 1 drivers
v0x611da809d4a0_0 .net *"_ivl_0", 0 0, L_0x611da80bd880;  1 drivers
S_0x611da809d5c0 .scope module, "_129_" "NOR" 5 333, 2 19 0, S_0x611da807d830;
 .timescale 0 0;
    .port_info 0 /INPUT 1 "A";
    .port_info 1 /INPUT 1 "B";
    .port_info 2 /OUTPUT 1 "Y";
L_0x611da80bdba0 .functor OR 1, v0x611da807d4d0_0, L_0x611da80bddd0, C4<0>, C4<0>;
L_0x611da80bdc30/d .functor NOT 1, L_0x611da80bdba0, C4<0>, C4<0>, C4<0>;
L_0x611da80bdc30 .delay 1 (1,1,1) L_0x611da80bdc30/d;
v0x611da809d7f0_0 .net "A", 0 0, v0x611da807d4d0_0;  alias, 1 drivers
v0x611da809d8b0_0 .net "B", 0 0, L_0x611da80bddd0;  1 drivers
v0x611da809d970_0 .net "Y", 0 0, L_0x611da80bdc30;  alias, 1 drivers
v0x611da809da40_0 .net *"_ivl_0", 0 0, L_0x611da80bdba0;  1 drivers
S_0x611da809dba0 .scope module, "_130_" "NAND" 5 338, 2 13 0, S_0x611da807d830;
 .timescale 0 0;
    .port_info 0 /INPUT 1 "A";
    .port_info 1 /INPUT 1 "B";
    .port_info 2 /OUTPUT 1 "Y";
L_0x611da80bdfd0 .functor AND 1, L_0x611da80bd9a0, L_0x611da80bdc30, C4<1>, C4<1>;
L_0x611da80be0f0/d .functor NOT 1, L_0x611da80bdfd0, C4<0>, C4<0>, C4<0>;
L_0x611da80be0f0 .delay 1 (1,1,1) L_0x611da80be0f0/d;
v0x611da809ddd0_0 .net "A", 0 0, L_0x611da80bd9a0;  alias, 1 drivers
v0x611da809dec0_0 .net "B", 0 0, L_0x611da80bdc30;  alias, 1 drivers
v0x611da809df90_0 .net "Y", 0 0, L_0x611da80be0f0;  alias, 1 drivers
v0x611da809e060_0 .net *"_ivl_0", 0 0, L_0x611da80bdfd0;  1 drivers
S_0x611da809e180 .scope module, "_131_" "NOR" 5 343, 2 19 0, S_0x611da807d830;
 .timescale 0 0;
    .port_info 0 /INPUT 1 "A";
    .port_info 1 /INPUT 1 "B";
    .port_info 2 /OUTPUT 1 "Y";
L_0x611da80be220 .functor OR 1, L_0x611da80be410, L_0x611da80be500, C4<0>, C4<0>;
L_0x611da80be2b0/d .functor NOT 1, L_0x611da80be220, C4<0>, C4<0>, C4<0>;
L_0x611da80be2b0 .delay 1 (1,1,1) L_0x611da80be2b0/d;
v0x611da809e3b0_0 .net "A", 0 0, L_0x611da80be410;  1 drivers
v0x611da809e490_0 .net "B", 0 0, L_0x611da80be500;  1 drivers
v0x611da809e550_0 .net "Y", 0 0, L_0x611da80be2b0;  alias, 1 drivers
v0x611da809e620_0 .net *"_ivl_0", 0 0, L_0x611da80be220;  1 drivers
S_0x611da809e780 .scope module, "_132_" "NOR" 5 348, 2 19 0, S_0x611da807d830;
 .timescale 0 0;
    .port_info 0 /INPUT 1 "A";
    .port_info 1 /INPUT 1 "B";
    .port_info 2 /OUTPUT 1 "Y";
L_0x611da80be710 .functor OR 1, L_0x611da806b860, L_0x611da80be2b0, C4<0>, C4<0>;
L_0x611da80be780/d .functor NOT 1, L_0x611da80be710, C4<0>, C4<0>, C4<0>;
L_0x611da80be780 .delay 1 (1,1,1) L_0x611da80be780/d;
v0x611da809e9b0_0 .net "A", 0 0, L_0x611da806b860;  alias, 1 drivers
v0x611da809eaa0_0 .net "B", 0 0, L_0x611da80be2b0;  alias, 1 drivers
v0x611da809eb70_0 .net "Y", 0 0, L_0x611da80be780;  alias, 1 drivers
v0x611da809ec40_0 .net *"_ivl_0", 0 0, L_0x611da80be710;  1 drivers
S_0x611da809ed60 .scope module, "_133_" "NAND" 5 353, 2 13 0, S_0x611da807d830;
 .timescale 0 0;
    .port_info 0 /INPUT 1 "A";
    .port_info 1 /INPUT 1 "B";
    .port_info 2 /OUTPUT 1 "Y";
L_0x611da80be900 .functor AND 1, L_0x611da806d660, L_0x611da806b860, C4<1>, C4<1>;
L_0x611da80be990/d .functor NOT 1, L_0x611da80be900, C4<0>, C4<0>, C4<0>;
L_0x611da80be990 .delay 1 (1,1,1) L_0x611da80be990/d;
v0x611da809ef90_0 .net "A", 0 0, L_0x611da806d660;  alias, 1 drivers
v0x611da809f0a0_0 .net "B", 0 0, L_0x611da806b860;  alias, 1 drivers
v0x611da809f1b0_0 .net "Y", 0 0, L_0x611da80be990;  alias, 1 drivers
v0x611da809f250_0 .net *"_ivl_0", 0 0, L_0x611da80be900;  1 drivers
S_0x611da809f390 .scope module, "_134_" "NAND" 5 358, 2 13 0, S_0x611da807d830;
 .timescale 0 0;
    .port_info 0 /INPUT 1 "A";
    .port_info 1 /INPUT 1 "B";
    .port_info 2 /OUTPUT 1 "Y";
L_0x611da80beb10 .functor AND 1, L_0x611da806dde0, L_0x611da80be990, C4<1>, C4<1>;
L_0x611da80bec30/d .functor NOT 1, L_0x611da80beb10, C4<0>, C4<0>, C4<0>;
L_0x611da80bec30 .delay 1 (1,1,1) L_0x611da80bec30/d;
v0x611da809f5c0_0 .net "A", 0 0, L_0x611da806dde0;  alias, 1 drivers
v0x611da809f680_0 .net "B", 0 0, L_0x611da80be990;  alias, 1 drivers
v0x611da809f740_0 .net "Y", 0 0, L_0x611da80bec30;  alias, 1 drivers
v0x611da809f810_0 .net *"_ivl_0", 0 0, L_0x611da80beb10;  1 drivers
S_0x611da809f930 .scope module, "_135_" "NOR" 5 363, 2 19 0, S_0x611da807d830;
 .timescale 0 0;
    .port_info 0 /INPUT 1 "A";
    .port_info 1 /INPUT 1 "B";
    .port_info 2 /OUTPUT 1 "Y";
L_0x611da80bed60 .functor OR 1, L_0x611da80be780, L_0x611da80bec30, C4<0>, C4<0>;
L_0x611da80bef10/d .functor NOT 1, L_0x611da80bed60, C4<0>, C4<0>, C4<0>;
L_0x611da80bef10 .delay 1 (1,1,1) L_0x611da80bef10/d;
v0x611da809fb60_0 .net "A", 0 0, L_0x611da80be780;  alias, 1 drivers
v0x611da809fc50_0 .net "B", 0 0, L_0x611da80bec30;  alias, 1 drivers
v0x611da809fd20_0 .net "Y", 0 0, L_0x611da80bef10;  1 drivers
v0x611da809fdf0_0 .net *"_ivl_0", 0 0, L_0x611da80bed60;  1 drivers
S_0x611da809ff10 .scope module, "_136_" "NAND" 5 368, 2 13 0, S_0x611da807d830;
 .timescale 0 0;
    .port_info 0 /INPUT 1 "A";
    .port_info 1 /INPUT 1 "B";
    .port_info 2 /OUTPUT 1 "Y";
L_0x611da80beff0 .functor AND 1, L_0x611da80bf1c0, L_0x611da80be2b0, C4<1>, C4<1>;
L_0x611da80bf060/d .functor NOT 1, L_0x611da80beff0, C4<0>, C4<0>, C4<0>;
L_0x611da80bf060 .delay 1 (1,1,1) L_0x611da80bf060/d;
v0x611da80a0140_0 .net "A", 0 0, L_0x611da80bf1c0;  1 drivers
v0x611da80a0220_0 .net "B", 0 0, L_0x611da80be2b0;  alias, 1 drivers
v0x611da80a0330_0 .net "Y", 0 0, L_0x611da80bf060;  alias, 1 drivers
v0x611da80a03d0_0 .net *"_ivl_0", 0 0, L_0x611da80beff0;  1 drivers
S_0x611da80a0510 .scope module, "_137_" "NAND" 5 373, 2 13 0, S_0x611da807d830;
 .timescale 0 0;
    .port_info 0 /INPUT 1 "A";
    .port_info 1 /INPUT 1 "B";
    .port_info 2 /OUTPUT 1 "Y";
L_0x611da80bf2b0 .functor AND 1, L_0x611da80bf4a0, L_0x611da80bb5a0, C4<1>, C4<1>;
L_0x611da80bf340/d .functor NOT 1, L_0x611da80bf2b0, C4<0>, C4<0>, C4<0>;
L_0x611da80bf340 .delay 1 (1,1,1) L_0x611da80bf340/d;
v0x611da80a0740_0 .net "A", 0 0, L_0x611da80bf4a0;  1 drivers
v0x611da80a0820_0 .net "B", 0 0, L_0x611da80bb5a0;  alias, 1 drivers
v0x611da80a08e0_0 .net "Y", 0 0, L_0x611da80bf340;  alias, 1 drivers
v0x611da80a09b0_0 .net *"_ivl_0", 0 0, L_0x611da80bf2b0;  1 drivers
S_0x611da80a0af0 .scope module, "_138_" "NAND" 5 378, 2 13 0, S_0x611da807d830;
 .timescale 0 0;
    .port_info 0 /INPUT 1 "A";
    .port_info 1 /INPUT 1 "B";
    .port_info 2 /OUTPUT 1 "Y";
L_0x611da80be5f0 .functor AND 1, L_0x611da80bf060, L_0x611da80bf340, C4<1>, C4<1>;
L_0x611da80bf750/d .functor NOT 1, L_0x611da80be5f0, C4<0>, C4<0>, C4<0>;
L_0x611da80bf750 .delay 1 (1,1,1) L_0x611da80bf750/d;
v0x611da80a0d20_0 .net "A", 0 0, L_0x611da80bf060;  alias, 1 drivers
v0x611da80a0e10_0 .net "B", 0 0, L_0x611da80bf340;  alias, 1 drivers
v0x611da80a0ee0_0 .net "Y", 0 0, L_0x611da80bf750;  alias, 1 drivers
v0x611da80a0fb0_0 .net *"_ivl_0", 0 0, L_0x611da80be5f0;  1 drivers
S_0x611da80a10d0 .scope module, "_139_" "NOR" 5 383, 2 19 0, S_0x611da807d830;
 .timescale 0 0;
    .port_info 0 /INPUT 1 "A";
    .port_info 1 /INPUT 1 "B";
    .port_info 2 /OUTPUT 1 "Y";
L_0x611da80bf830 .functor OR 1, L_0x611da80bfa20, L_0x611da80bfb10, C4<0>, C4<0>;
L_0x611da80bf8c0/d .functor NOT 1, L_0x611da80bf830, C4<0>, C4<0>, C4<0>;
L_0x611da80bf8c0 .delay 1 (1,1,1) L_0x611da80bf8c0/d;
v0x611da80a1300_0 .net "A", 0 0, L_0x611da80bfa20;  1 drivers
v0x611da80a13e0_0 .net "B", 0 0, L_0x611da80bfb10;  1 drivers
v0x611da80a14a0_0 .net "Y", 0 0, L_0x611da80bf8c0;  alias, 1 drivers
v0x611da80a1570_0 .net *"_ivl_0", 0 0, L_0x611da80bf830;  1 drivers
S_0x611da80a16d0 .scope module, "_140_" "NAND" 5 388, 2 13 0, S_0x611da807d830;
 .timescale 0 0;
    .port_info 0 /INPUT 1 "A";
    .port_info 1 /INPUT 1 "B";
    .port_info 2 /OUTPUT 1 "Y";
L_0x611da80bfd40 .functor AND 1, L_0x611da806dde0, L_0x611da80bf750, C4<1>, C4<1>;
L_0x611da80bfdb0/d .functor NOT 1, L_0x611da80bfd40, C4<0>, C4<0>, C4<0>;
L_0x611da80bfdb0 .delay 1 (1,1,1) L_0x611da80bfdb0/d;
v0x611da80a1900_0 .net "A", 0 0, L_0x611da806dde0;  alias, 1 drivers
v0x611da80a1a50_0 .net "B", 0 0, L_0x611da80bf750;  alias, 1 drivers
v0x611da80a1b40_0 .net "Y", 0 0, L_0x611da80bfdb0;  alias, 1 drivers
v0x611da80a1c10_0 .net *"_ivl_0", 0 0, L_0x611da80bfd40;  1 drivers
S_0x611da80a1d30 .scope module, "_141_" "NOR" 5 393, 2 19 0, S_0x611da807d830;
 .timescale 0 0;
    .port_info 0 /INPUT 1 "A";
    .port_info 1 /INPUT 1 "B";
    .port_info 2 /OUTPUT 1 "Y";
L_0x611da80bfee0 .functor OR 1, L_0x611da80bf8c0, L_0x611da80bfdb0, C4<0>, C4<0>;
L_0x611da80c0090/d .functor NOT 1, L_0x611da80bfee0, C4<0>, C4<0>, C4<0>;
L_0x611da80c0090 .delay 1 (1,1,1) L_0x611da80c0090/d;
v0x611da80a1f10_0 .net "A", 0 0, L_0x611da80bf8c0;  alias, 1 drivers
v0x611da80a2000_0 .net "B", 0 0, L_0x611da80bfdb0;  alias, 1 drivers
v0x611da80a20d0_0 .net "Y", 0 0, L_0x611da80c0090;  1 drivers
v0x611da80a21a0_0 .net *"_ivl_0", 0 0, L_0x611da80bfee0;  1 drivers
S_0x611da80a22c0 .scope module, "_142_" "NAND" 5 398, 2 13 0, S_0x611da807d830;
 .timescale 0 0;
    .port_info 0 /INPUT 1 "A";
    .port_info 1 /INPUT 1 "B";
    .port_info 2 /OUTPUT 1 "Y";
L_0x611da80c0170 .functor AND 1, L_0x611da80c0340, L_0x611da80be2b0, C4<1>, C4<1>;
L_0x611da80c01e0/d .functor NOT 1, L_0x611da80c0170, C4<0>, C4<0>, C4<0>;
L_0x611da80c01e0 .delay 1 (1,1,1) L_0x611da80c01e0/d;
v0x611da80a24f0_0 .net "A", 0 0, L_0x611da80c0340;  1 drivers
v0x611da80a25d0_0 .net "B", 0 0, L_0x611da80be2b0;  alias, 1 drivers
v0x611da80a2690_0 .net "Y", 0 0, L_0x611da80c01e0;  alias, 1 drivers
v0x611da80a2760_0 .net *"_ivl_0", 0 0, L_0x611da80c0170;  1 drivers
S_0x611da80a28a0 .scope module, "_143_" "NOT" 5 403, 2 7 0, S_0x611da807d830;
 .timescale 0 0;
    .port_info 0 /INPUT 1 "A";
    .port_info 1 /OUTPUT 1 "Y";
L_0x611da80c0430/d .functor NOT 1, L_0x611da80c01e0, C4<0>, C4<0>, C4<0>;
L_0x611da80c0430 .delay 1 (1,1,1) L_0x611da80c0430/d;
v0x611da80a2ac0_0 .net "A", 0 0, L_0x611da80c01e0;  alias, 1 drivers
v0x611da80a2bb0_0 .net "Y", 0 0, L_0x611da80c0430;  alias, 1 drivers
S_0x611da80a2cb0 .scope module, "_144_" "NOR" 5 407, 2 19 0, S_0x611da807d830;
 .timescale 0 0;
    .port_info 0 /INPUT 1 "A";
    .port_info 1 /INPUT 1 "B";
    .port_info 2 /OUTPUT 1 "Y";
L_0x611da80c0530 .functor OR 1, L_0x611da80b64e0, L_0x611da80bb5a0, C4<0>, C4<0>;
L_0x611da80c05c0/d .functor NOT 1, L_0x611da80c0530, C4<0>, C4<0>, C4<0>;
L_0x611da80c05c0 .delay 1 (1,1,1) L_0x611da80c05c0/d;
v0x611da80a2ee0_0 .net "A", 0 0, L_0x611da80b64e0;  alias, 1 drivers
v0x611da80a2ff0_0 .net "B", 0 0, L_0x611da80bb5a0;  alias, 1 drivers
v0x611da80a3140_0 .net "Y", 0 0, L_0x611da80c05c0;  alias, 1 drivers
v0x611da80a31e0_0 .net *"_ivl_0", 0 0, L_0x611da80c0530;  1 drivers
S_0x611da80a3320 .scope module, "_145_" "NOR" 5 412, 2 19 0, S_0x611da807d830;
 .timescale 0 0;
    .port_info 0 /INPUT 1 "A";
    .port_info 1 /INPUT 1 "B";
    .port_info 2 /OUTPUT 1 "Y";
L_0x611da80c0740 .functor OR 1, L_0x611da80bcdc0, L_0x611da80c05c0, C4<0>, C4<0>;
L_0x611da80c08f0/d .functor NOT 1, L_0x611da80c0740, C4<0>, C4<0>, C4<0>;
L_0x611da80c08f0 .delay 1 (1,1,1) L_0x611da80c08f0/d;
v0x611da80a3500_0 .net "A", 0 0, L_0x611da80bcdc0;  alias, 1 drivers
v0x611da80a35f0_0 .net "B", 0 0, L_0x611da80c05c0;  alias, 1 drivers
v0x611da80a36c0_0 .net "Y", 0 0, L_0x611da80c08f0;  alias, 1 drivers
v0x611da80a3790_0 .net *"_ivl_0", 0 0, L_0x611da80c0740;  1 drivers
S_0x611da80a38b0 .scope module, "_146_" "NOR" 5 417, 2 19 0, S_0x611da807d830;
 .timescale 0 0;
    .port_info 0 /INPUT 1 "A";
    .port_info 1 /INPUT 1 "B";
    .port_info 2 /OUTPUT 1 "Y";
L_0x611da80c09d0 .functor OR 1, L_0x611da80c0430, L_0x611da80c08f0, C4<0>, C4<0>;
L_0x611da80c0b80/d .functor NOT 1, L_0x611da80c09d0, C4<0>, C4<0>, C4<0>;
L_0x611da80c0b80 .delay 1 (1,1,1) L_0x611da80c0b80/d;
v0x611da80a3ae0_0 .net "A", 0 0, L_0x611da80c0430;  alias, 1 drivers
v0x611da80a3bd0_0 .net "B", 0 0, L_0x611da80c08f0;  alias, 1 drivers
v0x611da80a3ca0_0 .net "Y", 0 0, L_0x611da80c0b80;  alias, 1 drivers
v0x611da80a3d70_0 .net *"_ivl_0", 0 0, L_0x611da80c09d0;  1 drivers
S_0x611da80a3e90 .scope module, "_147_" "NOR" 5 422, 2 19 0, S_0x611da807d830;
 .timescale 0 0;
    .port_info 0 /INPUT 1 "A";
    .port_info 1 /INPUT 1 "B";
    .port_info 2 /OUTPUT 1 "Y";
L_0x611da80c0c60 .functor OR 1, v0x611da807d4d0_0, L_0x611da80c0b80, C4<0>, C4<0>;
L_0x611da80c0d80/d .functor NOT 1, L_0x611da80c0c60, C4<0>, C4<0>, C4<0>;
L_0x611da80c0d80 .delay 1 (1,1,1) L_0x611da80c0d80/d;
v0x611da80a44d0_0 .net "A", 0 0, v0x611da807d4d0_0;  alias, 1 drivers
v0x611da80a4590_0 .net "B", 0 0, L_0x611da80c0b80;  alias, 1 drivers
v0x611da80a4680_0 .net "Y", 0 0, L_0x611da80c0d80;  1 drivers
v0x611da80a4750_0 .net *"_ivl_0", 0 0, L_0x611da80c0c60;  1 drivers
S_0x611da80a4870 .scope module, "_148_" "NOR" 5 427, 2 19 0, S_0x611da807d830;
 .timescale 0 0;
    .port_info 0 /INPUT 1 "A";
    .port_info 1 /INPUT 1 "B";
    .port_info 2 /OUTPUT 1 "Y";
L_0x611da80c1190 .functor OR 1, L_0x611da80c1360, L_0x611da80c1450, C4<0>, C4<0>;
L_0x611da80c1200/d .functor NOT 1, L_0x611da80c1190, C4<0>, C4<0>, C4<0>;
L_0x611da80c1200 .delay 1 (1,1,1) L_0x611da80c1200/d;
v0x611da80a4aa0_0 .net "A", 0 0, L_0x611da80c1360;  1 drivers
v0x611da80a4b80_0 .net "B", 0 0, L_0x611da80c1450;  1 drivers
v0x611da80a4c40_0 .net "Y", 0 0, L_0x611da80c1200;  alias, 1 drivers
v0x611da80a4d10_0 .net *"_ivl_0", 0 0, L_0x611da80c1190;  1 drivers
S_0x611da80a4e70 .scope module, "_149_" "NAND" 5 432, 2 13 0, S_0x611da807d830;
 .timescale 0 0;
    .port_info 0 /INPUT 1 "A";
    .port_info 1 /INPUT 1 "B";
    .port_info 2 /OUTPUT 1 "Y";
L_0x611da80c18b0 .functor AND 1, L_0x611da80bdc30, L_0x611da80c1200, C4<1>, C4<1>;
L_0x611da80c1920/d .functor NOT 1, L_0x611da80c18b0, C4<0>, C4<0>, C4<0>;
L_0x611da80c1920 .delay 1 (1,1,1) L_0x611da80c1920/d;
v0x611da80a50a0_0 .net "A", 0 0, L_0x611da80bdc30;  alias, 1 drivers
v0x611da80a51b0_0 .net "B", 0 0, L_0x611da80c1200;  alias, 1 drivers
v0x611da80a5270_0 .net "Y", 0 0, L_0x611da80c1920;  alias, 1 drivers
v0x611da80a5340_0 .net *"_ivl_0", 0 0, L_0x611da80c18b0;  1 drivers
S_0x611da80a5460 .scope module, "_150_" "NOT" 5 437, 2 7 0, S_0x611da807d830;
 .timescale 0 0;
    .port_info 0 /INPUT 1 "A";
    .port_info 1 /OUTPUT 1 "Y";
L_0x611da80c1a80/d .functor NOT 1, L_0x611da80c1920, C4<0>, C4<0>, C4<0>;
L_0x611da80c1a80 .delay 1 (1,1,1) L_0x611da80c1a80/d;
v0x611da80a5680_0 .net "A", 0 0, L_0x611da80c1920;  alias, 1 drivers
v0x611da80a5770_0 .net "Y", 0 0, L_0x611da80c1a80;  alias, 1 drivers
S_0x611da80a5870 .scope module, "_151_" "NAND" 5 441, 2 13 0, S_0x611da807d830;
 .timescale 0 0;
    .port_info 0 /INPUT 1 "A";
    .port_info 1 /INPUT 1 "B";
    .port_info 2 /OUTPUT 1 "Y";
L_0x611da80c1c10 .functor AND 1, v0x611da80aef10_0, L_0x611da80c1a80, C4<1>, C4<1>;
L_0x611da80c1d30/d .functor NOT 1, L_0x611da80c1c10, C4<0>, C4<0>, C4<0>;
L_0x611da80c1d30 .delay 1 (1,1,1) L_0x611da80c1d30/d;
v0x611da80a5aa0_0 .net "A", 0 0, v0x611da80aef10_0;  alias, 1 drivers
v0x611da80a5b90_0 .net "B", 0 0, L_0x611da80c1a80;  alias, 1 drivers
v0x611da80a5c60_0 .net "Y", 0 0, L_0x611da80c1d30;  alias, 1 drivers
v0x611da80a5d30_0 .net *"_ivl_0", 0 0, L_0x611da80c1c10;  1 drivers
S_0x611da80a5e50 .scope module, "_152_" "NAND" 5 446, 2 13 0, S_0x611da807d830;
 .timescale 0 0;
    .port_info 0 /INPUT 1 "A";
    .port_info 1 /INPUT 1 "B";
    .port_info 2 /OUTPUT 1 "Y";
L_0x611da80c1e60 .functor AND 1, L_0x611da80b6c30, L_0x611da80c1d30, C4<1>, C4<1>;
L_0x611da80c1f80/d .functor NOT 1, L_0x611da80c1e60, C4<0>, C4<0>, C4<0>;
L_0x611da80c1f80 .delay 1 (1,1,1) L_0x611da80c1f80/d;
v0x611da80a6080_0 .net "A", 0 0, L_0x611da80b6c30;  alias, 1 drivers
v0x611da80a6190_0 .net "B", 0 0, L_0x611da80c1d30;  alias, 1 drivers
v0x611da80a6250_0 .net "Y", 0 0, L_0x611da80c1f80;  alias, 1 drivers
v0x611da80a6320_0 .net *"_ivl_0", 0 0, L_0x611da80c1e60;  1 drivers
S_0x611da80a6440 .scope module, "_153_" "NAND" 5 451, 2 13 0, S_0x611da807d830;
 .timescale 0 0;
    .port_info 0 /INPUT 1 "A";
    .port_info 1 /INPUT 1 "B";
    .port_info 2 /OUTPUT 1 "Y";
L_0x611da80c20b0 .functor AND 1, v0x611da80aea00_0, L_0x611da80c1200, C4<1>, C4<1>;
L_0x611da80c2140/d .functor NOT 1, L_0x611da80c20b0, C4<0>, C4<0>, C4<0>;
L_0x611da80c2140 .delay 1 (1,1,1) L_0x611da80c2140/d;
v0x611da80a6670_0 .net "A", 0 0, v0x611da80aea00_0;  alias, 1 drivers
v0x611da80a6760_0 .net "B", 0 0, L_0x611da80c1200;  alias, 1 drivers
v0x611da80a6850_0 .net "Y", 0 0, L_0x611da80c2140;  alias, 1 drivers
v0x611da80a68f0_0 .net *"_ivl_0", 0 0, L_0x611da80c20b0;  1 drivers
S_0x611da80a6a30 .scope module, "_154_" "NOT" 5 456, 2 7 0, S_0x611da807d830;
 .timescale 0 0;
    .port_info 0 /INPUT 1 "A";
    .port_info 1 /OUTPUT 1 "Y";
L_0x611da80c22c0/d .functor NOT 1, L_0x611da80c2140, C4<0>, C4<0>, C4<0>;
L_0x611da80c22c0 .delay 1 (1,1,1) L_0x611da80c22c0/d;
v0x611da80a6c50_0 .net "A", 0 0, L_0x611da80c2140;  alias, 1 drivers
v0x611da80a6d40_0 .net "Y", 0 0, L_0x611da80c22c0;  alias, 1 drivers
S_0x611da80a6e40 .scope module, "_155_" "NOR" 5 460, 2 19 0, S_0x611da807d830;
 .timescale 0 0;
    .port_info 0 /INPUT 1 "A";
    .port_info 1 /INPUT 1 "B";
    .port_info 2 /OUTPUT 1 "Y";
L_0x611da80c23c0 .functor OR 1, L_0x611da80c25f0, L_0x611da80c22c0, C4<0>, C4<0>;
L_0x611da80c24e0/d .functor NOT 1, L_0x611da80c23c0, C4<0>, C4<0>, C4<0>;
L_0x611da80c24e0 .delay 1 (1,1,1) L_0x611da80c24e0/d;
v0x611da80a7070_0 .net "A", 0 0, L_0x611da80c25f0;  1 drivers
v0x611da80a7150_0 .net "B", 0 0, L_0x611da80c22c0;  alias, 1 drivers
v0x611da80a7240_0 .net "Y", 0 0, L_0x611da80c24e0;  alias, 1 drivers
v0x611da80a7310_0 .net *"_ivl_0", 0 0, L_0x611da80c23c0;  1 drivers
S_0x611da80a7430 .scope module, "_156_" "NOR" 5 465, 2 19 0, S_0x611da807d830;
 .timescale 0 0;
    .port_info 0 /INPUT 1 "A";
    .port_info 1 /INPUT 1 "B";
    .port_info 2 /OUTPUT 1 "Y";
L_0x611da80c26e0 .functor OR 1, v0x611da807d4d0_0, L_0x611da80c24e0, C4<0>, C4<0>;
L_0x611da80c2800/d .functor NOT 1, L_0x611da80c26e0, C4<0>, C4<0>, C4<0>;
L_0x611da80c2800 .delay 1 (1,1,1) L_0x611da80c2800/d;
v0x611da80a7660_0 .net "A", 0 0, v0x611da807d4d0_0;  alias, 1 drivers
v0x611da80a7720_0 .net "B", 0 0, L_0x611da80c24e0;  alias, 1 drivers
v0x611da80a7810_0 .net "Y", 0 0, L_0x611da80c2800;  alias, 1 drivers
v0x611da80a78e0_0 .net *"_ivl_0", 0 0, L_0x611da80c26e0;  1 drivers
S_0x611da80a7a00 .scope module, "_157_" "NOR" 5 470, 2 19 0, S_0x611da807d830;
 .timescale 0 0;
    .port_info 0 /INPUT 1 "A";
    .port_info 1 /INPUT 1 "B";
    .port_info 2 /OUTPUT 1 "Y";
L_0x611da80c2930 .functor OR 1, L_0x611da80c2b20, L_0x611da80c1200, C4<0>, C4<0>;
L_0x611da80c29c0/d .functor NOT 1, L_0x611da80c2930, C4<0>, C4<0>, C4<0>;
L_0x611da80c29c0 .delay 1 (1,1,1) L_0x611da80c29c0/d;
v0x611da80a7c30_0 .net "A", 0 0, L_0x611da80c2b20;  1 drivers
v0x611da80a7d10_0 .net "B", 0 0, L_0x611da80c1200;  alias, 1 drivers
v0x611da80a7dd0_0 .net "Y", 0 0, L_0x611da80c29c0;  alias, 1 drivers
v0x611da80a7ea0_0 .net *"_ivl_0", 0 0, L_0x611da80c2930;  1 drivers
S_0x611da80a7fe0 .scope module, "_158_" "NOR" 5 475, 2 19 0, S_0x611da807d830;
 .timescale 0 0;
    .port_info 0 /INPUT 1 "A";
    .port_info 1 /INPUT 1 "B";
    .port_info 2 /OUTPUT 1 "Y";
L_0x611da80c2d80 .functor OR 1, L_0x611da806bfe0, L_0x611da80c29c0, C4<0>, C4<0>;
L_0x611da80c2f30/d .functor NOT 1, L_0x611da80c2d80, C4<0>, C4<0>, C4<0>;
L_0x611da80c2f30 .delay 1 (1,1,1) L_0x611da80c2f30/d;
v0x611da80a8210_0 .net "A", 0 0, L_0x611da806bfe0;  alias, 1 drivers
v0x611da80a8300_0 .net "B", 0 0, L_0x611da80c29c0;  alias, 1 drivers
v0x611da80a83d0_0 .net "Y", 0 0, L_0x611da80c2f30;  alias, 1 drivers
v0x611da80a84a0_0 .net *"_ivl_0", 0 0, L_0x611da80c2d80;  1 drivers
S_0x611da80a85c0 .scope module, "_159_" "NOR" 5 480, 2 19 0, S_0x611da807d830;
 .timescale 0 0;
    .port_info 0 /INPUT 1 "A";
    .port_info 1 /INPUT 1 "B";
    .port_info 2 /OUTPUT 1 "Y";
L_0x611da80c3010 .functor OR 1, L_0x611da80bcae0, L_0x611da80c2f30, C4<0>, C4<0>;
L_0x611da80c3130/d .functor NOT 1, L_0x611da80c3010, C4<0>, C4<0>, C4<0>;
L_0x611da80c3130 .delay 1 (1,1,1) L_0x611da80c3130/d;
v0x611da80a87f0_0 .net "A", 0 0, L_0x611da80bcae0;  alias, 1 drivers
v0x611da80a8900_0 .net "B", 0 0, L_0x611da80c2f30;  alias, 1 drivers
v0x611da80a89c0_0 .net "Y", 0 0, L_0x611da80c3130;  alias, 1 drivers
v0x611da80a8a90_0 .net *"_ivl_0", 0 0, L_0x611da80c3010;  1 drivers
S_0x611da80a8bb0 .scope module, "_160_" "NOR" 5 485, 2 19 0, S_0x611da807d830;
 .timescale 0 0;
    .port_info 0 /INPUT 1 "A";
    .port_info 1 /INPUT 1 "B";
    .port_info 2 /OUTPUT 1 "Y";
L_0x611da80c3260 .functor OR 1, v0x611da807d4d0_0, L_0x611da80c3130, C4<0>, C4<0>;
L_0x611da80c3380/d .functor NOT 1, L_0x611da80c3260, C4<0>, C4<0>, C4<0>;
L_0x611da80c3380 .delay 1 (1,1,1) L_0x611da80c3380/d;
v0x611da80a8de0_0 .net "A", 0 0, v0x611da807d4d0_0;  alias, 1 drivers
v0x611da80a8ea0_0 .net "B", 0 0, L_0x611da80c3130;  alias, 1 drivers
v0x611da80a8f90_0 .net "Y", 0 0, L_0x611da80c3380;  alias, 1 drivers
v0x611da80a9060_0 .net *"_ivl_0", 0 0, L_0x611da80c3260;  1 drivers
S_0x611da80a9180 .scope module, "_161_" "NAND" 5 490, 2 13 0, S_0x611da807d830;
 .timescale 0 0;
    .port_info 0 /INPUT 1 "A";
    .port_info 1 /INPUT 1 "B";
    .port_info 2 /OUTPUT 1 "Y";
L_0x611da80c34b0 .functor AND 1, v0x611da80adfe0_0, L_0x611da80c1200, C4<1>, C4<1>;
L_0x611da80c3540/d .functor NOT 1, L_0x611da80c34b0, C4<0>, C4<0>, C4<0>;
L_0x611da80c3540 .delay 1 (1,1,1) L_0x611da80c3540/d;
v0x611da80a93b0_0 .net "A", 0 0, v0x611da80adfe0_0;  alias, 1 drivers
v0x611da80a94a0_0 .net "B", 0 0, L_0x611da80c1200;  alias, 1 drivers
v0x611da80a9540_0 .net "Y", 0 0, L_0x611da80c3540;  alias, 1 drivers
v0x611da80a9610_0 .net *"_ivl_0", 0 0, L_0x611da80c34b0;  1 drivers
S_0x611da80a9750 .scope module, "_162_" "NOT" 5 495, 2 7 0, S_0x611da807d830;
 .timescale 0 0;
    .port_info 0 /INPUT 1 "A";
    .port_info 1 /OUTPUT 1 "Y";
L_0x611da80c36c0/d .functor NOT 1, L_0x611da80c3540, C4<0>, C4<0>, C4<0>;
L_0x611da80c36c0 .delay 1 (1,1,1) L_0x611da80c36c0/d;
v0x611da80a9920_0 .net "A", 0 0, L_0x611da80c3540;  alias, 1 drivers
v0x611da80a9a10_0 .net "Y", 0 0, L_0x611da80c36c0;  alias, 1 drivers
S_0x611da80a9b10 .scope module, "_163_" "NOR" 5 499, 2 19 0, S_0x611da807d830;
 .timescale 0 0;
    .port_info 0 /INPUT 1 "A";
    .port_info 1 /INPUT 1 "B";
    .port_info 2 /OUTPUT 1 "Y";
L_0x611da80c3850 .functor OR 1, L_0x611da80c3a80, L_0x611da80c36c0, C4<0>, C4<0>;
L_0x611da80c3970/d .functor NOT 1, L_0x611da80c3850, C4<0>, C4<0>, C4<0>;
L_0x611da80c3970 .delay 1 (1,1,1) L_0x611da80c3970/d;
v0x611da80a9d40_0 .net "A", 0 0, L_0x611da80c3a80;  1 drivers
v0x611da80a9e20_0 .net "B", 0 0, L_0x611da80c36c0;  alias, 1 drivers
v0x611da80a9f10_0 .net "Y", 0 0, L_0x611da80c3970;  alias, 1 drivers
v0x611da80a9fe0_0 .net *"_ivl_0", 0 0, L_0x611da80c3850;  1 drivers
S_0x611da80aa100 .scope module, "_164_" "NOR" 5 504, 2 19 0, S_0x611da807d830;
 .timescale 0 0;
    .port_info 0 /INPUT 1 "A";
    .port_info 1 /INPUT 1 "B";
    .port_info 2 /OUTPUT 1 "Y";
L_0x611da80c3b70 .functor OR 1, v0x611da807d4d0_0, L_0x611da80c3970, C4<0>, C4<0>;
L_0x611da80c3c90/d .functor NOT 1, L_0x611da80c3b70, C4<0>, C4<0>, C4<0>;
L_0x611da80c3c90 .delay 1 (1,1,1) L_0x611da80c3c90/d;
v0x611da80aa330_0 .net "A", 0 0, v0x611da807d4d0_0;  alias, 1 drivers
v0x611da80aa3f0_0 .net "B", 0 0, L_0x611da80c3970;  alias, 1 drivers
v0x611da80aa4e0_0 .net "Y", 0 0, L_0x611da80c3c90;  alias, 1 drivers
v0x611da80aa5b0_0 .net *"_ivl_0", 0 0, L_0x611da80c3b70;  1 drivers
S_0x611da80aa6d0 .scope module, "_165_" "NOR" 5 509, 2 19 0, S_0x611da807d830;
 .timescale 0 0;
    .port_info 0 /INPUT 1 "A";
    .port_info 1 /INPUT 1 "B";
    .port_info 2 /OUTPUT 1 "Y";
L_0x611da80c3dc0 .functor OR 1, L_0x611da806cee0, L_0x611da80b6c30, C4<0>, C4<0>;
L_0x611da80c3ee0/d .functor NOT 1, L_0x611da80c3dc0, C4<0>, C4<0>, C4<0>;
L_0x611da80c3ee0 .delay 1 (1,1,1) L_0x611da80c3ee0/d;
v0x611da80aa900_0 .net "A", 0 0, L_0x611da806cee0;  alias, 1 drivers
v0x611da80aa9f0_0 .net "B", 0 0, L_0x611da80b6c30;  alias, 1 drivers
v0x611da80aaa90_0 .net "Y", 0 0, L_0x611da80c3ee0;  alias, 1 drivers
v0x611da80aab60_0 .net *"_ivl_0", 0 0, L_0x611da80c3dc0;  1 drivers
S_0x611da80aaca0 .scope module, "_166_" "NOR" 5 514, 2 19 0, S_0x611da807d830;
 .timescale 0 0;
    .port_info 0 /INPUT 1 "A";
    .port_info 1 /INPUT 1 "B";
    .port_info 2 /OUTPUT 1 "Y";
L_0x611da80c4120 .functor OR 1, L_0x611da80b74a0, L_0x611da80bab60, C4<0>, C4<0>;
L_0x611da80c41b0/d .functor NOT 1, L_0x611da80c4120, C4<0>, C4<0>, C4<0>;
L_0x611da80c41b0 .delay 1 (1,1,1) L_0x611da80c41b0/d;
v0x611da80aaed0_0 .net "A", 0 0, L_0x611da80b74a0;  alias, 1 drivers
v0x611da80aafc0_0 .net "B", 0 0, L_0x611da80bab60;  alias, 1 drivers
v0x611da80ab0b0_0 .net "Y", 0 0, L_0x611da80c41b0;  alias, 1 drivers
v0x611da80ab150_0 .net *"_ivl_0", 0 0, L_0x611da80c4120;  1 drivers
S_0x611da80ab290 .scope module, "_167_" "NOR" 5 519, 2 19 0, S_0x611da807d830;
 .timescale 0 0;
    .port_info 0 /INPUT 1 "A";
    .port_info 1 /INPUT 1 "B";
    .port_info 2 /OUTPUT 1 "Y";
L_0x611da80c42e0 .functor OR 1, v0x611da807d4d0_0, L_0x611da80b69c0, C4<0>, C4<0>;
L_0x611da80c4400/d .functor NOT 1, L_0x611da80c42e0, C4<0>, C4<0>, C4<0>;
L_0x611da80c4400 .delay 1 (1,1,1) L_0x611da80c4400/d;
v0x611da80ab4c0_0 .net "A", 0 0, v0x611da807d4d0_0;  alias, 1 drivers
v0x611da80ab580_0 .net "B", 0 0, L_0x611da80b69c0;  alias, 1 drivers
v0x611da80ab670_0 .net "Y", 0 0, L_0x611da80c4400;  alias, 1 drivers
v0x611da80ab740_0 .net *"_ivl_0", 0 0, L_0x611da80c42e0;  1 drivers
S_0x611da80ab860 .scope module, "_168_" "DFF" 5 524, 2 25 0, S_0x611da807d830;
 .timescale 0 0;
    .port_info 0 /INPUT 1 "C";
    .port_info 1 /INPUT 1 "D";
    .port_info 2 /OUTPUT 1 "Q";
v0x611da80abb10_0 .net "C", 0 0, v0x611da8071190_0;  alias, 1 drivers
v0x611da80abc00_0 .net "D", 0 0, L_0x611da80be0f0;  alias, 1 drivers
v0x611da80abcd0_0 .var "Q", 0 0;
E_0x611da80aba90 .event posedge, v0x611da8071190_0;
S_0x611da80abde0 .scope module, "_169_" "DFF" 5 529, 2 25 0, S_0x611da807d830;
 .timescale 0 0;
    .port_info 0 /INPUT 1 "C";
    .port_info 1 /INPUT 1 "D";
    .port_info 2 /OUTPUT 1 "Q";
v0x611da80ac010_0 .net "C", 0 0, v0x611da8071190_0;  alias, 1 drivers
v0x611da80ac120_0 .net "D", 0 0, L_0x611da80c3ee0;  alias, 1 drivers
v0x611da80ac1e0_0 .var "Q", 0 0;
S_0x611da80ac2f0 .scope module, "_170_" "DFF" 5 534, 2 25 0, S_0x611da807d830;
 .timescale 0 0;
    .port_info 0 /INPUT 1 "C";
    .port_info 1 /INPUT 1 "D";
    .port_info 2 /OUTPUT 1 "Q";
v0x611da80ac520_0 .net "C", 0 0, v0x611da8071190_0;  alias, 1 drivers
v0x611da80ac5e0_0 .net "D", 0 0, L_0x611da80c4400;  alias, 1 drivers
v0x611da80ac6d0_0 .var "Q", 0 0;
S_0x611da80ac7e0 .scope module, "_171_" "DFF" 5 539, 2 25 0, S_0x611da807d830;
 .timescale 0 0;
    .port_info 0 /INPUT 1 "C";
    .port_info 1 /INPUT 1 "D";
    .port_info 2 /OUTPUT 1 "Q";
v0x611da80aca10_0 .net "C", 0 0, v0x611da8071190_0;  alias, 1 drivers
v0x611da80acb60_0 .net "D", 0 0, L_0x611da80bd750;  alias, 1 drivers
v0x611da80acc50_0 .var "Q", 0 0;
S_0x611da80acd60 .scope module, "_172_" "DFF" 5 544, 2 25 0, S_0x611da807d830;
 .timescale 0 0;
    .port_info 0 /INPUT 1 "C";
    .port_info 1 /INPUT 1 "D";
    .port_info 2 /OUTPUT 1 "Q";
v0x611da80acf40_0 .net "C", 0 0, v0x611da8071190_0;  alias, 1 drivers
v0x611da80ad000_0 .net "D", 0 0, L_0x611da80bc920;  alias, 1 drivers
v0x611da80ad0f0_0 .var "Q", 0 0;
S_0x611da80ad200 .scope module, "_173_" "DFF" 5 549, 2 25 0, S_0x611da807d830;
 .timescale 0 0;
    .port_info 0 /INPUT 1 "C";
    .port_info 1 /INPUT 1 "D";
    .port_info 2 /OUTPUT 1 "Q";
v0x611da80ad430_0 .net "C", 0 0, v0x611da8071190_0;  alias, 1 drivers
v0x611da80ad4f0_0 .net "D", 0 0, L_0x611da80c41b0;  alias, 1 drivers
v0x611da80ad5e0_0 .var "Q", 0 0;
S_0x611da80ad6f0 .scope module, "_174_" "DFF" 5 554, 2 25 0, S_0x611da807d830;
 .timescale 0 0;
    .port_info 0 /INPUT 1 "C";
    .port_info 1 /INPUT 1 "D";
    .port_info 2 /OUTPUT 1 "Q";
v0x611da80ad920_0 .net "C", 0 0, v0x611da8071190_0;  alias, 1 drivers
v0x611da80ad9e0_0 .net "D", 0 0, L_0x611da80bb080;  alias, 1 drivers
v0x611da80adad0_0 .var "Q", 0 0;
S_0x611da80adbe0 .scope module, "_175_" "DFF" 5 560, 2 25 0, S_0x611da807d830;
 .timescale 0 0;
    .port_info 0 /INPUT 1 "C";
    .port_info 1 /INPUT 1 "D";
    .port_info 2 /OUTPUT 1 "Q";
v0x611da80ade60_0 .net "C", 0 0, v0x611da8071190_0;  alias, 1 drivers
v0x611da80adf20_0 .net "D", 0 0, L_0x611da80c3c90;  alias, 1 drivers
v0x611da80adfe0_0 .var "Q", 0 0;
S_0x611da80ae120 .scope module, "_176_" "DFF" 5 566, 2 25 0, S_0x611da807d830;
 .timescale 0 0;
    .port_info 0 /INPUT 1 "C";
    .port_info 1 /INPUT 1 "D";
    .port_info 2 /OUTPUT 1 "Q";
v0x611da80ae370_0 .net "C", 0 0, v0x611da8071190_0;  alias, 1 drivers
v0x611da80ae430_0 .net "D", 0 0, L_0x611da80c3380;  alias, 1 drivers
v0x611da80ae4f0_0 .var "Q", 0 0;
S_0x611da80ae630 .scope module, "_177_" "DFF" 5 572, 2 25 0, S_0x611da807d830;
 .timescale 0 0;
    .port_info 0 /INPUT 1 "C";
    .port_info 1 /INPUT 1 "D";
    .port_info 2 /OUTPUT 1 "Q";
v0x611da80ae880_0 .net "C", 0 0, v0x611da8071190_0;  alias, 1 drivers
v0x611da80ae940_0 .net "D", 0 0, L_0x611da80c2800;  alias, 1 drivers
v0x611da80aea00_0 .var "Q", 0 0;
S_0x611da80aeb40 .scope module, "_178_" "DFF" 5 578, 2 25 0, S_0x611da807d830;
 .timescale 0 0;
    .port_info 0 /INPUT 1 "C";
    .port_info 1 /INPUT 1 "D";
    .port_info 2 /OUTPUT 1 "Q";
v0x611da80aed90_0 .net "C", 0 0, v0x611da8071190_0;  alias, 1 drivers
v0x611da80aee50_0 .net "D", 0 0, L_0x611da80c1f80;  alias, 1 drivers
v0x611da80aef10_0 .var "Q", 0 0;
S_0x611da80af050 .scope module, "_179_" "DFF" 5 584, 2 25 0, S_0x611da807d830;
 .timescale 0 0;
    .port_info 0 /INPUT 1 "C";
    .port_info 1 /INPUT 1 "D";
    .port_info 2 /OUTPUT 1 "Q";
v0x611da80af2a0_0 .net "C", 0 0, v0x611da8071190_0;  alias, 1 drivers
v0x611da80af360_0 .net "D", 0 0, L_0x611da80c47a0;  1 drivers
v0x611da80af420_0 .var "Q", 0 0;
S_0x611da80af540 .scope module, "_180_" "DFF" 5 590, 2 25 0, S_0x611da807d830;
 .timescale 0 0;
    .port_info 0 /INPUT 1 "C";
    .port_info 1 /INPUT 1 "D";
    .port_info 2 /OUTPUT 1 "Q";
v0x611da80af7c0_0 .net "C", 0 0, v0x611da8071190_0;  alias, 1 drivers
v0x611da80af880_0 .net "D", 0 0, L_0x611da80c4890;  1 drivers
v0x611da80af940_0 .var "Q", 0 0;
S_0x611da80afa60 .scope module, "_181_" "DFF" 5 596, 2 25 0, S_0x611da807d830;
 .timescale 0 0;
    .port_info 0 /INPUT 1 "C";
    .port_info 1 /INPUT 1 "D";
    .port_info 2 /OUTPUT 1 "Q";
v0x611da80afce0_0 .net "C", 0 0, v0x611da8071190_0;  alias, 1 drivers
v0x611da80afda0_0 .net "D", 0 0, L_0x611da80c4ac0;  1 drivers
v0x611da80afe60_0 .var "Q", 0 0;
    .scope S_0x611da80ab860;
T_0 ;
    %wait E_0x611da80aba90;
    %delay 1, 0;
    %load/vec4 v0x611da80abc00_0;
    %assign/vec4 v0x611da80abcd0_0, 0;
    %jmp T_0;
    .thread T_0;
    .scope S_0x611da80abde0;
T_1 ;
    %wait E_0x611da80aba90;
    %delay 1, 0;
    %load/vec4 v0x611da80ac120_0;
    %assign/vec4 v0x611da80ac1e0_0, 0;
    %jmp T_1;
    .thread T_1;
    .scope S_0x611da80ac2f0;
T_2 ;
    %wait E_0x611da80aba90;
    %delay 1, 0;
    %load/vec4 v0x611da80ac5e0_0;
    %assign/vec4 v0x611da80ac6d0_0, 0;
    %jmp T_2;
    .thread T_2;
    .scope S_0x611da80ac7e0;
T_3 ;
    %wait E_0x611da80aba90;
    %delay 1, 0;
    %load/vec4 v0x611da80acb60_0;
    %assign/vec4 v0x611da80acc50_0, 0;
    %jmp T_3;
    .thread T_3;
    .scope S_0x611da80acd60;
T_4 ;
    %wait E_0x611da80aba90;
    %delay 1, 0;
    %load/vec4 v0x611da80ad000_0;
    %assign/vec4 v0x611da80ad0f0_0, 0;
    %jmp T_4;
    .thread T_4;
    .scope S_0x611da80ad200;
T_5 ;
    %wait E_0x611da80aba90;
    %delay 1, 0;
    %load/vec4 v0x611da80ad4f0_0;
    %assign/vec4 v0x611da80ad5e0_0, 0;
    %jmp T_5;
    .thread T_5;
    .scope S_0x611da80ad6f0;
T_6 ;
    %wait E_0x611da80aba90;
    %delay 1, 0;
    %load/vec4 v0x611da80ad9e0_0;
    %assign/vec4 v0x611da80adad0_0, 0;
    %jmp T_6;
    .thread T_6;
    .scope S_0x611da80adbe0;
T_7 ;
    %wait E_0x611da80aba90;
    %delay 1, 0;
    %load/vec4 v0x611da80adf20_0;
    %assign/vec4 v0x611da80adfe0_0, 0;
    %jmp T_7;
    .thread T_7;
    .scope S_0x611da80ae120;
T_8 ;
    %wait E_0x611da80aba90;
    %delay 1, 0;
    %load/vec4 v0x611da80ae430_0;
    %assign/vec4 v0x611da80ae4f0_0, 0;
    %jmp T_8;
    .thread T_8;
    .scope S_0x611da80ae630;
T_9 ;
    %wait E_0x611da80aba90;
    %delay 1, 0;
    %load/vec4 v0x611da80ae940_0;
    %assign/vec4 v0x611da80aea00_0, 0;
    %jmp T_9;
    .thread T_9;
    .scope S_0x611da80aeb40;
T_10 ;
    %wait E_0x611da80aba90;
    %delay 1, 0;
    %load/vec4 v0x611da80aee50_0;
    %assign/vec4 v0x611da80aef10_0, 0;
    %jmp T_10;
    .thread T_10;
    .scope S_0x611da80af050;
T_11 ;
    %wait E_0x611da80aba90;
    %delay 1, 0;
    %load/vec4 v0x611da80af360_0;
    %assign/vec4 v0x611da80af420_0, 0;
    %jmp T_11;
    .thread T_11;
    .scope S_0x611da80af540;
T_12 ;
    %wait E_0x611da80aba90;
    %delay 1, 0;
    %load/vec4 v0x611da80af880_0;
    %assign/vec4 v0x611da80af940_0, 0;
    %jmp T_12;
    .thread T_12;
    .scope S_0x611da80afa60;
T_13 ;
    %wait E_0x611da80aba90;
    %delay 1, 0;
    %load/vec4 v0x611da80afda0_0;
    %assign/vec4 v0x611da80afe60_0, 0;
    %jmp T_13;
    .thread T_13;
    .scope S_0x611da807d090;
T_14 ;
    %pushi/vec4 0, 0, 1;
    %store/vec4 v0x611da8071190_0, 0, 1;
T_14.0 ;
    %delay 5, 0;
    %load/vec4 v0x611da8071190_0;
    %inv;
    %store/vec4 v0x611da8071190_0, 0, 1;
    %jmp T_14.0;
    %end;
    .thread T_14;
    .scope S_0x611da807d090;
T_15 ;
    %pushi/vec4 1, 0, 1;
    %store/vec4 v0x611da807d4d0_0, 0, 1;
    %pushi/vec4 0, 0, 1;
    %store/vec4 v0x611da807d650_0, 0, 1;
    %pushi/vec4 0, 0, 1;
    %store/vec4 v0x611da807d590_0, 0, 1;
    %pushi/vec4 0, 0, 16;
    %store/vec4 v0x611da807d3f0_0, 0, 16;
    %delay 10, 0;
    %pushi/vec4 0, 0, 1;
    %store/vec4 v0x611da807d4d0_0, 0, 1;
    %delay 10, 0;
    %pushi/vec4 1, 0, 1;
    %store/vec4 v0x611da807d650_0, 0, 1;
    %delay 20, 0;
    %pushi/vec4 14177, 0, 16;
    %store/vec4 v0x611da807d3f0_0, 0, 16;
    %delay 10, 0;
    %pushi/vec4 1, 0, 1;
    %store/vec4 v0x611da807d590_0, 0, 1;
    %delay 10, 0;
    %pushi/vec4 0, 0, 1;
    %store/vec4 v0x611da807d590_0, 0, 1;
    %delay 10, 0;
    %pushi/vec4 0, 0, 1;
    %store/vec4 v0x611da807d650_0, 0, 1;
    %delay 10, 0;
    %pushi/vec4 1, 0, 1;
    %store/vec4 v0x611da807d650_0, 0, 1;
    %delay 10, 0;
    %pushi/vec4 4661, 0, 16;
    %store/vec4 v0x611da807d3f0_0, 0, 16;
    %delay 10, 0;
    %pushi/vec4 1, 0, 1;
    %store/vec4 v0x611da807d650_0, 0, 1;
    %delay 10, 0;
    %pushi/vec4 4660, 0, 16;
    %store/vec4 v0x611da807d3f0_0, 0, 16;
    %delay 10, 0;
    %pushi/vec4 1, 0, 1;
    %store/vec4 v0x611da807d650_0, 0, 1;
    %delay 10, 0;
    %pushi/vec4 14177, 0, 16;
    %store/vec4 v0x611da807d3f0_0, 0, 16;
    %delay 10, 0;
    %pushi/vec4 1, 0, 1;
    %store/vec4 v0x611da807d650_0, 0, 1;
    %delay 10, 0;
    %pushi/vec4 1, 0, 1;
    %store/vec4 v0x611da807d590_0, 0, 1;
    %delay 10, 0;
    %pushi/vec4 0, 0, 1;
    %store/vec4 v0x611da807d590_0, 0, 1;
    %delay 10, 0;
    %pushi/vec4 0, 0, 1;
    %store/vec4 v0x611da807d650_0, 0, 1;
    %delay 10, 0;
    %pushi/vec4 1, 0, 1;
    %store/vec4 v0x611da807d650_0, 0, 1;
    %delay 10, 0;
    %pushi/vec4 4661, 0, 16;
    %store/vec4 v0x611da807d3f0_0, 0, 16;
    %delay 10, 0;
    %pushi/vec4 1, 0, 1;
    %store/vec4 v0x611da807d650_0, 0, 1;
    %delay 10, 0;
    %pushi/vec4 1, 0, 1;
    %store/vec4 v0x611da807d650_0, 0, 1;
    %delay 10, 0;
    %pushi/vec4 4660, 0, 16;
    %store/vec4 v0x611da807d3f0_0, 0, 16;
    %delay 10, 0;
    %pushi/vec4 1, 0, 1;
    %store/vec4 v0x611da807d650_0, 0, 1;
    %delay 10, 0;
    %pushi/vec4 1, 0, 1;
    %store/vec4 v0x611da807d650_0, 0, 1;
    %delay 10, 0;
    %pushi/vec4 4968, 0, 16;
    %store/vec4 v0x611da807d3f0_0, 0, 16;
    %delay 50, 0;
    %pushi/vec4 1, 0, 1;
    %store/vec4 v0x611da807d650_0, 0, 1;
    %pushi/vec4 1, 0, 1;
    %store/vec4 v0x611da807d590_0, 0, 1;
    %delay 10, 0;
    %pushi/vec4 1, 0, 1;
    %store/vec4 v0x611da807d650_0, 0, 1;
    %delay 10, 0;
    %pushi/vec4 1, 0, 1;
    %store/vec4 v0x611da807d4d0_0, 0, 1;
    %delay 10, 0;
    %pushi/vec4 0, 0, 1;
    %store/vec4 v0x611da807d4d0_0, 0, 1;
    %delay 10, 0;
    %pushi/vec4 0, 0, 1;
    %store/vec4 v0x611da807d590_0, 0, 1;
    %delay 10, 0;
    %pushi/vec4 1, 0, 1;
    %store/vec4 v0x611da807d650_0, 0, 1;
    %delay 20, 0;
    %pushi/vec4 14177, 0, 16;
    %store/vec4 v0x611da807d3f0_0, 0, 16;
    %delay 10, 0;
    %pushi/vec4 1, 0, 1;
    %store/vec4 v0x611da807d590_0, 0, 1;
    %delay 10, 0;
    %pushi/vec4 0, 0, 1;
    %store/vec4 v0x611da807d590_0, 0, 1;
    %delay 10, 0;
    %pushi/vec4 0, 0, 1;
    %store/vec4 v0x611da807d650_0, 0, 1;
    %delay 10, 0;
    %vpi_call 4 67 "$finish" {0 0 0};
    %end;
    .thread T_15;
    .scope S_0x611da806a130;
T_16 ;
    %vpi_call 3 22 "$dumpfile", "resultados.vcd" {0 0 0};
    %vpi_call 3 23 "$dumpvars", 32'sb11111111111111111111111111111111, S_0x611da807d830 {0 0 0};
    %end;
    .thread T_16;
# The file index is used to find the file name in the following table.
:file_names 6;
    "N/A";
    "<interactive>";
    "./cmos_cells.v";
    "testbench.v";
    "./tester.v";
    "./controlador_synth.v";
