#! /usr/bin/vvp
:ivl_version "11.0 (stable)";
:ivl_delay_selection "TYPICAL";
:vpi_time_precision + 0;
:vpi_module "/usr/lib/x86_64-linux-gnu/ivl/system.vpi";
:vpi_module "/usr/lib/x86_64-linux-gnu/ivl/vhdl_sys.vpi";
:vpi_module "/usr/lib/x86_64-linux-gnu/ivl/vhdl_textio.vpi";
:vpi_module "/usr/lib/x86_64-linux-gnu/ivl/v2005_math.vpi";
:vpi_module "/usr/lib/x86_64-linux-gnu/ivl/va_math.vpi";
S_0x622401cb0880 .scope module, "controlador_estacionamiento_tb" "controlador_estacionamiento_tb" 2 4;
 .timescale 0 0;
v0x622401d11e70_0 .net "alarm_blocked", 0 0, v0x622401d11500_0;  1 drivers
v0x622401d11f30_0 .net "alarm_wrong_pin", 0 0, v0x622401d115c0_0;  1 drivers
v0x622401d11ff0_0 .net "clk", 0 0, v0x622401c64a30_0;  1 drivers
v0x622401d120e0_0 .net "close_gate", 0 0, v0x622401d11700_0;  1 drivers
v0x622401d121d0_0 .net "open_gate", 0 0, v0x622401d11880_0;  1 drivers
v0x622401d12310_0 .net "password_input", 15 0, v0x622401cb18c0_0;  1 drivers
v0x622401d12400_0 .net "rst", 0 0, v0x622401c96950_0;  1 drivers
v0x622401d124f0_0 .net "sensor_moved_vehicule", 0 0, v0x622401cecb90_0;  1 drivers
v0x622401d125e0_0 .net "sensor_vehicule", 0 0, v0x622401cecc50_0;  1 drivers
S_0x622401cac9b0 .scope module, "T0" "tester" 2 40, 3 1 0, S_0x622401cb0880;
 .timescale 0 0;
    .port_info 0 /OUTPUT 1 "clk";
    .port_info 1 /OUTPUT 1 "rst";
    .port_info 2 /OUTPUT 1 "sensor_vehicule";
    .port_info 3 /OUTPUT 1 "sensor_moved_vehicule";
    .port_info 4 /OUTPUT 16 "password_input";
    .port_info 5 /INPUT 1 "open_gate";
    .port_info 6 /INPUT 1 "close_gate";
    .port_info 7 /INPUT 1 "alarm_wrong_pin";
    .port_info 8 /INPUT 1 "alarm_blocked";
v0x622401cd1530_0 .net "alarm_blocked", 0 0, v0x622401d11500_0;  alias, 1 drivers
v0x622401cd1d60_0 .net "alarm_wrong_pin", 0 0, v0x622401d115c0_0;  alias, 1 drivers
v0x622401c64a30_0 .var "clk", 0 0;
v0x622401cb3750_0 .net "close_gate", 0 0, v0x622401d11700_0;  alias, 1 drivers
v0x622401cb27c0_0 .net "open_gate", 0 0, v0x622401d11880_0;  alias, 1 drivers
v0x622401cb18c0_0 .var "password_input", 15 0;
v0x622401c96950_0 .var "rst", 0 0;
v0x622401cecb90_0 .var "sensor_moved_vehicule", 0 0;
v0x622401cecc50_0 .var "sensor_vehicule", 0 0;
S_0x622401cece30 .scope module, "U0" "controlador_estacionamiento" 2 26, 4 5 0, S_0x622401cb0880;
 .timescale 0 0;
    .port_info 0 /INPUT 1 "clk";
    .port_info 1 /INPUT 1 "rst";
    .port_info 2 /INPUT 1 "sensor_vehicule";
    .port_info 3 /INPUT 1 "sensor_moved_vehicule";
    .port_info 4 /INPUT 16 "password_input";
    .port_info 5 /OUTPUT 1 "open_gate";
    .port_info 6 /OUTPUT 1 "close_gate";
    .port_info 7 /OUTPUT 1 "alarm_wrong_pin";
    .port_info 8 /OUTPUT 1 "alarm_blocked";
L_0x622401ccf590 .functor OR 1, L_0x622401d12680, L_0x622401d12720, C4<0>, C4<0>;
L_0x622401ccf900 .functor OR 1, L_0x622401d12860, L_0x622401d12990, C4<0>, C4<0>;
L_0x622401cd0070 .functor OR 1, L_0x622401d12a80, L_0x622401d12b20, C4<0>, C4<0>;
L_0x622401cd05f0 .functor OR 1, L_0x622401d12cf0, L_0x622401d12d90, C4<0>, C4<0>;
L_0x622401cd0b70 .functor OR 1, L_0x622401d12f50, L_0x622401d13080, C4<0>, C4<0>;
L_0x622401cd1390 .functor OR 1, L_0x622401d13180, L_0x622401d13220, C4<0>, C4<0>;
L_0x622401d132c0 .functor OR 1, L_0x622401d13410, L_0x622401d134b0, C4<0>, C4<0>;
L_0x622401cd1bc0 .functor OR 1, L_0x622401d13990, L_0x622401d13ac0, C4<0>, C4<0>;
L_0x622401d13ed0 .functor OR 1, L_0x622401d13ca0, L_0x622401d13e30, C4<0>, C4<0>;
L_0x622401d14130 .functor OR 1, L_0x622401d13fe0, L_0x622401d13d90, C4<0>, C4<0>;
L_0x622401d14450 .functor OR 1, L_0x622401d14250, L_0x622401d143b0, C4<0>, C4<0>;
L_0x622401d14aa0 .functor OR 1, L_0x622401d14770, L_0x622401d14920, C4<0>, C4<0>;
L_0x622401d14ef0 .functor OR 1, L_0x622401d14c70, L_0x622401d14d60, C4<0>, C4<0>;
L_0x622401d15330 .functor OR 1, L_0x622401d150f0, L_0x622401d15290, C4<0>, C4<0>;
L_0x622401d14c00 .functor OR 1, L_0x622401d154c0, L_0x622401d156c0, C4<0>, C4<0>;
L_0x622401d159c0 .functor OR 1, v0x622401c96950_0, L_0x622401d15800, C4<0>, C4<0>;
L_0x622401d158a0 .functor OR 1, L_0x622401d15b10, L_0x622401d15bb0, C4<0>, C4<0>;
L_0x622401d15dd0 .functor OR 1, L_0x622401d25130, L_0x622401d24f30, C4<0>, C4<0>;
L_0x622401d15f80 .functor OR 1, v0x622401c96950_0, L_0x622401d15ee0, C4<0>, C4<0>;
L_0x622401d16200 .functor OR 1, v0x622401c96950_0, L_0x622401d15ff0, C4<0>, C4<0>;
L_0x622401d163a0 .functor OR 1, L_0x622401d262e0, L_0x622401d25ad0, C4<0>, C4<0>;
L_0x622401d16470 .functor OR 1, L_0x622401d26f10, L_0x622401d264e0, C4<0>, C4<0>;
L_0x622401d16880 .functor OR 1, L_0x622401d15e40, L_0x622401d16660, C4<0>, C4<0>;
L_0x622401d16a10 .functor OR 1, L_0x622401d16970, L_0x622401d26d10, C4<0>, C4<0>;
L_0x622401d16ba0 .functor OR 1, L_0x622401d16a10, v0x622401c96950_0, C4<0>, C4<0>;
L_0x622401d16ec0 .functor OR 1, v0x622401c96950_0, L_0x622401d16c90, C4<0>, C4<0>;
L_0x622401d17160 .functor OR 1, L_0x622401d1e0c0, L_0x622401d17090, C4<0>, C4<0>;
L_0x622401d17560 .functor OR 1, L_0x622401d17280, L_0x622401d17490, C4<0>, C4<0>;
L_0x622401d17ab0 .functor AND 1, L_0x622401d17790, L_0x622401d179b0, C4<1>, C4<1>;
L_0x622401d17f20 .functor AND 1, L_0x622401d17bf0, L_0x622401d17e20, C4<1>, C4<1>;
L_0x622401d183a0 .functor OR 1, L_0x622401d158a0, L_0x622401d18160, C4<0>, C4<0>;
L_0x622401d18550 .functor OR 1, L_0x622401d184b0, L_0x622401d16880, C4<0>, C4<0>;
L_0x622401d189c0 .functor OR 1, L_0x622401d18770, L_0x622401d16880, C4<0>, C4<0>;
L_0x622401d18b20 .functor OR 1, L_0x622401d18a80, L_0x622401d16880, C4<0>, C4<0>;
L_0x622401d18d30 .functor OR 1, v0x622401c96950_0, v0x622401cecb90_0, C4<0>, C4<0>;
L_0x622401d18da0 .functor OR 1, v0x622401c96950_0, L_0x622401d18fb0, C4<0>, C4<0>;
L_0x622401d18c10 .functor OR 1, v0x622401c96950_0, L_0x622401d17160, C4<0>, C4<0>;
L_0x622401d18cb0 .functor OR 1, v0x622401c96950_0, v0x622401cecc50_0, C4<0>, C4<0>;
L_0x622401d18fb0 .functor NOT 1, L_0x622401d14c00, C4<0>, C4<0>, C4<0>;
L_0x622401d190c0 .functor NOT 1, L_0x622401d159c0, C4<0>, C4<0>, C4<0>;
L_0x622401d192d0 .functor NOT 1, L_0x622401d15f80, C4<0>, C4<0>, C4<0>;
L_0x622401d19390 .functor NOT 1, L_0x622401d16200, C4<0>, C4<0>, C4<0>;
L_0x622401d195b0 .functor NOT 1, L_0x622401d18d30, C4<0>, C4<0>, C4<0>;
L_0x622401d19670 .functor NOT 1, L_0x622401d18da0, C4<0>, C4<0>, C4<0>;
L_0x622401d198a0 .functor NOT 1, L_0x622401d18c10, C4<0>, C4<0>, C4<0>;
L_0x622401d19960 .functor NOT 1, L_0x622401d18cb0, C4<0>, C4<0>, C4<0>;
L_0x622401d19ba0 .functor NOT 1, L_0x622401d16ec0, C4<0>, C4<0>, C4<0>;
L_0x622401d1dec0 .functor NOT 1, v0x622401c96950_0, C4<0>, C4<0>, C4<0>;
L_0x622401d1e0c0 .functor NOT 1, L_0x622401d27c20, C4<0>, C4<0>, C4<0>;
L_0x622401d1e4d0 .functor NOT 1, L_0x622401d1e180, C4<0>, C4<0>, C4<0>;
L_0x622401d1e7d0 .functor NOT 1, L_0x622401d1e730, C4<0>, C4<0>, C4<0>;
L_0x71eaea475258 .functor BUFT 1, C4<1>, C4<0>, C4<0>, C4<0>;
L_0x622401d1ec80 .functor XOR 1, L_0x622401d1e890, L_0x71eaea475258, C4<0>, C4<0>;
L_0x71eaea4752a0 .functor BUFT 1, C4<1>, C4<0>, C4<0>, C4<0>;
L_0x622401d1ef90 .functor XOR 1, L_0x622401d1eef0, L_0x71eaea4752a0, C4<0>, C4<0>;
L_0x622401d1f500 .functor AND 1, L_0x622401d1f0a0, L_0x622401d1f460, C4<1>, C4<1>;
L_0x622401d1fc40 .functor OR 1, L_0x622401d1f7d0, L_0x622401d1fb50, C4<0>, C4<0>;
L_0x622401d20180 .functor AND 1, L_0x622401d1fd50, L_0x622401d200e0, C4<1>, C4<1>;
L_0x622401d208f0 .functor AND 1, L_0x622401d20460, L_0x622401d20800, C4<1>, C4<1>;
L_0x622401d20e50 .functor AND 1, L_0x622401d20a00, L_0x622401d20db0, C4<1>, C4<1>;
L_0x622401d215a0 .functor OR 1, L_0x622401d210f0, L_0x622401d214b0, C4<0>, C4<0>;
L_0x622401d21a80 .functor OR 1, L_0x622401d216b0, L_0x622401d20e50, C4<0>, C4<0>;
L_0x71eaea4752e8 .functor BUFT 1, C4<1>, C4<0>, C4<0>, C4<0>;
L_0x622401d21e20 .functor XOR 1, L_0x622401d21d80, L_0x71eaea4752e8, C4<0>, C4<0>;
L_0x71eaea475330 .functor BUFT 1, C4<1>, C4<0>, C4<0>, C4<0>;
L_0x622401d22340 .functor XOR 1, L_0x622401d21f60, L_0x71eaea475330, C4<0>, C4<0>;
L_0x71eaea475378 .functor BUFT 1, C4<1>, C4<0>, C4<0>, C4<0>;
L_0x622401d22720 .functor XOR 1, L_0x622401d22680, L_0x71eaea475378, C4<0>, C4<0>;
L_0x71eaea4753c0 .functor BUFT 1, C4<1>, C4<0>, C4<0>, C4<0>;
L_0x622401d22c50 .functor XOR 1, L_0x622401d22860, L_0x71eaea4753c0, C4<0>, C4<0>;
L_0x71eaea475408 .functor BUFT 1, C4<1>, C4<0>, C4<0>, C4<0>;
L_0x622401d23040 .functor XOR 1, L_0x622401d22fa0, L_0x71eaea475408, C4<0>, C4<0>;
L_0x71eaea475450 .functor BUFT 1, C4<1>, C4<0>, C4<0>, C4<0>;
L_0x622401d23580 .functor XOR 1, L_0x622401d23180, L_0x71eaea475450, C4<0>, C4<0>;
L_0x71eaea475498 .functor BUFT 1, C4<1>, C4<0>, C4<0>, C4<0>;
L_0x622401d23980 .functor XOR 1, L_0x622401d238e0, L_0x71eaea475498, C4<0>, C4<0>;
L_0x71eaea4754e0 .functor BUFT 1, C4<1>, C4<0>, C4<0>, C4<0>;
L_0x622401d23ed0 .functor XOR 1, L_0x622401d23ac0, L_0x71eaea4754e0, C4<0>, C4<0>;
L_0x71eaea475528 .functor BUFT 1, C4<1>, C4<0>, C4<0>, C4<0>;
L_0x622401d24240 .functor XOR 1, v0x622401cecb90_0, L_0x71eaea475528, C4<0>, C4<0>;
L_0x622401d24350 .functor AND 1, L_0x622401d190c0, L_0x622401d242b0, C4<1>, C4<1>;
L_0x71eaea475570 .functor BUFT 1, C4<1>, C4<0>, C4<0>, C4<0>;
L_0x622401d246d0 .functor XOR 1, L_0x622401d18fb0, L_0x71eaea475570, C4<0>, C4<0>;
L_0x71eaea4755b8 .functor BUFT 1, C4<1>, C4<0>, C4<0>, C4<0>;
L_0x622401d24790 .functor XOR 1, v0x622401cecc50_0, L_0x71eaea4755b8, C4<0>, C4<0>;
L_0x622401d24f30 .functor AND 1, L_0x622401d192d0, L_0x622401d24b10, C4<1>, C4<1>;
L_0x622401d25130 .functor AND 1, L_0x622401d195b0, L_0x622401d25090, C4<1>, C4<1>;
L_0x622401d25920 .functor AND 1, L_0x622401d19670, L_0x622401d254f0, C4<1>, C4<1>;
L_0x622401d25ad0 .functor AND 1, L_0x622401d198a0, L_0x622401d25a30, C4<1>, C4<1>;
L_0x622401d262e0 .functor AND 1, L_0x622401d19390, L_0x622401d25ea0, C4<1>, C4<1>;
L_0x622401d264e0 .functor AND 1, L_0x622401d1dec0, L_0x622401d26440, C4<1>, C4<1>;
L_0x622401d26d10 .functor AND 1, L_0x622401d19960, L_0x622401d268c0, C4<1>, C4<1>;
L_0x622401d26f10 .functor AND 1, L_0x622401d19ba0, L_0x622401d26e70, C4<1>, C4<1>;
L_0x71eaea475600 .functor BUFT 1, C4<1>, C4<0>, C4<0>, C4<0>;
L_0x622401d27300 .functor XOR 1, L_0x622401d17160, L_0x71eaea475600, C4<0>, C4<0>;
L_0x622401d27820 .functor AND 1, L_0x622401d1dec0, L_0x622401d273c0, C4<1>, C4<1>;
L_0x622401d27c20 .functor OR 1, L_0x622401d1e4d0, L_0x622401d27b80, C4<0>, C4<0>;
L_0x622401d28290 .functor AND 1, L_0x622401d27d80, L_0x622401d281f0, C4<1>, C4<1>;
L_0x622401d28c00 .functor AND 1, L_0x622401d28650, L_0x622401d28b60, C4<1>, C4<1>;
L_0x622401d291f0 .functor AND 1, L_0x622401d28cc0, L_0x622401d29150, C4<1>, C4<1>;
L_0x622401d29a10 .functor OR 1, L_0x622401d1e7d0, L_0x622401d29570, C4<0>, C4<0>;
L_0x622401d29c10 .functor AND 1, L_0x622401d1b060, L_0x622401d29b70, C4<1>, C4<1>;
L_0x622401d2a540 .functor XOR 1, L_0x622401d29ff0, L_0x622401d2a4a0, C4<0>, C4<0>;
L_0x622401d2abb0 .functor XOR 1, L_0x622401d2a650, L_0x622401d2ab10, C4<0>, C4<0>;
L_0x622401d3c5d0 .functor BUFZ 1, v0x622401c96950_0, C4<0>, C4<0>, C4<0>;
L_0x622401d3c870 .functor BUFZ 1, v0x622401c96950_0, C4<0>, C4<0>, C4<0>;
L_0x622401d3ca70 .functor BUFZ 1, v0x622401c96950_0, C4<0>, C4<0>, C4<0>;
L_0x622401d3cb30 .functor BUFZ 1, v0x622401c96950_0, C4<0>, C4<0>, C4<0>;
v0x622401cfd2e0_0 .net "_000_", 0 0, L_0x622401d1ad40;  1 drivers
v0x622401cfd3e0_0 .net "_001_", 0 0, L_0x622401d1b1b0;  1 drivers
v0x622401cfd4c0_0 .net "_002_", 0 0, L_0x622401d1b510;  1 drivers
v0x622401cfd580_0 .net "_003_", 2 0, L_0x622401d1a460;  1 drivers
v0x622401cfd680_0 .net "_004_", 0 0, L_0x622401d1ac00;  1 drivers
v0x622401cfd760_0 .net "_005_", 31 0, L_0x622401d420c0;  1 drivers
v0x622401cfd840_0 .net "_006_", 0 0, L_0x622401d26d10;  1 drivers
v0x622401cfd900_0 .net "_007_", 0 0, L_0x622401d24350;  1 drivers
v0x622401cfd9c0_0 .net "_008_", 0 0, L_0x622401d27820;  1 drivers
v0x622401cfdb10_0 .net "_009_", 0 0, L_0x622401d26f10;  1 drivers
v0x622401cfdbd0_0 .net "_010_", 0 0, L_0x622401d264e0;  1 drivers
v0x622401cfdc90_0 .net "_011_", 0 0, L_0x622401d262e0;  1 drivers
v0x622401cfdd50_0 .net "_012_", 0 0, L_0x622401d25ad0;  1 drivers
v0x622401cfde10_0 .net "_013_", 0 0, L_0x622401d25920;  1 drivers
v0x622401cfded0_0 .net "_014_", 0 0, L_0x622401d25130;  1 drivers
v0x622401cfdf90_0 .net "_015_", 0 0, L_0x622401d24f30;  1 drivers
v0x622401cfe050_0 .net "_016_", 6 0, L_0x622401d3afb0;  1 drivers
v0x622401cfe130_0 .net "_017_", 0 0, L_0x622401d19960;  1 drivers
v0x622401cfe1f0_0 .net "_018_", 0 0, L_0x622401d190c0;  1 drivers
v0x622401cfe2b0_0 .net "_019_", 0 0, L_0x622401d1dec0;  1 drivers
v0x622401cfe370_0 .net "_020_", 0 0, L_0x622401d19ba0;  1 drivers
v0x622401cfe430_0 .net "_021_", 0 0, L_0x622401d19390;  1 drivers
v0x622401cfe4f0_0 .net "_022_", 0 0, L_0x622401d198a0;  1 drivers
v0x622401cfe5b0_0 .net "_023_", 0 0, L_0x622401d19670;  1 drivers
v0x622401cfe670_0 .net "_024_", 0 0, L_0x622401d195b0;  1 drivers
v0x622401cfe730_0 .net "_025_", 0 0, L_0x622401d192d0;  1 drivers
v0x622401cfe7f0_0 .net "_026_", 0 0, L_0x622401d16880;  1 drivers
v0x622401cfe8b0_0 .net "_027_", 0 0, L_0x622401d158a0;  1 drivers
v0x622401cfe970_0 .net "_028_", 7 0, L_0x622401d13670;  1 drivers
v0x622401cfea50_0 .net "_029_", 3 0, L_0x622401d14510;  1 drivers
v0x622401cfeb30_0 .net "_030_", 1 0, L_0x622401d15000;  1 drivers
v0x622401cfec10_0 .net "_031_", 0 0, L_0x622401d16a10;  1 drivers
v0x622401cfecd0_0 .net "_032_", 15 0, L_0x622401d3b5d0;  1 drivers
v0x622401cfedb0_0 .net "_033_", 7 0, L_0x622401d3b1e0;  1 drivers
v0x622401cfee90_0 .net "_034_", 15 0, L_0x622401d3b360;  1 drivers
v0x622401cfef70_0 .net "_035_", 7 0, L_0x622401d3b6c0;  1 drivers
v0x622401cff050_0 .net "_036_", 0 0, L_0x622401d18d30;  1 drivers
v0x622401cff110_0 .net "_037_", 0 0, L_0x622401d18da0;  1 drivers
v0x622401cff1d0_0 .net "_038_", 0 0, L_0x622401d18c10;  1 drivers
v0x622401cff290_0 .net "_039_", 0 0, L_0x622401d18cb0;  1 drivers
v0x622401cff350_0 .net "_040_", 15 0, L_0x622401d3b850;  1 drivers
v0x622401cff430_0 .net "_041_", 1 0, L_0x622401d3cba0;  1 drivers
v0x622401cff510_0 .net "_042_", 1 0, L_0x622401d3c730;  1 drivers
v0x622401cff5f0_0 .net "_043_", 1 0, L_0x622401d3c930;  1 drivers
v0x622401cff6d0_0 .net "_044_", 1 0, L_0x622401d3cc40;  1 drivers
v0x622401cff7b0_0 .net "_045_", 0 0, L_0x622401d14c00;  1 drivers
v0x622401cff870_0 .net "_046_", 0 0, L_0x622401d159c0;  1 drivers
v0x622401cff930_0 .net "_047_", 0 0, L_0x622401d15f80;  1 drivers
v0x622401cff9f0_0 .net "_048_", 0 0, L_0x622401d16200;  1 drivers
v0x622401cffab0_0 .net "_049_", 0 0, L_0x622401d16ec0;  1 drivers
v0x622401cffb70_0 .net "_050_", 0 0, L_0x622401d18fb0;  1 drivers
v0x622401cffe60_0 .net "_051_", 0 0, L_0x622401d17160;  1 drivers
v0x622401cfff40_0 .net "_052_", 0 0, L_0x622401d1ceb0;  1 drivers
v0x622401d00000_0 .net "_053_", 0 0, L_0x622401d1d360;  1 drivers
v0x622401d000c0_0 .net "_054_", 0 0, L_0x622401d1b060;  1 drivers
v0x622401d00180_0 .net "_055_", 1 0, L_0x622401d3d8e0;  1 drivers
v0x622401d00260_0 .net "_056_", 0 0, L_0x622401d1d820;  1 drivers
v0x622401d00320_0 .net "_057_", 0 0, L_0x622401d1dd30;  1 drivers
v0x622401d003e0_0 .net "_058_", 5 0, L_0x622401d3d450;  1 drivers
v0x622401d004e0_0 .net "_059_", 2 0, L_0x622401d1c340;  1 drivers
v0x622401d005c0_0 .net "_060_", 31 0, L_0x622401d3d670;  1 drivers
v0x622401d006c0_0 .net "_061_", 0 0, L_0x622401d1e4d0;  1 drivers
v0x622401d00780_0 .net "_062_", 0 0, L_0x622401d1e0c0;  1 drivers
v0x622401d00990_0 .net "_063_", 0 0, L_0x622401d27c20;  1 drivers
v0x622401d00a30_0 .net "_064_", 31 0, L_0x622401d3ed30;  1 drivers
v0x622401d00ee0_0 .net "_065_", 0 0, L_0x622401d1e7d0;  1 drivers
v0x622401d00fa0_0 .net "_066_", 0 0, L_0x622401d29a10;  1 drivers
v0x622401d01060_0 .net "_067_", 0 0, L_0x622401d183a0;  1 drivers
v0x622401d01140_0 .net "_068_", 0 0, L_0x622401d18550;  1 drivers
v0x622401d01220_0 .net "_069_", 0 0, L_0x622401d189c0;  1 drivers
v0x622401d01300_0 .net "_070_", 0 0, L_0x622401d18b20;  1 drivers
v0x622401d013e0_0 .net "_071_", 0 0, L_0x622401d17560;  1 drivers
v0x622401d01530_0 .net "_072_", 0 0, L_0x622401d20e50;  1 drivers
v0x622401d015d0_0 .net *"_ivl_101", 0 0, L_0x622401d14c70;  1 drivers
v0x622401d016b0_0 .net *"_ivl_103", 0 0, L_0x622401d14d60;  1 drivers
v0x622401d01790_0 .net *"_ivl_104", 0 0, L_0x622401d14ef0;  1 drivers
v0x622401d01870_0 .net *"_ivl_11", 0 0, L_0x622401d12860;  1 drivers
v0x622401d01950_0 .net *"_ivl_110", 0 0, L_0x622401d150f0;  1 drivers
v0x622401d01a30_0 .net *"_ivl_112", 0 0, L_0x622401d15290;  1 drivers
v0x622401d01b10_0 .net *"_ivl_113", 0 0, L_0x622401d15330;  1 drivers
v0x622401d01c20_0 .net *"_ivl_116", 0 0, L_0x622401d154c0;  1 drivers
v0x622401d01d00_0 .net *"_ivl_118", 0 0, L_0x622401d156c0;  1 drivers
v0x622401d01de0_0 .net *"_ivl_122", 0 0, L_0x622401d15800;  1 drivers
v0x622401d01ec0_0 .net *"_ivl_126", 0 0, L_0x622401d15b10;  1 drivers
v0x622401d01fa0_0 .net *"_ivl_128", 0 0, L_0x622401d15bb0;  1 drivers
v0x622401d02080_0 .net *"_ivl_13", 0 0, L_0x622401d12990;  1 drivers
v0x622401d02160_0 .net *"_ivl_133", 0 0, L_0x622401d15dd0;  1 drivers
v0x622401d02240_0 .net *"_ivl_136", 0 0, L_0x622401d15ee0;  1 drivers
v0x622401d02320_0 .net *"_ivl_14", 0 0, L_0x622401ccf900;  1 drivers
v0x622401d02400_0 .net *"_ivl_140", 0 0, L_0x622401d15ff0;  1 drivers
v0x622401d024e0_0 .net *"_ivl_145", 0 0, L_0x622401d163a0;  1 drivers
v0x622401d025c0_0 .net *"_ivl_149", 0 0, L_0x622401d16470;  1 drivers
v0x622401d026a0_0 .net *"_ivl_152", 0 0, L_0x622401d15e40;  1 drivers
v0x622401d02780_0 .net *"_ivl_154", 0 0, L_0x622401d16660;  1 drivers
v0x622401d02860_0 .net *"_ivl_158", 0 0, L_0x622401d16970;  1 drivers
v0x622401d02940_0 .net *"_ivl_163", 0 0, L_0x622401d16ba0;  1 drivers
v0x622401d02a20_0 .net *"_ivl_166", 0 0, L_0x622401d16c90;  1 drivers
v0x622401d02b00_0 .net *"_ivl_170", 0 0, L_0x622401d17090;  1 drivers
v0x622401d02be0_0 .net *"_ivl_174", 0 0, L_0x622401d17280;  1 drivers
v0x622401d02cc0_0 .net *"_ivl_176", 0 0, L_0x622401d17490;  1 drivers
v0x622401d02da0_0 .net *"_ivl_182", 0 0, L_0x622401d17790;  1 drivers
v0x622401d02e80_0 .net *"_ivl_184", 0 0, L_0x622401d179b0;  1 drivers
v0x622401d02f60_0 .net *"_ivl_185", 0 0, L_0x622401d17ab0;  1 drivers
v0x622401d03040_0 .net *"_ivl_19", 0 0, L_0x622401d12a80;  1 drivers
v0x622401d03120_0 .net *"_ivl_190", 0 0, L_0x622401d17bf0;  1 drivers
v0x622401d03200_0 .net *"_ivl_192", 0 0, L_0x622401d17e20;  1 drivers
v0x622401d032e0_0 .net *"_ivl_193", 0 0, L_0x622401d17f20;  1 drivers
v0x622401d033c0_0 .net *"_ivl_196", 0 0, L_0x622401d18160;  1 drivers
v0x622401d034a0_0 .net *"_ivl_200", 0 0, L_0x622401d184b0;  1 drivers
v0x622401d03580_0 .net *"_ivl_204", 0 0, L_0x622401d18770;  1 drivers
v0x622401d03660_0 .net *"_ivl_208", 0 0, L_0x622401d18a80;  1 drivers
v0x622401d03740_0 .net *"_ivl_21", 0 0, L_0x622401d12b20;  1 drivers
v0x622401d03820_0 .net *"_ivl_22", 0 0, L_0x622401cd0070;  1 drivers
L_0x71eaea475018 .functor BUFT 1, C4<0>, C4<0>, C4<0>, C4<0>;
v0x622401d03900_0 .net/2u *"_ivl_239", 0 0, L_0x71eaea475018;  1 drivers
v0x622401d039e0_0 .net *"_ivl_242", 0 0, L_0x622401d19c60;  1 drivers
v0x622401d03ac0_0 .net *"_ivl_243", 0 0, L_0x622401d19ef0;  1 drivers
L_0x71eaea475060 .functor BUFT 1, C4<0>, C4<0>, C4<0>, C4<0>;
v0x622401d03ba0_0 .net/2u *"_ivl_247", 0 0, L_0x71eaea475060;  1 drivers
v0x622401d03c80_0 .net *"_ivl_250", 0 0, L_0x622401d1a060;  1 drivers
v0x622401d03d60_0 .net *"_ivl_251", 0 0, L_0x622401d1a320;  1 drivers
L_0x71eaea4750a8 .functor BUFT 1, C4<0>, C4<0>, C4<0>, C4<0>;
v0x622401d03e40_0 .net/2u *"_ivl_256", 0 0, L_0x71eaea4750a8;  1 drivers
v0x622401d03f20_0 .net *"_ivl_259", 0 0, L_0x622401d1a7b0;  1 drivers
v0x622401d04000_0 .net *"_ivl_260", 0 0, L_0x622401d1a880;  1 drivers
L_0x71eaea4750f0 .functor BUFT 1, C4<0>, C4<0>, C4<0>, C4<0>;
v0x622401d040e0_0 .net/2u *"_ivl_262", 0 0, L_0x71eaea4750f0;  1 drivers
L_0x71eaea475138 .functor BUFT 1, C4<0>, C4<0>, C4<0>, C4<0>;
v0x622401d041c0_0 .net/2u *"_ivl_266", 0 0, L_0x71eaea475138;  1 drivers
v0x622401d042a0_0 .net *"_ivl_27", 0 0, L_0x622401d12cf0;  1 drivers
L_0x71eaea475180 .functor BUFT 1, C4<1>, C4<0>, C4<0>, C4<0>;
v0x622401d04380_0 .net/2u *"_ivl_270", 0 0, L_0x71eaea475180;  1 drivers
L_0x71eaea4751c8 .functor BUFT 1, C4<0>, C4<0>, C4<0>, C4<0>;
v0x622401d04460_0 .net/2u *"_ivl_274", 0 0, L_0x71eaea4751c8;  1 drivers
L_0x71eaea475210 .functor BUFT 1, C4<0>, C4<0>, C4<0>, C4<0>;
v0x622401d04540_0 .net/2u *"_ivl_278", 0 0, L_0x71eaea475210;  1 drivers
v0x622401d04620_0 .net *"_ivl_285", 0 0, L_0x622401d1b660;  1 drivers
v0x622401d04f10_0 .net *"_ivl_287", 0 0, L_0x622401d1b950;  1 drivers
v0x622401d04ff0_0 .net *"_ivl_288", 0 0, L_0x622401d1ba70;  1 drivers
v0x622401d050d0_0 .net *"_ivl_29", 0 0, L_0x622401d12d90;  1 drivers
v0x622401d051b0_0 .net *"_ivl_293", 0 0, L_0x622401d1be30;  1 drivers
v0x622401d05290_0 .net *"_ivl_295", 0 0, L_0x622401d1bf20;  1 drivers
v0x622401d05370_0 .net *"_ivl_296", 0 0, L_0x622401d1c200;  1 drivers
v0x622401d05450_0 .net *"_ivl_3", 0 0, L_0x622401d12680;  1 drivers
v0x622401d05530_0 .net *"_ivl_30", 0 0, L_0x622401cd05f0;  1 drivers
v0x622401d05610_0 .net *"_ivl_302", 0 0, L_0x622401d1c680;  1 drivers
v0x622401d056f0_0 .net *"_ivl_304", 0 0, L_0x622401d1c720;  1 drivers
v0x622401d057d0_0 .net *"_ivl_305", 0 0, L_0x622401d1ca20;  1 drivers
v0x622401d058b0_0 .net *"_ivl_308", 0 0, L_0x622401d1cba0;  1 drivers
v0x622401d05990_0 .net *"_ivl_312", 0 0, L_0x622401d1d040;  1 drivers
v0x622401d05a70_0 .net *"_ivl_316", 0 0, L_0x622401d1d4f0;  1 drivers
v0x622401d05b50_0 .net *"_ivl_320", 0 0, L_0x622401d1d9f0;  1 drivers
v0x622401d05c30_0 .net *"_ivl_328", 0 0, L_0x622401d1e180;  1 drivers
v0x622401d05d10_0 .net *"_ivl_332", 0 0, L_0x622401d1e730;  1 drivers
v0x622401d05df0_0 .net *"_ivl_338", 0 0, L_0x622401d1e890;  1 drivers
v0x622401d05ed0_0 .net/2u *"_ivl_339", 0 0, L_0x71eaea475258;  1 drivers
v0x622401d05fb0_0 .net *"_ivl_341", 0 0, L_0x622401d1ec80;  1 drivers
v0x622401d06090_0 .net *"_ivl_346", 0 0, L_0x622401d1eef0;  1 drivers
v0x622401d06170_0 .net/2u *"_ivl_347", 0 0, L_0x71eaea4752a0;  1 drivers
v0x622401d06250_0 .net *"_ivl_349", 0 0, L_0x622401d1ef90;  1 drivers
v0x622401d06330_0 .net *"_ivl_35", 0 0, L_0x622401d12f50;  1 drivers
v0x622401d06410_0 .net *"_ivl_354", 0 0, L_0x622401d1f0a0;  1 drivers
v0x622401d064f0_0 .net *"_ivl_356", 0 0, L_0x622401d1f460;  1 drivers
v0x622401d065d0_0 .net *"_ivl_357", 0 0, L_0x622401d1f500;  1 drivers
v0x622401d066b0_0 .net *"_ivl_362", 0 0, L_0x622401d1f7d0;  1 drivers
v0x622401d06790_0 .net *"_ivl_364", 0 0, L_0x622401d1fb50;  1 drivers
v0x622401d06870_0 .net *"_ivl_365", 0 0, L_0x622401d1fc40;  1 drivers
v0x622401d06950_0 .net *"_ivl_37", 0 0, L_0x622401d13080;  1 drivers
v0x622401d06a30_0 .net *"_ivl_370", 0 0, L_0x622401d1fd50;  1 drivers
v0x622401d06b10_0 .net *"_ivl_372", 0 0, L_0x622401d200e0;  1 drivers
v0x622401d06bf0_0 .net *"_ivl_373", 0 0, L_0x622401d20180;  1 drivers
v0x622401d06cd0_0 .net *"_ivl_378", 0 0, L_0x622401d20460;  1 drivers
v0x622401d06db0_0 .net *"_ivl_38", 0 0, L_0x622401cd0b70;  1 drivers
v0x622401d06e90_0 .net *"_ivl_380", 0 0, L_0x622401d20800;  1 drivers
v0x622401d06f70_0 .net *"_ivl_381", 0 0, L_0x622401d208f0;  1 drivers
v0x622401d07050_0 .net *"_ivl_384", 0 0, L_0x622401d20a00;  1 drivers
v0x622401d07130_0 .net *"_ivl_386", 0 0, L_0x622401d20db0;  1 drivers
v0x622401d07210_0 .net *"_ivl_392", 0 0, L_0x622401d210f0;  1 drivers
v0x622401d072f0_0 .net *"_ivl_394", 0 0, L_0x622401d214b0;  1 drivers
v0x622401d073d0_0 .net *"_ivl_395", 0 0, L_0x622401d215a0;  1 drivers
v0x622401d074b0_0 .net *"_ivl_400", 0 0, L_0x622401d216b0;  1 drivers
v0x622401d07590_0 .net *"_ivl_401", 0 0, L_0x622401d21a80;  1 drivers
v0x622401d07670_0 .net *"_ivl_406", 0 0, L_0x622401d21d80;  1 drivers
v0x622401d07750_0 .net/2u *"_ivl_407", 0 0, L_0x71eaea4752e8;  1 drivers
v0x622401d07830_0 .net *"_ivl_409", 0 0, L_0x622401d21e20;  1 drivers
v0x622401d07910_0 .net *"_ivl_414", 0 0, L_0x622401d21f60;  1 drivers
v0x622401d079f0_0 .net/2u *"_ivl_415", 0 0, L_0x71eaea475330;  1 drivers
v0x622401d07ad0_0 .net *"_ivl_417", 0 0, L_0x622401d22340;  1 drivers
v0x622401d07bb0_0 .net *"_ivl_422", 0 0, L_0x622401d22680;  1 drivers
v0x622401d07c90_0 .net/2u *"_ivl_423", 0 0, L_0x71eaea475378;  1 drivers
v0x622401d07d70_0 .net *"_ivl_425", 0 0, L_0x622401d22720;  1 drivers
v0x622401d07e50_0 .net *"_ivl_43", 0 0, L_0x622401d13180;  1 drivers
v0x622401d07f30_0 .net *"_ivl_430", 0 0, L_0x622401d22860;  1 drivers
v0x622401d08010_0 .net/2u *"_ivl_431", 0 0, L_0x71eaea4753c0;  1 drivers
v0x622401d080f0_0 .net *"_ivl_433", 0 0, L_0x622401d22c50;  1 drivers
v0x622401d081d0_0 .net *"_ivl_438", 0 0, L_0x622401d22fa0;  1 drivers
v0x622401d082b0_0 .net/2u *"_ivl_439", 0 0, L_0x71eaea475408;  1 drivers
v0x622401d08390_0 .net *"_ivl_441", 0 0, L_0x622401d23040;  1 drivers
v0x622401d08470_0 .net *"_ivl_446", 0 0, L_0x622401d23180;  1 drivers
v0x622401d08550_0 .net/2u *"_ivl_447", 0 0, L_0x71eaea475450;  1 drivers
v0x622401d08630_0 .net *"_ivl_449", 0 0, L_0x622401d23580;  1 drivers
v0x622401d08710_0 .net *"_ivl_45", 0 0, L_0x622401d13220;  1 drivers
v0x622401d087f0_0 .net *"_ivl_454", 0 0, L_0x622401d238e0;  1 drivers
v0x622401d088d0_0 .net/2u *"_ivl_455", 0 0, L_0x71eaea475498;  1 drivers
v0x622401d089b0_0 .net *"_ivl_457", 0 0, L_0x622401d23980;  1 drivers
v0x622401d08a90_0 .net *"_ivl_46", 0 0, L_0x622401cd1390;  1 drivers
v0x622401d08b70_0 .net *"_ivl_462", 0 0, L_0x622401d23ac0;  1 drivers
v0x622401d08c50_0 .net/2u *"_ivl_463", 0 0, L_0x71eaea4754e0;  1 drivers
v0x622401d08d30_0 .net *"_ivl_465", 0 0, L_0x622401d23ed0;  1 drivers
v0x622401d08e10_0 .net/2u *"_ivl_469", 0 0, L_0x71eaea475528;  1 drivers
v0x622401d08ef0_0 .net *"_ivl_471", 0 0, L_0x622401d24240;  1 drivers
v0x622401d08fd0_0 .net *"_ivl_474", 0 0, L_0x622401d242b0;  1 drivers
v0x622401d090b0_0 .net/2u *"_ivl_479", 0 0, L_0x71eaea475570;  1 drivers
v0x622401d09190_0 .net *"_ivl_481", 0 0, L_0x622401d246d0;  1 drivers
v0x622401d09270_0 .net/2u *"_ivl_485", 0 0, L_0x71eaea4755b8;  1 drivers
v0x622401d09350_0 .net *"_ivl_487", 0 0, L_0x622401d24790;  1 drivers
v0x622401d09430_0 .net *"_ivl_490", 0 0, L_0x622401d24b10;  1 drivers
v0x622401d09510_0 .net *"_ivl_494", 0 0, L_0x622401d25090;  1 drivers
v0x622401d095f0_0 .net *"_ivl_498", 0 0, L_0x622401d254f0;  1 drivers
v0x622401d096d0_0 .net *"_ivl_5", 0 0, L_0x622401d12720;  1 drivers
v0x622401d097b0_0 .net *"_ivl_502", 0 0, L_0x622401d25a30;  1 drivers
v0x622401d09890_0 .net *"_ivl_506", 0 0, L_0x622401d25ea0;  1 drivers
v0x622401d09970_0 .net *"_ivl_51", 0 0, L_0x622401d13410;  1 drivers
v0x622401d09a50_0 .net *"_ivl_510", 0 0, L_0x622401d26440;  1 drivers
v0x622401d09b30_0 .net *"_ivl_514", 0 0, L_0x622401d268c0;  1 drivers
v0x622401d09c10_0 .net *"_ivl_518", 0 0, L_0x622401d26e70;  1 drivers
v0x622401d09cf0_0 .net/2u *"_ivl_523", 0 0, L_0x71eaea475600;  1 drivers
v0x622401d09dd0_0 .net *"_ivl_525", 0 0, L_0x622401d27300;  1 drivers
v0x622401d09eb0_0 .net *"_ivl_528", 0 0, L_0x622401d273c0;  1 drivers
v0x622401d09f90_0 .net *"_ivl_53", 0 0, L_0x622401d134b0;  1 drivers
v0x622401d0a070_0 .net *"_ivl_532", 0 0, L_0x622401d27b80;  1 drivers
v0x622401d0a150_0 .net *"_ivl_538", 0 0, L_0x622401d27d80;  1 drivers
v0x622401d0a230_0 .net *"_ivl_54", 0 0, L_0x622401d132c0;  1 drivers
v0x622401d0a310_0 .net *"_ivl_540", 0 0, L_0x622401d281f0;  1 drivers
v0x622401d0a3f0_0 .net *"_ivl_541", 0 0, L_0x622401d28290;  1 drivers
v0x622401d0a4d0_0 .net *"_ivl_546", 0 0, L_0x622401d28650;  1 drivers
v0x622401d0a5b0_0 .net *"_ivl_548", 0 0, L_0x622401d28b60;  1 drivers
v0x622401d0a690_0 .net *"_ivl_549", 0 0, L_0x622401d28c00;  1 drivers
v0x622401d0a770_0 .net *"_ivl_554", 0 0, L_0x622401d28cc0;  1 drivers
v0x622401d0a850_0 .net *"_ivl_556", 0 0, L_0x622401d29150;  1 drivers
v0x622401d0a930_0 .net *"_ivl_557", 0 0, L_0x622401d291f0;  1 drivers
v0x622401d0aa10_0 .net *"_ivl_560", 0 0, L_0x622401d29570;  1 drivers
v0x622401d0aaf0_0 .net *"_ivl_566", 0 0, L_0x622401d29b70;  1 drivers
v0x622401d0abd0_0 .net *"_ivl_567", 0 0, L_0x622401d29c10;  1 drivers
v0x622401d0acb0_0 .net *"_ivl_572", 0 0, L_0x622401d29ff0;  1 drivers
v0x622401d0ad90_0 .net *"_ivl_574", 0 0, L_0x622401d2a4a0;  1 drivers
v0x622401d0ae70_0 .net *"_ivl_575", 0 0, L_0x622401d2a540;  1 drivers
v0x622401d0af50_0 .net *"_ivl_580", 0 0, L_0x622401d2a650;  1 drivers
v0x622401d0b030_0 .net *"_ivl_582", 0 0, L_0x622401d2ab10;  1 drivers
v0x622401d0b110_0 .net *"_ivl_583", 0 0, L_0x622401d2abb0;  1 drivers
L_0x71eaea475648 .functor BUFT 1, C4<0000000000000000000000000000>, C4<0>, C4<0>, C4<0>;
v0x622401d0b1f0_0 .net/2u *"_ivl_587", 27 0, L_0x71eaea475648;  1 drivers
v0x622401d0b2d0_0 .net *"_ivl_589", 0 0, L_0x622401d2a6f0;  1 drivers
v0x622401d0b3b0_0 .net *"_ivl_591", 1 0, L_0x622401d2a7e0;  1 drivers
v0x622401d0b490_0 .net *"_ivl_597", 2 0, L_0x622401d2a920;  1 drivers
v0x622401d0b570_0 .net *"_ivl_6", 0 0, L_0x622401ccf590;  1 drivers
v0x622401d0b650_0 .net *"_ivl_60", 0 0, L_0x622401d13990;  1 drivers
L_0x71eaea475690 .functor BUFT 1, C4<11111111111111>, C4<0>, C4<0>, C4<0>;
v0x622401d0b730_0 .net/2u *"_ivl_602", 13 0, L_0x71eaea475690;  1 drivers
L_0x71eaea4756d8 .functor BUFT 1, C4<1111111>, C4<0>, C4<0>, C4<0>;
v0x622401d0b810_0 .net/2u *"_ivl_607", 6 0, L_0x71eaea4756d8;  1 drivers
L_0x71eaea475720 .functor BUFT 1, C4<11111111111111>, C4<0>, C4<0>, C4<0>;
v0x622401d0b8f0_0 .net/2u *"_ivl_612", 13 0, L_0x71eaea475720;  1 drivers
v0x622401d0b9d0_0 .net *"_ivl_615", 0 0, L_0x622401d3b4a0;  1 drivers
v0x622401d0bab0_0 .net *"_ivl_616", 14 0, L_0x622401d3bb20;  1 drivers
v0x622401d0bb90_0 .net *"_ivl_62", 0 0, L_0x622401d13ac0;  1 drivers
L_0x71eaea475768 .functor BUFT 1, C4<1111111>, C4<0>, C4<0>, C4<0>;
v0x622401d0bc70_0 .net/2u *"_ivl_621", 6 0, L_0x71eaea475768;  1 drivers
v0x622401d0bd50_0 .net *"_ivl_623", 1 0, L_0x622401d3bc60;  1 drivers
v0x622401d0be30_0 .net *"_ivl_625", 0 0, L_0x622401d3bd50;  1 drivers
v0x622401d04700_0 .net *"_ivl_627", 0 0, L_0x622401d3be90;  1 drivers
v0x622401d047e0_0 .net *"_ivl_629", 3 0, L_0x622401d3bf80;  1 drivers
v0x622401d048c0_0 .net *"_ivl_63", 0 0, L_0x622401cd1bc0;  1 drivers
v0x622401d049a0_0 .net *"_ivl_638", 1 0, L_0x622401d3c1c0;  1 drivers
v0x622401d04a80_0 .net *"_ivl_640", 0 0, L_0x622401d3c260;  1 drivers
v0x622401d04b60_0 .net *"_ivl_642", 0 0, L_0x622401d3c300;  1 drivers
v0x622401d04c40_0 .net *"_ivl_644", 3 0, L_0x622401d3c3a0;  1 drivers
v0x622401d04d20_0 .net *"_ivl_645", 7 0, L_0x622401d3c440;  1 drivers
v0x622401d04e00_0 .net *"_ivl_651", 0 0, L_0x622401d3c5d0;  1 drivers
v0x622401d0cf00_0 .net *"_ivl_656", 0 0, L_0x622401d3c870;  1 drivers
v0x622401d0cfe0_0 .net *"_ivl_661", 0 0, L_0x622401d3ca70;  1 drivers
v0x622401d0d0c0_0 .net *"_ivl_666", 0 0, L_0x622401d3cb30;  1 drivers
L_0x71eaea4757b0 .functor BUFT 1, C4<0>, C4<0>, C4<0>, C4<0>;
v0x622401d0d1a0_0 .net/2u *"_ivl_670", 0 0, L_0x71eaea4757b0;  1 drivers
L_0x71eaea4757f8 .functor BUFT 1, C4<000>, C4<0>, C4<0>, C4<0>;
v0x622401d0d280_0 .net/2u *"_ivl_675", 2 0, L_0x71eaea4757f8;  1 drivers
v0x622401d0d360_0 .net *"_ivl_68", 0 0, L_0x622401d13ca0;  1 drivers
v0x622401d0d440_0 .net *"_ivl_681", 0 0, L_0x622401d3d7b0;  1 drivers
v0x622401d0d520_0 .net *"_ivl_683", 0 0, L_0x622401d3df20;  1 drivers
v0x622401d0d600_0 .net *"_ivl_685", 0 0, L_0x622401d3da20;  1 drivers
v0x622401d0d6e0_0 .net *"_ivl_687", 0 0, L_0x622401d3dac0;  1 drivers
v0x622401d0d7c0_0 .net *"_ivl_689", 0 0, L_0x622401d3db60;  1 drivers
v0x622401d0d8a0_0 .net *"_ivl_691", 0 0, L_0x622401d3dc00;  1 drivers
v0x622401d0d980_0 .net *"_ivl_693", 0 0, L_0x622401d3dca0;  1 drivers
v0x622401d0da60_0 .net *"_ivl_695", 0 0, L_0x622401d3dd40;  1 drivers
v0x622401d0db40_0 .net *"_ivl_697", 0 0, L_0x622401d3dde0;  1 drivers
v0x622401d0dc20_0 .net *"_ivl_699", 0 0, L_0x622401d3de80;  1 drivers
v0x622401d0dd00_0 .net *"_ivl_70", 0 0, L_0x622401d13e30;  1 drivers
v0x622401d0dde0_0 .net *"_ivl_701", 0 0, L_0x622401d3e510;  1 drivers
v0x622401d0dec0_0 .net *"_ivl_703", 0 0, L_0x622401d3e5b0;  1 drivers
v0x622401d0dfa0_0 .net *"_ivl_705", 0 0, L_0x622401d3dfc0;  1 drivers
v0x622401d0e080_0 .net *"_ivl_707", 0 0, L_0x622401d3e060;  1 drivers
v0x622401d0e160_0 .net *"_ivl_709", 0 0, L_0x622401d3e100;  1 drivers
v0x622401d0e240_0 .net *"_ivl_71", 0 0, L_0x622401d13ed0;  1 drivers
v0x622401d0e320_0 .net *"_ivl_711", 0 0, L_0x622401d3e1a0;  1 drivers
v0x622401d0e400_0 .net *"_ivl_713", 0 0, L_0x622401d3e240;  1 drivers
v0x622401d0e4e0_0 .net *"_ivl_715", 0 0, L_0x622401d3e2e0;  1 drivers
v0x622401d0e5c0_0 .net *"_ivl_717", 0 0, L_0x622401d3e380;  1 drivers
v0x622401d0e6a0_0 .net *"_ivl_719", 0 0, L_0x622401d3e420;  1 drivers
v0x622401d0e780_0 .net *"_ivl_721", 0 0, L_0x622401d3ebf0;  1 drivers
v0x622401d0e860_0 .net *"_ivl_723", 0 0, L_0x622401d3ec90;  1 drivers
v0x622401d0e940_0 .net *"_ivl_725", 0 0, L_0x622401d3e650;  1 drivers
v0x622401d0ea20_0 .net *"_ivl_727", 0 0, L_0x622401d3e6f0;  1 drivers
v0x622401d0eb00_0 .net *"_ivl_729", 0 0, L_0x622401d3e790;  1 drivers
v0x622401d0ebe0_0 .net *"_ivl_731", 0 0, L_0x622401d3e830;  1 drivers
v0x622401d0ecc0_0 .net *"_ivl_733", 0 0, L_0x622401d3e8d0;  1 drivers
v0x622401d0eda0_0 .net *"_ivl_735", 0 0, L_0x622401d3e970;  1 drivers
v0x622401d0ee80_0 .net *"_ivl_737", 0 0, L_0x622401d3ea10;  1 drivers
v0x622401d0ef60_0 .net *"_ivl_739", 0 0, L_0x622401d3eab0;  1 drivers
v0x622401d0f040_0 .net *"_ivl_741", 0 0, L_0x622401d3eb50;  1 drivers
v0x622401d0f120_0 .net *"_ivl_742", 30 0, L_0x622401d3f530;  1 drivers
v0x622401d0f200_0 .net *"_ivl_748", 0 0, L_0x622401d3ee70;  1 drivers
v0x622401d0f2e0_0 .net *"_ivl_750", 0 0, L_0x622401d3ef10;  1 drivers
v0x622401d0f3c0_0 .net *"_ivl_752", 0 0, L_0x622401d3efb0;  1 drivers
v0x622401d0f4a0_0 .net *"_ivl_754", 0 0, L_0x622401d3f050;  1 drivers
v0x622401d0f580_0 .net *"_ivl_756", 0 0, L_0x622401d3f200;  1 drivers
v0x622401d0f660_0 .net *"_ivl_758", 0 0, L_0x622401d40560;  1 drivers
v0x622401d0f740_0 .net *"_ivl_76", 0 0, L_0x622401d13fe0;  1 drivers
v0x622401d0f820_0 .net *"_ivl_760", 0 0, L_0x622401d40600;  1 drivers
v0x622401d0f900_0 .net *"_ivl_762", 0 0, L_0x622401d3ff30;  1 drivers
v0x622401d0f9e0_0 .net *"_ivl_764", 0 0, L_0x622401d3ffd0;  1 drivers
v0x622401d0fac0_0 .net *"_ivl_766", 0 0, L_0x622401d40070;  1 drivers
v0x622401d0fba0_0 .net *"_ivl_768", 0 0, L_0x622401d40110;  1 drivers
v0x622401d0fc80_0 .net *"_ivl_770", 0 0, L_0x622401d401b0;  1 drivers
v0x622401d0fd60_0 .net *"_ivl_772", 0 0, L_0x622401d40460;  1 drivers
v0x622401d0fe40_0 .net *"_ivl_774", 0 0, L_0x622401d40d10;  1 drivers
v0x622401d0ff20_0 .net *"_ivl_776", 0 0, L_0x622401d40db0;  1 drivers
v0x622401d10000_0 .net *"_ivl_778", 0 0, L_0x622401d406a0;  1 drivers
v0x622401d100e0_0 .net *"_ivl_78", 0 0, L_0x622401d13d90;  1 drivers
v0x622401d101c0_0 .net *"_ivl_780", 0 0, L_0x622401d40740;  1 drivers
v0x622401d102a0_0 .net *"_ivl_782", 0 0, L_0x622401d407e0;  1 drivers
v0x622401d10380_0 .net *"_ivl_784", 0 0, L_0x622401d40880;  1 drivers
v0x622401d10460_0 .net *"_ivl_786", 0 0, L_0x622401d40920;  1 drivers
v0x622401d10540_0 .net *"_ivl_788", 0 0, L_0x622401d409c0;  1 drivers
v0x622401d10620_0 .net *"_ivl_79", 0 0, L_0x622401d14130;  1 drivers
v0x622401d10700_0 .net *"_ivl_790", 0 0, L_0x622401d40a60;  1 drivers
v0x622401d107e0_0 .net *"_ivl_792", 0 0, L_0x622401d40b00;  1 drivers
v0x622401d108c0_0 .net *"_ivl_794", 0 0, L_0x622401d40ba0;  1 drivers
v0x622401d109a0_0 .net *"_ivl_796", 0 0, L_0x622401d40c40;  1 drivers
v0x622401d10a80_0 .net *"_ivl_798", 0 0, L_0x622401d41520;  1 drivers
v0x622401d10b60_0 .net *"_ivl_800", 0 0, L_0x622401d415c0;  1 drivers
v0x622401d10c40_0 .net *"_ivl_802", 0 0, L_0x622401d40e50;  1 drivers
v0x622401d10d20_0 .net *"_ivl_804", 0 0, L_0x622401d40ef0;  1 drivers
v0x622401d10e00_0 .net *"_ivl_805", 28 0, L_0x622401d40f90;  1 drivers
o0x71eaea4c2308 .functor BUFZ 1, C4<z>; HiZ drive
; Elide local net with no drivers, v0x622401d10ee0_0 name=_ivl_837
v0x622401d10fc0_0 .net *"_ivl_84", 0 0, L_0x622401d14250;  1 drivers
v0x622401d110a0_0 .net *"_ivl_86", 0 0, L_0x622401d143b0;  1 drivers
v0x622401d11180_0 .net *"_ivl_87", 0 0, L_0x622401d14450;  1 drivers
v0x622401d11260_0 .net *"_ivl_93", 0 0, L_0x622401d14770;  1 drivers
v0x622401d11340_0 .net *"_ivl_95", 0 0, L_0x622401d14920;  1 drivers
v0x622401d11420_0 .net *"_ivl_96", 0 0, L_0x622401d14aa0;  1 drivers
v0x622401d11500_0 .var "alarm_blocked", 0 0;
v0x622401d115c0_0 .var "alarm_wrong_pin", 0 0;
v0x622401d11660_0 .net "clk", 0 0, v0x622401c64a30_0;  alias, 1 drivers
v0x622401d11700_0 .var "close_gate", 0 0;
v0x622401d117a0_0 .var "counter", 2 0;
v0x622401d11880_0 .var "open_gate", 0 0;
v0x622401d11940_0 .net "password_input", 15 0, v0x622401cb18c0_0;  alias, 1 drivers
v0x622401d11a00_0 .net "rst", 0 0, v0x622401c96950_0;  alias, 1 drivers
v0x622401d11ad0_0 .net "sensor_moved_vehicule", 0 0, v0x622401cecb90_0;  alias, 1 drivers
v0x622401d11ba0_0 .net "sensor_vehicule", 0 0, v0x622401cecc50_0;  alias, 1 drivers
v0x622401d11c70_0 .var "state", 6 0;
E_0x622401bea1f0 .event posedge, v0x622401c64a30_0;
L_0x622401d12680 .part L_0x622401d3b850, 0, 1;
L_0x622401d12720 .part v0x622401cb18c0_0, 1, 1;
L_0x622401d12860 .part v0x622401cb18c0_0, 2, 1;
L_0x622401d12990 .part v0x622401cb18c0_0, 3, 1;
L_0x622401d12a80 .part v0x622401cb18c0_0, 4, 1;
L_0x622401d12b20 .part L_0x622401d3b850, 5, 1;
L_0x622401d12cf0 .part L_0x622401d3b850, 6, 1;
L_0x622401d12d90 .part v0x622401cb18c0_0, 7, 1;
L_0x622401d12f50 .part L_0x622401d3b850, 8, 1;
L_0x622401d13080 .part L_0x622401d3b850, 9, 1;
L_0x622401d13180 .part L_0x622401d3b850, 10, 1;
L_0x622401d13220 .part v0x622401cb18c0_0, 11, 1;
L_0x622401d13410 .part L_0x622401d3b850, 12, 1;
L_0x622401d134b0 .part L_0x622401d3b850, 13, 1;
LS_0x622401d13670_0_0 .concat8 [ 1 1 1 1], L_0x622401ccf590, L_0x622401ccf900, L_0x622401cd0070, L_0x622401cd05f0;
LS_0x622401d13670_0_4 .concat8 [ 1 1 1 1], L_0x622401cd0b70, L_0x622401cd1390, L_0x622401d132c0, L_0x622401cd1bc0;
L_0x622401d13670 .concat8 [ 4 4 0 0], LS_0x622401d13670_0_0, LS_0x622401d13670_0_4;
L_0x622401d13990 .part v0x622401cb18c0_0, 14, 1;
L_0x622401d13ac0 .part v0x622401cb18c0_0, 15, 1;
L_0x622401d13ca0 .part L_0x622401d13670, 0, 1;
L_0x622401d13e30 .part L_0x622401d13670, 1, 1;
L_0x622401d13fe0 .part L_0x622401d13670, 2, 1;
L_0x622401d13d90 .part L_0x622401d13670, 3, 1;
L_0x622401d14250 .part L_0x622401d13670, 4, 1;
L_0x622401d143b0 .part L_0x622401d13670, 5, 1;
L_0x622401d14510 .concat8 [ 1 1 1 1], L_0x622401d13ed0, L_0x622401d14130, L_0x622401d14450, L_0x622401d14aa0;
L_0x622401d14770 .part L_0x622401d13670, 6, 1;
L_0x622401d14920 .part L_0x622401d13670, 7, 1;
L_0x622401d14c70 .part L_0x622401d14510, 0, 1;
L_0x622401d14d60 .part L_0x622401d14510, 1, 1;
L_0x622401d15000 .concat8 [ 1 1 0 0], L_0x622401d14ef0, L_0x622401d15330;
L_0x622401d150f0 .part L_0x622401d14510, 2, 1;
L_0x622401d15290 .part L_0x622401d14510, 3, 1;
L_0x622401d154c0 .part L_0x622401d15000, 0, 1;
L_0x622401d156c0 .part L_0x622401d15000, 1, 1;
L_0x622401d15800 .part L_0x622401d3cba0, 1, 1;
L_0x622401d15b10 .part v0x622401d11c70_0, 1, 1;
L_0x622401d15bb0 .part v0x622401d11c70_0, 0, 1;
L_0x622401d15ee0 .part L_0x622401d3c730, 1, 1;
L_0x622401d15ff0 .part L_0x622401d3c930, 1, 1;
L_0x622401d15e40 .part v0x622401d11c70_0, 6, 1;
L_0x622401d16660 .part v0x622401d11c70_0, 0, 1;
L_0x622401d16970 .part v0x622401d11c70_0, 1, 1;
L_0x622401d16c90 .part L_0x622401d3cc40, 1, 1;
L_0x622401d17090 .part L_0x622401d3b1e0, 0, 1;
L_0x622401d17280 .part v0x622401d11c70_0, 5, 1;
L_0x622401d17490 .part v0x622401d11c70_0, 0, 1;
L_0x622401d17790 .part L_0x622401d420c0, 0, 1;
L_0x622401d179b0 .part v0x622401d117a0_0, 1, 1;
L_0x622401d17bf0 .part L_0x622401d3b360, 0, 1;
L_0x622401d17e20 .part L_0x622401d3b5d0, 1, 1;
L_0x622401d18160 .part v0x622401d11c70_0, 6, 1;
L_0x622401d184b0 .part v0x622401d11c70_0, 3, 1;
L_0x622401d18770 .part v0x622401d11c70_0, 5, 1;
L_0x622401d18a80 .part v0x622401d11c70_0, 1, 1;
L_0x622401d19c60 .part L_0x622401d1c340, 0, 1;
L_0x622401d19ef0 .functor MUXZ 1, L_0x622401d19c60, L_0x71eaea475018, v0x622401c96950_0, C4<>;
L_0x622401d1a060 .part L_0x622401d1c340, 1, 1;
L_0x622401d1a320 .functor MUXZ 1, L_0x622401d1a060, L_0x71eaea475060, v0x622401c96950_0, C4<>;
L_0x622401d1a460 .concat8 [ 1 1 1 0], L_0x622401d19ef0, L_0x622401d1a320, L_0x622401d1a880;
L_0x622401d1a7b0 .part L_0x622401d1c340, 2, 1;
L_0x622401d1a880 .functor MUXZ 1, L_0x622401d1a7b0, L_0x71eaea4750a8, v0x622401c96950_0, C4<>;
L_0x622401d1ac00 .functor MUXZ 1, L_0x622401d1ceb0, L_0x71eaea4750f0, v0x622401c96950_0, C4<>;
L_0x622401d1ad40 .functor MUXZ 1, L_0x622401d1d360, L_0x71eaea475138, v0x622401c96950_0, C4<>;
L_0x622401d1b060 .functor MUXZ 1, L_0x71eaea475180, v0x622401d115c0_0, L_0x622401d29a10, C4<>;
L_0x622401d1b1b0 .functor MUXZ 1, L_0x622401d1d820, L_0x71eaea4751c8, v0x622401c96950_0, C4<>;
L_0x622401d1b510 .functor MUXZ 1, L_0x622401d1dd30, L_0x71eaea475210, v0x622401c96950_0, C4<>;
L_0x622401d1b660 .part L_0x622401d3d450, 0, 1;
L_0x622401d1b950 .part v0x622401d117a0_0, 0, 1;
L_0x622401d1ba70 .functor MUXZ 1, L_0x622401d1b950, L_0x622401d1b660, L_0x622401d17560, C4<>;
L_0x622401d1be30 .part L_0x622401d3d450, 1, 1;
L_0x622401d1bf20 .part v0x622401d117a0_0, 1, 1;
L_0x622401d1c200 .functor MUXZ 1, L_0x622401d1bf20, L_0x622401d1be30, L_0x622401d17560, C4<>;
L_0x622401d1c340 .concat8 [ 1 1 1 0], L_0x622401d1ba70, L_0x622401d1c200, L_0x622401d1ca20;
L_0x622401d1c680 .part L_0x622401d3d450, 2, 1;
L_0x622401d1c720 .part v0x622401d117a0_0, 2, 1;
L_0x622401d1ca20 .functor MUXZ 1, L_0x622401d1c720, L_0x622401d1c680, L_0x622401d17560, C4<>;
L_0x622401d1cba0 .part v0x622401d11c70_0, 6, 1;
L_0x622401d1ceb0 .functor MUXZ 1, v0x622401d11880_0, L_0x622401d1cba0, L_0x622401d183a0, C4<>;
L_0x622401d1d040 .part v0x622401d11c70_0, 3, 1;
L_0x622401d1d360 .functor MUXZ 1, v0x622401d11500_0, L_0x622401d1d040, L_0x622401d18550, C4<>;
L_0x622401d1d4f0 .part L_0x622401d3d8e0, 0, 1;
L_0x622401d1d820 .functor MUXZ 1, v0x622401d115c0_0, L_0x622401d1d4f0, L_0x622401d189c0, C4<>;
L_0x622401d1d9f0 .part v0x622401d11c70_0, 1, 1;
L_0x622401d1dd30 .functor MUXZ 1, v0x622401d11700_0, L_0x622401d1d9f0, L_0x622401d18b20, C4<>;
L_0x622401d1e180 .part L_0x622401d3d670, 31, 1;
L_0x622401d1e730 .part L_0x622401d3ed30, 31, 1;
L_0x622401d1e890 .part v0x622401d117a0_0, 0, 1;
L_0x622401d1eef0 .part v0x622401d117a0_0, 2, 1;
L_0x622401d1f0a0 .part L_0x622401d3b5d0, 1, 1;
L_0x622401d1f460 .part L_0x622401d3b5d0, 0, 1;
L_0x622401d1f7d0 .part v0x622401d117a0_0, 2, 1;
L_0x622401d1fb50 .part L_0x622401d3b1e0, 0, 1;
L_0x622401d1fd50 .part v0x622401d117a0_0, 1, 1;
L_0x622401d200e0 .part v0x622401d117a0_0, 0, 1;
L_0x622401d20460 .part v0x622401d117a0_0, 1, 1;
L_0x622401d20800 .part L_0x622401d3ed30, 0, 1;
L_0x622401d20a00 .part L_0x622401d3b5d0, 1, 1;
L_0x622401d20db0 .part L_0x622401d3ed30, 1, 1;
L_0x622401d210f0 .part v0x622401d117a0_0, 0, 1;
L_0x622401d214b0 .part L_0x622401d420c0, 0, 1;
L_0x622401d216b0 .part v0x622401d117a0_0, 2, 1;
L_0x622401d21d80 .part v0x622401cb18c0_0, 0, 1;
L_0x622401d21f60 .part v0x622401cb18c0_0, 5, 1;
L_0x622401d22680 .part v0x622401cb18c0_0, 6, 1;
L_0x622401d22860 .part v0x622401cb18c0_0, 8, 1;
L_0x622401d22fa0 .part v0x622401cb18c0_0, 9, 1;
L_0x622401d23180 .part v0x622401cb18c0_0, 10, 1;
L_0x622401d238e0 .part v0x622401cb18c0_0, 12, 1;
L_0x622401d23ac0 .part v0x622401cb18c0_0, 13, 1;
L_0x622401d242b0 .part v0x622401d11c70_0, 6, 1;
L_0x622401d24b10 .part v0x622401d11c70_0, 2, 1;
L_0x622401d25090 .part v0x622401d11c70_0, 6, 1;
L_0x622401d254f0 .part v0x622401d11c70_0, 2, 1;
L_0x622401d25a30 .part v0x622401d11c70_0, 5, 1;
L_0x622401d25ea0 .part v0x622401d11c70_0, 0, 1;
L_0x622401d26440 .part v0x622401d11c70_0, 3, 1;
L_0x622401d268c0 .part v0x622401d11c70_0, 0, 1;
L_0x622401d26e70 .part v0x622401d11c70_0, 5, 1;
L_0x622401d273c0 .part v0x622401d11c70_0, 4, 1;
L_0x622401d27b80 .part L_0x622401d3b1e0, 0, 1;
L_0x622401d27d80 .part L_0x622401d420c0, 0, 1;
L_0x622401d281f0 .part v0x622401d11c70_0, 5, 1;
L_0x622401d28650 .part L_0x622401d420c0, 1, 1;
L_0x622401d28b60 .part v0x622401d11c70_0, 5, 1;
L_0x622401d28cc0 .part L_0x622401d420c0, 2, 1;
L_0x622401d29150 .part v0x622401d11c70_0, 5, 1;
L_0x622401d29570 .part L_0x622401d3b6c0, 0, 1;
L_0x622401d29b70 .part v0x622401d11c70_0, 5, 1;
L_0x622401d29ff0 .part v0x622401d117a0_0, 1, 1;
L_0x622401d2a4a0 .part v0x622401d117a0_0, 0, 1;
L_0x622401d2a650 .part v0x622401d117a0_0, 2, 1;
L_0x622401d2ab10 .part L_0x622401d3b5d0, 0, 1;
LS_0x622401d3afb0_0_0 .concat8 [ 1 2 1 1], L_0x622401d16ba0, L_0x622401d2a7e0, L_0x622401d16470, L_0x622401d163a0;
LS_0x622401d3afb0_0_4 .concat8 [ 1 1 0 0], L_0x622401d2a6f0, L_0x622401d15dd0;
L_0x622401d3afb0 .concat8 [ 5 2 0 0], LS_0x622401d3afb0_0_0, LS_0x622401d3afb0_0_4;
L_0x622401d2a6f0 .part L_0x622401d2a920, 2, 1;
L_0x622401d2a7e0 .part L_0x622401d2a920, 0, 2;
L_0x622401d2a920 .concat [ 1 1 1 0], L_0x622401d24350, L_0x622401d27820, L_0x622401d25920;
L_0x622401d3b5d0 .concat8 [ 1 1 14 0], L_0x622401d20180, L_0x622401d1ef90, L_0x71eaea475690;
L_0x622401d3b1e0 .concat8 [ 1 7 0 0], L_0x622401d1f500, L_0x71eaea4756d8;
L_0x622401d3b360 .concat8 [ 1 15 0 0], L_0x622401d17ab0, L_0x622401d3bb20;
L_0x622401d3b4a0 .part L_0x622401d3b5d0, 1, 1;
L_0x622401d3bb20 .concat [ 1 14 0 0], L_0x622401d3b4a0, L_0x71eaea475720;
L_0x622401d3b6c0 .concat8 [ 1 7 0 0], L_0x622401d17f20, L_0x71eaea475768;
LS_0x622401d3b850_0_0 .concat8 [ 1 4 1 1], L_0x622401d21e20, L_0x622401d3bf80, L_0x622401d22340, L_0x622401d22720;
LS_0x622401d3b850_0_4 .concat8 [ 1 1 1 1], L_0x622401d3be90, L_0x622401d22c50, L_0x622401d23040, L_0x622401d23580;
LS_0x622401d3b850_0_8 .concat8 [ 1 1 1 2], L_0x622401d3bd50, L_0x622401d23980, L_0x622401d23ed0, L_0x622401d3bc60;
L_0x622401d3b850 .concat8 [ 7 4 5 0], LS_0x622401d3b850_0_0, LS_0x622401d3b850_0_4, LS_0x622401d3b850_0_8;
L_0x622401d3bc60 .part L_0x622401d3c440, 6, 2;
L_0x622401d3bd50 .part L_0x622401d3c440, 5, 1;
L_0x622401d3be90 .part L_0x622401d3c440, 4, 1;
L_0x622401d3bf80 .part L_0x622401d3c440, 0, 4;
L_0x622401d3c1c0 .part v0x622401cb18c0_0, 14, 2;
L_0x622401d3c260 .part v0x622401cb18c0_0, 11, 1;
L_0x622401d3c300 .part v0x622401cb18c0_0, 7, 1;
L_0x622401d3c3a0 .part v0x622401cb18c0_0, 1, 4;
L_0x622401d3c440 .concat [ 4 1 1 2], L_0x622401d3c3a0, L_0x622401d3c300, L_0x622401d3c260, L_0x622401d3c1c0;
L_0x622401d3cba0 .concat8 [ 1 1 0 0], L_0x622401d3c5d0, L_0x622401d24240;
L_0x622401d3c730 .concat8 [ 1 1 0 0], L_0x622401d3c870, L_0x622401d246d0;
L_0x622401d3c930 .concat8 [ 1 1 0 0], L_0x622401d3ca70, L_0x622401d24790;
L_0x622401d3cc40 .concat8 [ 1 1 0 0], L_0x622401d3cb30, L_0x622401d27300;
L_0x622401d3d8e0 .concat8 [ 1 1 0 0], L_0x622401d29c10, L_0x71eaea4757b0;
L_0x622401d3d450 .concat8 [ 1 1 1 3], L_0x622401d28290, L_0x622401d28c00, L_0x622401d291f0, L_0x71eaea4757f8;
L_0x622401d3d670 .concat8 [ 31 1 0 0], L_0x622401d3f530, L_0x622401d1fc40;
L_0x622401d3d7b0 .part L_0x622401d3d670, 31, 1;
L_0x622401d3df20 .part L_0x622401d3d670, 31, 1;
L_0x622401d3da20 .part L_0x622401d3d670, 31, 1;
L_0x622401d3dac0 .part L_0x622401d3d670, 31, 1;
L_0x622401d3db60 .part L_0x622401d3d670, 31, 1;
L_0x622401d3dc00 .part L_0x622401d3d670, 31, 1;
L_0x622401d3dca0 .part L_0x622401d3d670, 31, 1;
L_0x622401d3dd40 .part L_0x622401d3d670, 31, 1;
L_0x622401d3dde0 .part L_0x622401d3d670, 31, 1;
L_0x622401d3de80 .part L_0x622401d3d670, 31, 1;
L_0x622401d3e510 .part L_0x622401d3d670, 31, 1;
L_0x622401d3e5b0 .part L_0x622401d3d670, 31, 1;
L_0x622401d3dfc0 .part L_0x622401d3d670, 31, 1;
L_0x622401d3e060 .part L_0x622401d3d670, 31, 1;
L_0x622401d3e100 .part L_0x622401d3d670, 31, 1;
L_0x622401d3e1a0 .part L_0x622401d3d670, 31, 1;
L_0x622401d3e240 .part L_0x622401d3d670, 31, 1;
L_0x622401d3e2e0 .part L_0x622401d3d670, 31, 1;
L_0x622401d3e380 .part L_0x622401d3d670, 31, 1;
L_0x622401d3e420 .part L_0x622401d3d670, 31, 1;
L_0x622401d3ebf0 .part L_0x622401d3d670, 31, 1;
L_0x622401d3ec90 .part L_0x622401d3d670, 31, 1;
L_0x622401d3e650 .part L_0x622401d3d670, 31, 1;
L_0x622401d3e6f0 .part L_0x622401d3d670, 31, 1;
L_0x622401d3e790 .part L_0x622401d3d670, 31, 1;
L_0x622401d3e830 .part L_0x622401d3d670, 31, 1;
L_0x622401d3e8d0 .part L_0x622401d3d670, 31, 1;
L_0x622401d3e970 .part L_0x622401d3d670, 31, 1;
L_0x622401d3ea10 .part L_0x622401d3d670, 31, 1;
L_0x622401d3eab0 .part L_0x622401d3b5d0, 0, 1;
L_0x622401d3eb50 .part v0x622401d117a0_0, 0, 1;
LS_0x622401d3f530_0_0 .concat [ 1 1 1 1], L_0x622401d3eb50, L_0x622401d3eab0, L_0x622401d3ea10, L_0x622401d3e970;
LS_0x622401d3f530_0_4 .concat [ 1 1 1 1], L_0x622401d3e8d0, L_0x622401d3e830, L_0x622401d3e790, L_0x622401d3e6f0;
LS_0x622401d3f530_0_8 .concat [ 1 1 1 1], L_0x622401d3e650, L_0x622401d3ec90, L_0x622401d3ebf0, L_0x622401d3e420;
LS_0x622401d3f530_0_12 .concat [ 1 1 1 1], L_0x622401d3e380, L_0x622401d3e2e0, L_0x622401d3e240, L_0x622401d3e1a0;
LS_0x622401d3f530_0_16 .concat [ 1 1 1 1], L_0x622401d3e100, L_0x622401d3e060, L_0x622401d3dfc0, L_0x622401d3e5b0;
LS_0x622401d3f530_0_20 .concat [ 1 1 1 1], L_0x622401d3e510, L_0x622401d3de80, L_0x622401d3dde0, L_0x622401d3dd40;
LS_0x622401d3f530_0_24 .concat [ 1 1 1 1], L_0x622401d3dca0, L_0x622401d3dc00, L_0x622401d3db60, L_0x622401d3dac0;
LS_0x622401d3f530_0_28 .concat [ 1 1 1 0], L_0x622401d3da20, L_0x622401d3df20, L_0x622401d3d7b0;
LS_0x622401d3f530_1_0 .concat [ 4 4 4 4], LS_0x622401d3f530_0_0, LS_0x622401d3f530_0_4, LS_0x622401d3f530_0_8, LS_0x622401d3f530_0_12;
LS_0x622401d3f530_1_4 .concat [ 4 4 4 3], LS_0x622401d3f530_0_16, LS_0x622401d3f530_0_20, LS_0x622401d3f530_0_24, LS_0x622401d3f530_0_28;
L_0x622401d3f530 .concat [ 16 15 0 0], LS_0x622401d3f530_1_0, LS_0x622401d3f530_1_4;
L_0x622401d3ed30 .concat8 [ 1 1 29 1], L_0x622401d215a0, L_0x622401d208f0, L_0x622401d40f90, L_0x622401d21a80;
L_0x622401d3ee70 .part L_0x622401d3ed30, 31, 1;
L_0x622401d3ef10 .part L_0x622401d3ed30, 31, 1;
L_0x622401d3efb0 .part L_0x622401d3ed30, 31, 1;
L_0x622401d3f050 .part L_0x622401d3ed30, 31, 1;
L_0x622401d3f200 .part L_0x622401d3ed30, 31, 1;
L_0x622401d40560 .part L_0x622401d3ed30, 31, 1;
L_0x622401d40600 .part L_0x622401d3ed30, 31, 1;
L_0x622401d3ff30 .part L_0x622401d3ed30, 31, 1;
L_0x622401d3ffd0 .part L_0x622401d3ed30, 31, 1;
L_0x622401d40070 .part L_0x622401d3ed30, 31, 1;
L_0x622401d40110 .part L_0x622401d3ed30, 31, 1;
L_0x622401d401b0 .part L_0x622401d3ed30, 31, 1;
L_0x622401d40460 .part L_0x622401d3ed30, 31, 1;
L_0x622401d40d10 .part L_0x622401d3ed30, 31, 1;
L_0x622401d40db0 .part L_0x622401d3ed30, 31, 1;
L_0x622401d406a0 .part L_0x622401d3ed30, 31, 1;
L_0x622401d40740 .part L_0x622401d3ed30, 31, 1;
L_0x622401d407e0 .part L_0x622401d3ed30, 31, 1;
L_0x622401d40880 .part L_0x622401d3ed30, 31, 1;
L_0x622401d40920 .part L_0x622401d3ed30, 31, 1;
L_0x622401d409c0 .part L_0x622401d3ed30, 31, 1;
L_0x622401d40a60 .part L_0x622401d3ed30, 31, 1;
L_0x622401d40b00 .part L_0x622401d3ed30, 31, 1;
L_0x622401d40ba0 .part L_0x622401d3ed30, 31, 1;
L_0x622401d40c40 .part L_0x622401d3ed30, 31, 1;
L_0x622401d41520 .part L_0x622401d3ed30, 31, 1;
L_0x622401d415c0 .part L_0x622401d3ed30, 31, 1;
L_0x622401d40e50 .part L_0x622401d3ed30, 31, 1;
L_0x622401d40ef0 .part L_0x622401d3ed30, 31, 1;
LS_0x622401d40f90_0_0 .concat [ 1 1 1 1], L_0x622401d40ef0, L_0x622401d40e50, L_0x622401d415c0, L_0x622401d41520;
LS_0x622401d40f90_0_4 .concat [ 1 1 1 1], L_0x622401d40c40, L_0x622401d40ba0, L_0x622401d40b00, L_0x622401d40a60;
LS_0x622401d40f90_0_8 .concat [ 1 1 1 1], L_0x622401d409c0, L_0x622401d40920, L_0x622401d40880, L_0x622401d407e0;
LS_0x622401d40f90_0_12 .concat [ 1 1 1 1], L_0x622401d40740, L_0x622401d406a0, L_0x622401d40db0, L_0x622401d40d10;
LS_0x622401d40f90_0_16 .concat [ 1 1 1 1], L_0x622401d40460, L_0x622401d401b0, L_0x622401d40110, L_0x622401d40070;
LS_0x622401d40f90_0_20 .concat [ 1 1 1 1], L_0x622401d3ffd0, L_0x622401d3ff30, L_0x622401d40600, L_0x622401d40560;
LS_0x622401d40f90_0_24 .concat [ 1 1 1 1], L_0x622401d3f200, L_0x622401d3f050, L_0x622401d3efb0, L_0x622401d3ef10;
LS_0x622401d40f90_0_28 .concat [ 1 0 0 0], L_0x622401d3ee70;
LS_0x622401d40f90_1_0 .concat [ 4 4 4 4], LS_0x622401d40f90_0_0, LS_0x622401d40f90_0_4, LS_0x622401d40f90_0_8, LS_0x622401d40f90_0_12;
LS_0x622401d40f90_1_4 .concat [ 4 4 4 1], LS_0x622401d40f90_0_16, LS_0x622401d40f90_0_20, LS_0x622401d40f90_0_24, LS_0x622401d40f90_0_28;
L_0x622401d40f90 .concat [ 16 13 0 0], LS_0x622401d40f90_1_0, LS_0x622401d40f90_1_4;
LS_0x622401d420c0_0_0 .concat [ 1 1 1 1], L_0x622401d1ec80, L_0x622401d2a540, L_0x622401d2abb0, o0x71eaea4c2308;
LS_0x622401d420c0_0_4 .concat [ 28 0 0 0], L_0x71eaea475648;
L_0x622401d420c0 .concat [ 4 28 0 0], LS_0x622401d420c0_0_0, LS_0x622401d420c0_0_4;
    .scope S_0x622401cece30;
T_0 ;
    %wait E_0x622401bea1f0;
    %load/vec4 v0x622401cfe050_0;
    %parti/s 1, 0, 2;
    %ix/load 4, 0, 0;
    %ix/load 5, 0, 0;
    %flag_set/imm 4, 0;
    %assign/vec4/off/d v0x622401d11c70_0, 4, 5;
    %jmp T_0;
    .thread T_0;
    .scope S_0x622401cece30;
T_1 ;
    %wait E_0x622401bea1f0;
    %load/vec4 v0x622401cfd900_0;
    %ix/load 4, 1, 0;
    %ix/load 5, 0, 0;
    %flag_set/imm 4, 0;
    %assign/vec4/off/d v0x622401d11c70_0, 4, 5;
    %jmp T_1;
    .thread T_1;
    .scope S_0x622401cece30;
T_2 ;
    %wait E_0x622401bea1f0;
    %load/vec4 v0x622401cfd9c0_0;
    %ix/load 4, 2, 0;
    %ix/load 5, 0, 0;
    %flag_set/imm 4, 0;
    %assign/vec4/off/d v0x622401d11c70_0, 4, 5;
    %jmp T_2;
    .thread T_2;
    .scope S_0x622401cece30;
T_3 ;
    %wait E_0x622401bea1f0;
    %load/vec4 v0x622401cfe050_0;
    %parti/s 1, 3, 3;
    %ix/load 4, 3, 0;
    %ix/load 5, 0, 0;
    %flag_set/imm 4, 0;
    %assign/vec4/off/d v0x622401d11c70_0, 4, 5;
    %jmp T_3;
    .thread T_3;
    .scope S_0x622401cece30;
T_4 ;
    %wait E_0x622401bea1f0;
    %load/vec4 v0x622401cfe050_0;
    %parti/s 1, 4, 4;
    %ix/load 4, 4, 0;
    %ix/load 5, 0, 0;
    %flag_set/imm 4, 0;
    %assign/vec4/off/d v0x622401d11c70_0, 4, 5;
    %jmp T_4;
    .thread T_4;
    .scope S_0x622401cece30;
T_5 ;
    %wait E_0x622401bea1f0;
    %load/vec4 v0x622401cfde10_0;
    %ix/load 4, 5, 0;
    %ix/load 5, 0, 0;
    %flag_set/imm 4, 0;
    %assign/vec4/off/d v0x622401d11c70_0, 4, 5;
    %jmp T_5;
    .thread T_5;
    .scope S_0x622401cece30;
T_6 ;
    %wait E_0x622401bea1f0;
    %load/vec4 v0x622401cfe050_0;
    %parti/s 1, 6, 4;
    %ix/load 4, 6, 0;
    %ix/load 5, 0, 0;
    %flag_set/imm 4, 0;
    %assign/vec4/off/d v0x622401d11c70_0, 4, 5;
    %jmp T_6;
    .thread T_6;
    .scope S_0x622401cece30;
T_7 ;
    %wait E_0x622401bea1f0;
    %load/vec4 v0x622401cfd4c0_0;
    %assign/vec4 v0x622401d11700_0, 0;
    %jmp T_7;
    .thread T_7;
    .scope S_0x622401cece30;
T_8 ;
    %wait E_0x622401bea1f0;
    %load/vec4 v0x622401cfd3e0_0;
    %assign/vec4 v0x622401d115c0_0, 0;
    %jmp T_8;
    .thread T_8;
    .scope S_0x622401cece30;
T_9 ;
    %wait E_0x622401bea1f0;
    %load/vec4 v0x622401cfd2e0_0;
    %assign/vec4 v0x622401d11500_0, 0;
    %jmp T_9;
    .thread T_9;
    .scope S_0x622401cece30;
T_10 ;
    %wait E_0x622401bea1f0;
    %load/vec4 v0x622401cfd680_0;
    %assign/vec4 v0x622401d11880_0, 0;
    %jmp T_10;
    .thread T_10;
    .scope S_0x622401cece30;
T_11 ;
    %wait E_0x622401bea1f0;
    %load/vec4 v0x622401cfd580_0;
    %parti/s 1, 0, 2;
    %ix/load 4, 0, 0;
    %ix/load 5, 0, 0;
    %flag_set/imm 4, 0;
    %assign/vec4/off/d v0x622401d117a0_0, 4, 5;
    %jmp T_11;
    .thread T_11;
    .scope S_0x622401cece30;
T_12 ;
    %wait E_0x622401bea1f0;
    %load/vec4 v0x622401cfd580_0;
    %parti/s 1, 1, 2;
    %ix/load 4, 1, 0;
    %ix/load 5, 0, 0;
    %flag_set/imm 4, 0;
    %assign/vec4/off/d v0x622401d117a0_0, 4, 5;
    %jmp T_12;
    .thread T_12;
    .scope S_0x622401cece30;
T_13 ;
    %wait E_0x622401bea1f0;
    %load/vec4 v0x622401cfd580_0;
    %parti/s 1, 2, 3;
    %ix/load 4, 2, 0;
    %ix/load 5, 0, 0;
    %flag_set/imm 4, 0;
    %assign/vec4/off/d v0x622401d117a0_0, 4, 5;
    %jmp T_13;
    .thread T_13;
    .scope S_0x622401cac9b0;
T_14 ;
    %pushi/vec4 0, 0, 1;
    %store/vec4 v0x622401c64a30_0, 0, 1;
T_14.0 ;
    %delay 5, 0;
    %load/vec4 v0x622401c64a30_0;
    %inv;
    %store/vec4 v0x622401c64a30_0, 0, 1;
    %jmp T_14.0;
    %end;
    .thread T_14;
    .scope S_0x622401cac9b0;
T_15 ;
    %pushi/vec4 1, 0, 1;
    %store/vec4 v0x622401c96950_0, 0, 1;
    %pushi/vec4 0, 0, 1;
    %store/vec4 v0x622401cecc50_0, 0, 1;
    %pushi/vec4 0, 0, 1;
    %store/vec4 v0x622401cecb90_0, 0, 1;
    %pushi/vec4 0, 0, 16;
    %store/vec4 v0x622401cb18c0_0, 0, 16;
    %delay 10, 0;
    %pushi/vec4 0, 0, 1;
    %store/vec4 v0x622401c96950_0, 0, 1;
    %delay 10, 0;
    %pushi/vec4 1, 0, 1;
    %store/vec4 v0x622401cecc50_0, 0, 1;
    %delay 20, 0;
    %pushi/vec4 14177, 0, 16;
    %store/vec4 v0x622401cb18c0_0, 0, 16;
    %delay 10, 0;
    %pushi/vec4 1, 0, 1;
    %store/vec4 v0x622401cecb90_0, 0, 1;
    %delay 10, 0;
    %pushi/vec4 0, 0, 1;
    %store/vec4 v0x622401cecb90_0, 0, 1;
    %delay 10, 0;
    %pushi/vec4 0, 0, 1;
    %store/vec4 v0x622401cecc50_0, 0, 1;
    %delay 10, 0;
    %pushi/vec4 1, 0, 1;
    %store/vec4 v0x622401cecc50_0, 0, 1;
    %delay 10, 0;
    %pushi/vec4 4661, 0, 16;
    %store/vec4 v0x622401cb18c0_0, 0, 16;
    %delay 10, 0;
    %pushi/vec4 1, 0, 1;
    %store/vec4 v0x622401cecc50_0, 0, 1;
    %delay 10, 0;
    %pushi/vec4 4660, 0, 16;
    %store/vec4 v0x622401cb18c0_0, 0, 16;
    %delay 10, 0;
    %pushi/vec4 1, 0, 1;
    %store/vec4 v0x622401cecc50_0, 0, 1;
    %delay 10, 0;
    %pushi/vec4 14177, 0, 16;
    %store/vec4 v0x622401cb18c0_0, 0, 16;
    %delay 10, 0;
    %pushi/vec4 1, 0, 1;
    %store/vec4 v0x622401cecc50_0, 0, 1;
    %delay 10, 0;
    %pushi/vec4 1, 0, 1;
    %store/vec4 v0x622401cecb90_0, 0, 1;
    %delay 10, 0;
    %pushi/vec4 0, 0, 1;
    %store/vec4 v0x622401cecb90_0, 0, 1;
    %delay 10, 0;
    %pushi/vec4 0, 0, 1;
    %store/vec4 v0x622401cecc50_0, 0, 1;
    %delay 10, 0;
    %pushi/vec4 1, 0, 1;
    %store/vec4 v0x622401cecc50_0, 0, 1;
    %delay 10, 0;
    %pushi/vec4 4661, 0, 16;
    %store/vec4 v0x622401cb18c0_0, 0, 16;
    %delay 10, 0;
    %pushi/vec4 1, 0, 1;
    %store/vec4 v0x622401cecc50_0, 0, 1;
    %delay 10, 0;
    %pushi/vec4 1, 0, 1;
    %store/vec4 v0x622401cecc50_0, 0, 1;
    %delay 10, 0;
    %pushi/vec4 4660, 0, 16;
    %store/vec4 v0x622401cb18c0_0, 0, 16;
    %delay 10, 0;
    %pushi/vec4 1, 0, 1;
    %store/vec4 v0x622401cecc50_0, 0, 1;
    %delay 10, 0;
    %pushi/vec4 1, 0, 1;
    %store/vec4 v0x622401cecc50_0, 0, 1;
    %delay 10, 0;
    %pushi/vec4 4968, 0, 16;
    %store/vec4 v0x622401cb18c0_0, 0, 16;
    %delay 50, 0;
    %pushi/vec4 1, 0, 1;
    %store/vec4 v0x622401cecc50_0, 0, 1;
    %pushi/vec4 1, 0, 1;
    %store/vec4 v0x622401cecb90_0, 0, 1;
    %delay 10, 0;
    %pushi/vec4 1, 0, 1;
    %store/vec4 v0x622401cecc50_0, 0, 1;
    %delay 10, 0;
    %pushi/vec4 1, 0, 1;
    %store/vec4 v0x622401c96950_0, 0, 1;
    %delay 10, 0;
    %pushi/vec4 0, 0, 1;
    %store/vec4 v0x622401c96950_0, 0, 1;
    %delay 10, 0;
    %pushi/vec4 0, 0, 1;
    %store/vec4 v0x622401cecb90_0, 0, 1;
    %delay 10, 0;
    %pushi/vec4 1, 0, 1;
    %store/vec4 v0x622401cecc50_0, 0, 1;
    %delay 20, 0;
    %pushi/vec4 14177, 0, 16;
    %store/vec4 v0x622401cb18c0_0, 0, 16;
    %delay 10, 0;
    %pushi/vec4 1, 0, 1;
    %store/vec4 v0x622401cecb90_0, 0, 1;
    %delay 10, 0;
    %pushi/vec4 0, 0, 1;
    %store/vec4 v0x622401cecb90_0, 0, 1;
    %delay 10, 0;
    %pushi/vec4 0, 0, 1;
    %store/vec4 v0x622401cecc50_0, 0, 1;
    %delay 10, 0;
    %vpi_call 3 67 "$finish" {0 0 0};
    %end;
    .thread T_15;
    .scope S_0x622401cb0880;
T_16 ;
    %vpi_call 2 21 "$dumpfile", "resultados_RTLIL.vcd" {0 0 0};
    %vpi_call 2 22 "$dumpvars", 32'sb11111111111111111111111111111111, S_0x622401cece30 {0 0 0};
    %end;
    .thread T_16;
# The file index is used to find the file name in the following table.
:file_names 5;
    "N/A";
    "<interactive>";
    "testbench_RTLIL.v";
    "./tester_sin_retardos.v";
    "./controlador_RTLIL.v";
