#! /usr/bin/vvp
:ivl_version "11.0 (stable)";
:ivl_delay_selection "TYPICAL";
:vpi_time_precision + 0;
:vpi_module "/usr/lib/x86_64-linux-gnu/ivl/system.vpi";
:vpi_module "/usr/lib/x86_64-linux-gnu/ivl/vhdl_sys.vpi";
:vpi_module "/usr/lib/x86_64-linux-gnu/ivl/vhdl_textio.vpi";
:vpi_module "/usr/lib/x86_64-linux-gnu/ivl/v2005_math.vpi";
:vpi_module "/usr/lib/x86_64-linux-gnu/ivl/va_math.vpi";
S_0x63d1f1dfdb10 .scope module, "BUF" "BUF" 2 1;
 .timescale 0 0;
    .port_info 0 /INPUT 1 "A";
    .port_info 1 /OUTPUT 1 "Y";
o0x70d1e9e60018 .functor BUFZ 1, C4<z>; HiZ drive
L_0x63d1f1e01660/d .functor BUFZ 1, o0x70d1e9e60018, C4<0>, C4<0>, C4<0>;
L_0x63d1f1e01660 .delay 1 (1,1,1) L_0x63d1f1e01660/d;
v0x63d1f1e00050_0 .net "A", 0 0, o0x70d1e9e60018;  0 drivers
v0x63d1f1dff8d0_0 .net "Y", 0 0, L_0x63d1f1e01660;  1 drivers
S_0x63d1f1dfd180 .scope module, "controlador_estacionamiento_tb" "controlador_estacionamiento_tb" 3 5;
 .timescale 0 0;
v0x63d1f1e48d40_0 .net "alarm_blocked", 0 0, v0x63d1f1e42040_0;  1 drivers
v0x63d1f1e48de0_0 .net "alarm_wrong_pin", 0 0, v0x63d1f1e41b30_0;  1 drivers
v0x63d1f1e48f10_0 .net "clk", 0 0, v0x63d1f1e041e0_0;  1 drivers
v0x63d1f1e48fb0_0 .net "close_gate", 0 0, v0x63d1f1e41620_0;  1 drivers
v0x63d1f1e490e0_0 .net "open_gate", 0 0, v0x63d1f1e42550_0;  1 drivers
v0x63d1f1e49210_0 .net "password_input", 15 0, v0x63d1f1e10a30_0;  1 drivers
v0x63d1f1e492b0_0 .net "rst", 0 0, v0x63d1f1e10b10_0;  1 drivers
v0x63d1f1e49350_0 .net "sensor_moved_vehicule", 0 0, v0x63d1f1e10bd0_0;  1 drivers
v0x63d1f1e49480_0 .net "sensor_vehicule", 0 0, v0x63d1f1e10c90_0;  1 drivers
S_0x63d1f1e106d0 .scope module, "T0" "tester" 3 41, 4 1 0, S_0x63d1f1dfd180;
 .timescale 0 0;
    .port_info 0 /OUTPUT 1 "clk";
    .port_info 1 /OUTPUT 1 "rst";
    .port_info 2 /OUTPUT 1 "sensor_vehicule";
    .port_info 3 /OUTPUT 1 "sensor_moved_vehicule";
    .port_info 4 /OUTPUT 16 "password_input";
    .port_info 5 /INPUT 1 "open_gate";
    .port_info 6 /INPUT 1 "close_gate";
    .port_info 7 /INPUT 1 "alarm_wrong_pin";
    .port_info 8 /INPUT 1 "alarm_blocked";
v0x63d1f1dff150_0 .net "alarm_blocked", 0 0, v0x63d1f1e42040_0;  alias, 1 drivers
v0x63d1f1dfe9d0_0 .net "alarm_wrong_pin", 0 0, v0x63d1f1e41b30_0;  alias, 1 drivers
v0x63d1f1e041e0_0 .var "clk", 0 0;
v0x63d1f1e03650_0 .net "close_gate", 0 0, v0x63d1f1e41620_0;  alias, 1 drivers
v0x63d1f1dfe650_0 .net "open_gate", 0 0, v0x63d1f1e42550_0;  alias, 1 drivers
v0x63d1f1e10a30_0 .var "password_input", 15 0;
v0x63d1f1e10b10_0 .var "rst", 0 0;
v0x63d1f1e10bd0_0 .var "sensor_moved_vehicule", 0 0;
v0x63d1f1e10c90_0 .var "sensor_vehicule", 0 0;
S_0x63d1f1e10e70 .scope module, "U0" "controlador_estacionamiento" 3 27, 5 5 0, S_0x63d1f1dfd180;
 .timescale 0 0;
    .port_info 0 /INPUT 1 "clk";
    .port_info 1 /INPUT 1 "rst";
    .port_info 2 /INPUT 1 "sensor_vehicule";
    .port_info 3 /INPUT 1 "sensor_moved_vehicule";
    .port_info 4 /INPUT 16 "password_input";
    .port_info 5 /OUTPUT 1 "open_gate";
    .port_info 6 /OUTPUT 1 "close_gate";
    .port_info 7 /OUTPUT 1 "alarm_wrong_pin";
    .port_info 8 /OUTPUT 1 "alarm_blocked";
v0x63d1f1e435c0_0 .net "_000_", 0 0, L_0x63d1f1e55e40;  1 drivers
v0x63d1f1e43700_0 .net "_001_", 0 0, L_0x63d1f1e569c0;  1 drivers
v0x63d1f1e43810_0 .net "_002_", 0 0, L_0x63d1f1e572d0;  1 drivers
v0x63d1f1e43900_0 .net "_003_", 2 0, L_0x63d1f1e544f0;  1 drivers
v0x63d1f1e43a00_0 .net "_004_", 0 0, L_0x63d1f1e555c0;  1 drivers
v0x63d1f1e43b60_0 .net "_005_", 0 0, L_0x63d1f1e57520;  1 drivers
v0x63d1f1e43c50_0 .net "_006_", 0 0, L_0x63d1f1e57a40;  1 drivers
v0x63d1f1e43d40_0 .net "_007_", 0 0, L_0x63d1f1e577f0;  1 drivers
v0x63d1f1e43e30_0 .net "_008_", 0 0, L_0x63d1f1e51730;  1 drivers
v0x63d1f1e43ed0_0 .net "_009_", 0 0, L_0x63d1f1e50d90;  1 drivers
v0x63d1f1e43fc0_0 .net "_010_", 0 0, L_0x63d1f1e4ff60;  1 drivers
v0x63d1f1e440b0_0 .net "_011_", 0 0, L_0x63d1f1e4e6c0;  1 drivers
v0x63d1f1e441a0_0 .net "_012_", 0 0, L_0x63d1f1e526a0;  1 drivers
v0x63d1f1e44290_0 .net "_013_", 0 0, L_0x63d1f1e52980;  1 drivers
v0x63d1f1e44380_0 .net "_014_", 0 0, L_0x63d1f1e52d90;  1 drivers
v0x63d1f1e44470_0 .net "_015_", 0 0, L_0x63d1f1e52f00;  1 drivers
v0x63d1f1e44560_0 .net "_016_", 0 0, L_0x63d1f1e533f0;  1 drivers
v0x63d1f1e44760_0 .net "_017_", 0 0, L_0x63d1f1e53820;  1 drivers
v0x63d1f1e44850_0 .net "_018_", 0 0, L_0x63d1f1e53a70;  1 drivers
v0x63d1f1e44940_0 .net "_019_", 0 0, L_0x63d1f1e53c00;  1 drivers
v0x63d1f1e44a30_0 .net "_020_", 0 0, L_0x63d1f1e53f30;  1 drivers
v0x63d1f1e44b20_0 .net "_021_", 0 0, L_0x63d1f1e541c0;  1 drivers
v0x63d1f1e44c10_0 .net "_022_", 0 0, L_0x63d1f1e54840;  1 drivers
v0x63d1f1e44cb0_0 .net "_023_", 0 0, L_0x63d1f1e54f60;  1 drivers
v0x63d1f1e44da0_0 .net "_024_", 0 0, L_0x63d1f1e550c0;  1 drivers
v0x63d1f1e44e90_0 .net "_025_", 0 0, L_0x63d1f1e55370;  1 drivers
v0x63d1f1e44f80_0 .net "_026_", 0 0, L_0x63d1f1e55780;  1 drivers
v0x63d1f1e45070_0 .net "_027_", 0 0, L_0x63d1f1e55900;  1 drivers
v0x63d1f1e45160_0 .net "_028_", 0 0, L_0x63d1f1e55b20;  1 drivers
v0x63d1f1e45250_0 .net "_029_", 0 0, L_0x63d1f1e56000;  1 drivers
v0x63d1f1e45340_0 .net "_030_", 0 0, L_0x63d1f1e56570;  1 drivers
v0x63d1f1e45430_0 .net "_031_", 0 0, L_0x63d1f1e56770;  1 drivers
v0x63d1f1e45520_0 .net "_032_", 0 0, L_0x63d1f1e56b80;  1 drivers
v0x63d1f1e45610_0 .net "_033_", 0 0, L_0x63d1f1e56d00;  1 drivers
v0x63d1f1e45700_0 .net "_034_", 0 0, L_0x63d1f1e56fb0;  1 drivers
v0x63d1f1e457f0_0 .net "_035_", 0 0, L_0x63d1f1e00e30;  1 drivers
v0x63d1f1e45890_0 .net "_036_", 0 0, L_0x63d1f1e006b0;  1 drivers
v0x63d1f1e45930_0 .net "_037_", 0 0, L_0x63d1f1dfff30;  1 drivers
v0x63d1f1e45a20_0 .net "_038_", 0 0, L_0x63d1f1dff7b0;  1 drivers
v0x63d1f1e45b10_0 .net "_039_", 0 0, L_0x63d1f1dff030;  1 drivers
v0x63d1f1e45c00_0 .net "_040_", 0 0, L_0x63d1f1dfe8b0;  1 drivers
v0x63d1f1e45ca0_0 .net "_041_", 0 0, L_0x63d1f1e49b20;  1 drivers
v0x63d1f1e45d40_0 .net "_042_", 0 0, L_0x63d1f1e49db0;  1 drivers
v0x63d1f1e45e30_0 .net "_043_", 0 0, L_0x63d1f1e4a000;  1 drivers
v0x63d1f1e45f20_0 .net "_044_", 0 0, L_0x63d1f1e4a270;  1 drivers
v0x63d1f1e45fc0_0 .net "_045_", 0 0, L_0x63d1f1e4a600;  1 drivers
v0x63d1f1e46060_0 .net "_046_", 0 0, L_0x63d1f1e4a710;  1 drivers
v0x63d1f1e46150_0 .net "_047_", 0 0, L_0x63d1f1e4a960;  1 drivers
v0x63d1f1e46240_0 .net "_048_", 0 0, L_0x63d1f1e4aae0;  1 drivers
v0x63d1f1e46330_0 .net "_049_", 0 0, L_0x63d1f1e4ada0;  1 drivers
v0x63d1f1e46420_0 .net "_050_", 0 0, L_0x63d1f1e4b1a0;  1 drivers
v0x63d1f1e46510_0 .net "_051_", 0 0, L_0x63d1f1e4b630;  1 drivers
v0x63d1f1e46600_0 .net "_052_", 0 0, L_0x63d1f1e4b780;  1 drivers
v0x63d1f1e466f0_0 .net "_053_", 0 0, L_0x63d1f1e4bba0;  1 drivers
v0x63d1f1e467e0_0 .net "_054_", 0 0, L_0x63d1f1e4c100;  1 drivers
v0x63d1f1e468d0_0 .net "_055_", 0 0, L_0x63d1f1e4c390;  1 drivers
v0x63d1f1e469c0_0 .net "_056_", 0 0, L_0x63d1f1e4c470;  1 drivers
v0x63d1f1e46ab0_0 .net "_057_", 0 0, L_0x63d1f1e4c690;  1 drivers
v0x63d1f1e46ba0_0 .net "_058_", 0 0, L_0x63d1f1e4cad0;  1 drivers
v0x63d1f1e46c90_0 .net "_059_", 0 0, L_0x63d1f1e4cfb0;  1 drivers
v0x63d1f1e46d80_0 .net "_060_", 0 0, L_0x63d1f1e4d120;  1 drivers
v0x63d1f1e46e70_0 .net "_061_", 0 0, L_0x63d1f1e4d6f0;  1 drivers
v0x63d1f1e46f60_0 .net "_062_", 0 0, L_0x63d1f1e4dc80;  1 drivers
v0x63d1f1e47050_0 .net "_063_", 0 0, L_0x63d1f1e4df10;  1 drivers
v0x63d1f1e47140_0 .net "_064_", 0 0, L_0x63d1f1e4e1a0;  1 drivers
v0x63d1f1e475f0_0 .net "_065_", 0 0, L_0x63d1f1e4e430;  1 drivers
v0x63d1f1e476e0_0 .net "_066_", 0 0, L_0x63d1f1e4e830;  1 drivers
v0x63d1f1e477d0_0 .net "_067_", 0 0, L_0x63d1f1e4ebe0;  1 drivers
v0x63d1f1e47870_0 .net "_068_", 0 0, L_0x63d1f1e4f090;  1 drivers
v0x63d1f1e47960_0 .net "_069_", 0 0, L_0x63d1f1e4f290;  1 drivers
v0x63d1f1e47a00_0 .net "_070_", 0 0, L_0x63d1f1e4f560;  1 drivers
v0x63d1f1e47af0_0 .net "_071_", 0 0, L_0x63d1f1e4f770;  1 drivers
v0x63d1f1e47be0_0 .net "_072_", 0 0, L_0x63d1f1e4fbd0;  1 drivers
v0x63d1f1e47cd0_0 .net "_073_", 0 0, L_0x63d1f1e4fcb0;  1 drivers
v0x63d1f1e47dc0_0 .net "_074_", 0 0, L_0x63d1f1e50120;  1 drivers
v0x63d1f1e47e60_0 .net "_075_", 0 0, L_0x63d1f1e50400;  1 drivers
v0x63d1f1e47f50_0 .net "_076_", 0 0, L_0x63d1f1e50690;  1 drivers
v0x63d1f1e48040_0 .net "_077_", 0 0, L_0x63d1f1e50fe0;  1 drivers
v0x63d1f1e48130_0 .net "_078_", 0 0, L_0x63d1f1e51270;  1 drivers
v0x63d1f1e481d0_0 .net "_079_", 0 0, L_0x63d1f1e518f0;  1 drivers
v0x63d1f1e48300_0 .net "_080_", 0 0, L_0x63d1f1e51dc0;  1 drivers
v0x63d1f1e483a0_0 .net "_081_", 0 0, L_0x63d1f1e51fd0;  1 drivers
v0x63d1f1e48490_0 .net "_082_", 0 0, L_0x63d1f1e52270;  1 drivers
v0x63d1f1e48580_0 .net "alarm_blocked", 0 0, v0x63d1f1e42040_0;  alias, 1 drivers
v0x63d1f1e48620_0 .net "alarm_wrong_pin", 0 0, v0x63d1f1e41b30_0;  alias, 1 drivers
v0x63d1f1e486c0_0 .net "clk", 0 0, v0x63d1f1e041e0_0;  alias, 1 drivers
v0x63d1f1e48760_0 .net "close_gate", 0 0, v0x63d1f1e41620_0;  alias, 1 drivers
v0x63d1f1e48800_0 .net "counter", 2 0, L_0x63d1f1e58230;  1 drivers
v0x63d1f1e488a0_0 .net "open_gate", 0 0, v0x63d1f1e42550_0;  alias, 1 drivers
v0x63d1f1e48940_0 .net "password_input", 15 0, v0x63d1f1e10a30_0;  alias, 1 drivers
v0x63d1f1e489e0_0 .net "rst", 0 0, v0x63d1f1e10b10_0;  alias, 1 drivers
v0x63d1f1e48a80_0 .net "sensor_moved_vehicule", 0 0, v0x63d1f1e10bd0_0;  alias, 1 drivers
v0x63d1f1e48b20_0 .net "sensor_vehicule", 0 0, v0x63d1f1e10c90_0;  alias, 1 drivers
v0x63d1f1e48bc0_0 .net "state", 6 0, L_0x63d1f1e57b70;  1 drivers
L_0x63d1f1e497c0 .part L_0x63d1f1e57b70, 5, 1;
L_0x63d1f1e49a30 .part L_0x63d1f1e58230, 0, 1;
L_0x63d1f1e49c70 .part L_0x63d1f1e58230, 2, 1;
L_0x63d1f1e49ec0 .part L_0x63d1f1e57b70, 2, 1;
L_0x63d1f1e4a110 .part L_0x63d1f1e57b70, 4, 1;
L_0x63d1f1e4a3d0 .part L_0x63d1f1e57b70, 6, 1;
L_0x63d1f1e4ac40 .part L_0x63d1f1e57b70, 2, 1;
L_0x63d1f1e4af00 .part v0x63d1f1e10a30_0, 11, 1;
L_0x63d1f1e4b040 .part v0x63d1f1e10a30_0, 14, 1;
L_0x63d1f1e4b2b0 .part v0x63d1f1e10a30_0, 15, 1;
L_0x63d1f1e4b400 .part v0x63d1f1e10a30_0, 1, 1;
L_0x63d1f1e4b8e0 .part v0x63d1f1e10a30_0, 2, 1;
L_0x63d1f1e4ba40 .part v0x63d1f1e10a30_0, 3, 1;
L_0x63d1f1e4be10 .part v0x63d1f1e10a30_0, 4, 1;
L_0x63d1f1e4bf80 .part v0x63d1f1e10a30_0, 7, 1;
L_0x63d1f1e4c7f0 .part v0x63d1f1e10a30_0, 9, 1;
L_0x63d1f1e4c970 .part v0x63d1f1e10a30_0, 10, 1;
L_0x63d1f1e4cc30 .part v0x63d1f1e10a30_0, 12, 1;
L_0x63d1f1e4cdc0 .part v0x63d1f1e10a30_0, 13, 1;
L_0x63d1f1e4d280 .part v0x63d1f1e10a30_0, 0, 1;
L_0x63d1f1e4cd20 .part v0x63d1f1e10a30_0, 5, 1;
L_0x63d1f1e4d850 .part v0x63d1f1e10a30_0, 6, 1;
L_0x63d1f1e4da00 .part v0x63d1f1e10a30_0, 8, 1;
L_0x63d1f1e4e990 .part L_0x63d1f1e57b70, 0, 1;
L_0x63d1f1e4ed40 .part L_0x63d1f1e58230, 1, 1;
L_0x63d1f1e4ee30 .part L_0x63d1f1e58230, 0, 1;
L_0x63d1f1e4f3e0 .part L_0x63d1f1e58230, 2, 1;
L_0x63d1f1e4f8d0 .part L_0x63d1f1e57b70, 5, 1;
L_0x63d1f1e50510 .part L_0x63d1f1e57b70, 5, 1;
L_0x63d1f1e50900 .part L_0x63d1f1e57b70, 3, 1;
L_0x63d1f1e510f0 .part L_0x63d1f1e57b70, 0, 1;
L_0x63d1f1e51410 .part L_0x63d1f1e57b70, 1, 1;
L_0x63d1f1e51a50 .part L_0x63d1f1e57b70, 0, 1;
L_0x63d1f1e51b40 .part L_0x63d1f1e57b70, 5, 1;
L_0x63d1f1e52800 .part L_0x63d1f1e58230, 1, 1;
L_0x63d1f1e52ae0 .part L_0x63d1f1e57b70, 5, 1;
L_0x63d1f1e53060 .part L_0x63d1f1e58230, 1, 1;
L_0x63d1f1e53150 .part L_0x63d1f1e58230, 0, 1;
L_0x63d1f1e53980 .part L_0x63d1f1e58230, 2, 1;
L_0x63d1f1e544f0 .concat8 [ 1 1 1 0], L_0x63d1f1e52550, L_0x63d1f1e536d0, L_0x63d1f1e543c0;
L_0x63d1f1e549a0 .part L_0x63d1f1e57b70, 0, 1;
L_0x63d1f1e54a90 .part L_0x63d1f1e57b70, 6, 1;
L_0x63d1f1e55c30 .part L_0x63d1f1e57b70, 3, 1;
L_0x63d1f1e56160 .part L_0x63d1f1e57b70, 5, 1;
L_0x63d1f1e570c0 .part L_0x63d1f1e57b70, 1, 1;
LS_0x63d1f1e57b70_0_0 .concat8 [ 1 1 1 1], v0x63d1f1e3f310_0, v0x63d1f1e3f820_0, v0x63d1f1e3fd10_0, v0x63d1f1e40290_0;
LS_0x63d1f1e57b70_0_4 .concat8 [ 1 1 1 0], v0x63d1f1e40730_0, v0x63d1f1e40c20_0, v0x63d1f1e41110_0;
L_0x63d1f1e57b70 .concat8 [ 4 3 0 0], LS_0x63d1f1e57b70_0_0, LS_0x63d1f1e57b70_0_4;
L_0x63d1f1e57de0 .part L_0x63d1f1e544f0, 0, 1;
L_0x63d1f1e57ed0 .part L_0x63d1f1e544f0, 1, 1;
L_0x63d1f1e58100 .part L_0x63d1f1e544f0, 2, 1;
L_0x63d1f1e58230 .concat8 [ 1 1 1 0], v0x63d1f1e42a60_0, v0x63d1f1e42f80_0, v0x63d1f1e434a0_0;
S_0x63d1f1e21350 .scope module, "_083_" "NOT" 5 116, 2 7 0, S_0x63d1f1e10e70;
 .timescale 0 0;
    .port_info 0 /INPUT 1 "A";
    .port_info 1 /OUTPUT 1 "Y";
L_0x63d1f1e00e30/d .functor NOT 1, v0x63d1f1e10b10_0, C4<0>, C4<0>, C4<0>;
L_0x63d1f1e00e30 .delay 1 (1,1,1) L_0x63d1f1e00e30/d;
v0x63d1f1e21550_0 .net "A", 0 0, v0x63d1f1e10b10_0;  alias, 1 drivers
v0x63d1f1e21610_0 .net "Y", 0 0, L_0x63d1f1e00e30;  alias, 1 drivers
S_0x63d1f1e21710 .scope module, "_084_" "NOT" 5 120, 2 7 0, S_0x63d1f1e10e70;
 .timescale 0 0;
    .port_info 0 /INPUT 1 "A";
    .port_info 1 /OUTPUT 1 "Y";
L_0x63d1f1e006b0/d .functor NOT 1, L_0x63d1f1e497c0, C4<0>, C4<0>, C4<0>;
L_0x63d1f1e006b0 .delay 1 (1,1,1) L_0x63d1f1e006b0/d;
v0x63d1f1e218f0_0 .net "A", 0 0, L_0x63d1f1e497c0;  1 drivers
v0x63d1f1e219d0_0 .net "Y", 0 0, L_0x63d1f1e006b0;  alias, 1 drivers
S_0x63d1f1e21af0 .scope module, "_085_" "NOT" 5 124, 2 7 0, S_0x63d1f1e10e70;
 .timescale 0 0;
    .port_info 0 /INPUT 1 "A";
    .port_info 1 /OUTPUT 1 "Y";
L_0x63d1f1dfff30/d .functor NOT 1, v0x63d1f1e10bd0_0, C4<0>, C4<0>, C4<0>;
L_0x63d1f1dfff30 .delay 1 (1,1,1) L_0x63d1f1dfff30/d;
v0x63d1f1e21cd0_0 .net "A", 0 0, v0x63d1f1e10bd0_0;  alias, 1 drivers
v0x63d1f1e21d70_0 .net "Y", 0 0, L_0x63d1f1dfff30;  alias, 1 drivers
S_0x63d1f1e21e70 .scope module, "_086_" "NOT" 5 128, 2 7 0, S_0x63d1f1e10e70;
 .timescale 0 0;
    .port_info 0 /INPUT 1 "A";
    .port_info 1 /OUTPUT 1 "Y";
L_0x63d1f1dff7b0/d .functor NOT 1, v0x63d1f1e10c90_0, C4<0>, C4<0>, C4<0>;
L_0x63d1f1dff7b0 .delay 1 (1,1,1) L_0x63d1f1dff7b0/d;
v0x63d1f1e22050_0 .net "A", 0 0, v0x63d1f1e10c90_0;  alias, 1 drivers
v0x63d1f1e22110_0 .net "Y", 0 0, L_0x63d1f1dff7b0;  alias, 1 drivers
S_0x63d1f1e22210 .scope module, "_087_" "NOT" 5 132, 2 7 0, S_0x63d1f1e10e70;
 .timescale 0 0;
    .port_info 0 /INPUT 1 "A";
    .port_info 1 /OUTPUT 1 "Y";
L_0x63d1f1dff030/d .functor NOT 1, v0x63d1f1e41b30_0, C4<0>, C4<0>, C4<0>;
L_0x63d1f1dff030 .delay 1 (1,1,1) L_0x63d1f1dff030/d;
v0x63d1f1e22480_0 .net "A", 0 0, v0x63d1f1e41b30_0;  alias, 1 drivers
v0x63d1f1e22540_0 .net "Y", 0 0, L_0x63d1f1dff030;  alias, 1 drivers
S_0x63d1f1e22640 .scope module, "_088_" "NOT" 5 136, 2 7 0, S_0x63d1f1e10e70;
 .timescale 0 0;
    .port_info 0 /INPUT 1 "A";
    .port_info 1 /OUTPUT 1 "Y";
L_0x63d1f1dfe8b0/d .functor NOT 1, L_0x63d1f1e49a30, C4<0>, C4<0>, C4<0>;
L_0x63d1f1dfe8b0 .delay 1 (1,1,1) L_0x63d1f1dfe8b0/d;
v0x63d1f1e22860_0 .net "A", 0 0, L_0x63d1f1e49a30;  1 drivers
v0x63d1f1e22940_0 .net "Y", 0 0, L_0x63d1f1dfe8b0;  alias, 1 drivers
S_0x63d1f1e22a60 .scope module, "_089_" "NOT" 5 140, 2 7 0, S_0x63d1f1e10e70;
 .timescale 0 0;
    .port_info 0 /INPUT 1 "A";
    .port_info 1 /OUTPUT 1 "Y";
L_0x63d1f1e49b20/d .functor NOT 1, L_0x63d1f1e49c70, C4<0>, C4<0>, C4<0>;
L_0x63d1f1e49b20 .delay 1 (1,1,1) L_0x63d1f1e49b20/d;
v0x63d1f1e22c80_0 .net "A", 0 0, L_0x63d1f1e49c70;  1 drivers
v0x63d1f1e22d60_0 .net "Y", 0 0, L_0x63d1f1e49b20;  alias, 1 drivers
S_0x63d1f1e22e80 .scope module, "_090_" "NOT" 5 144, 2 7 0, S_0x63d1f1e10e70;
 .timescale 0 0;
    .port_info 0 /INPUT 1 "A";
    .port_info 1 /OUTPUT 1 "Y";
L_0x63d1f1e49db0/d .functor NOT 1, L_0x63d1f1e49ec0, C4<0>, C4<0>, C4<0>;
L_0x63d1f1e49db0 .delay 1 (1,1,1) L_0x63d1f1e49db0/d;
v0x63d1f1e230a0_0 .net "A", 0 0, L_0x63d1f1e49ec0;  1 drivers
v0x63d1f1e23180_0 .net "Y", 0 0, L_0x63d1f1e49db0;  alias, 1 drivers
S_0x63d1f1e232a0 .scope module, "_091_" "NOT" 5 148, 2 7 0, S_0x63d1f1e10e70;
 .timescale 0 0;
    .port_info 0 /INPUT 1 "A";
    .port_info 1 /OUTPUT 1 "Y";
L_0x63d1f1e4a000/d .functor NOT 1, L_0x63d1f1e4a110, C4<0>, C4<0>, C4<0>;
L_0x63d1f1e4a000 .delay 1 (1,1,1) L_0x63d1f1e4a000/d;
v0x63d1f1e234c0_0 .net "A", 0 0, L_0x63d1f1e4a110;  1 drivers
v0x63d1f1e235a0_0 .net "Y", 0 0, L_0x63d1f1e4a000;  alias, 1 drivers
S_0x63d1f1e236c0 .scope module, "_092_" "NAND" 5 152, 2 13 0, S_0x63d1f1e10e70;
 .timescale 0 0;
    .port_info 0 /INPUT 1 "A";
    .port_info 1 /INPUT 1 "B";
    .port_info 2 /OUTPUT 1 "Y";
L_0x63d1f1e4a200 .functor AND 1, L_0x63d1f1e00e30, L_0x63d1f1e4a3d0, C4<1>, C4<1>;
L_0x63d1f1e4a270/d .functor NOT 1, L_0x63d1f1e4a200, C4<0>, C4<0>, C4<0>;
L_0x63d1f1e4a270 .delay 1 (1,1,1) L_0x63d1f1e4a270/d;
v0x63d1f1e238a0_0 .net "A", 0 0, L_0x63d1f1e00e30;  alias, 1 drivers
v0x63d1f1e23960_0 .net "B", 0 0, L_0x63d1f1e4a3d0;  1 drivers
v0x63d1f1e23a00_0 .net "Y", 0 0, L_0x63d1f1e4a270;  alias, 1 drivers
v0x63d1f1e23ad0_0 .net *"_ivl_0", 0 0, L_0x63d1f1e4a200;  1 drivers
S_0x63d1f1e23c30 .scope module, "_093_" "NOR" 5 157, 2 19 0, S_0x63d1f1e10e70;
 .timescale 0 0;
    .port_info 0 /INPUT 1 "A";
    .port_info 1 /INPUT 1 "B";
    .port_info 2 /OUTPUT 1 "Y";
L_0x63d1f1e4a590 .functor OR 1, v0x63d1f1e10bd0_0, L_0x63d1f1e4a270, C4<0>, C4<0>;
L_0x63d1f1e4a600/d .functor NOT 1, L_0x63d1f1e4a590, C4<0>, C4<0>, C4<0>;
L_0x63d1f1e4a600 .delay 1 (1,1,1) L_0x63d1f1e4a600/d;
v0x63d1f1e23e60_0 .net "A", 0 0, v0x63d1f1e10bd0_0;  alias, 1 drivers
v0x63d1f1e23f70_0 .net "B", 0 0, L_0x63d1f1e4a270;  alias, 1 drivers
v0x63d1f1e24030_0 .net "Y", 0 0, L_0x63d1f1e4a600;  alias, 1 drivers
v0x63d1f1e24100_0 .net *"_ivl_0", 0 0, L_0x63d1f1e4a590;  1 drivers
S_0x63d1f1e24220 .scope module, "_094_" "NOT" 5 162, 2 7 0, S_0x63d1f1e10e70;
 .timescale 0 0;
    .port_info 0 /INPUT 1 "A";
    .port_info 1 /OUTPUT 1 "Y";
L_0x63d1f1e4a710/d .functor NOT 1, L_0x63d1f1e4a600, C4<0>, C4<0>, C4<0>;
L_0x63d1f1e4a710 .delay 1 (1,1,1) L_0x63d1f1e4a710/d;
v0x63d1f1e24440_0 .net "A", 0 0, L_0x63d1f1e4a600;  alias, 1 drivers
v0x63d1f1e24530_0 .net "Y", 0 0, L_0x63d1f1e4a710;  alias, 1 drivers
S_0x63d1f1e24630 .scope module, "_095_" "NOR" 5 166, 2 19 0, S_0x63d1f1e10e70;
 .timescale 0 0;
    .port_info 0 /INPUT 1 "A";
    .port_info 1 /INPUT 1 "B";
    .port_info 2 /OUTPUT 1 "Y";
L_0x63d1f1e4a860 .functor OR 1, v0x63d1f1e10b10_0, L_0x63d1f1e49db0, C4<0>, C4<0>;
L_0x63d1f1e4a960/d .functor NOT 1, L_0x63d1f1e4a860, C4<0>, C4<0>, C4<0>;
L_0x63d1f1e4a960 .delay 1 (1,1,1) L_0x63d1f1e4a960/d;
v0x63d1f1e24860_0 .net "A", 0 0, v0x63d1f1e10b10_0;  alias, 1 drivers
v0x63d1f1e24970_0 .net "B", 0 0, L_0x63d1f1e49db0;  alias, 1 drivers
v0x63d1f1e24a30_0 .net "Y", 0 0, L_0x63d1f1e4a960;  alias, 1 drivers
v0x63d1f1e24b00_0 .net *"_ivl_0", 0 0, L_0x63d1f1e4a860;  1 drivers
S_0x63d1f1e24c20 .scope module, "_096_" "NAND" 5 171, 2 13 0, S_0x63d1f1e10e70;
 .timescale 0 0;
    .port_info 0 /INPUT 1 "A";
    .port_info 1 /INPUT 1 "B";
    .port_info 2 /OUTPUT 1 "Y";
L_0x63d1f1e4aa70 .functor AND 1, L_0x63d1f1e00e30, L_0x63d1f1e4ac40, C4<1>, C4<1>;
L_0x63d1f1e4aae0/d .functor NOT 1, L_0x63d1f1e4aa70, C4<0>, C4<0>, C4<0>;
L_0x63d1f1e4aae0 .delay 1 (1,1,1) L_0x63d1f1e4aae0/d;
v0x63d1f1e24e50_0 .net "A", 0 0, L_0x63d1f1e00e30;  alias, 1 drivers
v0x63d1f1e24f60_0 .net "B", 0 0, L_0x63d1f1e4ac40;  1 drivers
v0x63d1f1e25020_0 .net "Y", 0 0, L_0x63d1f1e4aae0;  alias, 1 drivers
v0x63d1f1e250c0_0 .net *"_ivl_0", 0 0, L_0x63d1f1e4aa70;  1 drivers
S_0x63d1f1e25220 .scope module, "_097_" "NOR" 5 176, 2 19 0, S_0x63d1f1e10e70;
 .timescale 0 0;
    .port_info 0 /INPUT 1 "A";
    .port_info 1 /INPUT 1 "B";
    .port_info 2 /OUTPUT 1 "Y";
L_0x63d1f1e4ad30 .functor OR 1, L_0x63d1f1e4af00, L_0x63d1f1e4b040, C4<0>, C4<0>;
L_0x63d1f1e4ada0/d .functor NOT 1, L_0x63d1f1e4ad30, C4<0>, C4<0>, C4<0>;
L_0x63d1f1e4ada0 .delay 1 (1,1,1) L_0x63d1f1e4ada0/d;
v0x63d1f1e25450_0 .net "A", 0 0, L_0x63d1f1e4af00;  1 drivers
v0x63d1f1e25530_0 .net "B", 0 0, L_0x63d1f1e4b040;  1 drivers
v0x63d1f1e255f0_0 .net "Y", 0 0, L_0x63d1f1e4ada0;  alias, 1 drivers
v0x63d1f1e256c0_0 .net *"_ivl_0", 0 0, L_0x63d1f1e4ad30;  1 drivers
S_0x63d1f1e25820 .scope module, "_098_" "NOR" 5 181, 2 19 0, S_0x63d1f1e10e70;
 .timescale 0 0;
    .port_info 0 /INPUT 1 "A";
    .port_info 1 /INPUT 1 "B";
    .port_info 2 /OUTPUT 1 "Y";
L_0x63d1f1e4b130 .functor OR 1, L_0x63d1f1e4b2b0, L_0x63d1f1e4b400, C4<0>, C4<0>;
L_0x63d1f1e4b1a0/d .functor NOT 1, L_0x63d1f1e4b130, C4<0>, C4<0>, C4<0>;
L_0x63d1f1e4b1a0 .delay 1 (1,1,1) L_0x63d1f1e4b1a0/d;
v0x63d1f1e25a50_0 .net "A", 0 0, L_0x63d1f1e4b2b0;  1 drivers
v0x63d1f1e25b30_0 .net "B", 0 0, L_0x63d1f1e4b400;  1 drivers
v0x63d1f1e25bf0_0 .net "Y", 0 0, L_0x63d1f1e4b1a0;  alias, 1 drivers
v0x63d1f1e25cc0_0 .net *"_ivl_0", 0 0, L_0x63d1f1e4b130;  1 drivers
S_0x63d1f1e25e20 .scope module, "_099_" "NAND" 5 186, 2 13 0, S_0x63d1f1e10e70;
 .timescale 0 0;
    .port_info 0 /INPUT 1 "A";
    .port_info 1 /INPUT 1 "B";
    .port_info 2 /OUTPUT 1 "Y";
L_0x63d1f1e4b4a0 .functor AND 1, L_0x63d1f1e4ada0, L_0x63d1f1e4b1a0, C4<1>, C4<1>;
L_0x63d1f1e4b630/d .functor NOT 1, L_0x63d1f1e4b4a0, C4<0>, C4<0>, C4<0>;
L_0x63d1f1e4b630 .delay 1 (1,1,1) L_0x63d1f1e4b630/d;
v0x63d1f1e26050_0 .net "A", 0 0, L_0x63d1f1e4ada0;  alias, 1 drivers
v0x63d1f1e26140_0 .net "B", 0 0, L_0x63d1f1e4b1a0;  alias, 1 drivers
v0x63d1f1e26210_0 .net "Y", 0 0, L_0x63d1f1e4b630;  alias, 1 drivers
v0x63d1f1e262e0_0 .net *"_ivl_0", 0 0, L_0x63d1f1e4b4a0;  1 drivers
S_0x63d1f1e26400 .scope module, "_100_" "NOR" 5 191, 2 19 0, S_0x63d1f1e10e70;
 .timescale 0 0;
    .port_info 0 /INPUT 1 "A";
    .port_info 1 /INPUT 1 "B";
    .port_info 2 /OUTPUT 1 "Y";
L_0x63d1f1e4b6f0 .functor OR 1, L_0x63d1f1e4b8e0, L_0x63d1f1e4ba40, C4<0>, C4<0>;
L_0x63d1f1e4b780/d .functor NOT 1, L_0x63d1f1e4b6f0, C4<0>, C4<0>, C4<0>;
L_0x63d1f1e4b780 .delay 1 (1,1,1) L_0x63d1f1e4b780/d;
v0x63d1f1e26630_0 .net "A", 0 0, L_0x63d1f1e4b8e0;  1 drivers
v0x63d1f1e26710_0 .net "B", 0 0, L_0x63d1f1e4ba40;  1 drivers
v0x63d1f1e267d0_0 .net "Y", 0 0, L_0x63d1f1e4b780;  alias, 1 drivers
v0x63d1f1e268a0_0 .net *"_ivl_0", 0 0, L_0x63d1f1e4b6f0;  1 drivers
S_0x63d1f1e26a00 .scope module, "_101_" "NOR" 5 196, 2 19 0, S_0x63d1f1e10e70;
 .timescale 0 0;
    .port_info 0 /INPUT 1 "A";
    .port_info 1 /INPUT 1 "B";
    .port_info 2 /OUTPUT 1 "Y";
L_0x63d1f1e4bb30 .functor OR 1, L_0x63d1f1e4be10, L_0x63d1f1e4bf80, C4<0>, C4<0>;
L_0x63d1f1e4bba0/d .functor NOT 1, L_0x63d1f1e4bb30, C4<0>, C4<0>, C4<0>;
L_0x63d1f1e4bba0 .delay 1 (1,1,1) L_0x63d1f1e4bba0/d;
v0x63d1f1e26c30_0 .net "A", 0 0, L_0x63d1f1e4be10;  1 drivers
v0x63d1f1e26d10_0 .net "B", 0 0, L_0x63d1f1e4bf80;  1 drivers
v0x63d1f1e26dd0_0 .net "Y", 0 0, L_0x63d1f1e4bba0;  alias, 1 drivers
v0x63d1f1e26ea0_0 .net *"_ivl_0", 0 0, L_0x63d1f1e4bb30;  1 drivers
S_0x63d1f1e27000 .scope module, "_102_" "NAND" 5 201, 2 13 0, S_0x63d1f1e10e70;
 .timescale 0 0;
    .port_info 0 /INPUT 1 "A";
    .port_info 1 /INPUT 1 "B";
    .port_info 2 /OUTPUT 1 "Y";
L_0x63d1f1e4b9d0 .functor AND 1, L_0x63d1f1e4b780, L_0x63d1f1e4bba0, C4<1>, C4<1>;
L_0x63d1f1e4c100/d .functor NOT 1, L_0x63d1f1e4b9d0, C4<0>, C4<0>, C4<0>;
L_0x63d1f1e4c100 .delay 1 (1,1,1) L_0x63d1f1e4c100/d;
v0x63d1f1e27230_0 .net "A", 0 0, L_0x63d1f1e4b780;  alias, 1 drivers
v0x63d1f1e27320_0 .net "B", 0 0, L_0x63d1f1e4bba0;  alias, 1 drivers
v0x63d1f1e273f0_0 .net "Y", 0 0, L_0x63d1f1e4c100;  alias, 1 drivers
v0x63d1f1e274c0_0 .net *"_ivl_0", 0 0, L_0x63d1f1e4b9d0;  1 drivers
S_0x63d1f1e275e0 .scope module, "_103_" "NOR" 5 206, 2 19 0, S_0x63d1f1e10e70;
 .timescale 0 0;
    .port_info 0 /INPUT 1 "A";
    .port_info 1 /INPUT 1 "B";
    .port_info 2 /OUTPUT 1 "Y";
L_0x63d1f1e4c1e0 .functor OR 1, L_0x63d1f1e4b630, L_0x63d1f1e4c100, C4<0>, C4<0>;
L_0x63d1f1e4c390/d .functor NOT 1, L_0x63d1f1e4c1e0, C4<0>, C4<0>, C4<0>;
L_0x63d1f1e4c390 .delay 1 (1,1,1) L_0x63d1f1e4c390/d;
v0x63d1f1e27810_0 .net "A", 0 0, L_0x63d1f1e4b630;  alias, 1 drivers
v0x63d1f1e27900_0 .net "B", 0 0, L_0x63d1f1e4c100;  alias, 1 drivers
v0x63d1f1e279d0_0 .net "Y", 0 0, L_0x63d1f1e4c390;  alias, 1 drivers
v0x63d1f1e27aa0_0 .net *"_ivl_0", 0 0, L_0x63d1f1e4c1e0;  1 drivers
S_0x63d1f1e27bc0 .scope module, "_104_" "NOT" 5 211, 2 7 0, S_0x63d1f1e10e70;
 .timescale 0 0;
    .port_info 0 /INPUT 1 "A";
    .port_info 1 /OUTPUT 1 "Y";
L_0x63d1f1e4c470/d .functor NOT 1, L_0x63d1f1e4c390, C4<0>, C4<0>, C4<0>;
L_0x63d1f1e4c470 .delay 1 (1,1,1) L_0x63d1f1e4c470/d;
v0x63d1f1e27de0_0 .net "A", 0 0, L_0x63d1f1e4c390;  alias, 1 drivers
v0x63d1f1e27ed0_0 .net "Y", 0 0, L_0x63d1f1e4c470;  alias, 1 drivers
S_0x63d1f1e27fd0 .scope module, "_105_" "NAND" 5 215, 2 13 0, S_0x63d1f1e10e70;
 .timescale 0 0;
    .port_info 0 /INPUT 1 "A";
    .port_info 1 /INPUT 1 "B";
    .port_info 2 /OUTPUT 1 "Y";
L_0x63d1f1e4c600 .functor AND 1, L_0x63d1f1e4c7f0, L_0x63d1f1e4c970, C4<1>, C4<1>;
L_0x63d1f1e4c690/d .functor NOT 1, L_0x63d1f1e4c600, C4<0>, C4<0>, C4<0>;
L_0x63d1f1e4c690 .delay 1 (1,1,1) L_0x63d1f1e4c690/d;
v0x63d1f1e28200_0 .net "A", 0 0, L_0x63d1f1e4c7f0;  1 drivers
v0x63d1f1e282e0_0 .net "B", 0 0, L_0x63d1f1e4c970;  1 drivers
v0x63d1f1e283a0_0 .net "Y", 0 0, L_0x63d1f1e4c690;  alias, 1 drivers
v0x63d1f1e28470_0 .net *"_ivl_0", 0 0, L_0x63d1f1e4c600;  1 drivers
S_0x63d1f1e285d0 .scope module, "_106_" "NAND" 5 220, 2 13 0, S_0x63d1f1e10e70;
 .timescale 0 0;
    .port_info 0 /INPUT 1 "A";
    .port_info 1 /INPUT 1 "B";
    .port_info 2 /OUTPUT 1 "Y";
L_0x63d1f1e4ca60 .functor AND 1, L_0x63d1f1e4cc30, L_0x63d1f1e4cdc0, C4<1>, C4<1>;
L_0x63d1f1e4cad0/d .functor NOT 1, L_0x63d1f1e4ca60, C4<0>, C4<0>, C4<0>;
L_0x63d1f1e4cad0 .delay 1 (1,1,1) L_0x63d1f1e4cad0/d;
v0x63d1f1e28800_0 .net "A", 0 0, L_0x63d1f1e4cc30;  1 drivers
v0x63d1f1e288e0_0 .net "B", 0 0, L_0x63d1f1e4cdc0;  1 drivers
v0x63d1f1e289a0_0 .net "Y", 0 0, L_0x63d1f1e4cad0;  alias, 1 drivers
v0x63d1f1e28a70_0 .net *"_ivl_0", 0 0, L_0x63d1f1e4ca60;  1 drivers
S_0x63d1f1e28bd0 .scope module, "_107_" "NOR" 5 225, 2 19 0, S_0x63d1f1e10e70;
 .timescale 0 0;
    .port_info 0 /INPUT 1 "A";
    .port_info 1 /INPUT 1 "B";
    .port_info 2 /OUTPUT 1 "Y";
L_0x63d1f1e4ceb0 .functor OR 1, L_0x63d1f1e4c690, L_0x63d1f1e4cad0, C4<0>, C4<0>;
L_0x63d1f1e4cfb0/d .functor NOT 1, L_0x63d1f1e4ceb0, C4<0>, C4<0>, C4<0>;
L_0x63d1f1e4cfb0 .delay 1 (1,1,1) L_0x63d1f1e4cfb0/d;
v0x63d1f1e28e00_0 .net "A", 0 0, L_0x63d1f1e4c690;  alias, 1 drivers
v0x63d1f1e28ef0_0 .net "B", 0 0, L_0x63d1f1e4cad0;  alias, 1 drivers
v0x63d1f1e28fc0_0 .net "Y", 0 0, L_0x63d1f1e4cfb0;  alias, 1 drivers
v0x63d1f1e29090_0 .net *"_ivl_0", 0 0, L_0x63d1f1e4ceb0;  1 drivers
S_0x63d1f1e291b0 .scope module, "_108_" "NAND" 5 230, 2 13 0, S_0x63d1f1e10e70;
 .timescale 0 0;
    .port_info 0 /INPUT 1 "A";
    .port_info 1 /INPUT 1 "B";
    .port_info 2 /OUTPUT 1 "Y";
L_0x63d1f1e4d090 .functor AND 1, L_0x63d1f1e4d280, L_0x63d1f1e4cd20, C4<1>, C4<1>;
L_0x63d1f1e4d120/d .functor NOT 1, L_0x63d1f1e4d090, C4<0>, C4<0>, C4<0>;
L_0x63d1f1e4d120 .delay 1 (1,1,1) L_0x63d1f1e4d120/d;
v0x63d1f1e293e0_0 .net "A", 0 0, L_0x63d1f1e4d280;  1 drivers
v0x63d1f1e294c0_0 .net "B", 0 0, L_0x63d1f1e4cd20;  1 drivers
v0x63d1f1e29580_0 .net "Y", 0 0, L_0x63d1f1e4d120;  alias, 1 drivers
v0x63d1f1e29650_0 .net *"_ivl_0", 0 0, L_0x63d1f1e4d090;  1 drivers
S_0x63d1f1e297b0 .scope module, "_109_" "NAND" 5 235, 2 13 0, S_0x63d1f1e10e70;
 .timescale 0 0;
    .port_info 0 /INPUT 1 "A";
    .port_info 1 /INPUT 1 "B";
    .port_info 2 /OUTPUT 1 "Y";
L_0x63d1f1e4d680 .functor AND 1, L_0x63d1f1e4d850, L_0x63d1f1e4da00, C4<1>, C4<1>;
L_0x63d1f1e4d6f0/d .functor NOT 1, L_0x63d1f1e4d680, C4<0>, C4<0>, C4<0>;
L_0x63d1f1e4d6f0 .delay 1 (1,1,1) L_0x63d1f1e4d6f0/d;
v0x63d1f1e299e0_0 .net "A", 0 0, L_0x63d1f1e4d850;  1 drivers
v0x63d1f1e29ac0_0 .net "B", 0 0, L_0x63d1f1e4da00;  1 drivers
v0x63d1f1e29b80_0 .net "Y", 0 0, L_0x63d1f1e4d6f0;  alias, 1 drivers
v0x63d1f1e29c50_0 .net *"_ivl_0", 0 0, L_0x63d1f1e4d680;  1 drivers
S_0x63d1f1e29db0 .scope module, "_110_" "NOR" 5 240, 2 19 0, S_0x63d1f1e10e70;
 .timescale 0 0;
    .port_info 0 /INPUT 1 "A";
    .port_info 1 /INPUT 1 "B";
    .port_info 2 /OUTPUT 1 "Y";
L_0x63d1f1e4daf0 .functor OR 1, L_0x63d1f1e4d120, L_0x63d1f1e4d6f0, C4<0>, C4<0>;
L_0x63d1f1e4dc80/d .functor NOT 1, L_0x63d1f1e4daf0, C4<0>, C4<0>, C4<0>;
L_0x63d1f1e4dc80 .delay 1 (1,1,1) L_0x63d1f1e4dc80/d;
v0x63d1f1e29fe0_0 .net "A", 0 0, L_0x63d1f1e4d120;  alias, 1 drivers
v0x63d1f1e2a0d0_0 .net "B", 0 0, L_0x63d1f1e4d6f0;  alias, 1 drivers
v0x63d1f1e2a1a0_0 .net "Y", 0 0, L_0x63d1f1e4dc80;  alias, 1 drivers
v0x63d1f1e2a270_0 .net *"_ivl_0", 0 0, L_0x63d1f1e4daf0;  1 drivers
S_0x63d1f1e2a390 .scope module, "_111_" "NAND" 5 245, 2 13 0, S_0x63d1f1e10e70;
 .timescale 0 0;
    .port_info 0 /INPUT 1 "A";
    .port_info 1 /INPUT 1 "B";
    .port_info 2 /OUTPUT 1 "Y";
L_0x63d1f1e4dd60 .functor AND 1, L_0x63d1f1e4cfb0, L_0x63d1f1e4dc80, C4<1>, C4<1>;
L_0x63d1f1e4df10/d .functor NOT 1, L_0x63d1f1e4dd60, C4<0>, C4<0>, C4<0>;
L_0x63d1f1e4df10 .delay 1 (1,1,1) L_0x63d1f1e4df10/d;
v0x63d1f1e2a5c0_0 .net "A", 0 0, L_0x63d1f1e4cfb0;  alias, 1 drivers
v0x63d1f1e2a6b0_0 .net "B", 0 0, L_0x63d1f1e4dc80;  alias, 1 drivers
v0x63d1f1e2a780_0 .net "Y", 0 0, L_0x63d1f1e4df10;  alias, 1 drivers
v0x63d1f1e2a850_0 .net *"_ivl_0", 0 0, L_0x63d1f1e4dd60;  1 drivers
S_0x63d1f1e2a970 .scope module, "_112_" "NOR" 5 250, 2 19 0, S_0x63d1f1e10e70;
 .timescale 0 0;
    .port_info 0 /INPUT 1 "A";
    .port_info 1 /INPUT 1 "B";
    .port_info 2 /OUTPUT 1 "Y";
L_0x63d1f1e4dff0 .functor OR 1, L_0x63d1f1e4c470, L_0x63d1f1e4df10, C4<0>, C4<0>;
L_0x63d1f1e4e1a0/d .functor NOT 1, L_0x63d1f1e4dff0, C4<0>, C4<0>, C4<0>;
L_0x63d1f1e4e1a0 .delay 1 (1,1,1) L_0x63d1f1e4e1a0/d;
v0x63d1f1e2aba0_0 .net "A", 0 0, L_0x63d1f1e4c470;  alias, 1 drivers
v0x63d1f1e2ac90_0 .net "B", 0 0, L_0x63d1f1e4df10;  alias, 1 drivers
v0x63d1f1e2ad60_0 .net "Y", 0 0, L_0x63d1f1e4e1a0;  alias, 1 drivers
v0x63d1f1e2ae30_0 .net *"_ivl_0", 0 0, L_0x63d1f1e4dff0;  1 drivers
S_0x63d1f1e2af50 .scope module, "_113_" "NAND" 5 255, 2 13 0, S_0x63d1f1e10e70;
 .timescale 0 0;
    .port_info 0 /INPUT 1 "A";
    .port_info 1 /INPUT 1 "B";
    .port_info 2 /OUTPUT 1 "Y";
L_0x63d1f1e4e310 .functor AND 1, L_0x63d1f1e4a960, L_0x63d1f1e4e1a0, C4<1>, C4<1>;
L_0x63d1f1e4e430/d .functor NOT 1, L_0x63d1f1e4e310, C4<0>, C4<0>, C4<0>;
L_0x63d1f1e4e430 .delay 1 (1,1,1) L_0x63d1f1e4e430/d;
v0x63d1f1e2b180_0 .net "A", 0 0, L_0x63d1f1e4a960;  alias, 1 drivers
v0x63d1f1e2b270_0 .net "B", 0 0, L_0x63d1f1e4e1a0;  alias, 1 drivers
v0x63d1f1e2b340_0 .net "Y", 0 0, L_0x63d1f1e4e430;  alias, 1 drivers
v0x63d1f1e2b410_0 .net *"_ivl_0", 0 0, L_0x63d1f1e4e310;  1 drivers
S_0x63d1f1e2b530 .scope module, "_114_" "NAND" 5 260, 2 13 0, S_0x63d1f1e10e70;
 .timescale 0 0;
    .port_info 0 /INPUT 1 "A";
    .port_info 1 /INPUT 1 "B";
    .port_info 2 /OUTPUT 1 "Y";
L_0x63d1f1e4e510 .functor AND 1, L_0x63d1f1e4a710, L_0x63d1f1e4e430, C4<1>, C4<1>;
L_0x63d1f1e4e6c0/d .functor NOT 1, L_0x63d1f1e4e510, C4<0>, C4<0>, C4<0>;
L_0x63d1f1e4e6c0 .delay 1 (1,1,1) L_0x63d1f1e4e6c0/d;
v0x63d1f1e2b760_0 .net "A", 0 0, L_0x63d1f1e4a710;  alias, 1 drivers
v0x63d1f1e2b850_0 .net "B", 0 0, L_0x63d1f1e4e430;  alias, 1 drivers
v0x63d1f1e2b920_0 .net "Y", 0 0, L_0x63d1f1e4e6c0;  alias, 1 drivers
v0x63d1f1e2b9f0_0 .net *"_ivl_0", 0 0, L_0x63d1f1e4e510;  1 drivers
S_0x63d1f1e2bb10 .scope module, "_115_" "NAND" 5 265, 2 13 0, S_0x63d1f1e10e70;
 .timescale 0 0;
    .port_info 0 /INPUT 1 "A";
    .port_info 1 /INPUT 1 "B";
    .port_info 2 /OUTPUT 1 "Y";
L_0x63d1f1e4e7a0 .functor AND 1, L_0x63d1f1e4e990, v0x63d1f1e10c90_0, C4<1>, C4<1>;
L_0x63d1f1e4e830/d .functor NOT 1, L_0x63d1f1e4e7a0, C4<0>, C4<0>, C4<0>;
L_0x63d1f1e4e830 .delay 1 (1,1,1) L_0x63d1f1e4e830/d;
v0x63d1f1e2bf50_0 .net "A", 0 0, L_0x63d1f1e4e990;  1 drivers
v0x63d1f1e2c030_0 .net "B", 0 0, v0x63d1f1e10c90_0;  alias, 1 drivers
v0x63d1f1e2c140_0 .net "Y", 0 0, L_0x63d1f1e4e830;  alias, 1 drivers
v0x63d1f1e2c1e0_0 .net *"_ivl_0", 0 0, L_0x63d1f1e4e7a0;  1 drivers
S_0x63d1f1e2c320 .scope module, "_116_" "NAND" 5 270, 2 13 0, S_0x63d1f1e10e70;
 .timescale 0 0;
    .port_info 0 /INPUT 1 "A";
    .port_info 1 /INPUT 1 "B";
    .port_info 2 /OUTPUT 1 "Y";
L_0x63d1f1e4eb50 .functor AND 1, L_0x63d1f1e4ed40, L_0x63d1f1e4ee30, C4<1>, C4<1>;
L_0x63d1f1e4ebe0/d .functor NOT 1, L_0x63d1f1e4eb50, C4<0>, C4<0>, C4<0>;
L_0x63d1f1e4ebe0 .delay 1 (1,1,1) L_0x63d1f1e4ebe0/d;
v0x63d1f1e2c550_0 .net "A", 0 0, L_0x63d1f1e4ed40;  1 drivers
v0x63d1f1e2c630_0 .net "B", 0 0, L_0x63d1f1e4ee30;  1 drivers
v0x63d1f1e2c6f0_0 .net "Y", 0 0, L_0x63d1f1e4ebe0;  alias, 1 drivers
v0x63d1f1e2c7c0_0 .net *"_ivl_0", 0 0, L_0x63d1f1e4eb50;  1 drivers
S_0x63d1f1e2c920 .scope module, "_117_" "NOT" 5 275, 2 7 0, S_0x63d1f1e10e70;
 .timescale 0 0;
    .port_info 0 /INPUT 1 "A";
    .port_info 1 /OUTPUT 1 "Y";
L_0x63d1f1e4f090/d .functor NOT 1, L_0x63d1f1e4ebe0, C4<0>, C4<0>, C4<0>;
L_0x63d1f1e4f090 .delay 1 (1,1,1) L_0x63d1f1e4f090/d;
v0x63d1f1e2cb40_0 .net "A", 0 0, L_0x63d1f1e4ebe0;  alias, 1 drivers
v0x63d1f1e2cc30_0 .net "Y", 0 0, L_0x63d1f1e4f090;  alias, 1 drivers
S_0x63d1f1e2cd30 .scope module, "_118_" "NOR" 5 279, 2 19 0, S_0x63d1f1e10e70;
 .timescale 0 0;
    .port_info 0 /INPUT 1 "A";
    .port_info 1 /INPUT 1 "B";
    .port_info 2 /OUTPUT 1 "Y";
L_0x63d1f1e4f170 .functor OR 1, L_0x63d1f1e4f3e0, L_0x63d1f1e4f090, C4<0>, C4<0>;
L_0x63d1f1e4f290/d .functor NOT 1, L_0x63d1f1e4f170, C4<0>, C4<0>, C4<0>;
L_0x63d1f1e4f290 .delay 1 (1,1,1) L_0x63d1f1e4f290/d;
v0x63d1f1e2cf60_0 .net "A", 0 0, L_0x63d1f1e4f3e0;  1 drivers
v0x63d1f1e2d040_0 .net "B", 0 0, L_0x63d1f1e4f090;  alias, 1 drivers
v0x63d1f1e2d130_0 .net "Y", 0 0, L_0x63d1f1e4f290;  alias, 1 drivers
v0x63d1f1e2d200_0 .net *"_ivl_0", 0 0, L_0x63d1f1e4f170;  1 drivers
S_0x63d1f1e2d320 .scope module, "_119_" "NAND" 5 284, 2 13 0, S_0x63d1f1e10e70;
 .timescale 0 0;
    .port_info 0 /INPUT 1 "A";
    .port_info 1 /INPUT 1 "B";
    .port_info 2 /OUTPUT 1 "Y";
L_0x63d1f1e4f4d0 .functor AND 1, L_0x63d1f1e49b20, L_0x63d1f1e4ebe0, C4<1>, C4<1>;
L_0x63d1f1e4f560/d .functor NOT 1, L_0x63d1f1e4f4d0, C4<0>, C4<0>, C4<0>;
L_0x63d1f1e4f560 .delay 1 (1,1,1) L_0x63d1f1e4f560/d;
v0x63d1f1e2d550_0 .net "A", 0 0, L_0x63d1f1e49b20;  alias, 1 drivers
v0x63d1f1e2d640_0 .net "B", 0 0, L_0x63d1f1e4ebe0;  alias, 1 drivers
v0x63d1f1e2d730_0 .net "Y", 0 0, L_0x63d1f1e4f560;  alias, 1 drivers
v0x63d1f1e2d7d0_0 .net *"_ivl_0", 0 0, L_0x63d1f1e4f4d0;  1 drivers
S_0x63d1f1e2d910 .scope module, "_120_" "NAND" 5 289, 2 13 0, S_0x63d1f1e10e70;
 .timescale 0 0;
    .port_info 0 /INPUT 1 "A";
    .port_info 1 /INPUT 1 "B";
    .port_info 2 /OUTPUT 1 "Y";
L_0x63d1f1e4f6e0 .functor AND 1, L_0x63d1f1e4f8d0, L_0x63d1f1e4f290, C4<1>, C4<1>;
L_0x63d1f1e4f770/d .functor NOT 1, L_0x63d1f1e4f6e0, C4<0>, C4<0>, C4<0>;
L_0x63d1f1e4f770 .delay 1 (1,1,1) L_0x63d1f1e4f770/d;
v0x63d1f1e2db40_0 .net "A", 0 0, L_0x63d1f1e4f8d0;  1 drivers
v0x63d1f1e2dc20_0 .net "B", 0 0, L_0x63d1f1e4f290;  alias, 1 drivers
v0x63d1f1e2dd10_0 .net "Y", 0 0, L_0x63d1f1e4f770;  alias, 1 drivers
v0x63d1f1e2dde0_0 .net *"_ivl_0", 0 0, L_0x63d1f1e4f6e0;  1 drivers
S_0x63d1f1e2df00 .scope module, "_121_" "NAND" 5 294, 2 13 0, S_0x63d1f1e10e70;
 .timescale 0 0;
    .port_info 0 /INPUT 1 "A";
    .port_info 1 /INPUT 1 "B";
    .port_info 2 /OUTPUT 1 "Y";
L_0x63d1f1e4fab0 .functor AND 1, L_0x63d1f1e4e830, L_0x63d1f1e4f770, C4<1>, C4<1>;
L_0x63d1f1e4fbd0/d .functor NOT 1, L_0x63d1f1e4fab0, C4<0>, C4<0>, C4<0>;
L_0x63d1f1e4fbd0 .delay 1 (1,1,1) L_0x63d1f1e4fbd0/d;
v0x63d1f1e2e130_0 .net "A", 0 0, L_0x63d1f1e4e830;  alias, 1 drivers
v0x63d1f1e2e220_0 .net "B", 0 0, L_0x63d1f1e4f770;  alias, 1 drivers
v0x63d1f1e2e2f0_0 .net "Y", 0 0, L_0x63d1f1e4fbd0;  alias, 1 drivers
v0x63d1f1e2e3c0_0 .net *"_ivl_0", 0 0, L_0x63d1f1e4fab0;  1 drivers
S_0x63d1f1e2e4e0 .scope module, "_122_" "NOT" 5 299, 2 7 0, S_0x63d1f1e10e70;
 .timescale 0 0;
    .port_info 0 /INPUT 1 "A";
    .port_info 1 /OUTPUT 1 "Y";
L_0x63d1f1e4fcb0/d .functor NOT 1, L_0x63d1f1e4fbd0, C4<0>, C4<0>, C4<0>;
L_0x63d1f1e4fcb0 .delay 1 (1,1,1) L_0x63d1f1e4fcb0/d;
v0x63d1f1e2e700_0 .net "A", 0 0, L_0x63d1f1e4fbd0;  alias, 1 drivers
v0x63d1f1e2e7f0_0 .net "Y", 0 0, L_0x63d1f1e4fcb0;  alias, 1 drivers
S_0x63d1f1e2e8f0 .scope module, "_123_" "NOR" 5 303, 2 19 0, S_0x63d1f1e10e70;
 .timescale 0 0;
    .port_info 0 /INPUT 1 "A";
    .port_info 1 /INPUT 1 "B";
    .port_info 2 /OUTPUT 1 "Y";
L_0x63d1f1e4fe40 .functor OR 1, v0x63d1f1e10b10_0, L_0x63d1f1e4fcb0, C4<0>, C4<0>;
L_0x63d1f1e4ff60/d .functor NOT 1, L_0x63d1f1e4fe40, C4<0>, C4<0>, C4<0>;
L_0x63d1f1e4ff60 .delay 1 (1,1,1) L_0x63d1f1e4ff60/d;
v0x63d1f1e2eb20_0 .net "A", 0 0, v0x63d1f1e10b10_0;  alias, 1 drivers
v0x63d1f1e2ebe0_0 .net "B", 0 0, L_0x63d1f1e4fcb0;  alias, 1 drivers
v0x63d1f1e2ecd0_0 .net "Y", 0 0, L_0x63d1f1e4ff60;  alias, 1 drivers
v0x63d1f1e2eda0_0 .net *"_ivl_0", 0 0, L_0x63d1f1e4fe40;  1 drivers
S_0x63d1f1e2eec0 .scope module, "_124_" "NOR" 5 308, 2 19 0, S_0x63d1f1e10e70;
 .timescale 0 0;
    .port_info 0 /INPUT 1 "A";
    .port_info 1 /INPUT 1 "B";
    .port_info 2 /OUTPUT 1 "Y";
L_0x63d1f1e50090 .functor OR 1, L_0x63d1f1e006b0, L_0x63d1f1e4f290, C4<0>, C4<0>;
L_0x63d1f1e50120/d .functor NOT 1, L_0x63d1f1e50090, C4<0>, C4<0>, C4<0>;
L_0x63d1f1e50120 .delay 1 (1,1,1) L_0x63d1f1e50120/d;
v0x63d1f1e2f0f0_0 .net "A", 0 0, L_0x63d1f1e006b0;  alias, 1 drivers
v0x63d1f1e2f1e0_0 .net "B", 0 0, L_0x63d1f1e4f290;  alias, 1 drivers
v0x63d1f1e2f2d0_0 .net "Y", 0 0, L_0x63d1f1e50120;  alias, 1 drivers
v0x63d1f1e2f370_0 .net *"_ivl_0", 0 0, L_0x63d1f1e50090;  1 drivers
S_0x63d1f1e2f4b0 .scope module, "_125_" "NAND" 5 313, 2 13 0, S_0x63d1f1e10e70;
 .timescale 0 0;
    .port_info 0 /INPUT 1 "A";
    .port_info 1 /INPUT 1 "B";
    .port_info 2 /OUTPUT 1 "Y";
L_0x63d1f1e502e0 .functor AND 1, L_0x63d1f1e50510, L_0x63d1f1e4f560, C4<1>, C4<1>;
L_0x63d1f1e50400/d .functor NOT 1, L_0x63d1f1e502e0, C4<0>, C4<0>, C4<0>;
L_0x63d1f1e50400 .delay 1 (1,1,1) L_0x63d1f1e50400/d;
v0x63d1f1e2f6e0_0 .net "A", 0 0, L_0x63d1f1e50510;  1 drivers
v0x63d1f1e2f7c0_0 .net "B", 0 0, L_0x63d1f1e4f560;  alias, 1 drivers
v0x63d1f1e2f8b0_0 .net "Y", 0 0, L_0x63d1f1e50400;  alias, 1 drivers
v0x63d1f1e2f980_0 .net *"_ivl_0", 0 0, L_0x63d1f1e502e0;  1 drivers
S_0x63d1f1e2faa0 .scope module, "_126_" "NOR" 5 318, 2 19 0, S_0x63d1f1e10e70;
 .timescale 0 0;
    .port_info 0 /INPUT 1 "A";
    .port_info 1 /INPUT 1 "B";
    .port_info 2 /OUTPUT 1 "Y";
L_0x63d1f1e50600 .functor OR 1, L_0x63d1f1e50900, L_0x63d1f1e50120, C4<0>, C4<0>;
L_0x63d1f1e50690/d .functor NOT 1, L_0x63d1f1e50600, C4<0>, C4<0>, C4<0>;
L_0x63d1f1e50690 .delay 1 (1,1,1) L_0x63d1f1e50690/d;
v0x63d1f1e2fcd0_0 .net "A", 0 0, L_0x63d1f1e50900;  1 drivers
v0x63d1f1e2fdb0_0 .net "B", 0 0, L_0x63d1f1e50120;  alias, 1 drivers
v0x63d1f1e2fea0_0 .net "Y", 0 0, L_0x63d1f1e50690;  alias, 1 drivers
v0x63d1f1e2ff70_0 .net *"_ivl_0", 0 0, L_0x63d1f1e50600;  1 drivers
S_0x63d1f1e30090 .scope module, "_127_" "NOR" 5 323, 2 19 0, S_0x63d1f1e10e70;
 .timescale 0 0;
    .port_info 0 /INPUT 1 "A";
    .port_info 1 /INPUT 1 "B";
    .port_info 2 /OUTPUT 1 "Y";
L_0x63d1f1e50af0 .functor OR 1, v0x63d1f1e10b10_0, L_0x63d1f1e50690, C4<0>, C4<0>;
L_0x63d1f1e50d90/d .functor NOT 1, L_0x63d1f1e50af0, C4<0>, C4<0>, C4<0>;
L_0x63d1f1e50d90 .delay 1 (1,1,1) L_0x63d1f1e50d90/d;
v0x63d1f1e302c0_0 .net "A", 0 0, v0x63d1f1e10b10_0;  alias, 1 drivers
v0x63d1f1e30380_0 .net "B", 0 0, L_0x63d1f1e50690;  alias, 1 drivers
v0x63d1f1e30470_0 .net "Y", 0 0, L_0x63d1f1e50d90;  alias, 1 drivers
v0x63d1f1e30540_0 .net *"_ivl_0", 0 0, L_0x63d1f1e50af0;  1 drivers
S_0x63d1f1e30660 .scope module, "_128_" "NAND" 5 328, 2 13 0, S_0x63d1f1e10e70;
 .timescale 0 0;
    .port_info 0 /INPUT 1 "A";
    .port_info 1 /INPUT 1 "B";
    .port_info 2 /OUTPUT 1 "Y";
L_0x63d1f1e50ec0 .functor AND 1, L_0x63d1f1e510f0, L_0x63d1f1dff7b0, C4<1>, C4<1>;
L_0x63d1f1e50fe0/d .functor NOT 1, L_0x63d1f1e50ec0, C4<0>, C4<0>, C4<0>;
L_0x63d1f1e50fe0 .delay 1 (1,1,1) L_0x63d1f1e50fe0/d;
v0x63d1f1e30840_0 .net "A", 0 0, L_0x63d1f1e510f0;  1 drivers
v0x63d1f1e30920_0 .net "B", 0 0, L_0x63d1f1dff7b0;  alias, 1 drivers
v0x63d1f1e30a10_0 .net "Y", 0 0, L_0x63d1f1e50fe0;  alias, 1 drivers
v0x63d1f1e30ae0_0 .net *"_ivl_0", 0 0, L_0x63d1f1e50ec0;  1 drivers
S_0x63d1f1e30c00 .scope module, "_129_" "NOR" 5 333, 2 19 0, S_0x63d1f1e10e70;
 .timescale 0 0;
    .port_info 0 /INPUT 1 "A";
    .port_info 1 /INPUT 1 "B";
    .port_info 2 /OUTPUT 1 "Y";
L_0x63d1f1e511e0 .functor OR 1, v0x63d1f1e10b10_0, L_0x63d1f1e51410, C4<0>, C4<0>;
L_0x63d1f1e51270/d .functor NOT 1, L_0x63d1f1e511e0, C4<0>, C4<0>, C4<0>;
L_0x63d1f1e51270 .delay 1 (1,1,1) L_0x63d1f1e51270/d;
v0x63d1f1e30e30_0 .net "A", 0 0, v0x63d1f1e10b10_0;  alias, 1 drivers
v0x63d1f1e30ef0_0 .net "B", 0 0, L_0x63d1f1e51410;  1 drivers
v0x63d1f1e30fb0_0 .net "Y", 0 0, L_0x63d1f1e51270;  alias, 1 drivers
v0x63d1f1e31080_0 .net *"_ivl_0", 0 0, L_0x63d1f1e511e0;  1 drivers
S_0x63d1f1e311e0 .scope module, "_130_" "NAND" 5 338, 2 13 0, S_0x63d1f1e10e70;
 .timescale 0 0;
    .port_info 0 /INPUT 1 "A";
    .port_info 1 /INPUT 1 "B";
    .port_info 2 /OUTPUT 1 "Y";
L_0x63d1f1e51610 .functor AND 1, L_0x63d1f1e50fe0, L_0x63d1f1e51270, C4<1>, C4<1>;
L_0x63d1f1e51730/d .functor NOT 1, L_0x63d1f1e51610, C4<0>, C4<0>, C4<0>;
L_0x63d1f1e51730 .delay 1 (1,1,1) L_0x63d1f1e51730/d;
v0x63d1f1e31410_0 .net "A", 0 0, L_0x63d1f1e50fe0;  alias, 1 drivers
v0x63d1f1e31500_0 .net "B", 0 0, L_0x63d1f1e51270;  alias, 1 drivers
v0x63d1f1e315d0_0 .net "Y", 0 0, L_0x63d1f1e51730;  alias, 1 drivers
v0x63d1f1e316a0_0 .net *"_ivl_0", 0 0, L_0x63d1f1e51610;  1 drivers
S_0x63d1f1e317c0 .scope module, "_131_" "NOR" 5 343, 2 19 0, S_0x63d1f1e10e70;
 .timescale 0 0;
    .port_info 0 /INPUT 1 "A";
    .port_info 1 /INPUT 1 "B";
    .port_info 2 /OUTPUT 1 "Y";
L_0x63d1f1e51860 .functor OR 1, L_0x63d1f1e51a50, L_0x63d1f1e51b40, C4<0>, C4<0>;
L_0x63d1f1e518f0/d .functor NOT 1, L_0x63d1f1e51860, C4<0>, C4<0>, C4<0>;
L_0x63d1f1e518f0 .delay 1 (1,1,1) L_0x63d1f1e518f0/d;
v0x63d1f1e319f0_0 .net "A", 0 0, L_0x63d1f1e51a50;  1 drivers
v0x63d1f1e31ad0_0 .net "B", 0 0, L_0x63d1f1e51b40;  1 drivers
v0x63d1f1e31b90_0 .net "Y", 0 0, L_0x63d1f1e518f0;  alias, 1 drivers
v0x63d1f1e31c60_0 .net *"_ivl_0", 0 0, L_0x63d1f1e51860;  1 drivers
S_0x63d1f1e31dc0 .scope module, "_132_" "NOR" 5 348, 2 19 0, S_0x63d1f1e10e70;
 .timescale 0 0;
    .port_info 0 /INPUT 1 "A";
    .port_info 1 /INPUT 1 "B";
    .port_info 2 /OUTPUT 1 "Y";
L_0x63d1f1e51d50 .functor OR 1, L_0x63d1f1dfe8b0, L_0x63d1f1e518f0, C4<0>, C4<0>;
L_0x63d1f1e51dc0/d .functor NOT 1, L_0x63d1f1e51d50, C4<0>, C4<0>, C4<0>;
L_0x63d1f1e51dc0 .delay 1 (1,1,1) L_0x63d1f1e51dc0/d;
v0x63d1f1e31ff0_0 .net "A", 0 0, L_0x63d1f1dfe8b0;  alias, 1 drivers
v0x63d1f1e320e0_0 .net "B", 0 0, L_0x63d1f1e518f0;  alias, 1 drivers
v0x63d1f1e321b0_0 .net "Y", 0 0, L_0x63d1f1e51dc0;  alias, 1 drivers
v0x63d1f1e32280_0 .net *"_ivl_0", 0 0, L_0x63d1f1e51d50;  1 drivers
S_0x63d1f1e323a0 .scope module, "_133_" "NAND" 5 353, 2 13 0, S_0x63d1f1e10e70;
 .timescale 0 0;
    .port_info 0 /INPUT 1 "A";
    .port_info 1 /INPUT 1 "B";
    .port_info 2 /OUTPUT 1 "Y";
L_0x63d1f1e51f40 .functor AND 1, L_0x63d1f1e006b0, L_0x63d1f1dfe8b0, C4<1>, C4<1>;
L_0x63d1f1e51fd0/d .functor NOT 1, L_0x63d1f1e51f40, C4<0>, C4<0>, C4<0>;
L_0x63d1f1e51fd0 .delay 1 (1,1,1) L_0x63d1f1e51fd0/d;
v0x63d1f1e325d0_0 .net "A", 0 0, L_0x63d1f1e006b0;  alias, 1 drivers
v0x63d1f1e326e0_0 .net "B", 0 0, L_0x63d1f1dfe8b0;  alias, 1 drivers
v0x63d1f1e327f0_0 .net "Y", 0 0, L_0x63d1f1e51fd0;  alias, 1 drivers
v0x63d1f1e32890_0 .net *"_ivl_0", 0 0, L_0x63d1f1e51f40;  1 drivers
S_0x63d1f1e329d0 .scope module, "_134_" "NAND" 5 358, 2 13 0, S_0x63d1f1e10e70;
 .timescale 0 0;
    .port_info 0 /INPUT 1 "A";
    .port_info 1 /INPUT 1 "B";
    .port_info 2 /OUTPUT 1 "Y";
L_0x63d1f1e52150 .functor AND 1, L_0x63d1f1e00e30, L_0x63d1f1e51fd0, C4<1>, C4<1>;
L_0x63d1f1e52270/d .functor NOT 1, L_0x63d1f1e52150, C4<0>, C4<0>, C4<0>;
L_0x63d1f1e52270 .delay 1 (1,1,1) L_0x63d1f1e52270/d;
v0x63d1f1e32c00_0 .net "A", 0 0, L_0x63d1f1e00e30;  alias, 1 drivers
v0x63d1f1e32cc0_0 .net "B", 0 0, L_0x63d1f1e51fd0;  alias, 1 drivers
v0x63d1f1e32d80_0 .net "Y", 0 0, L_0x63d1f1e52270;  alias, 1 drivers
v0x63d1f1e32e50_0 .net *"_ivl_0", 0 0, L_0x63d1f1e52150;  1 drivers
S_0x63d1f1e32f70 .scope module, "_135_" "NOR" 5 363, 2 19 0, S_0x63d1f1e10e70;
 .timescale 0 0;
    .port_info 0 /INPUT 1 "A";
    .port_info 1 /INPUT 1 "B";
    .port_info 2 /OUTPUT 1 "Y";
L_0x63d1f1e523a0 .functor OR 1, L_0x63d1f1e51dc0, L_0x63d1f1e52270, C4<0>, C4<0>;
L_0x63d1f1e52550/d .functor NOT 1, L_0x63d1f1e523a0, C4<0>, C4<0>, C4<0>;
L_0x63d1f1e52550 .delay 1 (1,1,1) L_0x63d1f1e52550/d;
v0x63d1f1e331a0_0 .net "A", 0 0, L_0x63d1f1e51dc0;  alias, 1 drivers
v0x63d1f1e33290_0 .net "B", 0 0, L_0x63d1f1e52270;  alias, 1 drivers
v0x63d1f1e33360_0 .net "Y", 0 0, L_0x63d1f1e52550;  1 drivers
v0x63d1f1e33430_0 .net *"_ivl_0", 0 0, L_0x63d1f1e523a0;  1 drivers
S_0x63d1f1e33550 .scope module, "_136_" "NAND" 5 368, 2 13 0, S_0x63d1f1e10e70;
 .timescale 0 0;
    .port_info 0 /INPUT 1 "A";
    .port_info 1 /INPUT 1 "B";
    .port_info 2 /OUTPUT 1 "Y";
L_0x63d1f1e52630 .functor AND 1, L_0x63d1f1e52800, L_0x63d1f1e518f0, C4<1>, C4<1>;
L_0x63d1f1e526a0/d .functor NOT 1, L_0x63d1f1e52630, C4<0>, C4<0>, C4<0>;
L_0x63d1f1e526a0 .delay 1 (1,1,1) L_0x63d1f1e526a0/d;
v0x63d1f1e33780_0 .net "A", 0 0, L_0x63d1f1e52800;  1 drivers
v0x63d1f1e33860_0 .net "B", 0 0, L_0x63d1f1e518f0;  alias, 1 drivers
v0x63d1f1e33970_0 .net "Y", 0 0, L_0x63d1f1e526a0;  alias, 1 drivers
v0x63d1f1e33a10_0 .net *"_ivl_0", 0 0, L_0x63d1f1e52630;  1 drivers
S_0x63d1f1e33b50 .scope module, "_137_" "NAND" 5 373, 2 13 0, S_0x63d1f1e10e70;
 .timescale 0 0;
    .port_info 0 /INPUT 1 "A";
    .port_info 1 /INPUT 1 "B";
    .port_info 2 /OUTPUT 1 "Y";
L_0x63d1f1e528f0 .functor AND 1, L_0x63d1f1e52ae0, L_0x63d1f1e4ebe0, C4<1>, C4<1>;
L_0x63d1f1e52980/d .functor NOT 1, L_0x63d1f1e528f0, C4<0>, C4<0>, C4<0>;
L_0x63d1f1e52980 .delay 1 (1,1,1) L_0x63d1f1e52980/d;
v0x63d1f1e33d80_0 .net "A", 0 0, L_0x63d1f1e52ae0;  1 drivers
v0x63d1f1e33e60_0 .net "B", 0 0, L_0x63d1f1e4ebe0;  alias, 1 drivers
v0x63d1f1e33f20_0 .net "Y", 0 0, L_0x63d1f1e52980;  alias, 1 drivers
v0x63d1f1e33ff0_0 .net *"_ivl_0", 0 0, L_0x63d1f1e528f0;  1 drivers
S_0x63d1f1e34130 .scope module, "_138_" "NAND" 5 378, 2 13 0, S_0x63d1f1e10e70;
 .timescale 0 0;
    .port_info 0 /INPUT 1 "A";
    .port_info 1 /INPUT 1 "B";
    .port_info 2 /OUTPUT 1 "Y";
L_0x63d1f1e51c30 .functor AND 1, L_0x63d1f1e526a0, L_0x63d1f1e52980, C4<1>, C4<1>;
L_0x63d1f1e52d90/d .functor NOT 1, L_0x63d1f1e51c30, C4<0>, C4<0>, C4<0>;
L_0x63d1f1e52d90 .delay 1 (1,1,1) L_0x63d1f1e52d90/d;
v0x63d1f1e34360_0 .net "A", 0 0, L_0x63d1f1e526a0;  alias, 1 drivers
v0x63d1f1e34450_0 .net "B", 0 0, L_0x63d1f1e52980;  alias, 1 drivers
v0x63d1f1e34520_0 .net "Y", 0 0, L_0x63d1f1e52d90;  alias, 1 drivers
v0x63d1f1e345f0_0 .net *"_ivl_0", 0 0, L_0x63d1f1e51c30;  1 drivers
S_0x63d1f1e34710 .scope module, "_139_" "NOR" 5 383, 2 19 0, S_0x63d1f1e10e70;
 .timescale 0 0;
    .port_info 0 /INPUT 1 "A";
    .port_info 1 /INPUT 1 "B";
    .port_info 2 /OUTPUT 1 "Y";
L_0x63d1f1e52e70 .functor OR 1, L_0x63d1f1e53060, L_0x63d1f1e53150, C4<0>, C4<0>;
L_0x63d1f1e52f00/d .functor NOT 1, L_0x63d1f1e52e70, C4<0>, C4<0>, C4<0>;
L_0x63d1f1e52f00 .delay 1 (1,1,1) L_0x63d1f1e52f00/d;
v0x63d1f1e34940_0 .net "A", 0 0, L_0x63d1f1e53060;  1 drivers
v0x63d1f1e34a20_0 .net "B", 0 0, L_0x63d1f1e53150;  1 drivers
v0x63d1f1e34ae0_0 .net "Y", 0 0, L_0x63d1f1e52f00;  alias, 1 drivers
v0x63d1f1e34bb0_0 .net *"_ivl_0", 0 0, L_0x63d1f1e52e70;  1 drivers
S_0x63d1f1e34d10 .scope module, "_140_" "NAND" 5 388, 2 13 0, S_0x63d1f1e10e70;
 .timescale 0 0;
    .port_info 0 /INPUT 1 "A";
    .port_info 1 /INPUT 1 "B";
    .port_info 2 /OUTPUT 1 "Y";
L_0x63d1f1e53380 .functor AND 1, L_0x63d1f1e00e30, L_0x63d1f1e52d90, C4<1>, C4<1>;
L_0x63d1f1e533f0/d .functor NOT 1, L_0x63d1f1e53380, C4<0>, C4<0>, C4<0>;
L_0x63d1f1e533f0 .delay 1 (1,1,1) L_0x63d1f1e533f0/d;
v0x63d1f1e34f40_0 .net "A", 0 0, L_0x63d1f1e00e30;  alias, 1 drivers
v0x63d1f1e35090_0 .net "B", 0 0, L_0x63d1f1e52d90;  alias, 1 drivers
v0x63d1f1e35180_0 .net "Y", 0 0, L_0x63d1f1e533f0;  alias, 1 drivers
v0x63d1f1e35250_0 .net *"_ivl_0", 0 0, L_0x63d1f1e53380;  1 drivers
S_0x63d1f1e35370 .scope module, "_141_" "NOR" 5 393, 2 19 0, S_0x63d1f1e10e70;
 .timescale 0 0;
    .port_info 0 /INPUT 1 "A";
    .port_info 1 /INPUT 1 "B";
    .port_info 2 /OUTPUT 1 "Y";
L_0x63d1f1e53520 .functor OR 1, L_0x63d1f1e52f00, L_0x63d1f1e533f0, C4<0>, C4<0>;
L_0x63d1f1e536d0/d .functor NOT 1, L_0x63d1f1e53520, C4<0>, C4<0>, C4<0>;
L_0x63d1f1e536d0 .delay 1 (1,1,1) L_0x63d1f1e536d0/d;
v0x63d1f1e35550_0 .net "A", 0 0, L_0x63d1f1e52f00;  alias, 1 drivers
v0x63d1f1e35640_0 .net "B", 0 0, L_0x63d1f1e533f0;  alias, 1 drivers
v0x63d1f1e35710_0 .net "Y", 0 0, L_0x63d1f1e536d0;  1 drivers
v0x63d1f1e357e0_0 .net *"_ivl_0", 0 0, L_0x63d1f1e53520;  1 drivers
S_0x63d1f1e35900 .scope module, "_142_" "NAND" 5 398, 2 13 0, S_0x63d1f1e10e70;
 .timescale 0 0;
    .port_info 0 /INPUT 1 "A";
    .port_info 1 /INPUT 1 "B";
    .port_info 2 /OUTPUT 1 "Y";
L_0x63d1f1e537b0 .functor AND 1, L_0x63d1f1e53980, L_0x63d1f1e518f0, C4<1>, C4<1>;
L_0x63d1f1e53820/d .functor NOT 1, L_0x63d1f1e537b0, C4<0>, C4<0>, C4<0>;
L_0x63d1f1e53820 .delay 1 (1,1,1) L_0x63d1f1e53820/d;
v0x63d1f1e35b30_0 .net "A", 0 0, L_0x63d1f1e53980;  1 drivers
v0x63d1f1e35c10_0 .net "B", 0 0, L_0x63d1f1e518f0;  alias, 1 drivers
v0x63d1f1e35cd0_0 .net "Y", 0 0, L_0x63d1f1e53820;  alias, 1 drivers
v0x63d1f1e35da0_0 .net *"_ivl_0", 0 0, L_0x63d1f1e537b0;  1 drivers
S_0x63d1f1e35ee0 .scope module, "_143_" "NOT" 5 403, 2 7 0, S_0x63d1f1e10e70;
 .timescale 0 0;
    .port_info 0 /INPUT 1 "A";
    .port_info 1 /OUTPUT 1 "Y";
L_0x63d1f1e53a70/d .functor NOT 1, L_0x63d1f1e53820, C4<0>, C4<0>, C4<0>;
L_0x63d1f1e53a70 .delay 1 (1,1,1) L_0x63d1f1e53a70/d;
v0x63d1f1e36100_0 .net "A", 0 0, L_0x63d1f1e53820;  alias, 1 drivers
v0x63d1f1e361f0_0 .net "Y", 0 0, L_0x63d1f1e53a70;  alias, 1 drivers
S_0x63d1f1e362f0 .scope module, "_144_" "NOR" 5 407, 2 19 0, S_0x63d1f1e10e70;
 .timescale 0 0;
    .port_info 0 /INPUT 1 "A";
    .port_info 1 /INPUT 1 "B";
    .port_info 2 /OUTPUT 1 "Y";
L_0x63d1f1e53b70 .functor OR 1, L_0x63d1f1e49b20, L_0x63d1f1e4ebe0, C4<0>, C4<0>;
L_0x63d1f1e53c00/d .functor NOT 1, L_0x63d1f1e53b70, C4<0>, C4<0>, C4<0>;
L_0x63d1f1e53c00 .delay 1 (1,1,1) L_0x63d1f1e53c00/d;
v0x63d1f1e36520_0 .net "A", 0 0, L_0x63d1f1e49b20;  alias, 1 drivers
v0x63d1f1e36630_0 .net "B", 0 0, L_0x63d1f1e4ebe0;  alias, 1 drivers
v0x63d1f1e36780_0 .net "Y", 0 0, L_0x63d1f1e53c00;  alias, 1 drivers
v0x63d1f1e36820_0 .net *"_ivl_0", 0 0, L_0x63d1f1e53b70;  1 drivers
S_0x63d1f1e36960 .scope module, "_145_" "NOR" 5 412, 2 19 0, S_0x63d1f1e10e70;
 .timescale 0 0;
    .port_info 0 /INPUT 1 "A";
    .port_info 1 /INPUT 1 "B";
    .port_info 2 /OUTPUT 1 "Y";
L_0x63d1f1e53d80 .functor OR 1, L_0x63d1f1e50400, L_0x63d1f1e53c00, C4<0>, C4<0>;
L_0x63d1f1e53f30/d .functor NOT 1, L_0x63d1f1e53d80, C4<0>, C4<0>, C4<0>;
L_0x63d1f1e53f30 .delay 1 (1,1,1) L_0x63d1f1e53f30/d;
v0x63d1f1e36b40_0 .net "A", 0 0, L_0x63d1f1e50400;  alias, 1 drivers
v0x63d1f1e36c30_0 .net "B", 0 0, L_0x63d1f1e53c00;  alias, 1 drivers
v0x63d1f1e36d00_0 .net "Y", 0 0, L_0x63d1f1e53f30;  alias, 1 drivers
v0x63d1f1e36dd0_0 .net *"_ivl_0", 0 0, L_0x63d1f1e53d80;  1 drivers
S_0x63d1f1e36ef0 .scope module, "_146_" "NOR" 5 417, 2 19 0, S_0x63d1f1e10e70;
 .timescale 0 0;
    .port_info 0 /INPUT 1 "A";
    .port_info 1 /INPUT 1 "B";
    .port_info 2 /OUTPUT 1 "Y";
L_0x63d1f1e54010 .functor OR 1, L_0x63d1f1e53a70, L_0x63d1f1e53f30, C4<0>, C4<0>;
L_0x63d1f1e541c0/d .functor NOT 1, L_0x63d1f1e54010, C4<0>, C4<0>, C4<0>;
L_0x63d1f1e541c0 .delay 1 (1,1,1) L_0x63d1f1e541c0/d;
v0x63d1f1e37120_0 .net "A", 0 0, L_0x63d1f1e53a70;  alias, 1 drivers
v0x63d1f1e37210_0 .net "B", 0 0, L_0x63d1f1e53f30;  alias, 1 drivers
v0x63d1f1e372e0_0 .net "Y", 0 0, L_0x63d1f1e541c0;  alias, 1 drivers
v0x63d1f1e373b0_0 .net *"_ivl_0", 0 0, L_0x63d1f1e54010;  1 drivers
S_0x63d1f1e374d0 .scope module, "_147_" "NOR" 5 422, 2 19 0, S_0x63d1f1e10e70;
 .timescale 0 0;
    .port_info 0 /INPUT 1 "A";
    .port_info 1 /INPUT 1 "B";
    .port_info 2 /OUTPUT 1 "Y";
L_0x63d1f1e542a0 .functor OR 1, v0x63d1f1e10b10_0, L_0x63d1f1e541c0, C4<0>, C4<0>;
L_0x63d1f1e543c0/d .functor NOT 1, L_0x63d1f1e542a0, C4<0>, C4<0>, C4<0>;
L_0x63d1f1e543c0 .delay 1 (1,1,1) L_0x63d1f1e543c0/d;
v0x63d1f1e37b10_0 .net "A", 0 0, v0x63d1f1e10b10_0;  alias, 1 drivers
v0x63d1f1e37bd0_0 .net "B", 0 0, L_0x63d1f1e541c0;  alias, 1 drivers
v0x63d1f1e37cc0_0 .net "Y", 0 0, L_0x63d1f1e543c0;  1 drivers
v0x63d1f1e37d90_0 .net *"_ivl_0", 0 0, L_0x63d1f1e542a0;  1 drivers
S_0x63d1f1e37eb0 .scope module, "_148_" "NOR" 5 427, 2 19 0, S_0x63d1f1e10e70;
 .timescale 0 0;
    .port_info 0 /INPUT 1 "A";
    .port_info 1 /INPUT 1 "B";
    .port_info 2 /OUTPUT 1 "Y";
L_0x63d1f1e547d0 .functor OR 1, L_0x63d1f1e549a0, L_0x63d1f1e54a90, C4<0>, C4<0>;
L_0x63d1f1e54840/d .functor NOT 1, L_0x63d1f1e547d0, C4<0>, C4<0>, C4<0>;
L_0x63d1f1e54840 .delay 1 (1,1,1) L_0x63d1f1e54840/d;
v0x63d1f1e380e0_0 .net "A", 0 0, L_0x63d1f1e549a0;  1 drivers
v0x63d1f1e381c0_0 .net "B", 0 0, L_0x63d1f1e54a90;  1 drivers
v0x63d1f1e38280_0 .net "Y", 0 0, L_0x63d1f1e54840;  alias, 1 drivers
v0x63d1f1e38350_0 .net *"_ivl_0", 0 0, L_0x63d1f1e547d0;  1 drivers
S_0x63d1f1e384b0 .scope module, "_149_" "NAND" 5 432, 2 13 0, S_0x63d1f1e10e70;
 .timescale 0 0;
    .port_info 0 /INPUT 1 "A";
    .port_info 1 /INPUT 1 "B";
    .port_info 2 /OUTPUT 1 "Y";
L_0x63d1f1e54ef0 .functor AND 1, L_0x63d1f1e51270, L_0x63d1f1e54840, C4<1>, C4<1>;
L_0x63d1f1e54f60/d .functor NOT 1, L_0x63d1f1e54ef0, C4<0>, C4<0>, C4<0>;
L_0x63d1f1e54f60 .delay 1 (1,1,1) L_0x63d1f1e54f60/d;
v0x63d1f1e386e0_0 .net "A", 0 0, L_0x63d1f1e51270;  alias, 1 drivers
v0x63d1f1e387f0_0 .net "B", 0 0, L_0x63d1f1e54840;  alias, 1 drivers
v0x63d1f1e388b0_0 .net "Y", 0 0, L_0x63d1f1e54f60;  alias, 1 drivers
v0x63d1f1e38980_0 .net *"_ivl_0", 0 0, L_0x63d1f1e54ef0;  1 drivers
S_0x63d1f1e38aa0 .scope module, "_150_" "NOT" 5 437, 2 7 0, S_0x63d1f1e10e70;
 .timescale 0 0;
    .port_info 0 /INPUT 1 "A";
    .port_info 1 /OUTPUT 1 "Y";
L_0x63d1f1e550c0/d .functor NOT 1, L_0x63d1f1e54f60, C4<0>, C4<0>, C4<0>;
L_0x63d1f1e550c0 .delay 1 (1,1,1) L_0x63d1f1e550c0/d;
v0x63d1f1e38cc0_0 .net "A", 0 0, L_0x63d1f1e54f60;  alias, 1 drivers
v0x63d1f1e38db0_0 .net "Y", 0 0, L_0x63d1f1e550c0;  alias, 1 drivers
S_0x63d1f1e38eb0 .scope module, "_151_" "NAND" 5 441, 2 13 0, S_0x63d1f1e10e70;
 .timescale 0 0;
    .port_info 0 /INPUT 1 "A";
    .port_info 1 /INPUT 1 "B";
    .port_info 2 /OUTPUT 1 "Y";
L_0x63d1f1e55250 .functor AND 1, v0x63d1f1e42550_0, L_0x63d1f1e550c0, C4<1>, C4<1>;
L_0x63d1f1e55370/d .functor NOT 1, L_0x63d1f1e55250, C4<0>, C4<0>, C4<0>;
L_0x63d1f1e55370 .delay 1 (1,1,1) L_0x63d1f1e55370/d;
v0x63d1f1e390e0_0 .net "A", 0 0, v0x63d1f1e42550_0;  alias, 1 drivers
v0x63d1f1e391d0_0 .net "B", 0 0, L_0x63d1f1e550c0;  alias, 1 drivers
v0x63d1f1e392a0_0 .net "Y", 0 0, L_0x63d1f1e55370;  alias, 1 drivers
v0x63d1f1e39370_0 .net *"_ivl_0", 0 0, L_0x63d1f1e55250;  1 drivers
S_0x63d1f1e39490 .scope module, "_152_" "NAND" 5 446, 2 13 0, S_0x63d1f1e10e70;
 .timescale 0 0;
    .port_info 0 /INPUT 1 "A";
    .port_info 1 /INPUT 1 "B";
    .port_info 2 /OUTPUT 1 "Y";
L_0x63d1f1e554a0 .functor AND 1, L_0x63d1f1e4a270, L_0x63d1f1e55370, C4<1>, C4<1>;
L_0x63d1f1e555c0/d .functor NOT 1, L_0x63d1f1e554a0, C4<0>, C4<0>, C4<0>;
L_0x63d1f1e555c0 .delay 1 (1,1,1) L_0x63d1f1e555c0/d;
v0x63d1f1e396c0_0 .net "A", 0 0, L_0x63d1f1e4a270;  alias, 1 drivers
v0x63d1f1e397d0_0 .net "B", 0 0, L_0x63d1f1e55370;  alias, 1 drivers
v0x63d1f1e39890_0 .net "Y", 0 0, L_0x63d1f1e555c0;  alias, 1 drivers
v0x63d1f1e39960_0 .net *"_ivl_0", 0 0, L_0x63d1f1e554a0;  1 drivers
S_0x63d1f1e39a80 .scope module, "_153_" "NAND" 5 451, 2 13 0, S_0x63d1f1e10e70;
 .timescale 0 0;
    .port_info 0 /INPUT 1 "A";
    .port_info 1 /INPUT 1 "B";
    .port_info 2 /OUTPUT 1 "Y";
L_0x63d1f1e556f0 .functor AND 1, v0x63d1f1e42040_0, L_0x63d1f1e54840, C4<1>, C4<1>;
L_0x63d1f1e55780/d .functor NOT 1, L_0x63d1f1e556f0, C4<0>, C4<0>, C4<0>;
L_0x63d1f1e55780 .delay 1 (1,1,1) L_0x63d1f1e55780/d;
v0x63d1f1e39cb0_0 .net "A", 0 0, v0x63d1f1e42040_0;  alias, 1 drivers
v0x63d1f1e39da0_0 .net "B", 0 0, L_0x63d1f1e54840;  alias, 1 drivers
v0x63d1f1e39e90_0 .net "Y", 0 0, L_0x63d1f1e55780;  alias, 1 drivers
v0x63d1f1e39f30_0 .net *"_ivl_0", 0 0, L_0x63d1f1e556f0;  1 drivers
S_0x63d1f1e3a070 .scope module, "_154_" "NOT" 5 456, 2 7 0, S_0x63d1f1e10e70;
 .timescale 0 0;
    .port_info 0 /INPUT 1 "A";
    .port_info 1 /OUTPUT 1 "Y";
L_0x63d1f1e55900/d .functor NOT 1, L_0x63d1f1e55780, C4<0>, C4<0>, C4<0>;
L_0x63d1f1e55900 .delay 1 (1,1,1) L_0x63d1f1e55900/d;
v0x63d1f1e3a290_0 .net "A", 0 0, L_0x63d1f1e55780;  alias, 1 drivers
v0x63d1f1e3a380_0 .net "Y", 0 0, L_0x63d1f1e55900;  alias, 1 drivers
S_0x63d1f1e3a480 .scope module, "_155_" "NOR" 5 460, 2 19 0, S_0x63d1f1e10e70;
 .timescale 0 0;
    .port_info 0 /INPUT 1 "A";
    .port_info 1 /INPUT 1 "B";
    .port_info 2 /OUTPUT 1 "Y";
L_0x63d1f1e55a00 .functor OR 1, L_0x63d1f1e55c30, L_0x63d1f1e55900, C4<0>, C4<0>;
L_0x63d1f1e55b20/d .functor NOT 1, L_0x63d1f1e55a00, C4<0>, C4<0>, C4<0>;
L_0x63d1f1e55b20 .delay 1 (1,1,1) L_0x63d1f1e55b20/d;
v0x63d1f1e3a6b0_0 .net "A", 0 0, L_0x63d1f1e55c30;  1 drivers
v0x63d1f1e3a790_0 .net "B", 0 0, L_0x63d1f1e55900;  alias, 1 drivers
v0x63d1f1e3a880_0 .net "Y", 0 0, L_0x63d1f1e55b20;  alias, 1 drivers
v0x63d1f1e3a950_0 .net *"_ivl_0", 0 0, L_0x63d1f1e55a00;  1 drivers
S_0x63d1f1e3aa70 .scope module, "_156_" "NOR" 5 465, 2 19 0, S_0x63d1f1e10e70;
 .timescale 0 0;
    .port_info 0 /INPUT 1 "A";
    .port_info 1 /INPUT 1 "B";
    .port_info 2 /OUTPUT 1 "Y";
L_0x63d1f1e55d20 .functor OR 1, v0x63d1f1e10b10_0, L_0x63d1f1e55b20, C4<0>, C4<0>;
L_0x63d1f1e55e40/d .functor NOT 1, L_0x63d1f1e55d20, C4<0>, C4<0>, C4<0>;
L_0x63d1f1e55e40 .delay 1 (1,1,1) L_0x63d1f1e55e40/d;
v0x63d1f1e3aca0_0 .net "A", 0 0, v0x63d1f1e10b10_0;  alias, 1 drivers
v0x63d1f1e3ad60_0 .net "B", 0 0, L_0x63d1f1e55b20;  alias, 1 drivers
v0x63d1f1e3ae50_0 .net "Y", 0 0, L_0x63d1f1e55e40;  alias, 1 drivers
v0x63d1f1e3af20_0 .net *"_ivl_0", 0 0, L_0x63d1f1e55d20;  1 drivers
S_0x63d1f1e3b040 .scope module, "_157_" "NOR" 5 470, 2 19 0, S_0x63d1f1e10e70;
 .timescale 0 0;
    .port_info 0 /INPUT 1 "A";
    .port_info 1 /INPUT 1 "B";
    .port_info 2 /OUTPUT 1 "Y";
L_0x63d1f1e55f70 .functor OR 1, L_0x63d1f1e56160, L_0x63d1f1e54840, C4<0>, C4<0>;
L_0x63d1f1e56000/d .functor NOT 1, L_0x63d1f1e55f70, C4<0>, C4<0>, C4<0>;
L_0x63d1f1e56000 .delay 1 (1,1,1) L_0x63d1f1e56000/d;
v0x63d1f1e3b270_0 .net "A", 0 0, L_0x63d1f1e56160;  1 drivers
v0x63d1f1e3b350_0 .net "B", 0 0, L_0x63d1f1e54840;  alias, 1 drivers
v0x63d1f1e3b410_0 .net "Y", 0 0, L_0x63d1f1e56000;  alias, 1 drivers
v0x63d1f1e3b4e0_0 .net *"_ivl_0", 0 0, L_0x63d1f1e55f70;  1 drivers
S_0x63d1f1e3b620 .scope module, "_158_" "NOR" 5 475, 2 19 0, S_0x63d1f1e10e70;
 .timescale 0 0;
    .port_info 0 /INPUT 1 "A";
    .port_info 1 /INPUT 1 "B";
    .port_info 2 /OUTPUT 1 "Y";
L_0x63d1f1e563c0 .functor OR 1, L_0x63d1f1dff030, L_0x63d1f1e56000, C4<0>, C4<0>;
L_0x63d1f1e56570/d .functor NOT 1, L_0x63d1f1e563c0, C4<0>, C4<0>, C4<0>;
L_0x63d1f1e56570 .delay 1 (1,1,1) L_0x63d1f1e56570/d;
v0x63d1f1e3b850_0 .net "A", 0 0, L_0x63d1f1dff030;  alias, 1 drivers
v0x63d1f1e3b940_0 .net "B", 0 0, L_0x63d1f1e56000;  alias, 1 drivers
v0x63d1f1e3ba10_0 .net "Y", 0 0, L_0x63d1f1e56570;  alias, 1 drivers
v0x63d1f1e3bae0_0 .net *"_ivl_0", 0 0, L_0x63d1f1e563c0;  1 drivers
S_0x63d1f1e3bc00 .scope module, "_159_" "NOR" 5 480, 2 19 0, S_0x63d1f1e10e70;
 .timescale 0 0;
    .port_info 0 /INPUT 1 "A";
    .port_info 1 /INPUT 1 "B";
    .port_info 2 /OUTPUT 1 "Y";
L_0x63d1f1e56650 .functor OR 1, L_0x63d1f1e50120, L_0x63d1f1e56570, C4<0>, C4<0>;
L_0x63d1f1e56770/d .functor NOT 1, L_0x63d1f1e56650, C4<0>, C4<0>, C4<0>;
L_0x63d1f1e56770 .delay 1 (1,1,1) L_0x63d1f1e56770/d;
v0x63d1f1e3be30_0 .net "A", 0 0, L_0x63d1f1e50120;  alias, 1 drivers
v0x63d1f1e3bf40_0 .net "B", 0 0, L_0x63d1f1e56570;  alias, 1 drivers
v0x63d1f1e3c000_0 .net "Y", 0 0, L_0x63d1f1e56770;  alias, 1 drivers
v0x63d1f1e3c0d0_0 .net *"_ivl_0", 0 0, L_0x63d1f1e56650;  1 drivers
S_0x63d1f1e3c1f0 .scope module, "_160_" "NOR" 5 485, 2 19 0, S_0x63d1f1e10e70;
 .timescale 0 0;
    .port_info 0 /INPUT 1 "A";
    .port_info 1 /INPUT 1 "B";
    .port_info 2 /OUTPUT 1 "Y";
L_0x63d1f1e568a0 .functor OR 1, v0x63d1f1e10b10_0, L_0x63d1f1e56770, C4<0>, C4<0>;
L_0x63d1f1e569c0/d .functor NOT 1, L_0x63d1f1e568a0, C4<0>, C4<0>, C4<0>;
L_0x63d1f1e569c0 .delay 1 (1,1,1) L_0x63d1f1e569c0/d;
v0x63d1f1e3c420_0 .net "A", 0 0, v0x63d1f1e10b10_0;  alias, 1 drivers
v0x63d1f1e3c4e0_0 .net "B", 0 0, L_0x63d1f1e56770;  alias, 1 drivers
v0x63d1f1e3c5d0_0 .net "Y", 0 0, L_0x63d1f1e569c0;  alias, 1 drivers
v0x63d1f1e3c6a0_0 .net *"_ivl_0", 0 0, L_0x63d1f1e568a0;  1 drivers
S_0x63d1f1e3c7c0 .scope module, "_161_" "NAND" 5 490, 2 13 0, S_0x63d1f1e10e70;
 .timescale 0 0;
    .port_info 0 /INPUT 1 "A";
    .port_info 1 /INPUT 1 "B";
    .port_info 2 /OUTPUT 1 "Y";
L_0x63d1f1e56af0 .functor AND 1, v0x63d1f1e41620_0, L_0x63d1f1e54840, C4<1>, C4<1>;
L_0x63d1f1e56b80/d .functor NOT 1, L_0x63d1f1e56af0, C4<0>, C4<0>, C4<0>;
L_0x63d1f1e56b80 .delay 1 (1,1,1) L_0x63d1f1e56b80/d;
v0x63d1f1e3c9f0_0 .net "A", 0 0, v0x63d1f1e41620_0;  alias, 1 drivers
v0x63d1f1e3cae0_0 .net "B", 0 0, L_0x63d1f1e54840;  alias, 1 drivers
v0x63d1f1e3cb80_0 .net "Y", 0 0, L_0x63d1f1e56b80;  alias, 1 drivers
v0x63d1f1e3cc50_0 .net *"_ivl_0", 0 0, L_0x63d1f1e56af0;  1 drivers
S_0x63d1f1e3cd90 .scope module, "_162_" "NOT" 5 495, 2 7 0, S_0x63d1f1e10e70;
 .timescale 0 0;
    .port_info 0 /INPUT 1 "A";
    .port_info 1 /OUTPUT 1 "Y";
L_0x63d1f1e56d00/d .functor NOT 1, L_0x63d1f1e56b80, C4<0>, C4<0>, C4<0>;
L_0x63d1f1e56d00 .delay 1 (1,1,1) L_0x63d1f1e56d00/d;
v0x63d1f1e3cf60_0 .net "A", 0 0, L_0x63d1f1e56b80;  alias, 1 drivers
v0x63d1f1e3d050_0 .net "Y", 0 0, L_0x63d1f1e56d00;  alias, 1 drivers
S_0x63d1f1e3d150 .scope module, "_163_" "NOR" 5 499, 2 19 0, S_0x63d1f1e10e70;
 .timescale 0 0;
    .port_info 0 /INPUT 1 "A";
    .port_info 1 /INPUT 1 "B";
    .port_info 2 /OUTPUT 1 "Y";
L_0x63d1f1e56e90 .functor OR 1, L_0x63d1f1e570c0, L_0x63d1f1e56d00, C4<0>, C4<0>;
L_0x63d1f1e56fb0/d .functor NOT 1, L_0x63d1f1e56e90, C4<0>, C4<0>, C4<0>;
L_0x63d1f1e56fb0 .delay 1 (1,1,1) L_0x63d1f1e56fb0/d;
v0x63d1f1e3d380_0 .net "A", 0 0, L_0x63d1f1e570c0;  1 drivers
v0x63d1f1e3d460_0 .net "B", 0 0, L_0x63d1f1e56d00;  alias, 1 drivers
v0x63d1f1e3d550_0 .net "Y", 0 0, L_0x63d1f1e56fb0;  alias, 1 drivers
v0x63d1f1e3d620_0 .net *"_ivl_0", 0 0, L_0x63d1f1e56e90;  1 drivers
S_0x63d1f1e3d740 .scope module, "_164_" "NOR" 5 504, 2 19 0, S_0x63d1f1e10e70;
 .timescale 0 0;
    .port_info 0 /INPUT 1 "A";
    .port_info 1 /INPUT 1 "B";
    .port_info 2 /OUTPUT 1 "Y";
L_0x63d1f1e571b0 .functor OR 1, v0x63d1f1e10b10_0, L_0x63d1f1e56fb0, C4<0>, C4<0>;
L_0x63d1f1e572d0/d .functor NOT 1, L_0x63d1f1e571b0, C4<0>, C4<0>, C4<0>;
L_0x63d1f1e572d0 .delay 1 (1,1,1) L_0x63d1f1e572d0/d;
v0x63d1f1e3d970_0 .net "A", 0 0, v0x63d1f1e10b10_0;  alias, 1 drivers
v0x63d1f1e3da30_0 .net "B", 0 0, L_0x63d1f1e56fb0;  alias, 1 drivers
v0x63d1f1e3db20_0 .net "Y", 0 0, L_0x63d1f1e572d0;  alias, 1 drivers
v0x63d1f1e3dbf0_0 .net *"_ivl_0", 0 0, L_0x63d1f1e571b0;  1 drivers
S_0x63d1f1e3dd10 .scope module, "_165_" "NOR" 5 509, 2 19 0, S_0x63d1f1e10e70;
 .timescale 0 0;
    .port_info 0 /INPUT 1 "A";
    .port_info 1 /INPUT 1 "B";
    .port_info 2 /OUTPUT 1 "Y";
L_0x63d1f1e57400 .functor OR 1, L_0x63d1f1dfff30, L_0x63d1f1e4a270, C4<0>, C4<0>;
L_0x63d1f1e57520/d .functor NOT 1, L_0x63d1f1e57400, C4<0>, C4<0>, C4<0>;
L_0x63d1f1e57520 .delay 1 (1,1,1) L_0x63d1f1e57520/d;
v0x63d1f1e3df40_0 .net "A", 0 0, L_0x63d1f1dfff30;  alias, 1 drivers
v0x63d1f1e3e030_0 .net "B", 0 0, L_0x63d1f1e4a270;  alias, 1 drivers
v0x63d1f1e3e0d0_0 .net "Y", 0 0, L_0x63d1f1e57520;  alias, 1 drivers
v0x63d1f1e3e1a0_0 .net *"_ivl_0", 0 0, L_0x63d1f1e57400;  1 drivers
S_0x63d1f1e3e2e0 .scope module, "_166_" "NOR" 5 514, 2 19 0, S_0x63d1f1e10e70;
 .timescale 0 0;
    .port_info 0 /INPUT 1 "A";
    .port_info 1 /INPUT 1 "B";
    .port_info 2 /OUTPUT 1 "Y";
L_0x63d1f1e57760 .functor OR 1, L_0x63d1f1e4aae0, L_0x63d1f1e4e1a0, C4<0>, C4<0>;
L_0x63d1f1e577f0/d .functor NOT 1, L_0x63d1f1e57760, C4<0>, C4<0>, C4<0>;
L_0x63d1f1e577f0 .delay 1 (1,1,1) L_0x63d1f1e577f0/d;
v0x63d1f1e3e510_0 .net "A", 0 0, L_0x63d1f1e4aae0;  alias, 1 drivers
v0x63d1f1e3e600_0 .net "B", 0 0, L_0x63d1f1e4e1a0;  alias, 1 drivers
v0x63d1f1e3e6f0_0 .net "Y", 0 0, L_0x63d1f1e577f0;  alias, 1 drivers
v0x63d1f1e3e790_0 .net *"_ivl_0", 0 0, L_0x63d1f1e57760;  1 drivers
S_0x63d1f1e3e8d0 .scope module, "_167_" "NOR" 5 519, 2 19 0, S_0x63d1f1e10e70;
 .timescale 0 0;
    .port_info 0 /INPUT 1 "A";
    .port_info 1 /INPUT 1 "B";
    .port_info 2 /OUTPUT 1 "Y";
L_0x63d1f1e57920 .functor OR 1, v0x63d1f1e10b10_0, L_0x63d1f1e4a000, C4<0>, C4<0>;
L_0x63d1f1e57a40/d .functor NOT 1, L_0x63d1f1e57920, C4<0>, C4<0>, C4<0>;
L_0x63d1f1e57a40 .delay 1 (1,1,1) L_0x63d1f1e57a40/d;
v0x63d1f1e3eb00_0 .net "A", 0 0, v0x63d1f1e10b10_0;  alias, 1 drivers
v0x63d1f1e3ebc0_0 .net "B", 0 0, L_0x63d1f1e4a000;  alias, 1 drivers
v0x63d1f1e3ecb0_0 .net "Y", 0 0, L_0x63d1f1e57a40;  alias, 1 drivers
v0x63d1f1e3ed80_0 .net *"_ivl_0", 0 0, L_0x63d1f1e57920;  1 drivers
S_0x63d1f1e3eea0 .scope module, "_168_" "DFF" 5 524, 2 25 0, S_0x63d1f1e10e70;
 .timescale 0 0;
    .port_info 0 /INPUT 1 "C";
    .port_info 1 /INPUT 1 "D";
    .port_info 2 /OUTPUT 1 "Q";
v0x63d1f1e3f150_0 .net "C", 0 0, v0x63d1f1e041e0_0;  alias, 1 drivers
v0x63d1f1e3f240_0 .net "D", 0 0, L_0x63d1f1e51730;  alias, 1 drivers
v0x63d1f1e3f310_0 .var "Q", 0 0;
E_0x63d1f1e3f0d0 .event posedge, v0x63d1f1e041e0_0;
S_0x63d1f1e3f420 .scope module, "_169_" "DFF" 5 529, 2 25 0, S_0x63d1f1e10e70;
 .timescale 0 0;
    .port_info 0 /INPUT 1 "C";
    .port_info 1 /INPUT 1 "D";
    .port_info 2 /OUTPUT 1 "Q";
v0x63d1f1e3f650_0 .net "C", 0 0, v0x63d1f1e041e0_0;  alias, 1 drivers
v0x63d1f1e3f760_0 .net "D", 0 0, L_0x63d1f1e57520;  alias, 1 drivers
v0x63d1f1e3f820_0 .var "Q", 0 0;
S_0x63d1f1e3f930 .scope module, "_170_" "DFF" 5 534, 2 25 0, S_0x63d1f1e10e70;
 .timescale 0 0;
    .port_info 0 /INPUT 1 "C";
    .port_info 1 /INPUT 1 "D";
    .port_info 2 /OUTPUT 1 "Q";
v0x63d1f1e3fb60_0 .net "C", 0 0, v0x63d1f1e041e0_0;  alias, 1 drivers
v0x63d1f1e3fc20_0 .net "D", 0 0, L_0x63d1f1e57a40;  alias, 1 drivers
v0x63d1f1e3fd10_0 .var "Q", 0 0;
S_0x63d1f1e3fe20 .scope module, "_171_" "DFF" 5 539, 2 25 0, S_0x63d1f1e10e70;
 .timescale 0 0;
    .port_info 0 /INPUT 1 "C";
    .port_info 1 /INPUT 1 "D";
    .port_info 2 /OUTPUT 1 "Q";
v0x63d1f1e40050_0 .net "C", 0 0, v0x63d1f1e041e0_0;  alias, 1 drivers
v0x63d1f1e401a0_0 .net "D", 0 0, L_0x63d1f1e50d90;  alias, 1 drivers
v0x63d1f1e40290_0 .var "Q", 0 0;
S_0x63d1f1e403a0 .scope module, "_172_" "DFF" 5 544, 2 25 0, S_0x63d1f1e10e70;
 .timescale 0 0;
    .port_info 0 /INPUT 1 "C";
    .port_info 1 /INPUT 1 "D";
    .port_info 2 /OUTPUT 1 "Q";
v0x63d1f1e40580_0 .net "C", 0 0, v0x63d1f1e041e0_0;  alias, 1 drivers
v0x63d1f1e40640_0 .net "D", 0 0, L_0x63d1f1e4ff60;  alias, 1 drivers
v0x63d1f1e40730_0 .var "Q", 0 0;
S_0x63d1f1e40840 .scope module, "_173_" "DFF" 5 549, 2 25 0, S_0x63d1f1e10e70;
 .timescale 0 0;
    .port_info 0 /INPUT 1 "C";
    .port_info 1 /INPUT 1 "D";
    .port_info 2 /OUTPUT 1 "Q";
v0x63d1f1e40a70_0 .net "C", 0 0, v0x63d1f1e041e0_0;  alias, 1 drivers
v0x63d1f1e40b30_0 .net "D", 0 0, L_0x63d1f1e577f0;  alias, 1 drivers
v0x63d1f1e40c20_0 .var "Q", 0 0;
S_0x63d1f1e40d30 .scope module, "_174_" "DFF" 5 554, 2 25 0, S_0x63d1f1e10e70;
 .timescale 0 0;
    .port_info 0 /INPUT 1 "C";
    .port_info 1 /INPUT 1 "D";
    .port_info 2 /OUTPUT 1 "Q";
v0x63d1f1e40f60_0 .net "C", 0 0, v0x63d1f1e041e0_0;  alias, 1 drivers
v0x63d1f1e41020_0 .net "D", 0 0, L_0x63d1f1e4e6c0;  alias, 1 drivers
v0x63d1f1e41110_0 .var "Q", 0 0;
S_0x63d1f1e41220 .scope module, "_175_" "DFF" 5 560, 2 25 0, S_0x63d1f1e10e70;
 .timescale 0 0;
    .port_info 0 /INPUT 1 "C";
    .port_info 1 /INPUT 1 "D";
    .port_info 2 /OUTPUT 1 "Q";
v0x63d1f1e414a0_0 .net "C", 0 0, v0x63d1f1e041e0_0;  alias, 1 drivers
v0x63d1f1e41560_0 .net "D", 0 0, L_0x63d1f1e572d0;  alias, 1 drivers
v0x63d1f1e41620_0 .var "Q", 0 0;
S_0x63d1f1e41760 .scope module, "_176_" "DFF" 5 566, 2 25 0, S_0x63d1f1e10e70;
 .timescale 0 0;
    .port_info 0 /INPUT 1 "C";
    .port_info 1 /INPUT 1 "D";
    .port_info 2 /OUTPUT 1 "Q";
v0x63d1f1e419b0_0 .net "C", 0 0, v0x63d1f1e041e0_0;  alias, 1 drivers
v0x63d1f1e41a70_0 .net "D", 0 0, L_0x63d1f1e569c0;  alias, 1 drivers
v0x63d1f1e41b30_0 .var "Q", 0 0;
S_0x63d1f1e41c70 .scope module, "_177_" "DFF" 5 572, 2 25 0, S_0x63d1f1e10e70;
 .timescale 0 0;
    .port_info 0 /INPUT 1 "C";
    .port_info 1 /INPUT 1 "D";
    .port_info 2 /OUTPUT 1 "Q";
v0x63d1f1e41ec0_0 .net "C", 0 0, v0x63d1f1e041e0_0;  alias, 1 drivers
v0x63d1f1e41f80_0 .net "D", 0 0, L_0x63d1f1e55e40;  alias, 1 drivers
v0x63d1f1e42040_0 .var "Q", 0 0;
S_0x63d1f1e42180 .scope module, "_178_" "DFF" 5 578, 2 25 0, S_0x63d1f1e10e70;
 .timescale 0 0;
    .port_info 0 /INPUT 1 "C";
    .port_info 1 /INPUT 1 "D";
    .port_info 2 /OUTPUT 1 "Q";
v0x63d1f1e423d0_0 .net "C", 0 0, v0x63d1f1e041e0_0;  alias, 1 drivers
v0x63d1f1e42490_0 .net "D", 0 0, L_0x63d1f1e555c0;  alias, 1 drivers
v0x63d1f1e42550_0 .var "Q", 0 0;
S_0x63d1f1e42690 .scope module, "_179_" "DFF" 5 584, 2 25 0, S_0x63d1f1e10e70;
 .timescale 0 0;
    .port_info 0 /INPUT 1 "C";
    .port_info 1 /INPUT 1 "D";
    .port_info 2 /OUTPUT 1 "Q";
v0x63d1f1e428e0_0 .net "C", 0 0, v0x63d1f1e041e0_0;  alias, 1 drivers
v0x63d1f1e429a0_0 .net "D", 0 0, L_0x63d1f1e57de0;  1 drivers
v0x63d1f1e42a60_0 .var "Q", 0 0;
S_0x63d1f1e42b80 .scope module, "_180_" "DFF" 5 590, 2 25 0, S_0x63d1f1e10e70;
 .timescale 0 0;
    .port_info 0 /INPUT 1 "C";
    .port_info 1 /INPUT 1 "D";
    .port_info 2 /OUTPUT 1 "Q";
v0x63d1f1e42e00_0 .net "C", 0 0, v0x63d1f1e041e0_0;  alias, 1 drivers
v0x63d1f1e42ec0_0 .net "D", 0 0, L_0x63d1f1e57ed0;  1 drivers
v0x63d1f1e42f80_0 .var "Q", 0 0;
S_0x63d1f1e430a0 .scope module, "_181_" "DFF" 5 596, 2 25 0, S_0x63d1f1e10e70;
 .timescale 0 0;
    .port_info 0 /INPUT 1 "C";
    .port_info 1 /INPUT 1 "D";
    .port_info 2 /OUTPUT 1 "Q";
v0x63d1f1e43320_0 .net "C", 0 0, v0x63d1f1e041e0_0;  alias, 1 drivers
v0x63d1f1e433e0_0 .net "D", 0 0, L_0x63d1f1e58100;  1 drivers
v0x63d1f1e434a0_0 .var "Q", 0 0;
    .scope S_0x63d1f1e3eea0;
T_0 ;
    %wait E_0x63d1f1e3f0d0;
    %delay 1, 0;
    %load/vec4 v0x63d1f1e3f240_0;
    %assign/vec4 v0x63d1f1e3f310_0, 0;
    %jmp T_0;
    .thread T_0;
    .scope S_0x63d1f1e3f420;
T_1 ;
    %wait E_0x63d1f1e3f0d0;
    %delay 1, 0;
    %load/vec4 v0x63d1f1e3f760_0;
    %assign/vec4 v0x63d1f1e3f820_0, 0;
    %jmp T_1;
    .thread T_1;
    .scope S_0x63d1f1e3f930;
T_2 ;
    %wait E_0x63d1f1e3f0d0;
    %delay 1, 0;
    %load/vec4 v0x63d1f1e3fc20_0;
    %assign/vec4 v0x63d1f1e3fd10_0, 0;
    %jmp T_2;
    .thread T_2;
    .scope S_0x63d1f1e3fe20;
T_3 ;
    %wait E_0x63d1f1e3f0d0;
    %delay 1, 0;
    %load/vec4 v0x63d1f1e401a0_0;
    %assign/vec4 v0x63d1f1e40290_0, 0;
    %jmp T_3;
    .thread T_3;
    .scope S_0x63d1f1e403a0;
T_4 ;
    %wait E_0x63d1f1e3f0d0;
    %delay 1, 0;
    %load/vec4 v0x63d1f1e40640_0;
    %assign/vec4 v0x63d1f1e40730_0, 0;
    %jmp T_4;
    .thread T_4;
    .scope S_0x63d1f1e40840;
T_5 ;
    %wait E_0x63d1f1e3f0d0;
    %delay 1, 0;
    %load/vec4 v0x63d1f1e40b30_0;
    %assign/vec4 v0x63d1f1e40c20_0, 0;
    %jmp T_5;
    .thread T_5;
    .scope S_0x63d1f1e40d30;
T_6 ;
    %wait E_0x63d1f1e3f0d0;
    %delay 1, 0;
    %load/vec4 v0x63d1f1e41020_0;
    %assign/vec4 v0x63d1f1e41110_0, 0;
    %jmp T_6;
    .thread T_6;
    .scope S_0x63d1f1e41220;
T_7 ;
    %wait E_0x63d1f1e3f0d0;
    %delay 1, 0;
    %load/vec4 v0x63d1f1e41560_0;
    %assign/vec4 v0x63d1f1e41620_0, 0;
    %jmp T_7;
    .thread T_7;
    .scope S_0x63d1f1e41760;
T_8 ;
    %wait E_0x63d1f1e3f0d0;
    %delay 1, 0;
    %load/vec4 v0x63d1f1e41a70_0;
    %assign/vec4 v0x63d1f1e41b30_0, 0;
    %jmp T_8;
    .thread T_8;
    .scope S_0x63d1f1e41c70;
T_9 ;
    %wait E_0x63d1f1e3f0d0;
    %delay 1, 0;
    %load/vec4 v0x63d1f1e41f80_0;
    %assign/vec4 v0x63d1f1e42040_0, 0;
    %jmp T_9;
    .thread T_9;
    .scope S_0x63d1f1e42180;
T_10 ;
    %wait E_0x63d1f1e3f0d0;
    %delay 1, 0;
    %load/vec4 v0x63d1f1e42490_0;
    %assign/vec4 v0x63d1f1e42550_0, 0;
    %jmp T_10;
    .thread T_10;
    .scope S_0x63d1f1e42690;
T_11 ;
    %wait E_0x63d1f1e3f0d0;
    %delay 1, 0;
    %load/vec4 v0x63d1f1e429a0_0;
    %assign/vec4 v0x63d1f1e42a60_0, 0;
    %jmp T_11;
    .thread T_11;
    .scope S_0x63d1f1e42b80;
T_12 ;
    %wait E_0x63d1f1e3f0d0;
    %delay 1, 0;
    %load/vec4 v0x63d1f1e42ec0_0;
    %assign/vec4 v0x63d1f1e42f80_0, 0;
    %jmp T_12;
    .thread T_12;
    .scope S_0x63d1f1e430a0;
T_13 ;
    %wait E_0x63d1f1e3f0d0;
    %delay 1, 0;
    %load/vec4 v0x63d1f1e433e0_0;
    %assign/vec4 v0x63d1f1e434a0_0, 0;
    %jmp T_13;
    .thread T_13;
    .scope S_0x63d1f1e106d0;
T_14 ;
    %pushi/vec4 0, 0, 1;
    %store/vec4 v0x63d1f1e041e0_0, 0, 1;
T_14.0 ;
    %delay 10, 0;
    %load/vec4 v0x63d1f1e041e0_0;
    %inv;
    %store/vec4 v0x63d1f1e041e0_0, 0, 1;
    %jmp T_14.0;
    %end;
    .thread T_14;
    .scope S_0x63d1f1e106d0;
T_15 ;
    %pushi/vec4 1, 0, 1;
    %store/vec4 v0x63d1f1e10b10_0, 0, 1;
    %pushi/vec4 0, 0, 1;
    %store/vec4 v0x63d1f1e10c90_0, 0, 1;
    %pushi/vec4 0, 0, 1;
    %store/vec4 v0x63d1f1e10bd0_0, 0, 1;
    %pushi/vec4 0, 0, 16;
    %store/vec4 v0x63d1f1e10a30_0, 0, 16;
    %delay 10, 0;
    %pushi/vec4 0, 0, 1;
    %store/vec4 v0x63d1f1e10b10_0, 0, 1;
    %delay 40, 0;
    %pushi/vec4 1, 0, 1;
    %store/vec4 v0x63d1f1e10c90_0, 0, 1;
    %delay 20, 0;
    %pushi/vec4 14177, 0, 16;
    %store/vec4 v0x63d1f1e10a30_0, 0, 16;
    %delay 30, 0;
    %pushi/vec4 1, 0, 1;
    %store/vec4 v0x63d1f1e10bd0_0, 0, 1;
    %delay 30, 0;
    %pushi/vec4 0, 0, 1;
    %store/vec4 v0x63d1f1e10bd0_0, 0, 1;
    %delay 20, 0;
    %pushi/vec4 0, 0, 1;
    %store/vec4 v0x63d1f1e10c90_0, 0, 1;
    %delay 30, 0;
    %pushi/vec4 1, 0, 1;
    %store/vec4 v0x63d1f1e10c90_0, 0, 1;
    %delay 20, 0;
    %pushi/vec4 4661, 0, 16;
    %store/vec4 v0x63d1f1e10a30_0, 0, 16;
    %delay 20, 0;
    %pushi/vec4 1, 0, 1;
    %store/vec4 v0x63d1f1e10c90_0, 0, 1;
    %delay 20, 0;
    %pushi/vec4 4660, 0, 16;
    %store/vec4 v0x63d1f1e10a30_0, 0, 16;
    %delay 20, 0;
    %pushi/vec4 1, 0, 1;
    %store/vec4 v0x63d1f1e10c90_0, 0, 1;
    %delay 20, 0;
    %pushi/vec4 14177, 0, 16;
    %store/vec4 v0x63d1f1e10a30_0, 0, 16;
    %delay 20, 0;
    %pushi/vec4 1, 0, 1;
    %store/vec4 v0x63d1f1e10c90_0, 0, 1;
    %delay 20, 0;
    %pushi/vec4 1, 0, 1;
    %store/vec4 v0x63d1f1e10bd0_0, 0, 1;
    %delay 20, 0;
    %pushi/vec4 0, 0, 1;
    %store/vec4 v0x63d1f1e10bd0_0, 0, 1;
    %delay 20, 0;
    %pushi/vec4 0, 0, 1;
    %store/vec4 v0x63d1f1e10c90_0, 0, 1;
    %delay 20, 0;
    %pushi/vec4 1, 0, 1;
    %store/vec4 v0x63d1f1e10c90_0, 0, 1;
    %delay 20, 0;
    %pushi/vec4 4661, 0, 16;
    %store/vec4 v0x63d1f1e10a30_0, 0, 16;
    %delay 20, 0;
    %pushi/vec4 1, 0, 1;
    %store/vec4 v0x63d1f1e10c90_0, 0, 1;
    %delay 20, 0;
    %pushi/vec4 1, 0, 1;
    %store/vec4 v0x63d1f1e10c90_0, 0, 1;
    %delay 20, 0;
    %pushi/vec4 4660, 0, 16;
    %store/vec4 v0x63d1f1e10a30_0, 0, 16;
    %delay 20, 0;
    %pushi/vec4 1, 0, 1;
    %store/vec4 v0x63d1f1e10c90_0, 0, 1;
    %delay 20, 0;
    %pushi/vec4 1, 0, 1;
    %store/vec4 v0x63d1f1e10c90_0, 0, 1;
    %delay 20, 0;
    %pushi/vec4 4968, 0, 16;
    %store/vec4 v0x63d1f1e10a30_0, 0, 16;
    %delay 60, 0;
    %pushi/vec4 1, 0, 1;
    %store/vec4 v0x63d1f1e10c90_0, 0, 1;
    %pushi/vec4 1, 0, 1;
    %store/vec4 v0x63d1f1e10bd0_0, 0, 1;
    %delay 50, 0;
    %pushi/vec4 1, 0, 1;
    %store/vec4 v0x63d1f1e10c90_0, 0, 1;
    %delay 20, 0;
    %pushi/vec4 1, 0, 1;
    %store/vec4 v0x63d1f1e10b10_0, 0, 1;
    %delay 20, 0;
    %pushi/vec4 0, 0, 1;
    %store/vec4 v0x63d1f1e10b10_0, 0, 1;
    %delay 20, 0;
    %pushi/vec4 0, 0, 1;
    %store/vec4 v0x63d1f1e10bd0_0, 0, 1;
    %delay 20, 0;
    %pushi/vec4 1, 0, 1;
    %store/vec4 v0x63d1f1e10c90_0, 0, 1;
    %delay 30, 0;
    %pushi/vec4 14177, 0, 16;
    %store/vec4 v0x63d1f1e10a30_0, 0, 16;
    %delay 20, 0;
    %pushi/vec4 1, 0, 1;
    %store/vec4 v0x63d1f1e10bd0_0, 0, 1;
    %delay 20, 0;
    %pushi/vec4 0, 0, 1;
    %store/vec4 v0x63d1f1e10bd0_0, 0, 1;
    %delay 20, 0;
    %pushi/vec4 0, 0, 1;
    %store/vec4 v0x63d1f1e10c90_0, 0, 1;
    %delay 20, 0;
    %vpi_call 4 68 "$finish" {0 0 0};
    %end;
    .thread T_15;
    .scope S_0x63d1f1dfd180;
T_16 ;
    %vpi_call 3 22 "$dumpfile", "resultados_retardos.vcd" {0 0 0};
    %vpi_call 3 23 "$dumpvars", 32'sb11111111111111111111111111111111, S_0x63d1f1e10e70 {0 0 0};
    %end;
    .thread T_16;
# The file index is used to find the file name in the following table.
:file_names 6;
    "N/A";
    "<interactive>";
    "./cmos_cells_con_retardos.v";
    "testbench_con_retardos.v";
    "./tester.v";
    "./controlador_synth.v";
