#! /usr/bin/vvp
:ivl_version "11.0 (stable)";
:ivl_delay_selection "TYPICAL";
:vpi_time_precision + 0;
:vpi_module "/usr/lib/x86_64-linux-gnu/ivl/system.vpi";
:vpi_module "/usr/lib/x86_64-linux-gnu/ivl/vhdl_sys.vpi";
:vpi_module "/usr/lib/x86_64-linux-gnu/ivl/vhdl_textio.vpi";
:vpi_module "/usr/lib/x86_64-linux-gnu/ivl/v2005_math.vpi";
:vpi_module "/usr/lib/x86_64-linux-gnu/ivl/va_math.vpi";
S_0x557737c70650 .scope module, "BUF" "BUF" 2 1;
 .timescale 0 0;
    .port_info 0 /INPUT 1 "A";
    .port_info 1 /OUTPUT 1 "Y";
o0x78624f6e8018 .functor BUFZ 1, C4<z>; HiZ drive
L_0x557737c74230 .functor BUFZ 1, o0x78624f6e8018, C4<0>, C4<0>, C4<0>;
v0x557737c72c20_0 .net "A", 0 0, o0x78624f6e8018;  0 drivers
v0x557737c724a0_0 .net "Y", 0 0, L_0x557737c74230;  1 drivers
S_0x557737c6fe10 .scope module, "controlador_estacionamiento_tb" "controlador_estacionamiento_tb" 3 5;
 .timescale 0 0;
v0x557737cbb320_0 .net "alarm_blocked", 0 0, v0x557737cb4620_0;  1 drivers
v0x557737cbb3c0_0 .net "alarm_wrong_pin", 0 0, v0x557737cb4110_0;  1 drivers
v0x557737cbb4f0_0 .net "clk", 0 0, v0x557737c76db0_0;  1 drivers
v0x557737cbb590_0 .net "close_gate", 0 0, v0x557737cb3c00_0;  1 drivers
v0x557737cbb6c0_0 .net "open_gate", 0 0, v0x557737cb4b30_0;  1 drivers
v0x557737cbb7f0_0 .net "password_input", 15 0, v0x557737c83010_0;  1 drivers
v0x557737cbb890_0 .net "rst", 0 0, v0x557737c830f0_0;  1 drivers
v0x557737cbb930_0 .net "sensor_moved_vehicule", 0 0, v0x557737c831b0_0;  1 drivers
v0x557737cbba60_0 .net "sensor_vehicule", 0 0, v0x557737c83270_0;  1 drivers
S_0x557737c82cb0 .scope module, "T0" "tester" 3 41, 4 1 0, S_0x557737c6fe10;
 .timescale 0 0;
    .port_info 0 /OUTPUT 1 "clk";
    .port_info 1 /OUTPUT 1 "rst";
    .port_info 2 /OUTPUT 1 "sensor_vehicule";
    .port_info 3 /OUTPUT 1 "sensor_moved_vehicule";
    .port_info 4 /OUTPUT 16 "password_input";
    .port_info 5 /INPUT 1 "open_gate";
    .port_info 6 /INPUT 1 "close_gate";
    .port_info 7 /INPUT 1 "alarm_wrong_pin";
    .port_info 8 /INPUT 1 "alarm_blocked";
v0x557737c71d20_0 .net "alarm_blocked", 0 0, v0x557737cb4620_0;  alias, 1 drivers
v0x557737c715a0_0 .net "alarm_wrong_pin", 0 0, v0x557737cb4110_0;  alias, 1 drivers
v0x557737c76db0_0 .var "clk", 0 0;
v0x557737c76220_0 .net "close_gate", 0 0, v0x557737cb3c00_0;  alias, 1 drivers
v0x557737c71220_0 .net "open_gate", 0 0, v0x557737cb4b30_0;  alias, 1 drivers
v0x557737c83010_0 .var "password_input", 15 0;
v0x557737c830f0_0 .var "rst", 0 0;
v0x557737c831b0_0 .var "sensor_moved_vehicule", 0 0;
v0x557737c83270_0 .var "sensor_vehicule", 0 0;
S_0x557737c83450 .scope module, "U0" "controlador_estacionamiento" 3 27, 5 5 0, S_0x557737c6fe10;
 .timescale 0 0;
    .port_info 0 /INPUT 1 "clk";
    .port_info 1 /INPUT 1 "rst";
    .port_info 2 /INPUT 1 "sensor_vehicule";
    .port_info 3 /INPUT 1 "sensor_moved_vehicule";
    .port_info 4 /INPUT 16 "password_input";
    .port_info 5 /OUTPUT 1 "open_gate";
    .port_info 6 /OUTPUT 1 "close_gate";
    .port_info 7 /OUTPUT 1 "alarm_wrong_pin";
    .port_info 8 /OUTPUT 1 "alarm_blocked";
v0x557737cb5ba0_0 .net "_000_", 0 0, L_0x557737cc54d0;  1 drivers
v0x557737cb5ce0_0 .net "_001_", 0 0, L_0x557737cc5e20;  1 drivers
v0x557737cb5df0_0 .net "_002_", 0 0, L_0x557737cc6460;  1 drivers
v0x557737cb5ee0_0 .net "_003_", 2 0, L_0x557737cc4120;  1 drivers
v0x557737cb5fe0_0 .net "_004_", 0 0, L_0x557737cc4f20;  1 drivers
v0x557737cb6140_0 .net "_005_", 0 0, L_0x557737cc6720;  1 drivers
v0x557737cb6230_0 .net "_006_", 0 0, L_0x557737cc69f0;  1 drivers
v0x557737cb6320_0 .net "_007_", 0 0, L_0x557737cc6840;  1 drivers
v0x557737cb6410_0 .net "_008_", 0 0, L_0x557737cc1e00;  1 drivers
v0x557737cb64b0_0 .net "_009_", 0 0, L_0x557737cc1640;  1 drivers
v0x557737cb65a0_0 .net "_010_", 0 0, L_0x557737cc0b30;  1 drivers
v0x557737cb6690_0 .net "_011_", 0 0, L_0x557737cbf8d0;  1 drivers
v0x557737cb6780_0 .net "_012_", 0 0, L_0x557737cc2a00;  1 drivers
v0x557737cb6870_0 .net "_013_", 0 0, L_0x557737cc2bf0;  1 drivers
v0x557737cb6960_0 .net "_014_", 0 0, L_0x557737cc2f60;  1 drivers
v0x557737cb6a50_0 .net "_015_", 0 0, L_0x557737cc3080;  1 drivers
v0x557737cb6b40_0 .net "_016_", 0 0, L_0x557737cc3480;  1 drivers
v0x557737cb6d40_0 .net "_017_", 0 0, L_0x557737cc37c0;  1 drivers
v0x557737cb6e30_0 .net "_018_", 0 0, L_0x557737cc3920;  1 drivers
v0x557737cb6f20_0 .net "_019_", 0 0, L_0x557737cc3a60;  1 drivers
v0x557737cb7010_0 .net "_020_", 0 0, L_0x557737cc3ca0;  1 drivers
v0x557737cb7100_0 .net "_021_", 0 0, L_0x557737cc3ee0;  1 drivers
v0x557737cb71f0_0 .net "_022_", 0 0, L_0x557737cc43d0;  1 drivers
v0x557737cb7290_0 .net "_023_", 0 0, L_0x557737cc4a50;  1 drivers
v0x557737cb7380_0 .net "_024_", 0 0, L_0x557737cc4b10;  1 drivers
v0x557737cb7470_0 .net "_025_", 0 0, L_0x557737cc4d70;  1 drivers
v0x557737cb7560_0 .net "_026_", 0 0, L_0x557737cc5040;  1 drivers
v0x557737cb7650_0 .net "_027_", 0 0, L_0x557737cc50d0;  1 drivers
v0x557737cb7740_0 .net "_028_", 0 0, L_0x557737cc52a0;  1 drivers
v0x557737cb7830_0 .net "_029_", 0 0, L_0x557737cc55f0;  1 drivers
v0x557737cb7920_0 .net "_030_", 0 0, L_0x557737cc5ac0;  1 drivers
v0x557737cb7a10_0 .net "_031_", 0 0, L_0x557737cc5c70;  1 drivers
v0x557737cb7b00_0 .net "_032_", 0 0, L_0x557737cc5f40;  1 drivers
v0x557737cb7bf0_0 .net "_033_", 0 0, L_0x557737cc5fd0;  1 drivers
v0x557737cb7ce0_0 .net "_034_", 0 0, L_0x557737cc6230;  1 drivers
v0x557737cb7dd0_0 .net "_035_", 0 0, L_0x557737c73a00;  1 drivers
v0x557737cb7e70_0 .net "_036_", 0 0, L_0x557737c73280;  1 drivers
v0x557737cb7f10_0 .net "_037_", 0 0, L_0x557737c72b00;  1 drivers
v0x557737cb8000_0 .net "_038_", 0 0, L_0x557737c72380;  1 drivers
v0x557737cb80f0_0 .net "_039_", 0 0, L_0x557737c71c00;  1 drivers
v0x557737cb81e0_0 .net "_040_", 0 0, L_0x557737c71480;  1 drivers
v0x557737cb8280_0 .net "_041_", 0 0, L_0x557737cbbe80;  1 drivers
v0x557737cb8320_0 .net "_042_", 0 0, L_0x557737cbc020;  1 drivers
v0x557737cb8410_0 .net "_043_", 0 0, L_0x557737cbc130;  1 drivers
v0x557737cb8500_0 .net "_044_", 0 0, L_0x557737cbc2b0;  1 drivers
v0x557737cb85a0_0 .net "_045_", 0 0, L_0x557737cbc500;  1 drivers
v0x557737cb8640_0 .net "_046_", 0 0, L_0x557737cbc570;  1 drivers
v0x557737cb8730_0 .net "_047_", 0 0, L_0x557737cbc770;  1 drivers
v0x557737cb8820_0 .net "_048_", 0 0, L_0x557737cbc850;  1 drivers
v0x557737cb8910_0 .net "_049_", 0 0, L_0x557737cbca20;  1 drivers
v0x557737cb8a00_0 .net "_050_", 0 0, L_0x557737cbcd80;  1 drivers
v0x557737cb8af0_0 .net "_051_", 0 0, L_0x557737cbd170;  1 drivers
v0x557737cb8be0_0 .net "_052_", 0 0, L_0x557737cbd270;  1 drivers
v0x557737cb8cd0_0 .net "_053_", 0 0, L_0x557737cbd5a0;  1 drivers
v0x557737cb8dc0_0 .net "_054_", 0 0, L_0x557737cbd950;  1 drivers
v0x557737cb8eb0_0 .net "_055_", 0 0, L_0x557737cbdb90;  1 drivers
v0x557737cb8fa0_0 .net "_056_", 0 0, L_0x557737cbdc20;  1 drivers
v0x557737cb9090_0 .net "_057_", 0 0, L_0x557737cbddf0;  1 drivers
v0x557737cb9180_0 .net "_058_", 0 0, L_0x557737cbe0a0;  1 drivers
v0x557737cb9270_0 .net "_059_", 0 0, L_0x557737cbe4e0;  1 drivers
v0x557737cb9360_0 .net "_060_", 0 0, L_0x557737cbe600;  1 drivers
v0x557737cb9450_0 .net "_061_", 0 0, L_0x557737cbeae0;  1 drivers
v0x557737cb9540_0 .net "_062_", 0 0, L_0x557737cbefd0;  1 drivers
v0x557737cb9630_0 .net "_063_", 0 0, L_0x557737cbf210;  1 drivers
v0x557737cb9720_0 .net "_064_", 0 0, L_0x557737cbf450;  1 drivers
v0x557737cb9bd0_0 .net "_065_", 0 0, L_0x557737cbf690;  1 drivers
v0x557737cb9cc0_0 .net "_066_", 0 0, L_0x557737cbf9f0;  1 drivers
v0x557737cb9db0_0 .net "_067_", 0 0, L_0x557737cbfc60;  1 drivers
v0x557737cb9e50_0 .net "_068_", 0 0, L_0x557737cbff80;  1 drivers
v0x557737cb9f40_0 .net "_069_", 0 0, L_0x557737cc0130;  1 drivers
v0x557737cb9fe0_0 .net "_070_", 0 0, L_0x557737cc0360;  1 drivers
v0x557737cba0d0_0 .net "_071_", 0 0, L_0x557737cc0480;  1 drivers
v0x557737cba1c0_0 .net "_072_", 0 0, L_0x557737cc0840;  1 drivers
v0x557737cba2b0_0 .net "_073_", 0 0, L_0x557737cc08d0;  1 drivers
v0x557737cba3a0_0 .net "_074_", 0 0, L_0x557737cc0c50;  1 drivers
v0x557737cba440_0 .net "_075_", 0 0, L_0x557737cc0e90;  1 drivers
v0x557737cba530_0 .net "_076_", 0 0, L_0x557737cc1140;  1 drivers
v0x557737cba620_0 .net "_077_", 0 0, L_0x557737cc17f0;  1 drivers
v0x557737cba710_0 .net "_078_", 0 0, L_0x557737cc19e0;  1 drivers
v0x557737cba7b0_0 .net "_079_", 0 0, L_0x557737cc1f20;  1 drivers
v0x557737cba8e0_0 .net "_080_", 0 0, L_0x557737cc2350;  1 drivers
v0x557737cba980_0 .net "_081_", 0 0, L_0x557737cc24c0;  1 drivers
v0x557737cbaa70_0 .net "_082_", 0 0, L_0x557737cc26c0;  1 drivers
v0x557737cbab60_0 .net "alarm_blocked", 0 0, v0x557737cb4620_0;  alias, 1 drivers
v0x557737cbac00_0 .net "alarm_wrong_pin", 0 0, v0x557737cb4110_0;  alias, 1 drivers
v0x557737cbaca0_0 .net "clk", 0 0, v0x557737c76db0_0;  alias, 1 drivers
v0x557737cbad40_0 .net "close_gate", 0 0, v0x557737cb3c00_0;  alias, 1 drivers
v0x557737cbade0_0 .net "counter", 2 0, L_0x557737cc7140;  1 drivers
v0x557737cbae80_0 .net "open_gate", 0 0, v0x557737cb4b30_0;  alias, 1 drivers
v0x557737cbaf20_0 .net "password_input", 15 0, v0x557737c83010_0;  alias, 1 drivers
v0x557737cbafc0_0 .net "rst", 0 0, v0x557737c830f0_0;  alias, 1 drivers
v0x557737cbb060_0 .net "sensor_moved_vehicule", 0 0, v0x557737c831b0_0;  alias, 1 drivers
v0x557737cbb100_0 .net "sensor_vehicule", 0 0, v0x557737c83270_0;  alias, 1 drivers
v0x557737cbb1a0_0 .net "state", 6 0, L_0x557737cc6a80;  1 drivers
L_0x557737cbbcb0 .part L_0x557737cc6a80, 5, 1;
L_0x557737cbbde0 .part L_0x557737cc7140, 0, 1;
L_0x557737cbbf80 .part L_0x557737cc7140, 2, 1;
L_0x557737cbc090 .part L_0x557737cc6a80, 2, 1;
L_0x557737cbc1a0 .part L_0x557737cc6a80, 4, 1;
L_0x557737cbc320 .part L_0x557737cc6a80, 6, 1;
L_0x557737cbc8c0 .part L_0x557737cc6a80, 2, 1;
L_0x557737cbcae0 .part v0x557737c83010_0, 11, 1;
L_0x557737cbcc20 .part v0x557737c83010_0, 14, 1;
L_0x557737cbcdf0 .part v0x557737c83010_0, 15, 1;
L_0x557737cbcf40 .part v0x557737c83010_0, 1, 1;
L_0x557737cbd2e0 .part v0x557737c83010_0, 2, 1;
L_0x557737cbd440 .part v0x557737c83010_0, 3, 1;
L_0x557737cbd660 .part v0x557737c83010_0, 4, 1;
L_0x557737cbd7d0 .part v0x557737c83010_0, 7, 1;
L_0x557737cbde60 .part v0x557737c83010_0, 9, 1;
L_0x557737cbdf90 .part v0x557737c83010_0, 10, 1;
L_0x557737cbe160 .part v0x557737c83010_0, 12, 1;
L_0x557737cbe2f0 .part v0x557737c83010_0, 13, 1;
L_0x557737cbe670 .part v0x557737c83010_0, 0, 1;
L_0x557737cbe250 .part v0x557737c83010_0, 5, 1;
L_0x557737cbeba0 .part v0x557737c83010_0, 6, 1;
L_0x557737cbed50 .part v0x557737c83010_0, 8, 1;
L_0x557737cbfa60 .part L_0x557737cc6a80, 0, 1;
L_0x557737cbfcd0 .part L_0x557737cc7140, 1, 1;
L_0x557737cbfd70 .part L_0x557737cc7140, 0, 1;
L_0x557737cc0230 .part L_0x557737cc7140, 2, 1;
L_0x557737cc0540 .part L_0x557737cc6a80, 5, 1;
L_0x557737cc0f00 .part L_0x557737cc6a80, 5, 1;
L_0x557737cc11b0 .part L_0x557737cc6a80, 3, 1;
L_0x557737cc1860 .part L_0x557737cc6a80, 0, 1;
L_0x557737cc1ae0 .part L_0x557737cc6a80, 1, 1;
L_0x557737cc1fe0 .part L_0x557737cc6a80, 0, 1;
L_0x557737cc20d0 .part L_0x557737cc6a80, 5, 1;
L_0x557737cc2a70 .part L_0x557737cc7140, 1, 1;
L_0x557737cc2cb0 .part L_0x557737cc6a80, 5, 1;
L_0x557737cc30f0 .part L_0x557737cc7140, 1, 1;
L_0x557737cc31e0 .part L_0x557737cc7140, 0, 1;
L_0x557737cc3830 .part L_0x557737cc7140, 2, 1;
L_0x557737cc4120 .concat8 [ 1 1 1 0], L_0x557737cc2900, L_0x557737cc36c0, L_0x557737cc4090;
L_0x557737cc4490 .part L_0x557737cc6a80, 0, 1;
L_0x557737cc4580 .part L_0x557737cc6a80, 6, 1;
L_0x557737cc5310 .part L_0x557737cc6a80, 3, 1;
L_0x557737cc56b0 .part L_0x557737cc6a80, 5, 1;
L_0x557737cc62a0 .part L_0x557737cc6a80, 1, 1;
LS_0x557737cc6a80_0_0 .concat8 [ 1 1 1 1], v0x557737cb18f0_0, v0x557737cb1e00_0, v0x557737cb22f0_0, v0x557737cb2870_0;
LS_0x557737cc6a80_0_4 .concat8 [ 1 1 1 0], v0x557737cb2d10_0, v0x557737cb3200_0, v0x557737cb36f0_0;
L_0x557737cc6a80 .concat8 [ 4 3 0 0], LS_0x557737cc6a80_0_0, LS_0x557737cc6a80_0_4;
L_0x557737cc6cf0 .part L_0x557737cc4120, 0, 1;
L_0x557737cc6de0 .part L_0x557737cc4120, 1, 1;
L_0x557737cc7010 .part L_0x557737cc4120, 2, 1;
L_0x557737cc7140 .concat8 [ 1 1 1 0], v0x557737cb5040_0, v0x557737cb5560_0, v0x557737cb5a80_0;
S_0x557737c93930 .scope module, "_083_" "NOT" 5 116, 2 7 0, S_0x557737c83450;
 .timescale 0 0;
    .port_info 0 /INPUT 1 "A";
    .port_info 1 /OUTPUT 1 "Y";
L_0x557737c73a00 .functor NOT 1, v0x557737c830f0_0, C4<0>, C4<0>, C4<0>;
v0x557737c93b30_0 .net "A", 0 0, v0x557737c830f0_0;  alias, 1 drivers
v0x557737c93bf0_0 .net "Y", 0 0, L_0x557737c73a00;  alias, 1 drivers
S_0x557737c93cf0 .scope module, "_084_" "NOT" 5 120, 2 7 0, S_0x557737c83450;
 .timescale 0 0;
    .port_info 0 /INPUT 1 "A";
    .port_info 1 /OUTPUT 1 "Y";
L_0x557737c73280 .functor NOT 1, L_0x557737cbbcb0, C4<0>, C4<0>, C4<0>;
v0x557737c93ed0_0 .net "A", 0 0, L_0x557737cbbcb0;  1 drivers
v0x557737c93fb0_0 .net "Y", 0 0, L_0x557737c73280;  alias, 1 drivers
S_0x557737c940d0 .scope module, "_085_" "NOT" 5 124, 2 7 0, S_0x557737c83450;
 .timescale 0 0;
    .port_info 0 /INPUT 1 "A";
    .port_info 1 /OUTPUT 1 "Y";
L_0x557737c72b00 .functor NOT 1, v0x557737c831b0_0, C4<0>, C4<0>, C4<0>;
v0x557737c942b0_0 .net "A", 0 0, v0x557737c831b0_0;  alias, 1 drivers
v0x557737c94350_0 .net "Y", 0 0, L_0x557737c72b00;  alias, 1 drivers
S_0x557737c94450 .scope module, "_086_" "NOT" 5 128, 2 7 0, S_0x557737c83450;
 .timescale 0 0;
    .port_info 0 /INPUT 1 "A";
    .port_info 1 /OUTPUT 1 "Y";
L_0x557737c72380 .functor NOT 1, v0x557737c83270_0, C4<0>, C4<0>, C4<0>;
v0x557737c94630_0 .net "A", 0 0, v0x557737c83270_0;  alias, 1 drivers
v0x557737c946f0_0 .net "Y", 0 0, L_0x557737c72380;  alias, 1 drivers
S_0x557737c947f0 .scope module, "_087_" "NOT" 5 132, 2 7 0, S_0x557737c83450;
 .timescale 0 0;
    .port_info 0 /INPUT 1 "A";
    .port_info 1 /OUTPUT 1 "Y";
L_0x557737c71c00 .functor NOT 1, v0x557737cb4110_0, C4<0>, C4<0>, C4<0>;
v0x557737c94a60_0 .net "A", 0 0, v0x557737cb4110_0;  alias, 1 drivers
v0x557737c94b20_0 .net "Y", 0 0, L_0x557737c71c00;  alias, 1 drivers
S_0x557737c94c20 .scope module, "_088_" "NOT" 5 136, 2 7 0, S_0x557737c83450;
 .timescale 0 0;
    .port_info 0 /INPUT 1 "A";
    .port_info 1 /OUTPUT 1 "Y";
L_0x557737c71480 .functor NOT 1, L_0x557737cbbde0, C4<0>, C4<0>, C4<0>;
v0x557737c94e40_0 .net "A", 0 0, L_0x557737cbbde0;  1 drivers
v0x557737c94f20_0 .net "Y", 0 0, L_0x557737c71480;  alias, 1 drivers
S_0x557737c95040 .scope module, "_089_" "NOT" 5 140, 2 7 0, S_0x557737c83450;
 .timescale 0 0;
    .port_info 0 /INPUT 1 "A";
    .port_info 1 /OUTPUT 1 "Y";
L_0x557737cbbe80 .functor NOT 1, L_0x557737cbbf80, C4<0>, C4<0>, C4<0>;
v0x557737c95260_0 .net "A", 0 0, L_0x557737cbbf80;  1 drivers
v0x557737c95340_0 .net "Y", 0 0, L_0x557737cbbe80;  alias, 1 drivers
S_0x557737c95460 .scope module, "_090_" "NOT" 5 144, 2 7 0, S_0x557737c83450;
 .timescale 0 0;
    .port_info 0 /INPUT 1 "A";
    .port_info 1 /OUTPUT 1 "Y";
L_0x557737cbc020 .functor NOT 1, L_0x557737cbc090, C4<0>, C4<0>, C4<0>;
v0x557737c95680_0 .net "A", 0 0, L_0x557737cbc090;  1 drivers
v0x557737c95760_0 .net "Y", 0 0, L_0x557737cbc020;  alias, 1 drivers
S_0x557737c95880 .scope module, "_091_" "NOT" 5 148, 2 7 0, S_0x557737c83450;
 .timescale 0 0;
    .port_info 0 /INPUT 1 "A";
    .port_info 1 /OUTPUT 1 "Y";
L_0x557737cbc130 .functor NOT 1, L_0x557737cbc1a0, C4<0>, C4<0>, C4<0>;
v0x557737c95aa0_0 .net "A", 0 0, L_0x557737cbc1a0;  1 drivers
v0x557737c95b80_0 .net "Y", 0 0, L_0x557737cbc130;  alias, 1 drivers
S_0x557737c95ca0 .scope module, "_092_" "NAND" 5 152, 2 13 0, S_0x557737c83450;
 .timescale 0 0;
    .port_info 0 /INPUT 1 "A";
    .port_info 1 /INPUT 1 "B";
    .port_info 2 /OUTPUT 1 "Y";
L_0x557737cbc240 .functor AND 1, L_0x557737c73a00, L_0x557737cbc320, C4<1>, C4<1>;
L_0x557737cbc2b0 .functor NOT 1, L_0x557737cbc240, C4<0>, C4<0>, C4<0>;
v0x557737c95e80_0 .net "A", 0 0, L_0x557737c73a00;  alias, 1 drivers
v0x557737c95f40_0 .net "B", 0 0, L_0x557737cbc320;  1 drivers
v0x557737c95fe0_0 .net "Y", 0 0, L_0x557737cbc2b0;  alias, 1 drivers
v0x557737c960b0_0 .net *"_ivl_0", 0 0, L_0x557737cbc240;  1 drivers
S_0x557737c96210 .scope module, "_093_" "NOR" 5 157, 2 19 0, S_0x557737c83450;
 .timescale 0 0;
    .port_info 0 /INPUT 1 "A";
    .port_info 1 /INPUT 1 "B";
    .port_info 2 /OUTPUT 1 "Y";
L_0x557737cbc490 .functor OR 1, v0x557737c831b0_0, L_0x557737cbc2b0, C4<0>, C4<0>;
L_0x557737cbc500 .functor NOT 1, L_0x557737cbc490, C4<0>, C4<0>, C4<0>;
v0x557737c96440_0 .net "A", 0 0, v0x557737c831b0_0;  alias, 1 drivers
v0x557737c96550_0 .net "B", 0 0, L_0x557737cbc2b0;  alias, 1 drivers
v0x557737c96610_0 .net "Y", 0 0, L_0x557737cbc500;  alias, 1 drivers
v0x557737c966e0_0 .net *"_ivl_0", 0 0, L_0x557737cbc490;  1 drivers
S_0x557737c96800 .scope module, "_094_" "NOT" 5 162, 2 7 0, S_0x557737c83450;
 .timescale 0 0;
    .port_info 0 /INPUT 1 "A";
    .port_info 1 /OUTPUT 1 "Y";
L_0x557737cbc570 .functor NOT 1, L_0x557737cbc500, C4<0>, C4<0>, C4<0>;
v0x557737c96a20_0 .net "A", 0 0, L_0x557737cbc500;  alias, 1 drivers
v0x557737c96b10_0 .net "Y", 0 0, L_0x557737cbc570;  alias, 1 drivers
S_0x557737c96c10 .scope module, "_095_" "NOR" 5 166, 2 19 0, S_0x557737c83450;
 .timescale 0 0;
    .port_info 0 /INPUT 1 "A";
    .port_info 1 /INPUT 1 "B";
    .port_info 2 /OUTPUT 1 "Y";
L_0x557737cbc670 .functor OR 1, v0x557737c830f0_0, L_0x557737cbc020, C4<0>, C4<0>;
L_0x557737cbc770 .functor NOT 1, L_0x557737cbc670, C4<0>, C4<0>, C4<0>;
v0x557737c96e40_0 .net "A", 0 0, v0x557737c830f0_0;  alias, 1 drivers
v0x557737c96f50_0 .net "B", 0 0, L_0x557737cbc020;  alias, 1 drivers
v0x557737c97010_0 .net "Y", 0 0, L_0x557737cbc770;  alias, 1 drivers
v0x557737c970e0_0 .net *"_ivl_0", 0 0, L_0x557737cbc670;  1 drivers
S_0x557737c97200 .scope module, "_096_" "NAND" 5 171, 2 13 0, S_0x557737c83450;
 .timescale 0 0;
    .port_info 0 /INPUT 1 "A";
    .port_info 1 /INPUT 1 "B";
    .port_info 2 /OUTPUT 1 "Y";
L_0x557737cbc7e0 .functor AND 1, L_0x557737c73a00, L_0x557737cbc8c0, C4<1>, C4<1>;
L_0x557737cbc850 .functor NOT 1, L_0x557737cbc7e0, C4<0>, C4<0>, C4<0>;
v0x557737c97430_0 .net "A", 0 0, L_0x557737c73a00;  alias, 1 drivers
v0x557737c97540_0 .net "B", 0 0, L_0x557737cbc8c0;  1 drivers
v0x557737c97600_0 .net "Y", 0 0, L_0x557737cbc850;  alias, 1 drivers
v0x557737c976a0_0 .net *"_ivl_0", 0 0, L_0x557737cbc7e0;  1 drivers
S_0x557737c97800 .scope module, "_097_" "NOR" 5 176, 2 19 0, S_0x557737c83450;
 .timescale 0 0;
    .port_info 0 /INPUT 1 "A";
    .port_info 1 /INPUT 1 "B";
    .port_info 2 /OUTPUT 1 "Y";
L_0x557737cbc9b0 .functor OR 1, L_0x557737cbcae0, L_0x557737cbcc20, C4<0>, C4<0>;
L_0x557737cbca20 .functor NOT 1, L_0x557737cbc9b0, C4<0>, C4<0>, C4<0>;
v0x557737c97a30_0 .net "A", 0 0, L_0x557737cbcae0;  1 drivers
v0x557737c97b10_0 .net "B", 0 0, L_0x557737cbcc20;  1 drivers
v0x557737c97bd0_0 .net "Y", 0 0, L_0x557737cbca20;  alias, 1 drivers
v0x557737c97ca0_0 .net *"_ivl_0", 0 0, L_0x557737cbc9b0;  1 drivers
S_0x557737c97e00 .scope module, "_098_" "NOR" 5 181, 2 19 0, S_0x557737c83450;
 .timescale 0 0;
    .port_info 0 /INPUT 1 "A";
    .port_info 1 /INPUT 1 "B";
    .port_info 2 /OUTPUT 1 "Y";
L_0x557737cbcd10 .functor OR 1, L_0x557737cbcdf0, L_0x557737cbcf40, C4<0>, C4<0>;
L_0x557737cbcd80 .functor NOT 1, L_0x557737cbcd10, C4<0>, C4<0>, C4<0>;
v0x557737c98030_0 .net "A", 0 0, L_0x557737cbcdf0;  1 drivers
v0x557737c98110_0 .net "B", 0 0, L_0x557737cbcf40;  1 drivers
v0x557737c981d0_0 .net "Y", 0 0, L_0x557737cbcd80;  alias, 1 drivers
v0x557737c982a0_0 .net *"_ivl_0", 0 0, L_0x557737cbcd10;  1 drivers
S_0x557737c98400 .scope module, "_099_" "NAND" 5 186, 2 13 0, S_0x557737c83450;
 .timescale 0 0;
    .port_info 0 /INPUT 1 "A";
    .port_info 1 /INPUT 1 "B";
    .port_info 2 /OUTPUT 1 "Y";
L_0x557737cbcfe0 .functor AND 1, L_0x557737cbca20, L_0x557737cbcd80, C4<1>, C4<1>;
L_0x557737cbd170 .functor NOT 1, L_0x557737cbcfe0, C4<0>, C4<0>, C4<0>;
v0x557737c98630_0 .net "A", 0 0, L_0x557737cbca20;  alias, 1 drivers
v0x557737c98720_0 .net "B", 0 0, L_0x557737cbcd80;  alias, 1 drivers
v0x557737c987f0_0 .net "Y", 0 0, L_0x557737cbd170;  alias, 1 drivers
v0x557737c988c0_0 .net *"_ivl_0", 0 0, L_0x557737cbcfe0;  1 drivers
S_0x557737c989e0 .scope module, "_100_" "NOR" 5 191, 2 19 0, S_0x557737c83450;
 .timescale 0 0;
    .port_info 0 /INPUT 1 "A";
    .port_info 1 /INPUT 1 "B";
    .port_info 2 /OUTPUT 1 "Y";
L_0x557737cbd1e0 .functor OR 1, L_0x557737cbd2e0, L_0x557737cbd440, C4<0>, C4<0>;
L_0x557737cbd270 .functor NOT 1, L_0x557737cbd1e0, C4<0>, C4<0>, C4<0>;
v0x557737c98c10_0 .net "A", 0 0, L_0x557737cbd2e0;  1 drivers
v0x557737c98cf0_0 .net "B", 0 0, L_0x557737cbd440;  1 drivers
v0x557737c98db0_0 .net "Y", 0 0, L_0x557737cbd270;  alias, 1 drivers
v0x557737c98e80_0 .net *"_ivl_0", 0 0, L_0x557737cbd1e0;  1 drivers
S_0x557737c98fe0 .scope module, "_101_" "NOR" 5 196, 2 19 0, S_0x557737c83450;
 .timescale 0 0;
    .port_info 0 /INPUT 1 "A";
    .port_info 1 /INPUT 1 "B";
    .port_info 2 /OUTPUT 1 "Y";
L_0x557737cbd530 .functor OR 1, L_0x557737cbd660, L_0x557737cbd7d0, C4<0>, C4<0>;
L_0x557737cbd5a0 .functor NOT 1, L_0x557737cbd530, C4<0>, C4<0>, C4<0>;
v0x557737c99210_0 .net "A", 0 0, L_0x557737cbd660;  1 drivers
v0x557737c992f0_0 .net "B", 0 0, L_0x557737cbd7d0;  1 drivers
v0x557737c993b0_0 .net "Y", 0 0, L_0x557737cbd5a0;  alias, 1 drivers
v0x557737c99480_0 .net *"_ivl_0", 0 0, L_0x557737cbd530;  1 drivers
S_0x557737c995e0 .scope module, "_102_" "NAND" 5 201, 2 13 0, S_0x557737c83450;
 .timescale 0 0;
    .port_info 0 /INPUT 1 "A";
    .port_info 1 /INPUT 1 "B";
    .port_info 2 /OUTPUT 1 "Y";
L_0x557737cbd3d0 .functor AND 1, L_0x557737cbd270, L_0x557737cbd5a0, C4<1>, C4<1>;
L_0x557737cbd950 .functor NOT 1, L_0x557737cbd3d0, C4<0>, C4<0>, C4<0>;
v0x557737c99810_0 .net "A", 0 0, L_0x557737cbd270;  alias, 1 drivers
v0x557737c99900_0 .net "B", 0 0, L_0x557737cbd5a0;  alias, 1 drivers
v0x557737c999d0_0 .net "Y", 0 0, L_0x557737cbd950;  alias, 1 drivers
v0x557737c99aa0_0 .net *"_ivl_0", 0 0, L_0x557737cbd3d0;  1 drivers
S_0x557737c99bc0 .scope module, "_103_" "NOR" 5 206, 2 19 0, S_0x557737c83450;
 .timescale 0 0;
    .port_info 0 /INPUT 1 "A";
    .port_info 1 /INPUT 1 "B";
    .port_info 2 /OUTPUT 1 "Y";
L_0x557737cbd9e0 .functor OR 1, L_0x557737cbd170, L_0x557737cbd950, C4<0>, C4<0>;
L_0x557737cbdb90 .functor NOT 1, L_0x557737cbd9e0, C4<0>, C4<0>, C4<0>;
v0x557737c99df0_0 .net "A", 0 0, L_0x557737cbd170;  alias, 1 drivers
v0x557737c99ee0_0 .net "B", 0 0, L_0x557737cbd950;  alias, 1 drivers
v0x557737c99fb0_0 .net "Y", 0 0, L_0x557737cbdb90;  alias, 1 drivers
v0x557737c9a080_0 .net *"_ivl_0", 0 0, L_0x557737cbd9e0;  1 drivers
S_0x557737c9a1a0 .scope module, "_104_" "NOT" 5 211, 2 7 0, S_0x557737c83450;
 .timescale 0 0;
    .port_info 0 /INPUT 1 "A";
    .port_info 1 /OUTPUT 1 "Y";
L_0x557737cbdc20 .functor NOT 1, L_0x557737cbdb90, C4<0>, C4<0>, C4<0>;
v0x557737c9a3c0_0 .net "A", 0 0, L_0x557737cbdb90;  alias, 1 drivers
v0x557737c9a4b0_0 .net "Y", 0 0, L_0x557737cbdc20;  alias, 1 drivers
S_0x557737c9a5b0 .scope module, "_105_" "NAND" 5 215, 2 13 0, S_0x557737c83450;
 .timescale 0 0;
    .port_info 0 /INPUT 1 "A";
    .port_info 1 /INPUT 1 "B";
    .port_info 2 /OUTPUT 1 "Y";
L_0x557737cbdd60 .functor AND 1, L_0x557737cbde60, L_0x557737cbdf90, C4<1>, C4<1>;
L_0x557737cbddf0 .functor NOT 1, L_0x557737cbdd60, C4<0>, C4<0>, C4<0>;
v0x557737c9a7e0_0 .net "A", 0 0, L_0x557737cbde60;  1 drivers
v0x557737c9a8c0_0 .net "B", 0 0, L_0x557737cbdf90;  1 drivers
v0x557737c9a980_0 .net "Y", 0 0, L_0x557737cbddf0;  alias, 1 drivers
v0x557737c9aa50_0 .net *"_ivl_0", 0 0, L_0x557737cbdd60;  1 drivers
S_0x557737c9abb0 .scope module, "_106_" "NAND" 5 220, 2 13 0, S_0x557737c83450;
 .timescale 0 0;
    .port_info 0 /INPUT 1 "A";
    .port_info 1 /INPUT 1 "B";
    .port_info 2 /OUTPUT 1 "Y";
L_0x557737cbe030 .functor AND 1, L_0x557737cbe160, L_0x557737cbe2f0, C4<1>, C4<1>;
L_0x557737cbe0a0 .functor NOT 1, L_0x557737cbe030, C4<0>, C4<0>, C4<0>;
v0x557737c9ade0_0 .net "A", 0 0, L_0x557737cbe160;  1 drivers
v0x557737c9aec0_0 .net "B", 0 0, L_0x557737cbe2f0;  1 drivers
v0x557737c9af80_0 .net "Y", 0 0, L_0x557737cbe0a0;  alias, 1 drivers
v0x557737c9b050_0 .net *"_ivl_0", 0 0, L_0x557737cbe030;  1 drivers
S_0x557737c9b1b0 .scope module, "_107_" "NOR" 5 225, 2 19 0, S_0x557737c83450;
 .timescale 0 0;
    .port_info 0 /INPUT 1 "A";
    .port_info 1 /INPUT 1 "B";
    .port_info 2 /OUTPUT 1 "Y";
L_0x557737cbe3e0 .functor OR 1, L_0x557737cbddf0, L_0x557737cbe0a0, C4<0>, C4<0>;
L_0x557737cbe4e0 .functor NOT 1, L_0x557737cbe3e0, C4<0>, C4<0>, C4<0>;
v0x557737c9b3e0_0 .net "A", 0 0, L_0x557737cbddf0;  alias, 1 drivers
v0x557737c9b4d0_0 .net "B", 0 0, L_0x557737cbe0a0;  alias, 1 drivers
v0x557737c9b5a0_0 .net "Y", 0 0, L_0x557737cbe4e0;  alias, 1 drivers
v0x557737c9b670_0 .net *"_ivl_0", 0 0, L_0x557737cbe3e0;  1 drivers
S_0x557737c9b790 .scope module, "_108_" "NAND" 5 230, 2 13 0, S_0x557737c83450;
 .timescale 0 0;
    .port_info 0 /INPUT 1 "A";
    .port_info 1 /INPUT 1 "B";
    .port_info 2 /OUTPUT 1 "Y";
L_0x557737cbe570 .functor AND 1, L_0x557737cbe670, L_0x557737cbe250, C4<1>, C4<1>;
L_0x557737cbe600 .functor NOT 1, L_0x557737cbe570, C4<0>, C4<0>, C4<0>;
v0x557737c9b9c0_0 .net "A", 0 0, L_0x557737cbe670;  1 drivers
v0x557737c9baa0_0 .net "B", 0 0, L_0x557737cbe250;  1 drivers
v0x557737c9bb60_0 .net "Y", 0 0, L_0x557737cbe600;  alias, 1 drivers
v0x557737c9bc30_0 .net *"_ivl_0", 0 0, L_0x557737cbe570;  1 drivers
S_0x557737c9bd90 .scope module, "_109_" "NAND" 5 235, 2 13 0, S_0x557737c83450;
 .timescale 0 0;
    .port_info 0 /INPUT 1 "A";
    .port_info 1 /INPUT 1 "B";
    .port_info 2 /OUTPUT 1 "Y";
L_0x557737cbea70 .functor AND 1, L_0x557737cbeba0, L_0x557737cbed50, C4<1>, C4<1>;
L_0x557737cbeae0 .functor NOT 1, L_0x557737cbea70, C4<0>, C4<0>, C4<0>;
v0x557737c9bfc0_0 .net "A", 0 0, L_0x557737cbeba0;  1 drivers
v0x557737c9c0a0_0 .net "B", 0 0, L_0x557737cbed50;  1 drivers
v0x557737c9c160_0 .net "Y", 0 0, L_0x557737cbeae0;  alias, 1 drivers
v0x557737c9c230_0 .net *"_ivl_0", 0 0, L_0x557737cbea70;  1 drivers
S_0x557737c9c390 .scope module, "_110_" "NOR" 5 240, 2 19 0, S_0x557737c83450;
 .timescale 0 0;
    .port_info 0 /INPUT 1 "A";
    .port_info 1 /INPUT 1 "B";
    .port_info 2 /OUTPUT 1 "Y";
L_0x557737cbee40 .functor OR 1, L_0x557737cbe600, L_0x557737cbeae0, C4<0>, C4<0>;
L_0x557737cbefd0 .functor NOT 1, L_0x557737cbee40, C4<0>, C4<0>, C4<0>;
v0x557737c9c5c0_0 .net "A", 0 0, L_0x557737cbe600;  alias, 1 drivers
v0x557737c9c6b0_0 .net "B", 0 0, L_0x557737cbeae0;  alias, 1 drivers
v0x557737c9c780_0 .net "Y", 0 0, L_0x557737cbefd0;  alias, 1 drivers
v0x557737c9c850_0 .net *"_ivl_0", 0 0, L_0x557737cbee40;  1 drivers
S_0x557737c9c970 .scope module, "_111_" "NAND" 5 245, 2 13 0, S_0x557737c83450;
 .timescale 0 0;
    .port_info 0 /INPUT 1 "A";
    .port_info 1 /INPUT 1 "B";
    .port_info 2 /OUTPUT 1 "Y";
L_0x557737cbf060 .functor AND 1, L_0x557737cbe4e0, L_0x557737cbefd0, C4<1>, C4<1>;
L_0x557737cbf210 .functor NOT 1, L_0x557737cbf060, C4<0>, C4<0>, C4<0>;
v0x557737c9cba0_0 .net "A", 0 0, L_0x557737cbe4e0;  alias, 1 drivers
v0x557737c9cc90_0 .net "B", 0 0, L_0x557737cbefd0;  alias, 1 drivers
v0x557737c9cd60_0 .net "Y", 0 0, L_0x557737cbf210;  alias, 1 drivers
v0x557737c9ce30_0 .net *"_ivl_0", 0 0, L_0x557737cbf060;  1 drivers
S_0x557737c9cf50 .scope module, "_112_" "NOR" 5 250, 2 19 0, S_0x557737c83450;
 .timescale 0 0;
    .port_info 0 /INPUT 1 "A";
    .port_info 1 /INPUT 1 "B";
    .port_info 2 /OUTPUT 1 "Y";
L_0x557737cbf2a0 .functor OR 1, L_0x557737cbdc20, L_0x557737cbf210, C4<0>, C4<0>;
L_0x557737cbf450 .functor NOT 1, L_0x557737cbf2a0, C4<0>, C4<0>, C4<0>;
v0x557737c9d180_0 .net "A", 0 0, L_0x557737cbdc20;  alias, 1 drivers
v0x557737c9d270_0 .net "B", 0 0, L_0x557737cbf210;  alias, 1 drivers
v0x557737c9d340_0 .net "Y", 0 0, L_0x557737cbf450;  alias, 1 drivers
v0x557737c9d410_0 .net *"_ivl_0", 0 0, L_0x557737cbf2a0;  1 drivers
S_0x557737c9d530 .scope module, "_113_" "NAND" 5 255, 2 13 0, S_0x557737c83450;
 .timescale 0 0;
    .port_info 0 /INPUT 1 "A";
    .port_info 1 /INPUT 1 "B";
    .port_info 2 /OUTPUT 1 "Y";
L_0x557737cbf570 .functor AND 1, L_0x557737cbc770, L_0x557737cbf450, C4<1>, C4<1>;
L_0x557737cbf690 .functor NOT 1, L_0x557737cbf570, C4<0>, C4<0>, C4<0>;
v0x557737c9d760_0 .net "A", 0 0, L_0x557737cbc770;  alias, 1 drivers
v0x557737c9d850_0 .net "B", 0 0, L_0x557737cbf450;  alias, 1 drivers
v0x557737c9d920_0 .net "Y", 0 0, L_0x557737cbf690;  alias, 1 drivers
v0x557737c9d9f0_0 .net *"_ivl_0", 0 0, L_0x557737cbf570;  1 drivers
S_0x557737c9db10 .scope module, "_114_" "NAND" 5 260, 2 13 0, S_0x557737c83450;
 .timescale 0 0;
    .port_info 0 /INPUT 1 "A";
    .port_info 1 /INPUT 1 "B";
    .port_info 2 /OUTPUT 1 "Y";
L_0x557737cbf720 .functor AND 1, L_0x557737cbc570, L_0x557737cbf690, C4<1>, C4<1>;
L_0x557737cbf8d0 .functor NOT 1, L_0x557737cbf720, C4<0>, C4<0>, C4<0>;
v0x557737c9dd40_0 .net "A", 0 0, L_0x557737cbc570;  alias, 1 drivers
v0x557737c9de30_0 .net "B", 0 0, L_0x557737cbf690;  alias, 1 drivers
v0x557737c9df00_0 .net "Y", 0 0, L_0x557737cbf8d0;  alias, 1 drivers
v0x557737c9dfd0_0 .net *"_ivl_0", 0 0, L_0x557737cbf720;  1 drivers
S_0x557737c9e0f0 .scope module, "_115_" "NAND" 5 265, 2 13 0, S_0x557737c83450;
 .timescale 0 0;
    .port_info 0 /INPUT 1 "A";
    .port_info 1 /INPUT 1 "B";
    .port_info 2 /OUTPUT 1 "Y";
L_0x557737cbf960 .functor AND 1, L_0x557737cbfa60, v0x557737c83270_0, C4<1>, C4<1>;
L_0x557737cbf9f0 .functor NOT 1, L_0x557737cbf960, C4<0>, C4<0>, C4<0>;
v0x557737c9e530_0 .net "A", 0 0, L_0x557737cbfa60;  1 drivers
v0x557737c9e610_0 .net "B", 0 0, v0x557737c83270_0;  alias, 1 drivers
v0x557737c9e720_0 .net "Y", 0 0, L_0x557737cbf9f0;  alias, 1 drivers
v0x557737c9e7c0_0 .net *"_ivl_0", 0 0, L_0x557737cbf960;  1 drivers
S_0x557737c9e900 .scope module, "_116_" "NAND" 5 270, 2 13 0, S_0x557737c83450;
 .timescale 0 0;
    .port_info 0 /INPUT 1 "A";
    .port_info 1 /INPUT 1 "B";
    .port_info 2 /OUTPUT 1 "Y";
L_0x557737cbfbd0 .functor AND 1, L_0x557737cbfcd0, L_0x557737cbfd70, C4<1>, C4<1>;
L_0x557737cbfc60 .functor NOT 1, L_0x557737cbfbd0, C4<0>, C4<0>, C4<0>;
v0x557737c9eb30_0 .net "A", 0 0, L_0x557737cbfcd0;  1 drivers
v0x557737c9ec10_0 .net "B", 0 0, L_0x557737cbfd70;  1 drivers
v0x557737c9ecd0_0 .net "Y", 0 0, L_0x557737cbfc60;  alias, 1 drivers
v0x557737c9eda0_0 .net *"_ivl_0", 0 0, L_0x557737cbfbd0;  1 drivers
S_0x557737c9ef00 .scope module, "_117_" "NOT" 5 275, 2 7 0, S_0x557737c83450;
 .timescale 0 0;
    .port_info 0 /INPUT 1 "A";
    .port_info 1 /OUTPUT 1 "Y";
L_0x557737cbff80 .functor NOT 1, L_0x557737cbfc60, C4<0>, C4<0>, C4<0>;
v0x557737c9f120_0 .net "A", 0 0, L_0x557737cbfc60;  alias, 1 drivers
v0x557737c9f210_0 .net "Y", 0 0, L_0x557737cbff80;  alias, 1 drivers
S_0x557737c9f310 .scope module, "_118_" "NOR" 5 279, 2 19 0, S_0x557737c83450;
 .timescale 0 0;
    .port_info 0 /INPUT 1 "A";
    .port_info 1 /INPUT 1 "B";
    .port_info 2 /OUTPUT 1 "Y";
L_0x557737cc0010 .functor OR 1, L_0x557737cc0230, L_0x557737cbff80, C4<0>, C4<0>;
L_0x557737cc0130 .functor NOT 1, L_0x557737cc0010, C4<0>, C4<0>, C4<0>;
v0x557737c9f540_0 .net "A", 0 0, L_0x557737cc0230;  1 drivers
v0x557737c9f620_0 .net "B", 0 0, L_0x557737cbff80;  alias, 1 drivers
v0x557737c9f710_0 .net "Y", 0 0, L_0x557737cc0130;  alias, 1 drivers
v0x557737c9f7e0_0 .net *"_ivl_0", 0 0, L_0x557737cc0010;  1 drivers
S_0x557737c9f900 .scope module, "_119_" "NAND" 5 284, 2 13 0, S_0x557737c83450;
 .timescale 0 0;
    .port_info 0 /INPUT 1 "A";
    .port_info 1 /INPUT 1 "B";
    .port_info 2 /OUTPUT 1 "Y";
L_0x557737cc02d0 .functor AND 1, L_0x557737cbbe80, L_0x557737cbfc60, C4<1>, C4<1>;
L_0x557737cc0360 .functor NOT 1, L_0x557737cc02d0, C4<0>, C4<0>, C4<0>;
v0x557737c9fb30_0 .net "A", 0 0, L_0x557737cbbe80;  alias, 1 drivers
v0x557737c9fc20_0 .net "B", 0 0, L_0x557737cbfc60;  alias, 1 drivers
v0x557737c9fd10_0 .net "Y", 0 0, L_0x557737cc0360;  alias, 1 drivers
v0x557737c9fdb0_0 .net *"_ivl_0", 0 0, L_0x557737cc02d0;  1 drivers
S_0x557737c9fef0 .scope module, "_120_" "NAND" 5 289, 2 13 0, S_0x557737c83450;
 .timescale 0 0;
    .port_info 0 /INPUT 1 "A";
    .port_info 1 /INPUT 1 "B";
    .port_info 2 /OUTPUT 1 "Y";
L_0x557737cc03f0 .functor AND 1, L_0x557737cc0540, L_0x557737cc0130, C4<1>, C4<1>;
L_0x557737cc0480 .functor NOT 1, L_0x557737cc03f0, C4<0>, C4<0>, C4<0>;
v0x557737ca0120_0 .net "A", 0 0, L_0x557737cc0540;  1 drivers
v0x557737ca0200_0 .net "B", 0 0, L_0x557737cc0130;  alias, 1 drivers
v0x557737ca02f0_0 .net "Y", 0 0, L_0x557737cc0480;  alias, 1 drivers
v0x557737ca03c0_0 .net *"_ivl_0", 0 0, L_0x557737cc03f0;  1 drivers
S_0x557737ca04e0 .scope module, "_121_" "NAND" 5 294, 2 13 0, S_0x557737c83450;
 .timescale 0 0;
    .port_info 0 /INPUT 1 "A";
    .port_info 1 /INPUT 1 "B";
    .port_info 2 /OUTPUT 1 "Y";
L_0x557737cc0720 .functor AND 1, L_0x557737cbf9f0, L_0x557737cc0480, C4<1>, C4<1>;
L_0x557737cc0840 .functor NOT 1, L_0x557737cc0720, C4<0>, C4<0>, C4<0>;
v0x557737ca0710_0 .net "A", 0 0, L_0x557737cbf9f0;  alias, 1 drivers
v0x557737ca0800_0 .net "B", 0 0, L_0x557737cc0480;  alias, 1 drivers
v0x557737ca08d0_0 .net "Y", 0 0, L_0x557737cc0840;  alias, 1 drivers
v0x557737ca09a0_0 .net *"_ivl_0", 0 0, L_0x557737cc0720;  1 drivers
S_0x557737ca0ac0 .scope module, "_122_" "NOT" 5 299, 2 7 0, S_0x557737c83450;
 .timescale 0 0;
    .port_info 0 /INPUT 1 "A";
    .port_info 1 /OUTPUT 1 "Y";
L_0x557737cc08d0 .functor NOT 1, L_0x557737cc0840, C4<0>, C4<0>, C4<0>;
v0x557737ca0ce0_0 .net "A", 0 0, L_0x557737cc0840;  alias, 1 drivers
v0x557737ca0dd0_0 .net "Y", 0 0, L_0x557737cc08d0;  alias, 1 drivers
S_0x557737ca0ed0 .scope module, "_123_" "NOR" 5 303, 2 19 0, S_0x557737c83450;
 .timescale 0 0;
    .port_info 0 /INPUT 1 "A";
    .port_info 1 /INPUT 1 "B";
    .port_info 2 /OUTPUT 1 "Y";
L_0x557737cc0a10 .functor OR 1, v0x557737c830f0_0, L_0x557737cc08d0, C4<0>, C4<0>;
L_0x557737cc0b30 .functor NOT 1, L_0x557737cc0a10, C4<0>, C4<0>, C4<0>;
v0x557737ca1100_0 .net "A", 0 0, v0x557737c830f0_0;  alias, 1 drivers
v0x557737ca11c0_0 .net "B", 0 0, L_0x557737cc08d0;  alias, 1 drivers
v0x557737ca12b0_0 .net "Y", 0 0, L_0x557737cc0b30;  alias, 1 drivers
v0x557737ca1380_0 .net *"_ivl_0", 0 0, L_0x557737cc0a10;  1 drivers
S_0x557737ca14a0 .scope module, "_124_" "NOR" 5 308, 2 19 0, S_0x557737c83450;
 .timescale 0 0;
    .port_info 0 /INPUT 1 "A";
    .port_info 1 /INPUT 1 "B";
    .port_info 2 /OUTPUT 1 "Y";
L_0x557737cc0bc0 .functor OR 1, L_0x557737c73280, L_0x557737cc0130, C4<0>, C4<0>;
L_0x557737cc0c50 .functor NOT 1, L_0x557737cc0bc0, C4<0>, C4<0>, C4<0>;
v0x557737ca16d0_0 .net "A", 0 0, L_0x557737c73280;  alias, 1 drivers
v0x557737ca17c0_0 .net "B", 0 0, L_0x557737cc0130;  alias, 1 drivers
v0x557737ca18b0_0 .net "Y", 0 0, L_0x557737cc0c50;  alias, 1 drivers
v0x557737ca1950_0 .net *"_ivl_0", 0 0, L_0x557737cc0bc0;  1 drivers
S_0x557737ca1a90 .scope module, "_125_" "NAND" 5 313, 2 13 0, S_0x557737c83450;
 .timescale 0 0;
    .port_info 0 /INPUT 1 "A";
    .port_info 1 /INPUT 1 "B";
    .port_info 2 /OUTPUT 1 "Y";
L_0x557737cc0d70 .functor AND 1, L_0x557737cc0f00, L_0x557737cc0360, C4<1>, C4<1>;
L_0x557737cc0e90 .functor NOT 1, L_0x557737cc0d70, C4<0>, C4<0>, C4<0>;
v0x557737ca1cc0_0 .net "A", 0 0, L_0x557737cc0f00;  1 drivers
v0x557737ca1da0_0 .net "B", 0 0, L_0x557737cc0360;  alias, 1 drivers
v0x557737ca1e90_0 .net "Y", 0 0, L_0x557737cc0e90;  alias, 1 drivers
v0x557737ca1f60_0 .net *"_ivl_0", 0 0, L_0x557737cc0d70;  1 drivers
S_0x557737ca2080 .scope module, "_126_" "NOR" 5 318, 2 19 0, S_0x557737c83450;
 .timescale 0 0;
    .port_info 0 /INPUT 1 "A";
    .port_info 1 /INPUT 1 "B";
    .port_info 2 /OUTPUT 1 "Y";
L_0x557737cc10b0 .functor OR 1, L_0x557737cc11b0, L_0x557737cc0c50, C4<0>, C4<0>;
L_0x557737cc1140 .functor NOT 1, L_0x557737cc10b0, C4<0>, C4<0>, C4<0>;
v0x557737ca22b0_0 .net "A", 0 0, L_0x557737cc11b0;  1 drivers
v0x557737ca2390_0 .net "B", 0 0, L_0x557737cc0c50;  alias, 1 drivers
v0x557737ca2480_0 .net "Y", 0 0, L_0x557737cc1140;  alias, 1 drivers
v0x557737ca2550_0 .net *"_ivl_0", 0 0, L_0x557737cc10b0;  1 drivers
S_0x557737ca2670 .scope module, "_127_" "NOR" 5 323, 2 19 0, S_0x557737c83450;
 .timescale 0 0;
    .port_info 0 /INPUT 1 "A";
    .port_info 1 /INPUT 1 "B";
    .port_info 2 /OUTPUT 1 "Y";
L_0x557737cc13a0 .functor OR 1, v0x557737c830f0_0, L_0x557737cc1140, C4<0>, C4<0>;
L_0x557737cc1640 .functor NOT 1, L_0x557737cc13a0, C4<0>, C4<0>, C4<0>;
v0x557737ca28a0_0 .net "A", 0 0, v0x557737c830f0_0;  alias, 1 drivers
v0x557737ca2960_0 .net "B", 0 0, L_0x557737cc1140;  alias, 1 drivers
v0x557737ca2a50_0 .net "Y", 0 0, L_0x557737cc1640;  alias, 1 drivers
v0x557737ca2b20_0 .net *"_ivl_0", 0 0, L_0x557737cc13a0;  1 drivers
S_0x557737ca2c40 .scope module, "_128_" "NAND" 5 328, 2 13 0, S_0x557737c83450;
 .timescale 0 0;
    .port_info 0 /INPUT 1 "A";
    .port_info 1 /INPUT 1 "B";
    .port_info 2 /OUTPUT 1 "Y";
L_0x557737cc16d0 .functor AND 1, L_0x557737cc1860, L_0x557737c72380, C4<1>, C4<1>;
L_0x557737cc17f0 .functor NOT 1, L_0x557737cc16d0, C4<0>, C4<0>, C4<0>;
v0x557737ca2e20_0 .net "A", 0 0, L_0x557737cc1860;  1 drivers
v0x557737ca2f00_0 .net "B", 0 0, L_0x557737c72380;  alias, 1 drivers
v0x557737ca2ff0_0 .net "Y", 0 0, L_0x557737cc17f0;  alias, 1 drivers
v0x557737ca30c0_0 .net *"_ivl_0", 0 0, L_0x557737cc16d0;  1 drivers
S_0x557737ca31e0 .scope module, "_129_" "NOR" 5 333, 2 19 0, S_0x557737c83450;
 .timescale 0 0;
    .port_info 0 /INPUT 1 "A";
    .port_info 1 /INPUT 1 "B";
    .port_info 2 /OUTPUT 1 "Y";
L_0x557737cc1950 .functor OR 1, v0x557737c830f0_0, L_0x557737cc1ae0, C4<0>, C4<0>;
L_0x557737cc19e0 .functor NOT 1, L_0x557737cc1950, C4<0>, C4<0>, C4<0>;
v0x557737ca3410_0 .net "A", 0 0, v0x557737c830f0_0;  alias, 1 drivers
v0x557737ca34d0_0 .net "B", 0 0, L_0x557737cc1ae0;  1 drivers
v0x557737ca3590_0 .net "Y", 0 0, L_0x557737cc19e0;  alias, 1 drivers
v0x557737ca3660_0 .net *"_ivl_0", 0 0, L_0x557737cc1950;  1 drivers
S_0x557737ca37c0 .scope module, "_130_" "NAND" 5 338, 2 13 0, S_0x557737c83450;
 .timescale 0 0;
    .port_info 0 /INPUT 1 "A";
    .port_info 1 /INPUT 1 "B";
    .port_info 2 /OUTPUT 1 "Y";
L_0x557737cc1ce0 .functor AND 1, L_0x557737cc17f0, L_0x557737cc19e0, C4<1>, C4<1>;
L_0x557737cc1e00 .functor NOT 1, L_0x557737cc1ce0, C4<0>, C4<0>, C4<0>;
v0x557737ca39f0_0 .net "A", 0 0, L_0x557737cc17f0;  alias, 1 drivers
v0x557737ca3ae0_0 .net "B", 0 0, L_0x557737cc19e0;  alias, 1 drivers
v0x557737ca3bb0_0 .net "Y", 0 0, L_0x557737cc1e00;  alias, 1 drivers
v0x557737ca3c80_0 .net *"_ivl_0", 0 0, L_0x557737cc1ce0;  1 drivers
S_0x557737ca3da0 .scope module, "_131_" "NOR" 5 343, 2 19 0, S_0x557737c83450;
 .timescale 0 0;
    .port_info 0 /INPUT 1 "A";
    .port_info 1 /INPUT 1 "B";
    .port_info 2 /OUTPUT 1 "Y";
L_0x557737cc1e90 .functor OR 1, L_0x557737cc1fe0, L_0x557737cc20d0, C4<0>, C4<0>;
L_0x557737cc1f20 .functor NOT 1, L_0x557737cc1e90, C4<0>, C4<0>, C4<0>;
v0x557737ca3fd0_0 .net "A", 0 0, L_0x557737cc1fe0;  1 drivers
v0x557737ca40b0_0 .net "B", 0 0, L_0x557737cc20d0;  1 drivers
v0x557737ca4170_0 .net "Y", 0 0, L_0x557737cc1f20;  alias, 1 drivers
v0x557737ca4240_0 .net *"_ivl_0", 0 0, L_0x557737cc1e90;  1 drivers
S_0x557737ca43a0 .scope module, "_132_" "NOR" 5 348, 2 19 0, S_0x557737c83450;
 .timescale 0 0;
    .port_info 0 /INPUT 1 "A";
    .port_info 1 /INPUT 1 "B";
    .port_info 2 /OUTPUT 1 "Y";
L_0x557737cc22e0 .functor OR 1, L_0x557737c71480, L_0x557737cc1f20, C4<0>, C4<0>;
L_0x557737cc2350 .functor NOT 1, L_0x557737cc22e0, C4<0>, C4<0>, C4<0>;
v0x557737ca45d0_0 .net "A", 0 0, L_0x557737c71480;  alias, 1 drivers
v0x557737ca46c0_0 .net "B", 0 0, L_0x557737cc1f20;  alias, 1 drivers
v0x557737ca4790_0 .net "Y", 0 0, L_0x557737cc2350;  alias, 1 drivers
v0x557737ca4860_0 .net *"_ivl_0", 0 0, L_0x557737cc22e0;  1 drivers
S_0x557737ca4980 .scope module, "_133_" "NAND" 5 353, 2 13 0, S_0x557737c83450;
 .timescale 0 0;
    .port_info 0 /INPUT 1 "A";
    .port_info 1 /INPUT 1 "B";
    .port_info 2 /OUTPUT 1 "Y";
L_0x557737cc2430 .functor AND 1, L_0x557737c73280, L_0x557737c71480, C4<1>, C4<1>;
L_0x557737cc24c0 .functor NOT 1, L_0x557737cc2430, C4<0>, C4<0>, C4<0>;
v0x557737ca4bb0_0 .net "A", 0 0, L_0x557737c73280;  alias, 1 drivers
v0x557737ca4cc0_0 .net "B", 0 0, L_0x557737c71480;  alias, 1 drivers
v0x557737ca4dd0_0 .net "Y", 0 0, L_0x557737cc24c0;  alias, 1 drivers
v0x557737ca4e70_0 .net *"_ivl_0", 0 0, L_0x557737cc2430;  1 drivers
S_0x557737ca4fb0 .scope module, "_134_" "NAND" 5 358, 2 13 0, S_0x557737c83450;
 .timescale 0 0;
    .port_info 0 /INPUT 1 "A";
    .port_info 1 /INPUT 1 "B";
    .port_info 2 /OUTPUT 1 "Y";
L_0x557737cc25a0 .functor AND 1, L_0x557737c73a00, L_0x557737cc24c0, C4<1>, C4<1>;
L_0x557737cc26c0 .functor NOT 1, L_0x557737cc25a0, C4<0>, C4<0>, C4<0>;
v0x557737ca51e0_0 .net "A", 0 0, L_0x557737c73a00;  alias, 1 drivers
v0x557737ca52a0_0 .net "B", 0 0, L_0x557737cc24c0;  alias, 1 drivers
v0x557737ca5360_0 .net "Y", 0 0, L_0x557737cc26c0;  alias, 1 drivers
v0x557737ca5430_0 .net *"_ivl_0", 0 0, L_0x557737cc25a0;  1 drivers
S_0x557737ca5550 .scope module, "_135_" "NOR" 5 363, 2 19 0, S_0x557737c83450;
 .timescale 0 0;
    .port_info 0 /INPUT 1 "A";
    .port_info 1 /INPUT 1 "B";
    .port_info 2 /OUTPUT 1 "Y";
L_0x557737cc2750 .functor OR 1, L_0x557737cc2350, L_0x557737cc26c0, C4<0>, C4<0>;
L_0x557737cc2900 .functor NOT 1, L_0x557737cc2750, C4<0>, C4<0>, C4<0>;
v0x557737ca5780_0 .net "A", 0 0, L_0x557737cc2350;  alias, 1 drivers
v0x557737ca5870_0 .net "B", 0 0, L_0x557737cc26c0;  alias, 1 drivers
v0x557737ca5940_0 .net "Y", 0 0, L_0x557737cc2900;  1 drivers
v0x557737ca5a10_0 .net *"_ivl_0", 0 0, L_0x557737cc2750;  1 drivers
S_0x557737ca5b30 .scope module, "_136_" "NAND" 5 368, 2 13 0, S_0x557737c83450;
 .timescale 0 0;
    .port_info 0 /INPUT 1 "A";
    .port_info 1 /INPUT 1 "B";
    .port_info 2 /OUTPUT 1 "Y";
L_0x557737cc2990 .functor AND 1, L_0x557737cc2a70, L_0x557737cc1f20, C4<1>, C4<1>;
L_0x557737cc2a00 .functor NOT 1, L_0x557737cc2990, C4<0>, C4<0>, C4<0>;
v0x557737ca5d60_0 .net "A", 0 0, L_0x557737cc2a70;  1 drivers
v0x557737ca5e40_0 .net "B", 0 0, L_0x557737cc1f20;  alias, 1 drivers
v0x557737ca5f50_0 .net "Y", 0 0, L_0x557737cc2a00;  alias, 1 drivers
v0x557737ca5ff0_0 .net *"_ivl_0", 0 0, L_0x557737cc2990;  1 drivers
S_0x557737ca6130 .scope module, "_137_" "NAND" 5 373, 2 13 0, S_0x557737c83450;
 .timescale 0 0;
    .port_info 0 /INPUT 1 "A";
    .port_info 1 /INPUT 1 "B";
    .port_info 2 /OUTPUT 1 "Y";
L_0x557737cc2b60 .functor AND 1, L_0x557737cc2cb0, L_0x557737cbfc60, C4<1>, C4<1>;
L_0x557737cc2bf0 .functor NOT 1, L_0x557737cc2b60, C4<0>, C4<0>, C4<0>;
v0x557737ca6360_0 .net "A", 0 0, L_0x557737cc2cb0;  1 drivers
v0x557737ca6440_0 .net "B", 0 0, L_0x557737cbfc60;  alias, 1 drivers
v0x557737ca6500_0 .net "Y", 0 0, L_0x557737cc2bf0;  alias, 1 drivers
v0x557737ca65d0_0 .net *"_ivl_0", 0 0, L_0x557737cc2b60;  1 drivers
S_0x557737ca6710 .scope module, "_138_" "NAND" 5 378, 2 13 0, S_0x557737c83450;
 .timescale 0 0;
    .port_info 0 /INPUT 1 "A";
    .port_info 1 /INPUT 1 "B";
    .port_info 2 /OUTPUT 1 "Y";
L_0x557737cc21c0 .functor AND 1, L_0x557737cc2a00, L_0x557737cc2bf0, C4<1>, C4<1>;
L_0x557737cc2f60 .functor NOT 1, L_0x557737cc21c0, C4<0>, C4<0>, C4<0>;
v0x557737ca6940_0 .net "A", 0 0, L_0x557737cc2a00;  alias, 1 drivers
v0x557737ca6a30_0 .net "B", 0 0, L_0x557737cc2bf0;  alias, 1 drivers
v0x557737ca6b00_0 .net "Y", 0 0, L_0x557737cc2f60;  alias, 1 drivers
v0x557737ca6bd0_0 .net *"_ivl_0", 0 0, L_0x557737cc21c0;  1 drivers
S_0x557737ca6cf0 .scope module, "_139_" "NOR" 5 383, 2 19 0, S_0x557737c83450;
 .timescale 0 0;
    .port_info 0 /INPUT 1 "A";
    .port_info 1 /INPUT 1 "B";
    .port_info 2 /OUTPUT 1 "Y";
L_0x557737cc2ff0 .functor OR 1, L_0x557737cc30f0, L_0x557737cc31e0, C4<0>, C4<0>;
L_0x557737cc3080 .functor NOT 1, L_0x557737cc2ff0, C4<0>, C4<0>, C4<0>;
v0x557737ca6f20_0 .net "A", 0 0, L_0x557737cc30f0;  1 drivers
v0x557737ca7000_0 .net "B", 0 0, L_0x557737cc31e0;  1 drivers
v0x557737ca70c0_0 .net "Y", 0 0, L_0x557737cc3080;  alias, 1 drivers
v0x557737ca7190_0 .net *"_ivl_0", 0 0, L_0x557737cc2ff0;  1 drivers
S_0x557737ca72f0 .scope module, "_140_" "NAND" 5 388, 2 13 0, S_0x557737c83450;
 .timescale 0 0;
    .port_info 0 /INPUT 1 "A";
    .port_info 1 /INPUT 1 "B";
    .port_info 2 /OUTPUT 1 "Y";
L_0x557737cc3410 .functor AND 1, L_0x557737c73a00, L_0x557737cc2f60, C4<1>, C4<1>;
L_0x557737cc3480 .functor NOT 1, L_0x557737cc3410, C4<0>, C4<0>, C4<0>;
v0x557737ca7520_0 .net "A", 0 0, L_0x557737c73a00;  alias, 1 drivers
v0x557737ca7670_0 .net "B", 0 0, L_0x557737cc2f60;  alias, 1 drivers
v0x557737ca7760_0 .net "Y", 0 0, L_0x557737cc3480;  alias, 1 drivers
v0x557737ca7830_0 .net *"_ivl_0", 0 0, L_0x557737cc3410;  1 drivers
S_0x557737ca7950 .scope module, "_141_" "NOR" 5 393, 2 19 0, S_0x557737c83450;
 .timescale 0 0;
    .port_info 0 /INPUT 1 "A";
    .port_info 1 /INPUT 1 "B";
    .port_info 2 /OUTPUT 1 "Y";
L_0x557737cc3510 .functor OR 1, L_0x557737cc3080, L_0x557737cc3480, C4<0>, C4<0>;
L_0x557737cc36c0 .functor NOT 1, L_0x557737cc3510, C4<0>, C4<0>, C4<0>;
v0x557737ca7b30_0 .net "A", 0 0, L_0x557737cc3080;  alias, 1 drivers
v0x557737ca7c20_0 .net "B", 0 0, L_0x557737cc3480;  alias, 1 drivers
v0x557737ca7cf0_0 .net "Y", 0 0, L_0x557737cc36c0;  1 drivers
v0x557737ca7dc0_0 .net *"_ivl_0", 0 0, L_0x557737cc3510;  1 drivers
S_0x557737ca7ee0 .scope module, "_142_" "NAND" 5 398, 2 13 0, S_0x557737c83450;
 .timescale 0 0;
    .port_info 0 /INPUT 1 "A";
    .port_info 1 /INPUT 1 "B";
    .port_info 2 /OUTPUT 1 "Y";
L_0x557737cc3750 .functor AND 1, L_0x557737cc3830, L_0x557737cc1f20, C4<1>, C4<1>;
L_0x557737cc37c0 .functor NOT 1, L_0x557737cc3750, C4<0>, C4<0>, C4<0>;
v0x557737ca8110_0 .net "A", 0 0, L_0x557737cc3830;  1 drivers
v0x557737ca81f0_0 .net "B", 0 0, L_0x557737cc1f20;  alias, 1 drivers
v0x557737ca82b0_0 .net "Y", 0 0, L_0x557737cc37c0;  alias, 1 drivers
v0x557737ca8380_0 .net *"_ivl_0", 0 0, L_0x557737cc3750;  1 drivers
S_0x557737ca84c0 .scope module, "_143_" "NOT" 5 403, 2 7 0, S_0x557737c83450;
 .timescale 0 0;
    .port_info 0 /INPUT 1 "A";
    .port_info 1 /OUTPUT 1 "Y";
L_0x557737cc3920 .functor NOT 1, L_0x557737cc37c0, C4<0>, C4<0>, C4<0>;
v0x557737ca86e0_0 .net "A", 0 0, L_0x557737cc37c0;  alias, 1 drivers
v0x557737ca87d0_0 .net "Y", 0 0, L_0x557737cc3920;  alias, 1 drivers
S_0x557737ca88d0 .scope module, "_144_" "NOR" 5 407, 2 19 0, S_0x557737c83450;
 .timescale 0 0;
    .port_info 0 /INPUT 1 "A";
    .port_info 1 /INPUT 1 "B";
    .port_info 2 /OUTPUT 1 "Y";
L_0x557737cc39d0 .functor OR 1, L_0x557737cbbe80, L_0x557737cbfc60, C4<0>, C4<0>;
L_0x557737cc3a60 .functor NOT 1, L_0x557737cc39d0, C4<0>, C4<0>, C4<0>;
v0x557737ca8b00_0 .net "A", 0 0, L_0x557737cbbe80;  alias, 1 drivers
v0x557737ca8c10_0 .net "B", 0 0, L_0x557737cbfc60;  alias, 1 drivers
v0x557737ca8d60_0 .net "Y", 0 0, L_0x557737cc3a60;  alias, 1 drivers
v0x557737ca8e00_0 .net *"_ivl_0", 0 0, L_0x557737cc39d0;  1 drivers
S_0x557737ca8f40 .scope module, "_145_" "NOR" 5 412, 2 19 0, S_0x557737c83450;
 .timescale 0 0;
    .port_info 0 /INPUT 1 "A";
    .port_info 1 /INPUT 1 "B";
    .port_info 2 /OUTPUT 1 "Y";
L_0x557737cc3af0 .functor OR 1, L_0x557737cc0e90, L_0x557737cc3a60, C4<0>, C4<0>;
L_0x557737cc3ca0 .functor NOT 1, L_0x557737cc3af0, C4<0>, C4<0>, C4<0>;
v0x557737ca9120_0 .net "A", 0 0, L_0x557737cc0e90;  alias, 1 drivers
v0x557737ca9210_0 .net "B", 0 0, L_0x557737cc3a60;  alias, 1 drivers
v0x557737ca92e0_0 .net "Y", 0 0, L_0x557737cc3ca0;  alias, 1 drivers
v0x557737ca93b0_0 .net *"_ivl_0", 0 0, L_0x557737cc3af0;  1 drivers
S_0x557737ca94d0 .scope module, "_146_" "NOR" 5 417, 2 19 0, S_0x557737c83450;
 .timescale 0 0;
    .port_info 0 /INPUT 1 "A";
    .port_info 1 /INPUT 1 "B";
    .port_info 2 /OUTPUT 1 "Y";
L_0x557737cc3d30 .functor OR 1, L_0x557737cc3920, L_0x557737cc3ca0, C4<0>, C4<0>;
L_0x557737cc3ee0 .functor NOT 1, L_0x557737cc3d30, C4<0>, C4<0>, C4<0>;
v0x557737ca9700_0 .net "A", 0 0, L_0x557737cc3920;  alias, 1 drivers
v0x557737ca97f0_0 .net "B", 0 0, L_0x557737cc3ca0;  alias, 1 drivers
v0x557737ca98c0_0 .net "Y", 0 0, L_0x557737cc3ee0;  alias, 1 drivers
v0x557737ca9990_0 .net *"_ivl_0", 0 0, L_0x557737cc3d30;  1 drivers
S_0x557737ca9ab0 .scope module, "_147_" "NOR" 5 422, 2 19 0, S_0x557737c83450;
 .timescale 0 0;
    .port_info 0 /INPUT 1 "A";
    .port_info 1 /INPUT 1 "B";
    .port_info 2 /OUTPUT 1 "Y";
L_0x557737cc3f70 .functor OR 1, v0x557737c830f0_0, L_0x557737cc3ee0, C4<0>, C4<0>;
L_0x557737cc4090 .functor NOT 1, L_0x557737cc3f70, C4<0>, C4<0>, C4<0>;
v0x557737caa0f0_0 .net "A", 0 0, v0x557737c830f0_0;  alias, 1 drivers
v0x557737caa1b0_0 .net "B", 0 0, L_0x557737cc3ee0;  alias, 1 drivers
v0x557737caa2a0_0 .net "Y", 0 0, L_0x557737cc4090;  1 drivers
v0x557737caa370_0 .net *"_ivl_0", 0 0, L_0x557737cc3f70;  1 drivers
S_0x557737caa490 .scope module, "_148_" "NOR" 5 427, 2 19 0, S_0x557737c83450;
 .timescale 0 0;
    .port_info 0 /INPUT 1 "A";
    .port_info 1 /INPUT 1 "B";
    .port_info 2 /OUTPUT 1 "Y";
L_0x557737cc4360 .functor OR 1, L_0x557737cc4490, L_0x557737cc4580, C4<0>, C4<0>;
L_0x557737cc43d0 .functor NOT 1, L_0x557737cc4360, C4<0>, C4<0>, C4<0>;
v0x557737caa6c0_0 .net "A", 0 0, L_0x557737cc4490;  1 drivers
v0x557737caa7a0_0 .net "B", 0 0, L_0x557737cc4580;  1 drivers
v0x557737caa860_0 .net "Y", 0 0, L_0x557737cc43d0;  alias, 1 drivers
v0x557737caa930_0 .net *"_ivl_0", 0 0, L_0x557737cc4360;  1 drivers
S_0x557737caaa90 .scope module, "_149_" "NAND" 5 432, 2 13 0, S_0x557737c83450;
 .timescale 0 0;
    .port_info 0 /INPUT 1 "A";
    .port_info 1 /INPUT 1 "B";
    .port_info 2 /OUTPUT 1 "Y";
L_0x557737cc49e0 .functor AND 1, L_0x557737cc19e0, L_0x557737cc43d0, C4<1>, C4<1>;
L_0x557737cc4a50 .functor NOT 1, L_0x557737cc49e0, C4<0>, C4<0>, C4<0>;
v0x557737caacc0_0 .net "A", 0 0, L_0x557737cc19e0;  alias, 1 drivers
v0x557737caadd0_0 .net "B", 0 0, L_0x557737cc43d0;  alias, 1 drivers
v0x557737caae90_0 .net "Y", 0 0, L_0x557737cc4a50;  alias, 1 drivers
v0x557737caaf60_0 .net *"_ivl_0", 0 0, L_0x557737cc49e0;  1 drivers
S_0x557737cab080 .scope module, "_150_" "NOT" 5 437, 2 7 0, S_0x557737c83450;
 .timescale 0 0;
    .port_info 0 /INPUT 1 "A";
    .port_info 1 /OUTPUT 1 "Y";
L_0x557737cc4b10 .functor NOT 1, L_0x557737cc4a50, C4<0>, C4<0>, C4<0>;
v0x557737cab2a0_0 .net "A", 0 0, L_0x557737cc4a50;  alias, 1 drivers
v0x557737cab390_0 .net "Y", 0 0, L_0x557737cc4b10;  alias, 1 drivers
S_0x557737cab490 .scope module, "_151_" "NAND" 5 441, 2 13 0, S_0x557737c83450;
 .timescale 0 0;
    .port_info 0 /INPUT 1 "A";
    .port_info 1 /INPUT 1 "B";
    .port_info 2 /OUTPUT 1 "Y";
L_0x557737cc4c50 .functor AND 1, v0x557737cb4b30_0, L_0x557737cc4b10, C4<1>, C4<1>;
L_0x557737cc4d70 .functor NOT 1, L_0x557737cc4c50, C4<0>, C4<0>, C4<0>;
v0x557737cab6c0_0 .net "A", 0 0, v0x557737cb4b30_0;  alias, 1 drivers
v0x557737cab7b0_0 .net "B", 0 0, L_0x557737cc4b10;  alias, 1 drivers
v0x557737cab880_0 .net "Y", 0 0, L_0x557737cc4d70;  alias, 1 drivers
v0x557737cab950_0 .net *"_ivl_0", 0 0, L_0x557737cc4c50;  1 drivers
S_0x557737caba70 .scope module, "_152_" "NAND" 5 446, 2 13 0, S_0x557737c83450;
 .timescale 0 0;
    .port_info 0 /INPUT 1 "A";
    .port_info 1 /INPUT 1 "B";
    .port_info 2 /OUTPUT 1 "Y";
L_0x557737cc4e00 .functor AND 1, L_0x557737cbc2b0, L_0x557737cc4d70, C4<1>, C4<1>;
L_0x557737cc4f20 .functor NOT 1, L_0x557737cc4e00, C4<0>, C4<0>, C4<0>;
v0x557737cabca0_0 .net "A", 0 0, L_0x557737cbc2b0;  alias, 1 drivers
v0x557737cabdb0_0 .net "B", 0 0, L_0x557737cc4d70;  alias, 1 drivers
v0x557737cabe70_0 .net "Y", 0 0, L_0x557737cc4f20;  alias, 1 drivers
v0x557737cabf40_0 .net *"_ivl_0", 0 0, L_0x557737cc4e00;  1 drivers
S_0x557737cac060 .scope module, "_153_" "NAND" 5 451, 2 13 0, S_0x557737c83450;
 .timescale 0 0;
    .port_info 0 /INPUT 1 "A";
    .port_info 1 /INPUT 1 "B";
    .port_info 2 /OUTPUT 1 "Y";
L_0x557737cc4fb0 .functor AND 1, v0x557737cb4620_0, L_0x557737cc43d0, C4<1>, C4<1>;
L_0x557737cc5040 .functor NOT 1, L_0x557737cc4fb0, C4<0>, C4<0>, C4<0>;
v0x557737cac290_0 .net "A", 0 0, v0x557737cb4620_0;  alias, 1 drivers
v0x557737cac380_0 .net "B", 0 0, L_0x557737cc43d0;  alias, 1 drivers
v0x557737cac470_0 .net "Y", 0 0, L_0x557737cc5040;  alias, 1 drivers
v0x557737cac510_0 .net *"_ivl_0", 0 0, L_0x557737cc4fb0;  1 drivers
S_0x557737cac650 .scope module, "_154_" "NOT" 5 456, 2 7 0, S_0x557737c83450;
 .timescale 0 0;
    .port_info 0 /INPUT 1 "A";
    .port_info 1 /OUTPUT 1 "Y";
L_0x557737cc50d0 .functor NOT 1, L_0x557737cc5040, C4<0>, C4<0>, C4<0>;
v0x557737cac870_0 .net "A", 0 0, L_0x557737cc5040;  alias, 1 drivers
v0x557737cac960_0 .net "Y", 0 0, L_0x557737cc50d0;  alias, 1 drivers
S_0x557737caca60 .scope module, "_155_" "NOR" 5 460, 2 19 0, S_0x557737c83450;
 .timescale 0 0;
    .port_info 0 /INPUT 1 "A";
    .port_info 1 /INPUT 1 "B";
    .port_info 2 /OUTPUT 1 "Y";
L_0x557737cc5180 .functor OR 1, L_0x557737cc5310, L_0x557737cc50d0, C4<0>, C4<0>;
L_0x557737cc52a0 .functor NOT 1, L_0x557737cc5180, C4<0>, C4<0>, C4<0>;
v0x557737cacc90_0 .net "A", 0 0, L_0x557737cc5310;  1 drivers
v0x557737cacd70_0 .net "B", 0 0, L_0x557737cc50d0;  alias, 1 drivers
v0x557737cace60_0 .net "Y", 0 0, L_0x557737cc52a0;  alias, 1 drivers
v0x557737cacf30_0 .net *"_ivl_0", 0 0, L_0x557737cc5180;  1 drivers
S_0x557737cad050 .scope module, "_156_" "NOR" 5 465, 2 19 0, S_0x557737c83450;
 .timescale 0 0;
    .port_info 0 /INPUT 1 "A";
    .port_info 1 /INPUT 1 "B";
    .port_info 2 /OUTPUT 1 "Y";
L_0x557737cc53b0 .functor OR 1, v0x557737c830f0_0, L_0x557737cc52a0, C4<0>, C4<0>;
L_0x557737cc54d0 .functor NOT 1, L_0x557737cc53b0, C4<0>, C4<0>, C4<0>;
v0x557737cad280_0 .net "A", 0 0, v0x557737c830f0_0;  alias, 1 drivers
v0x557737cad340_0 .net "B", 0 0, L_0x557737cc52a0;  alias, 1 drivers
v0x557737cad430_0 .net "Y", 0 0, L_0x557737cc54d0;  alias, 1 drivers
v0x557737cad500_0 .net *"_ivl_0", 0 0, L_0x557737cc53b0;  1 drivers
S_0x557737cad620 .scope module, "_157_" "NOR" 5 470, 2 19 0, S_0x557737c83450;
 .timescale 0 0;
    .port_info 0 /INPUT 1 "A";
    .port_info 1 /INPUT 1 "B";
    .port_info 2 /OUTPUT 1 "Y";
L_0x557737cc5560 .functor OR 1, L_0x557737cc56b0, L_0x557737cc43d0, C4<0>, C4<0>;
L_0x557737cc55f0 .functor NOT 1, L_0x557737cc5560, C4<0>, C4<0>, C4<0>;
v0x557737cad850_0 .net "A", 0 0, L_0x557737cc56b0;  1 drivers
v0x557737cad930_0 .net "B", 0 0, L_0x557737cc43d0;  alias, 1 drivers
v0x557737cad9f0_0 .net "Y", 0 0, L_0x557737cc55f0;  alias, 1 drivers
v0x557737cadac0_0 .net *"_ivl_0", 0 0, L_0x557737cc5560;  1 drivers
S_0x557737cadc00 .scope module, "_158_" "NOR" 5 475, 2 19 0, S_0x557737c83450;
 .timescale 0 0;
    .port_info 0 /INPUT 1 "A";
    .port_info 1 /INPUT 1 "B";
    .port_info 2 /OUTPUT 1 "Y";
L_0x557737cc5910 .functor OR 1, L_0x557737c71c00, L_0x557737cc55f0, C4<0>, C4<0>;
L_0x557737cc5ac0 .functor NOT 1, L_0x557737cc5910, C4<0>, C4<0>, C4<0>;
v0x557737cade30_0 .net "A", 0 0, L_0x557737c71c00;  alias, 1 drivers
v0x557737cadf20_0 .net "B", 0 0, L_0x557737cc55f0;  alias, 1 drivers
v0x557737cadff0_0 .net "Y", 0 0, L_0x557737cc5ac0;  alias, 1 drivers
v0x557737cae0c0_0 .net *"_ivl_0", 0 0, L_0x557737cc5910;  1 drivers
S_0x557737cae1e0 .scope module, "_159_" "NOR" 5 480, 2 19 0, S_0x557737c83450;
 .timescale 0 0;
    .port_info 0 /INPUT 1 "A";
    .port_info 1 /INPUT 1 "B";
    .port_info 2 /OUTPUT 1 "Y";
L_0x557737cc5b50 .functor OR 1, L_0x557737cc0c50, L_0x557737cc5ac0, C4<0>, C4<0>;
L_0x557737cc5c70 .functor NOT 1, L_0x557737cc5b50, C4<0>, C4<0>, C4<0>;
v0x557737cae410_0 .net "A", 0 0, L_0x557737cc0c50;  alias, 1 drivers
v0x557737cae520_0 .net "B", 0 0, L_0x557737cc5ac0;  alias, 1 drivers
v0x557737cae5e0_0 .net "Y", 0 0, L_0x557737cc5c70;  alias, 1 drivers
v0x557737cae6b0_0 .net *"_ivl_0", 0 0, L_0x557737cc5b50;  1 drivers
S_0x557737cae7d0 .scope module, "_160_" "NOR" 5 485, 2 19 0, S_0x557737c83450;
 .timescale 0 0;
    .port_info 0 /INPUT 1 "A";
    .port_info 1 /INPUT 1 "B";
    .port_info 2 /OUTPUT 1 "Y";
L_0x557737cc5d00 .functor OR 1, v0x557737c830f0_0, L_0x557737cc5c70, C4<0>, C4<0>;
L_0x557737cc5e20 .functor NOT 1, L_0x557737cc5d00, C4<0>, C4<0>, C4<0>;
v0x557737caea00_0 .net "A", 0 0, v0x557737c830f0_0;  alias, 1 drivers
v0x557737caeac0_0 .net "B", 0 0, L_0x557737cc5c70;  alias, 1 drivers
v0x557737caebb0_0 .net "Y", 0 0, L_0x557737cc5e20;  alias, 1 drivers
v0x557737caec80_0 .net *"_ivl_0", 0 0, L_0x557737cc5d00;  1 drivers
S_0x557737caeda0 .scope module, "_161_" "NAND" 5 490, 2 13 0, S_0x557737c83450;
 .timescale 0 0;
    .port_info 0 /INPUT 1 "A";
    .port_info 1 /INPUT 1 "B";
    .port_info 2 /OUTPUT 1 "Y";
L_0x557737cc5eb0 .functor AND 1, v0x557737cb3c00_0, L_0x557737cc43d0, C4<1>, C4<1>;
L_0x557737cc5f40 .functor NOT 1, L_0x557737cc5eb0, C4<0>, C4<0>, C4<0>;
v0x557737caefd0_0 .net "A", 0 0, v0x557737cb3c00_0;  alias, 1 drivers
v0x557737caf0c0_0 .net "B", 0 0, L_0x557737cc43d0;  alias, 1 drivers
v0x557737caf160_0 .net "Y", 0 0, L_0x557737cc5f40;  alias, 1 drivers
v0x557737caf230_0 .net *"_ivl_0", 0 0, L_0x557737cc5eb0;  1 drivers
S_0x557737caf370 .scope module, "_162_" "NOT" 5 495, 2 7 0, S_0x557737c83450;
 .timescale 0 0;
    .port_info 0 /INPUT 1 "A";
    .port_info 1 /OUTPUT 1 "Y";
L_0x557737cc5fd0 .functor NOT 1, L_0x557737cc5f40, C4<0>, C4<0>, C4<0>;
v0x557737caf540_0 .net "A", 0 0, L_0x557737cc5f40;  alias, 1 drivers
v0x557737caf630_0 .net "Y", 0 0, L_0x557737cc5fd0;  alias, 1 drivers
S_0x557737caf730 .scope module, "_163_" "NOR" 5 499, 2 19 0, S_0x557737c83450;
 .timescale 0 0;
    .port_info 0 /INPUT 1 "A";
    .port_info 1 /INPUT 1 "B";
    .port_info 2 /OUTPUT 1 "Y";
L_0x557737cc6110 .functor OR 1, L_0x557737cc62a0, L_0x557737cc5fd0, C4<0>, C4<0>;
L_0x557737cc6230 .functor NOT 1, L_0x557737cc6110, C4<0>, C4<0>, C4<0>;
v0x557737caf960_0 .net "A", 0 0, L_0x557737cc62a0;  1 drivers
v0x557737cafa40_0 .net "B", 0 0, L_0x557737cc5fd0;  alias, 1 drivers
v0x557737cafb30_0 .net "Y", 0 0, L_0x557737cc6230;  alias, 1 drivers
v0x557737cafc00_0 .net *"_ivl_0", 0 0, L_0x557737cc6110;  1 drivers
S_0x557737cafd20 .scope module, "_164_" "NOR" 5 504, 2 19 0, S_0x557737c83450;
 .timescale 0 0;
    .port_info 0 /INPUT 1 "A";
    .port_info 1 /INPUT 1 "B";
    .port_info 2 /OUTPUT 1 "Y";
L_0x557737cc6340 .functor OR 1, v0x557737c830f0_0, L_0x557737cc6230, C4<0>, C4<0>;
L_0x557737cc6460 .functor NOT 1, L_0x557737cc6340, C4<0>, C4<0>, C4<0>;
v0x557737caff50_0 .net "A", 0 0, v0x557737c830f0_0;  alias, 1 drivers
v0x557737cb0010_0 .net "B", 0 0, L_0x557737cc6230;  alias, 1 drivers
v0x557737cb0100_0 .net "Y", 0 0, L_0x557737cc6460;  alias, 1 drivers
v0x557737cb01d0_0 .net *"_ivl_0", 0 0, L_0x557737cc6340;  1 drivers
S_0x557737cb02f0 .scope module, "_165_" "NOR" 5 509, 2 19 0, S_0x557737c83450;
 .timescale 0 0;
    .port_info 0 /INPUT 1 "A";
    .port_info 1 /INPUT 1 "B";
    .port_info 2 /OUTPUT 1 "Y";
L_0x557737cc64f0 .functor OR 1, L_0x557737c72b00, L_0x557737cbc2b0, C4<0>, C4<0>;
L_0x557737cc6720 .functor NOT 1, L_0x557737cc64f0, C4<0>, C4<0>, C4<0>;
v0x557737cb0520_0 .net "A", 0 0, L_0x557737c72b00;  alias, 1 drivers
v0x557737cb0610_0 .net "B", 0 0, L_0x557737cbc2b0;  alias, 1 drivers
v0x557737cb06b0_0 .net "Y", 0 0, L_0x557737cc6720;  alias, 1 drivers
v0x557737cb0780_0 .net *"_ivl_0", 0 0, L_0x557737cc64f0;  1 drivers
S_0x557737cb08c0 .scope module, "_166_" "NOR" 5 514, 2 19 0, S_0x557737c83450;
 .timescale 0 0;
    .port_info 0 /INPUT 1 "A";
    .port_info 1 /INPUT 1 "B";
    .port_info 2 /OUTPUT 1 "Y";
L_0x557737cc67b0 .functor OR 1, L_0x557737cbc850, L_0x557737cbf450, C4<0>, C4<0>;
L_0x557737cc6840 .functor NOT 1, L_0x557737cc67b0, C4<0>, C4<0>, C4<0>;
v0x557737cb0af0_0 .net "A", 0 0, L_0x557737cbc850;  alias, 1 drivers
v0x557737cb0be0_0 .net "B", 0 0, L_0x557737cbf450;  alias, 1 drivers
v0x557737cb0cd0_0 .net "Y", 0 0, L_0x557737cc6840;  alias, 1 drivers
v0x557737cb0d70_0 .net *"_ivl_0", 0 0, L_0x557737cc67b0;  1 drivers
S_0x557737cb0eb0 .scope module, "_167_" "NOR" 5 519, 2 19 0, S_0x557737c83450;
 .timescale 0 0;
    .port_info 0 /INPUT 1 "A";
    .port_info 1 /INPUT 1 "B";
    .port_info 2 /OUTPUT 1 "Y";
L_0x557737cc68d0 .functor OR 1, v0x557737c830f0_0, L_0x557737cbc130, C4<0>, C4<0>;
L_0x557737cc69f0 .functor NOT 1, L_0x557737cc68d0, C4<0>, C4<0>, C4<0>;
v0x557737cb10e0_0 .net "A", 0 0, v0x557737c830f0_0;  alias, 1 drivers
v0x557737cb11a0_0 .net "B", 0 0, L_0x557737cbc130;  alias, 1 drivers
v0x557737cb1290_0 .net "Y", 0 0, L_0x557737cc69f0;  alias, 1 drivers
v0x557737cb1360_0 .net *"_ivl_0", 0 0, L_0x557737cc68d0;  1 drivers
S_0x557737cb1480 .scope module, "_168_" "DFF" 5 524, 2 25 0, S_0x557737c83450;
 .timescale 0 0;
    .port_info 0 /INPUT 1 "C";
    .port_info 1 /INPUT 1 "D";
    .port_info 2 /OUTPUT 1 "Q";
v0x557737cb1730_0 .net "C", 0 0, v0x557737c76db0_0;  alias, 1 drivers
v0x557737cb1820_0 .net "D", 0 0, L_0x557737cc1e00;  alias, 1 drivers
v0x557737cb18f0_0 .var "Q", 0 0;
E_0x557737cb16b0 .event posedge, v0x557737c76db0_0;
S_0x557737cb1a00 .scope module, "_169_" "DFF" 5 529, 2 25 0, S_0x557737c83450;
 .timescale 0 0;
    .port_info 0 /INPUT 1 "C";
    .port_info 1 /INPUT 1 "D";
    .port_info 2 /OUTPUT 1 "Q";
v0x557737cb1c30_0 .net "C", 0 0, v0x557737c76db0_0;  alias, 1 drivers
v0x557737cb1d40_0 .net "D", 0 0, L_0x557737cc6720;  alias, 1 drivers
v0x557737cb1e00_0 .var "Q", 0 0;
S_0x557737cb1f10 .scope module, "_170_" "DFF" 5 534, 2 25 0, S_0x557737c83450;
 .timescale 0 0;
    .port_info 0 /INPUT 1 "C";
    .port_info 1 /INPUT 1 "D";
    .port_info 2 /OUTPUT 1 "Q";
v0x557737cb2140_0 .net "C", 0 0, v0x557737c76db0_0;  alias, 1 drivers
v0x557737cb2200_0 .net "D", 0 0, L_0x557737cc69f0;  alias, 1 drivers
v0x557737cb22f0_0 .var "Q", 0 0;
S_0x557737cb2400 .scope module, "_171_" "DFF" 5 539, 2 25 0, S_0x557737c83450;
 .timescale 0 0;
    .port_info 0 /INPUT 1 "C";
    .port_info 1 /INPUT 1 "D";
    .port_info 2 /OUTPUT 1 "Q";
v0x557737cb2630_0 .net "C", 0 0, v0x557737c76db0_0;  alias, 1 drivers
v0x557737cb2780_0 .net "D", 0 0, L_0x557737cc1640;  alias, 1 drivers
v0x557737cb2870_0 .var "Q", 0 0;
S_0x557737cb2980 .scope module, "_172_" "DFF" 5 544, 2 25 0, S_0x557737c83450;
 .timescale 0 0;
    .port_info 0 /INPUT 1 "C";
    .port_info 1 /INPUT 1 "D";
    .port_info 2 /OUTPUT 1 "Q";
v0x557737cb2b60_0 .net "C", 0 0, v0x557737c76db0_0;  alias, 1 drivers
v0x557737cb2c20_0 .net "D", 0 0, L_0x557737cc0b30;  alias, 1 drivers
v0x557737cb2d10_0 .var "Q", 0 0;
S_0x557737cb2e20 .scope module, "_173_" "DFF" 5 549, 2 25 0, S_0x557737c83450;
 .timescale 0 0;
    .port_info 0 /INPUT 1 "C";
    .port_info 1 /INPUT 1 "D";
    .port_info 2 /OUTPUT 1 "Q";
v0x557737cb3050_0 .net "C", 0 0, v0x557737c76db0_0;  alias, 1 drivers
v0x557737cb3110_0 .net "D", 0 0, L_0x557737cc6840;  alias, 1 drivers
v0x557737cb3200_0 .var "Q", 0 0;
S_0x557737cb3310 .scope module, "_174_" "DFF" 5 554, 2 25 0, S_0x557737c83450;
 .timescale 0 0;
    .port_info 0 /INPUT 1 "C";
    .port_info 1 /INPUT 1 "D";
    .port_info 2 /OUTPUT 1 "Q";
v0x557737cb3540_0 .net "C", 0 0, v0x557737c76db0_0;  alias, 1 drivers
v0x557737cb3600_0 .net "D", 0 0, L_0x557737cbf8d0;  alias, 1 drivers
v0x557737cb36f0_0 .var "Q", 0 0;
S_0x557737cb3800 .scope module, "_175_" "DFF" 5 560, 2 25 0, S_0x557737c83450;
 .timescale 0 0;
    .port_info 0 /INPUT 1 "C";
    .port_info 1 /INPUT 1 "D";
    .port_info 2 /OUTPUT 1 "Q";
v0x557737cb3a80_0 .net "C", 0 0, v0x557737c76db0_0;  alias, 1 drivers
v0x557737cb3b40_0 .net "D", 0 0, L_0x557737cc6460;  alias, 1 drivers
v0x557737cb3c00_0 .var "Q", 0 0;
S_0x557737cb3d40 .scope module, "_176_" "DFF" 5 566, 2 25 0, S_0x557737c83450;
 .timescale 0 0;
    .port_info 0 /INPUT 1 "C";
    .port_info 1 /INPUT 1 "D";
    .port_info 2 /OUTPUT 1 "Q";
v0x557737cb3f90_0 .net "C", 0 0, v0x557737c76db0_0;  alias, 1 drivers
v0x557737cb4050_0 .net "D", 0 0, L_0x557737cc5e20;  alias, 1 drivers
v0x557737cb4110_0 .var "Q", 0 0;
S_0x557737cb4250 .scope module, "_177_" "DFF" 5 572, 2 25 0, S_0x557737c83450;
 .timescale 0 0;
    .port_info 0 /INPUT 1 "C";
    .port_info 1 /INPUT 1 "D";
    .port_info 2 /OUTPUT 1 "Q";
v0x557737cb44a0_0 .net "C", 0 0, v0x557737c76db0_0;  alias, 1 drivers
v0x557737cb4560_0 .net "D", 0 0, L_0x557737cc54d0;  alias, 1 drivers
v0x557737cb4620_0 .var "Q", 0 0;
S_0x557737cb4760 .scope module, "_178_" "DFF" 5 578, 2 25 0, S_0x557737c83450;
 .timescale 0 0;
    .port_info 0 /INPUT 1 "C";
    .port_info 1 /INPUT 1 "D";
    .port_info 2 /OUTPUT 1 "Q";
v0x557737cb49b0_0 .net "C", 0 0, v0x557737c76db0_0;  alias, 1 drivers
v0x557737cb4a70_0 .net "D", 0 0, L_0x557737cc4f20;  alias, 1 drivers
v0x557737cb4b30_0 .var "Q", 0 0;
S_0x557737cb4c70 .scope module, "_179_" "DFF" 5 584, 2 25 0, S_0x557737c83450;
 .timescale 0 0;
    .port_info 0 /INPUT 1 "C";
    .port_info 1 /INPUT 1 "D";
    .port_info 2 /OUTPUT 1 "Q";
v0x557737cb4ec0_0 .net "C", 0 0, v0x557737c76db0_0;  alias, 1 drivers
v0x557737cb4f80_0 .net "D", 0 0, L_0x557737cc6cf0;  1 drivers
v0x557737cb5040_0 .var "Q", 0 0;
S_0x557737cb5160 .scope module, "_180_" "DFF" 5 590, 2 25 0, S_0x557737c83450;
 .timescale 0 0;
    .port_info 0 /INPUT 1 "C";
    .port_info 1 /INPUT 1 "D";
    .port_info 2 /OUTPUT 1 "Q";
v0x557737cb53e0_0 .net "C", 0 0, v0x557737c76db0_0;  alias, 1 drivers
v0x557737cb54a0_0 .net "D", 0 0, L_0x557737cc6de0;  1 drivers
v0x557737cb5560_0 .var "Q", 0 0;
S_0x557737cb5680 .scope module, "_181_" "DFF" 5 596, 2 25 0, S_0x557737c83450;
 .timescale 0 0;
    .port_info 0 /INPUT 1 "C";
    .port_info 1 /INPUT 1 "D";
    .port_info 2 /OUTPUT 1 "Q";
v0x557737cb5900_0 .net "C", 0 0, v0x557737c76db0_0;  alias, 1 drivers
v0x557737cb59c0_0 .net "D", 0 0, L_0x557737cc7010;  1 drivers
v0x557737cb5a80_0 .var "Q", 0 0;
    .scope S_0x557737cb1480;
T_0 ;
    %wait E_0x557737cb16b0;
    %delay 1, 0;
    %load/vec4 v0x557737cb1820_0;
    %assign/vec4 v0x557737cb18f0_0, 0;
    %jmp T_0;
    .thread T_0;
    .scope S_0x557737cb1a00;
T_1 ;
    %wait E_0x557737cb16b0;
    %delay 1, 0;
    %load/vec4 v0x557737cb1d40_0;
    %assign/vec4 v0x557737cb1e00_0, 0;
    %jmp T_1;
    .thread T_1;
    .scope S_0x557737cb1f10;
T_2 ;
    %wait E_0x557737cb16b0;
    %delay 1, 0;
    %load/vec4 v0x557737cb2200_0;
    %assign/vec4 v0x557737cb22f0_0, 0;
    %jmp T_2;
    .thread T_2;
    .scope S_0x557737cb2400;
T_3 ;
    %wait E_0x557737cb16b0;
    %delay 1, 0;
    %load/vec4 v0x557737cb2780_0;
    %assign/vec4 v0x557737cb2870_0, 0;
    %jmp T_3;
    .thread T_3;
    .scope S_0x557737cb2980;
T_4 ;
    %wait E_0x557737cb16b0;
    %delay 1, 0;
    %load/vec4 v0x557737cb2c20_0;
    %assign/vec4 v0x557737cb2d10_0, 0;
    %jmp T_4;
    .thread T_4;
    .scope S_0x557737cb2e20;
T_5 ;
    %wait E_0x557737cb16b0;
    %delay 1, 0;
    %load/vec4 v0x557737cb3110_0;
    %assign/vec4 v0x557737cb3200_0, 0;
    %jmp T_5;
    .thread T_5;
    .scope S_0x557737cb3310;
T_6 ;
    %wait E_0x557737cb16b0;
    %delay 1, 0;
    %load/vec4 v0x557737cb3600_0;
    %assign/vec4 v0x557737cb36f0_0, 0;
    %jmp T_6;
    .thread T_6;
    .scope S_0x557737cb3800;
T_7 ;
    %wait E_0x557737cb16b0;
    %delay 1, 0;
    %load/vec4 v0x557737cb3b40_0;
    %assign/vec4 v0x557737cb3c00_0, 0;
    %jmp T_7;
    .thread T_7;
    .scope S_0x557737cb3d40;
T_8 ;
    %wait E_0x557737cb16b0;
    %delay 1, 0;
    %load/vec4 v0x557737cb4050_0;
    %assign/vec4 v0x557737cb4110_0, 0;
    %jmp T_8;
    .thread T_8;
    .scope S_0x557737cb4250;
T_9 ;
    %wait E_0x557737cb16b0;
    %delay 1, 0;
    %load/vec4 v0x557737cb4560_0;
    %assign/vec4 v0x557737cb4620_0, 0;
    %jmp T_9;
    .thread T_9;
    .scope S_0x557737cb4760;
T_10 ;
    %wait E_0x557737cb16b0;
    %delay 1, 0;
    %load/vec4 v0x557737cb4a70_0;
    %assign/vec4 v0x557737cb4b30_0, 0;
    %jmp T_10;
    .thread T_10;
    .scope S_0x557737cb4c70;
T_11 ;
    %wait E_0x557737cb16b0;
    %delay 1, 0;
    %load/vec4 v0x557737cb4f80_0;
    %assign/vec4 v0x557737cb5040_0, 0;
    %jmp T_11;
    .thread T_11;
    .scope S_0x557737cb5160;
T_12 ;
    %wait E_0x557737cb16b0;
    %delay 1, 0;
    %load/vec4 v0x557737cb54a0_0;
    %assign/vec4 v0x557737cb5560_0, 0;
    %jmp T_12;
    .thread T_12;
    .scope S_0x557737cb5680;
T_13 ;
    %wait E_0x557737cb16b0;
    %delay 1, 0;
    %load/vec4 v0x557737cb59c0_0;
    %assign/vec4 v0x557737cb5a80_0, 0;
    %jmp T_13;
    .thread T_13;
    .scope S_0x557737c82cb0;
T_14 ;
    %pushi/vec4 0, 0, 1;
    %store/vec4 v0x557737c76db0_0, 0, 1;
T_14.0 ;
    %delay 5, 0;
    %load/vec4 v0x557737c76db0_0;
    %inv;
    %store/vec4 v0x557737c76db0_0, 0, 1;
    %jmp T_14.0;
    %end;
    .thread T_14;
    .scope S_0x557737c82cb0;
T_15 ;
    %pushi/vec4 1, 0, 1;
    %store/vec4 v0x557737c830f0_0, 0, 1;
    %pushi/vec4 0, 0, 1;
    %store/vec4 v0x557737c83270_0, 0, 1;
    %pushi/vec4 0, 0, 1;
    %store/vec4 v0x557737c831b0_0, 0, 1;
    %pushi/vec4 0, 0, 16;
    %store/vec4 v0x557737c83010_0, 0, 16;
    %delay 10, 0;
    %pushi/vec4 0, 0, 1;
    %store/vec4 v0x557737c830f0_0, 0, 1;
    %delay 10, 0;
    %pushi/vec4 1, 0, 1;
    %store/vec4 v0x557737c83270_0, 0, 1;
    %delay 20, 0;
    %pushi/vec4 14177, 0, 16;
    %store/vec4 v0x557737c83010_0, 0, 16;
    %delay 10, 0;
    %pushi/vec4 1, 0, 1;
    %store/vec4 v0x557737c831b0_0, 0, 1;
    %delay 10, 0;
    %pushi/vec4 0, 0, 1;
    %store/vec4 v0x557737c831b0_0, 0, 1;
    %delay 10, 0;
    %pushi/vec4 0, 0, 1;
    %store/vec4 v0x557737c83270_0, 0, 1;
    %delay 10, 0;
    %pushi/vec4 1, 0, 1;
    %store/vec4 v0x557737c83270_0, 0, 1;
    %delay 10, 0;
    %pushi/vec4 4661, 0, 16;
    %store/vec4 v0x557737c83010_0, 0, 16;
    %delay 10, 0;
    %pushi/vec4 1, 0, 1;
    %store/vec4 v0x557737c83270_0, 0, 1;
    %delay 10, 0;
    %pushi/vec4 4660, 0, 16;
    %store/vec4 v0x557737c83010_0, 0, 16;
    %delay 10, 0;
    %pushi/vec4 1, 0, 1;
    %store/vec4 v0x557737c83270_0, 0, 1;
    %delay 10, 0;
    %pushi/vec4 14177, 0, 16;
    %store/vec4 v0x557737c83010_0, 0, 16;
    %delay 10, 0;
    %pushi/vec4 1, 0, 1;
    %store/vec4 v0x557737c83270_0, 0, 1;
    %delay 10, 0;
    %pushi/vec4 1, 0, 1;
    %store/vec4 v0x557737c831b0_0, 0, 1;
    %delay 10, 0;
    %pushi/vec4 0, 0, 1;
    %store/vec4 v0x557737c831b0_0, 0, 1;
    %delay 10, 0;
    %pushi/vec4 0, 0, 1;
    %store/vec4 v0x557737c83270_0, 0, 1;
    %delay 10, 0;
    %pushi/vec4 1, 0, 1;
    %store/vec4 v0x557737c83270_0, 0, 1;
    %delay 10, 0;
    %pushi/vec4 4661, 0, 16;
    %store/vec4 v0x557737c83010_0, 0, 16;
    %delay 10, 0;
    %pushi/vec4 1, 0, 1;
    %store/vec4 v0x557737c83270_0, 0, 1;
    %delay 10, 0;
    %pushi/vec4 1, 0, 1;
    %store/vec4 v0x557737c83270_0, 0, 1;
    %delay 10, 0;
    %pushi/vec4 4660, 0, 16;
    %store/vec4 v0x557737c83010_0, 0, 16;
    %delay 10, 0;
    %pushi/vec4 1, 0, 1;
    %store/vec4 v0x557737c83270_0, 0, 1;
    %delay 10, 0;
    %pushi/vec4 1, 0, 1;
    %store/vec4 v0x557737c83270_0, 0, 1;
    %delay 10, 0;
    %pushi/vec4 4968, 0, 16;
    %store/vec4 v0x557737c83010_0, 0, 16;
    %delay 50, 0;
    %pushi/vec4 1, 0, 1;
    %store/vec4 v0x557737c83270_0, 0, 1;
    %pushi/vec4 1, 0, 1;
    %store/vec4 v0x557737c831b0_0, 0, 1;
    %delay 10, 0;
    %pushi/vec4 1, 0, 1;
    %store/vec4 v0x557737c83270_0, 0, 1;
    %delay 10, 0;
    %pushi/vec4 1, 0, 1;
    %store/vec4 v0x557737c830f0_0, 0, 1;
    %delay 10, 0;
    %pushi/vec4 0, 0, 1;
    %store/vec4 v0x557737c830f0_0, 0, 1;
    %delay 10, 0;
    %pushi/vec4 0, 0, 1;
    %store/vec4 v0x557737c831b0_0, 0, 1;
    %delay 10, 0;
    %pushi/vec4 1, 0, 1;
    %store/vec4 v0x557737c83270_0, 0, 1;
    %delay 20, 0;
    %pushi/vec4 14177, 0, 16;
    %store/vec4 v0x557737c83010_0, 0, 16;
    %delay 10, 0;
    %pushi/vec4 1, 0, 1;
    %store/vec4 v0x557737c831b0_0, 0, 1;
    %delay 10, 0;
    %pushi/vec4 0, 0, 1;
    %store/vec4 v0x557737c831b0_0, 0, 1;
    %delay 10, 0;
    %pushi/vec4 0, 0, 1;
    %store/vec4 v0x557737c83270_0, 0, 1;
    %delay 10, 0;
    %vpi_call 4 67 "$finish" {0 0 0};
    %end;
    .thread T_15;
    .scope S_0x557737c6fe10;
T_16 ;
    %vpi_call 3 22 "$dumpfile", "resultados.vcd" {0 0 0};
    %vpi_call 3 23 "$dumpvars", 32'sb11111111111111111111111111111111, S_0x557737c83450 {0 0 0};
    %end;
    .thread T_16;
# The file index is used to find the file name in the following table.
:file_names 6;
    "N/A";
    "<interactive>";
    "./cmos_cells.v";
    "testbench.v";
    "./tester_sin_retardos.v";
    "./controlador_synth.v";
